                                      1 ;--------------------------------------------------------
                                      2 ; File Created by SDCC : free open source ISO C Compiler
                                      3 ; Version 4.5.10 #15691 (Linux)
                                      4 ;--------------------------------------------------------
                                      5 	.module _fs2sint
                                      6 	
                                      7 	.optsdcc -mmos6502
                                      8 
                                      9 ;--------------------------------------------------------
                                     10 ;  Ordering of segments for the linker.
                                     11 ;--------------------------------------------------------
                                     12 	.area ZP      (PAG)
                                     13 	.area OSEG    (PAG, OVR)
                                     14 	.area _CODE
                                     15 	.area GSINIT
                                     16 	.area GSFINAL
                                     17 	.area CODE
                                     18 	.area RODATA
                                     19 	.area XINIT
                                     20 	.area _DATA
                                     21 	.area DATA
                                     22 	.area BSS
                                     23 ;--------------------------------------------------------
                                     24 ; Public variables in this module
                                     25 ;--------------------------------------------------------
                                     26 	.globl ___fs2slong
                                     27 	.globl ___fs2sint
                                     28 ;--------------------------------------------------------
                                     29 ; ZP ram data
                                     30 ;--------------------------------------------------------
                                     31 	.area ZP      (PAG)
                                     32 ;--------------------------------------------------------
                                     33 ; overlayable items in ram
                                     34 ;--------------------------------------------------------
                                     35 ;--------------------------------------------------------
                                     36 ; uninitialized external ram data
                                     37 ;--------------------------------------------------------
                                     38 	.area BSS
                                     39 ;--------------------------------------------------------
                                     40 ; absolute external ram data
                                     41 ;--------------------------------------------------------
                                     42 	.area DABS    (ABS)
                                     43 ;--------------------------------------------------------
                                     44 ; initialized external ram data
                                     45 ;--------------------------------------------------------
                                     46 	.area DATA
                                     47 ;--------------------------------------------------------
                                     48 ; global & static initialisations
                                     49 ;--------------------------------------------------------
                                     50 	.area _CODE
                                     51 	.area GSINIT
                                     52 	.area GSFINAL
                                     53 	.area GSINIT
                                     54 ;--------------------------------------------------------
                                     55 ; Home
                                     56 ;--------------------------------------------------------
                                     57 	.area _CODE
                                     58 	.area _CODE
                                     59 ;--------------------------------------------------------
                                     60 ; code
                                     61 ;--------------------------------------------------------
                                     62 	.area CODE
                                     63 ;------------------------------------------------------------
                                     64 ;Allocation info for local variables in function '__fs2sint'
                                     65 ;------------------------------------------------------------
                                     66 ;f             Allocated to stack - sp +7 +4 
                                     67 ;sl            Allocated to stack - sp +1 +4 
                                     68 ;sloc0         Allocated to stack - sp +1 +4 
                                     69 ;------------------------------------------------------------
                                     70 ;	../_fs2sint.c: 81: signed int __fs2sint (float f) __SDCC_FLOAT_NONBANKED
                                     71 ;	genLabel
                                     72 ;	Raw cost for generated ic 0 : (0, 0.000000) count=1.000000
                                     73 ;	-----------------------------------------
                                     74 ;	 function __fs2sint
                                     75 ;	-----------------------------------------
                                     76 ;	Register assignment is optimal.
                                     77 ;	Stack space usage: 4 bytes.
      000000                         78 ___fs2sint:
                                     79 ;	  adjustStack : cycles stk:12  incdec:12  adc:12
      000000 48               [ 3]   80 	pha
      000001 48               [ 3]   81 	pha
      000002 48               [ 3]   82 	pha
      000003 48               [ 3]   83 	pha
                                     84 ;	Raw cost for generated ic 1 : (4, 12.000000) count=1.000000
                                     85 ;	../_fs2sint.c: 83: signed long sl=__fs2slong(f);
                                     86 ;	genIpush
      000004 BA               [ 2]   87 	tsx
      000005 BD 0A 01         [ 5]   88 	lda	0x10a,x
      000008 48               [ 3]   89 	pha
      000009 BD 09 01         [ 5]   90 	lda	0x109,x
      00000C 48               [ 3]   91 	pha
      00000D BD 08 01         [ 5]   92 	lda	0x108,x
      000010 48               [ 3]   93 	pha
      000011 BD 07 01         [ 5]   94 	lda	0x107,x
      000014 48               [ 3]   95 	pha
                                     96 ;	Raw cost for generated ic 2 : (17, 30.000000) count=1.000000
                                     97 ;	genCall
      000015 20r00r00         [ 6]   98 	jsr	___fs2slong
                                     99 ;	assignResultValue
      000018 86*00            [ 3]  100 	stx	*(REGTEMP+0)
      00001A BA               [ 2]  101 	tsx
      00001B 9D 05 01         [ 5]  102 	sta	0x105,x
      00001E A5*00            [ 3]  103 	lda	*(REGTEMP+0)
      000020 9D 06 01         [ 5]  104 	sta	0x106,x
      000023 A5*00            [ 3]  105 	lda	*___SDCC_m6502_ret2
      000025 9D 07 01         [ 5]  106 	sta	0x107,x
      000028 A5*00            [ 3]  107 	lda	*___SDCC_m6502_ret3
      00002A 9D 08 01         [ 5]  108 	sta	0x108,x
                                    109 ;	  adjustStack : cycles stk:16  incdec:10  adc:10
      00002D E8               [ 2]  110 	inx
      00002E E8               [ 2]  111 	inx
      00002F E8               [ 2]  112 	inx
      000030 E8               [ 2]  113 	inx
      000031 9A               [ 2]  114 	txs
                                    115 ;	Raw cost for generated ic 3 : (29, 50.000000) count=1.000000
                                    116 ;	../_fs2sint.c: 84: if (sl>=INT_MAX)
                                    117 ;	genCmp
      000032 BD 01 01         [ 5]  118 	lda	0x101,x
      000035 38               [ 2]  119 	sec
      000036 E9 FF            [ 2]  120 	sbc	#0xff
      000038 BD 02 01         [ 5]  121 	lda	0x102,x
      00003B E9 7F            [ 2]  122 	sbc	#0x7f
      00003D BD 03 01         [ 5]  123 	lda	0x103,x
      000040 E9 00            [ 2]  124 	sbc	#0x00
      000042 BD 04 01         [ 5]  125 	lda	0x104,x
      000045 E9 00            [ 2]  126 	sbc	#0x00
      000047 70 04            [ 4]  127 	bvs	00120$
      000049 10 04            [ 4]  128 	bpl	00119$
      00004B 30 09            [ 4]  129 	bmi	00102$
      00004D                        130 00120$:
      00004D 10 07            [ 4]  131 	bpl	00102$
      00004F                        132 00119$:
                                    133 ;	Raw cost for generated ic 5 : (32, 39.399998) count=1.000000
                                    134 ;	skipping generated iCode
                                    135 ;	Raw cost for generated ic 6 : (0, 0.000000) count=1.000000
                                    136 ;	../_fs2sint.c: 85: return INT_MAX;
                                    137 ;	genRet
      00004F A9 FF            [ 2]  138 	lda	#0xff
      000051 A2 7F            [ 2]  139 	ldx	#0x7f
      000053 4Cr85r00         [ 3]  140 	jmp	00105$
                                    141 ;	Raw cost for generated ic 9 : (7, 7.000000) count=0.750000
                                    142 ;	genLabel
      000056                        143 00102$:
                                    144 ;	Raw cost for generated ic 10 : (0, 0.000000) count=1.000000
                                    145 ;	../_fs2sint.c: 86: if (sl<=INT_MIN)
                                    146 ;	genCmp
      000056 A9 00            [ 2]  147 	lda	#0x00
      000058 38               [ 2]  148 	sec
      000059 BA               [ 2]  149 	tsx
      00005A FD 01 01         [ 5]  150 	sbc	0x101,x
      00005D A9 80            [ 2]  151 	lda	#0x80
      00005F FD 02 01         [ 5]  152 	sbc	0x102,x
      000062 A9 FF            [ 2]  153 	lda	#0xff
      000064 FD 03 01         [ 5]  154 	sbc	0x103,x
      000067 A9 FF            [ 2]  155 	lda	#0xff
      000069 FD 04 01         [ 5]  156 	sbc	0x104,x
      00006C 70 04            [ 4]  157 	bvs	00123$
      00006E 10 04            [ 4]  158 	bpl	00122$
      000070 30 09            [ 4]  159 	bmi	00104$
      000072                        160 00123$:
      000072 10 07            [ 4]  161 	bpl	00104$
      000074                        162 00122$:
                                    163 ;	Raw cost for generated ic 11 : (33, 41.399998) count=1.000000
                                    164 ;	skipping generated iCode
                                    165 ;	Raw cost for generated ic 12 : (0, 0.000000) count=1.000000
                                    166 ;	../_fs2sint.c: 87: return -INT_MIN;
                                    167 ;	genRet
      000074 A9 00            [ 2]  168 	lda	#0x00
      000076 A2 80            [ 2]  169 	ldx	#0x80
      000078 4Cr85r00         [ 3]  170 	jmp	00105$
                                    171 ;	Raw cost for generated ic 15 : (7, 7.000000) count=0.750000
                                    172 ;	genLabel
      00007B                        173 00104$:
                                    174 ;	Raw cost for generated ic 16 : (0, 0.000000) count=1.000000
                                    175 ;	../_fs2sint.c: 88: return sl;
                                    176 ;	genCast
                                    177 ;	genCopy
      00007B BA               [ 2]  178 	tsx
      00007C BD 01 01         [ 5]  179 	lda	0x101,x
      00007F A8               [ 2]  180 	tay
      000080 BD 02 01         [ 5]  181 	lda	0x102,x
      000083 AA               [ 2]  182 	tax
      000084 98               [ 2]  183 	tya
                                    184 ;	Raw cost for generated ic 17 : (10, 16.000000) count=1.000000
                                    185 ;	genRet
                                    186 ;	Raw cost for generated ic 18 : (0, 0.000000) count=1.000000
                                    187 ;	genLabel
      000085                        188 00105$:
                                    189 ;	Raw cost for generated ic 19 : (0, 0.000000) count=1.000000
                                    190 ;	../_fs2sint.c: 89: }
                                    191 ;	genEndFunction
                                    192 ;	  adjustStack : cycles stk:22  incdec:18  adc:24
      000085 86*00            [ 3]  193 	stx	*(REGTEMP+0)
      000087 BA               [ 2]  194 	tsx
      000088 E8               [ 2]  195 	inx
      000089 E8               [ 2]  196 	inx
      00008A E8               [ 2]  197 	inx
      00008B E8               [ 2]  198 	inx
      00008C 9A               [ 2]  199 	txs
      00008D A6*00            [ 3]  200 	ldx	*(REGTEMP+0)
      00008F 60               [ 6]  201 	rts
                                    202 ;	Raw cost for generated ic 20 : (11, 24.000000) count=1.000000
                                    203 	.area CODE
                                    204 	.area RODATA
                                    205 	.area XINIT
                                    206 	.area CABS    (ABS)
