                                      1 ;--------------------------------------------------------
                                      2 ; File Created by SDCC : free open source ISO C Compiler
                                      3 ; Version 4.5.10 #15691 (Linux)
                                      4 ;--------------------------------------------------------
                                      5 	.module _fs2slonglong
                                      6 	
                                      7 	.optsdcc -mmos6502
                                      8 
                                      9 ;--------------------------------------------------------
                                     10 ;  Ordering of segments for the linker.
                                     11 ;--------------------------------------------------------
                                     12 	.area ZP      (PAG)
                                     13 	.area OSEG    (PAG, OVR)
                                     14 	.area _CODE
                                     15 	.area GSINIT
                                     16 	.area GSFINAL
                                     17 	.area CODE
                                     18 	.area RODATA
                                     19 	.area XINIT
                                     20 	.area _DATA
                                     21 	.area DATA
                                     22 	.area BSS
                                     23 ;--------------------------------------------------------
                                     24 ; Public variables in this module
                                     25 ;--------------------------------------------------------
                                     26 	.globl ___fs2slonglong
                                     27 ;--------------------------------------------------------
                                     28 ; ZP ram data
                                     29 ;--------------------------------------------------------
                                     30 	.area ZP      (PAG)
                                     31 ;--------------------------------------------------------
                                     32 ; overlayable items in ram
                                     33 ;--------------------------------------------------------
                                     34 ;--------------------------------------------------------
                                     35 ; uninitialized external ram data
                                     36 ;--------------------------------------------------------
                                     37 	.area BSS
                                     38 ;--------------------------------------------------------
                                     39 ; absolute external ram data
                                     40 ;--------------------------------------------------------
                                     41 	.area DABS    (ABS)
                                     42 ;--------------------------------------------------------
                                     43 ; initialized external ram data
                                     44 ;--------------------------------------------------------
                                     45 	.area DATA
                                     46 ;--------------------------------------------------------
                                     47 ; global & static initialisations
                                     48 ;--------------------------------------------------------
                                     49 	.area _CODE
                                     50 	.area GSINIT
                                     51 	.area GSFINAL
                                     52 	.area GSINIT
                                     53 ;--------------------------------------------------------
                                     54 ; Home
                                     55 ;--------------------------------------------------------
                                     56 	.area _CODE
                                     57 	.area _CODE
                                     58 ;--------------------------------------------------------
                                     59 ; code
                                     60 ;--------------------------------------------------------
                                     61 	.area CODE
                                     62 ;------------------------------------------------------------
                                     63 ;Allocation info for local variables in function '__fs2slonglong'
                                     64 ;------------------------------------------------------------
                                     65 ;f             Allocated to stack - sp +15 +4 
                                     66 ;sloc0         Allocated to stack - sp +9 +4 
                                     67 ;sloc1         Allocated to stack - sp +1 +8 
                                     68 ;------------------------------------------------------------
                                     69 ;	../_fs2slonglong.c: 34: signed long long __fs2slonglong (float f) __SDCC_FLOAT_NONBANKED
                                     70 ;	genLabel
                                     71 ;	Raw cost for generated ic 0 : (0, 0.000000) count=1.000000
                                     72 ;	-----------------------------------------
                                     73 ;	 function __fs2slonglong
                                     74 ;	-----------------------------------------
                                     75 ;	Register assignment is optimal.
                                     76 ;	Stack space usage: 12 bytes.
      000000                         77 ___fs2slonglong:
                                     78 ;	  adjustStack : cycles stk:36  incdec:28  adc:12
      000000 BA               [ 2]   79 	tsx
      000001 8A               [ 2]   80 	txa
      000002 18               [ 2]   81 	clc
      000003 69 F4            [ 2]   82 	adc	#0xf4
      000005 AA               [ 2]   83 	tax
      000006 9A               [ 2]   84 	txs
                                     85 ;	Raw cost for generated ic 1 : (7, 12.000000) count=1.000000
                                     86 ;	../_fs2slonglong.c: 37: if (!f)
                                     87 ;	genIfx
      000007 BD 12 01         [ 5]   88 	lda	0x112,x
      00000A 29 7F            [ 2]   89 	and	#0x7F
      00000C 1D 11 01         [ 5]   90 	ora	0x111,x
      00000F 1D 10 01         [ 5]   91 	ora	0x110,x
      000012 1D 0F 01         [ 5]   92 	ora	0x10f,x
                                     93 ;	genIfxJump : z
      000015 D0 12            [ 4]   94 	bne	00102$
                                     95 ;	Raw cost for generated ic 2 : (19, 23.600000) count=1.000000
                                     96 ;	../_fs2slonglong.c: 38: return 0;
                                     97 ;	genRet
      000017 A9 00            [ 2]   98 	lda	#0x00
      000019 AA               [ 2]   99 	tax
      00001A 85*00            [ 3]  100 	sta	*___SDCC_m6502_ret2
      00001C 85*00            [ 3]  101 	sta	*___SDCC_m6502_ret3
      00001E 85*00            [ 3]  102 	sta	*___SDCC_m6502_ret4
      000020 85*00            [ 3]  103 	sta	*___SDCC_m6502_ret5
      000022 85*00            [ 3]  104 	sta	*___SDCC_m6502_ret6
      000024 85*00            [ 3]  105 	sta	*___SDCC_m6502_ret7
      000026 4Cr7Ar01         [ 3]  106 	jmp	00106$
                                    107 ;	Raw cost for generated ic 5 : (18, 25.000000) count=0.750000
                                    108 ;	genLabel
      000029                        109 00102$:
                                    110 ;	Raw cost for generated ic 6 : (0, 0.000000) count=1.000000
                                    111 ;	../_fs2slonglong.c: 40: if (f<0) {
                                    112 ;	genIpush
      000029 A9 00            [ 2]  113 	lda	#0x00
      00002B 48               [ 3]  114 	pha
      00002C 48               [ 3]  115 	pha
      00002D 48               [ 3]  116 	pha
      00002E 48               [ 3]  117 	pha
                                    118 ;	Raw cost for generated ic 24 : (6, 14.000000) count=1.000000
                                    119 ;	genIpush
      00002F BA               [ 2]  120 	tsx
      000030 BD 16 01         [ 5]  121 	lda	0x116,x
      000033 48               [ 3]  122 	pha
      000034 BD 15 01         [ 5]  123 	lda	0x115,x
      000037 48               [ 3]  124 	pha
      000038 BD 14 01         [ 5]  125 	lda	0x114,x
      00003B 48               [ 3]  126 	pha
      00003C BD 13 01         [ 5]  127 	lda	0x113,x
      00003F 48               [ 3]  128 	pha
                                    129 ;	Raw cost for generated ic 25 : (17, 30.000000) count=1.000000
                                    130 ;	genCall
      000040 20r00r00         [ 6]  131 	jsr	___fslt
                                    132 ;	assignResultValue
      000043 A8               [ 2]  133 	tay
                                    134 ;	  adjustStack : cycles stk:32  incdec:20  adc:12
      000044 BA               [ 2]  135 	tsx
      000045 8A               [ 2]  136 	txa
      000046 18               [ 2]  137 	clc
      000047 69 08            [ 2]  138 	adc	#0x08
      000049 AA               [ 2]  139 	tax
      00004A 9A               [ 2]  140 	txs
                                    141 ;	Raw cost for generated ic 26 : (11, 20.000000) count=1.000000
                                    142 ;	genIfx
      00004B C0 00            [ 2]  143 	cpy	#0x00
                                    144 ;	genIfxJump : z
      00004D D0 03            [ 4]  145 	bne	00123$
      00004F 4Cr13r01         [ 3]  146 	jmp	00104$
      000052                        147 00123$:
                                    148 ;	Raw cost for generated ic 8 : (7, 7.600000) count=1.000000
                                    149 ;	../_fs2slonglong.c: 41: return -__fs2ulonglong(-f);
                                    150 ;	genUminus
                                    151 ;	genUminusFloat
      000052 BD 0F 01         [ 5]  152 	lda	0x10f,x
      000055 9D 09 01         [ 5]  153 	sta	0x109,x
      000058 BD 10 01         [ 5]  154 	lda	0x110,x
      00005B 9D 0A 01         [ 5]  155 	sta	0x10a,x
      00005E BD 11 01         [ 5]  156 	lda	0x111,x
      000061 9D 0B 01         [ 5]  157 	sta	0x10b,x
      000064 BD 12 01         [ 5]  158 	lda	0x112,x
      000067 49 80            [ 2]  159 	eor	#0x80
      000069 9D 0C 01         [ 5]  160 	sta	0x10c,x
                                    161 ;	Raw cost for generated ic 11 : (26, 38.000000) count=0.750000
                                    162 ;	genIpush
      00006C 48               [ 3]  163 	pha
      00006D BD 0B 01         [ 5]  164 	lda	0x10b,x
      000070 48               [ 3]  165 	pha
      000071 BD 0A 01         [ 5]  166 	lda	0x10a,x
      000074 48               [ 3]  167 	pha
      000075 BD 09 01         [ 5]  168 	lda	0x109,x
      000078 48               [ 3]  169 	pha
                                    170 ;	Raw cost for generated ic 12 : (13, 24.000000) count=0.750000
                                    171 ;	genCall
      000079 20r00r00         [ 6]  172 	jsr	___fs2ulonglong
                                    173 ;	assignResultValue
      00007C 86*00            [ 3]  174 	stx	*(REGTEMP+0)
      00007E BA               [ 2]  175 	tsx
      00007F 9D 05 01         [ 5]  176 	sta	0x105,x
      000082 A5*00            [ 3]  177 	lda	*(REGTEMP+0)
      000084 9D 06 01         [ 5]  178 	sta	0x106,x
      000087 A5*00            [ 3]  179 	lda	*___SDCC_m6502_ret2
      000089 9D 07 01         [ 5]  180 	sta	0x107,x
      00008C A5*00            [ 3]  181 	lda	*___SDCC_m6502_ret3
      00008E 9D 08 01         [ 5]  182 	sta	0x108,x
      000091 A5*00            [ 3]  183 	lda	*___SDCC_m6502_ret4
      000093 9D 09 01         [ 5]  184 	sta	0x109,x
      000096 A5*00            [ 3]  185 	lda	*___SDCC_m6502_ret5
      000098 9D 0A 01         [ 5]  186 	sta	0x10a,x
      00009B A5*00            [ 3]  187 	lda	*___SDCC_m6502_ret6
      00009D 9D 0B 01         [ 5]  188 	sta	0x10b,x
      0000A0 A5*00            [ 3]  189 	lda	*___SDCC_m6502_ret7
      0000A2 9D 0C 01         [ 5]  190 	sta	0x10c,x
                                    191 ;	  adjustStack : cycles stk:16  incdec:10  adc:10
      0000A5 E8               [ 2]  192 	inx
      0000A6 E8               [ 2]  193 	inx
      0000A7 E8               [ 2]  194 	inx
      0000A8 E8               [ 2]  195 	inx
      0000A9 9A               [ 2]  196 	txs
                                    197 ;	Raw cost for generated ic 13 : (49, 82.000000) count=0.750000
                                    198 ;	genUminus
      0000AA A9 00            [ 2]  199 	lda	#0x00
      0000AC 38               [ 2]  200 	sec
      0000AD FD 01 01         [ 5]  201 	sbc	0x101,x
      0000B0 9D 01 01         [ 5]  202 	sta	0x101,x
      0000B3 A9 00            [ 2]  203 	lda	#0x00
      0000B5 FD 02 01         [ 5]  204 	sbc	0x102,x
      0000B8 9D 02 01         [ 5]  205 	sta	0x102,x
      0000BB A9 00            [ 2]  206 	lda	#0x00
      0000BD FD 03 01         [ 5]  207 	sbc	0x103,x
      0000C0 9D 03 01         [ 5]  208 	sta	0x103,x
      0000C3 A9 00            [ 2]  209 	lda	#0x00
      0000C5 FD 04 01         [ 5]  210 	sbc	0x104,x
      0000C8 9D 04 01         [ 5]  211 	sta	0x104,x
      0000CB A9 00            [ 2]  212 	lda	#0x00
      0000CD FD 05 01         [ 5]  213 	sbc	0x105,x
      0000D0 9D 05 01         [ 5]  214 	sta	0x105,x
      0000D3 A9 00            [ 2]  215 	lda	#0x00
      0000D5 FD 06 01         [ 5]  216 	sbc	0x106,x
      0000D8 9D 06 01         [ 5]  217 	sta	0x106,x
      0000DB A9 00            [ 2]  218 	lda	#0x00
      0000DD FD 07 01         [ 5]  219 	sbc	0x107,x
      0000E0 9D 07 01         [ 5]  220 	sta	0x107,x
      0000E3 A9 00            [ 2]  221 	lda	#0x00
      0000E5 FD 08 01         [ 5]  222 	sbc	0x108,x
      0000E8 9D 08 01         [ 5]  223 	sta	0x108,x
                                    224 ;	Raw cost for generated ic 14 : (65, 90.000000) count=0.750000
                                    225 ;	genRet
      0000EB 85*00            [ 3]  226 	sta	*___SDCC_m6502_ret7
      0000ED BD 07 01         [ 5]  227 	lda	0x107,x
      0000F0 85*00            [ 3]  228 	sta	*___SDCC_m6502_ret6
      0000F2 BD 06 01         [ 5]  229 	lda	0x106,x
      0000F5 85*00            [ 3]  230 	sta	*___SDCC_m6502_ret5
      0000F7 BD 05 01         [ 5]  231 	lda	0x105,x
      0000FA 85*00            [ 3]  232 	sta	*___SDCC_m6502_ret4
      0000FC BD 04 01         [ 5]  233 	lda	0x104,x
      0000FF 85*00            [ 3]  234 	sta	*___SDCC_m6502_ret3
      000101 BD 03 01         [ 5]  235 	lda	0x103,x
      000104 85*00            [ 3]  236 	sta	*___SDCC_m6502_ret2
      000106 BD 02 01         [ 5]  237 	lda	0x102,x
      000109 85*00            [ 3]  238 	sta	*(REGTEMP+0)
      00010B BD 01 01         [ 5]  239 	lda	0x101,x
      00010E A6*00            [ 3]  240 	ldx	*(REGTEMP+0)
      000110 4Cr7Ar01         [ 3]  241 	jmp	00106$
                                    242 ;	Raw cost for generated ic 15 : (40, 55.000000) count=0.750000
                                    243 ;	genLabel
      000113                        244 00104$:
                                    245 ;	Raw cost for generated ic 17 : (0, 0.000000) count=1.000000
                                    246 ;	../_fs2slonglong.c: 43: return __fs2ulonglong(f);
                                    247 ;	genIpush
      000113 BA               [ 2]  248 	tsx
      000114 BD 12 01         [ 5]  249 	lda	0x112,x
      000117 48               [ 3]  250 	pha
      000118 BD 11 01         [ 5]  251 	lda	0x111,x
      00011B 48               [ 3]  252 	pha
      00011C BD 10 01         [ 5]  253 	lda	0x110,x
      00011F 48               [ 3]  254 	pha
      000120 BD 0F 01         [ 5]  255 	lda	0x10f,x
      000123 48               [ 3]  256 	pha
                                    257 ;	Raw cost for generated ic 18 : (17, 30.000000) count=1.000000
                                    258 ;	genCall
      000124 20r00r00         [ 6]  259 	jsr	___fs2ulonglong
                                    260 ;	assignResultValue
      000127 86*00            [ 3]  261 	stx	*(REGTEMP+0)
      000129 BA               [ 2]  262 	tsx
      00012A 9D 05 01         [ 5]  263 	sta	0x105,x
      00012D A5*00            [ 3]  264 	lda	*(REGTEMP+0)
      00012F 9D 06 01         [ 5]  265 	sta	0x106,x
      000132 A5*00            [ 3]  266 	lda	*___SDCC_m6502_ret2
      000134 9D 07 01         [ 5]  267 	sta	0x107,x
      000137 A5*00            [ 3]  268 	lda	*___SDCC_m6502_ret3
      000139 9D 08 01         [ 5]  269 	sta	0x108,x
      00013C A5*00            [ 3]  270 	lda	*___SDCC_m6502_ret4
      00013E 9D 09 01         [ 5]  271 	sta	0x109,x
      000141 A5*00            [ 3]  272 	lda	*___SDCC_m6502_ret5
      000143 9D 0A 01         [ 5]  273 	sta	0x10a,x
      000146 A5*00            [ 3]  274 	lda	*___SDCC_m6502_ret6
      000148 9D 0B 01         [ 5]  275 	sta	0x10b,x
      00014B A5*00            [ 3]  276 	lda	*___SDCC_m6502_ret7
      00014D 9D 0C 01         [ 5]  277 	sta	0x10c,x
                                    278 ;	  adjustStack : cycles stk:16  incdec:10  adc:10
      000150 E8               [ 2]  279 	inx
      000151 E8               [ 2]  280 	inx
      000152 E8               [ 2]  281 	inx
      000153 E8               [ 2]  282 	inx
      000154 9A               [ 2]  283 	txs
                                    284 ;	Raw cost for generated ic 19 : (49, 82.000000) count=1.000000
                                    285 ;	genRet
      000155 85*00            [ 3]  286 	sta	*___SDCC_m6502_ret7
      000157 BD 07 01         [ 5]  287 	lda	0x107,x
      00015A 85*00            [ 3]  288 	sta	*___SDCC_m6502_ret6
      00015C BD 06 01         [ 5]  289 	lda	0x106,x
      00015F 85*00            [ 3]  290 	sta	*___SDCC_m6502_ret5
      000161 BD 05 01         [ 5]  291 	lda	0x105,x
      000164 85*00            [ 3]  292 	sta	*___SDCC_m6502_ret4
      000166 BD 04 01         [ 5]  293 	lda	0x104,x
      000169 85*00            [ 3]  294 	sta	*___SDCC_m6502_ret3
      00016B BD 03 01         [ 5]  295 	lda	0x103,x
      00016E 85*00            [ 3]  296 	sta	*___SDCC_m6502_ret2
      000170 BD 02 01         [ 5]  297 	lda	0x102,x
      000173 85*00            [ 3]  298 	sta	*(REGTEMP+0)
      000175 BD 01 01         [ 5]  299 	lda	0x101,x
      000178 A6*00            [ 3]  300 	ldx	*(REGTEMP+0)
                                    301 ;	Raw cost for generated ic 20 : (37, 52.000000) count=1.000000
                                    302 ;	genLabel
      00017A                        303 00106$:
                                    304 ;	Raw cost for generated ic 22 : (0, 0.000000) count=1.000000
                                    305 ;	../_fs2slonglong.c: 45: }
                                    306 ;	genEndFunction
                                    307 ;	  adjustStack : cycles stk:54  incdec:34  adc:24
      00017A 86*00            [ 3]  308 	stx	*(REGTEMP+0)
      00017C 85*01            [ 3]  309 	sta	*(REGTEMP+1)
      00017E BA               [ 2]  310 	tsx
      00017F 8A               [ 2]  311 	txa
      000180 18               [ 2]  312 	clc
      000181 69 0C            [ 2]  313 	adc	#0x0c
      000183 AA               [ 2]  314 	tax
      000184 9A               [ 2]  315 	txs
      000185 A5*01            [ 3]  316 	lda	*(REGTEMP+1)
      000187 A6*00            [ 3]  317 	ldx	*(REGTEMP+0)
      000189 60               [ 6]  318 	rts
                                    319 ;	Raw cost for generated ic 23 : (16, 30.000000) count=1.000000
                                    320 	.area CODE
                                    321 	.area RODATA
                                    322 	.area XINIT
                                    323 	.area CABS    (ABS)
