                                      1 ;--------------------------------------------------------
                                      2 ; File Created by SDCC : free open source ISO C Compiler
                                      3 ; Version 4.5.10 #15691 (Linux)
                                      4 ;--------------------------------------------------------
                                      5 	.module _fs2slong
                                      6 	
                                      7 	.optsdcc -mmos6502
                                      8 
                                      9 ;--------------------------------------------------------
                                     10 ;  Ordering of segments for the linker.
                                     11 ;--------------------------------------------------------
                                     12 	.area ZP      (PAG)
                                     13 	.area OSEG    (PAG, OVR)
                                     14 	.area _CODE
                                     15 	.area GSINIT
                                     16 	.area GSFINAL
                                     17 	.area CODE
                                     18 	.area RODATA
                                     19 	.area XINIT
                                     20 	.area _DATA
                                     21 	.area DATA
                                     22 	.area BSS
                                     23 ;--------------------------------------------------------
                                     24 ; Public variables in this module
                                     25 ;--------------------------------------------------------
                                     26 	.globl ___fs2ulong
                                     27 	.globl ___fs2slong
                                     28 ;--------------------------------------------------------
                                     29 ; ZP ram data
                                     30 ;--------------------------------------------------------
                                     31 	.area ZP      (PAG)
                                     32 ;--------------------------------------------------------
                                     33 ; overlayable items in ram
                                     34 ;--------------------------------------------------------
                                     35 ;--------------------------------------------------------
                                     36 ; uninitialized external ram data
                                     37 ;--------------------------------------------------------
                                     38 	.area BSS
                                     39 ;--------------------------------------------------------
                                     40 ; absolute external ram data
                                     41 ;--------------------------------------------------------
                                     42 	.area DABS    (ABS)
                                     43 ;--------------------------------------------------------
                                     44 ; initialized external ram data
                                     45 ;--------------------------------------------------------
                                     46 	.area DATA
                                     47 ;--------------------------------------------------------
                                     48 ; global & static initialisations
                                     49 ;--------------------------------------------------------
                                     50 	.area _CODE
                                     51 	.area GSINIT
                                     52 	.area GSFINAL
                                     53 	.area GSINIT
                                     54 ;--------------------------------------------------------
                                     55 ; Home
                                     56 ;--------------------------------------------------------
                                     57 	.area _CODE
                                     58 	.area _CODE
                                     59 ;--------------------------------------------------------
                                     60 ; code
                                     61 ;--------------------------------------------------------
                                     62 	.area CODE
                                     63 ;------------------------------------------------------------
                                     64 ;Allocation info for local variables in function '__fs2slong'
                                     65 ;------------------------------------------------------------
                                     66 ;f             Allocated to stack - sp +7 +4 
                                     67 ;sloc0         Allocated to stack - sp +1 +4 
                                     68 ;------------------------------------------------------------
                                     69 ;	../_fs2slong.c: 108: signed long __fs2slong (float f) __SDCC_FLOAT_NONBANKED
                                     70 ;	genLabel
                                     71 ;	Raw cost for generated ic 0 : (0, 0.000000) count=1.000000
                                     72 ;	-----------------------------------------
                                     73 ;	 function __fs2slong
                                     74 ;	-----------------------------------------
                                     75 ;	Register assignment is optimal.
                                     76 ;	Stack space usage: 4 bytes.
      000000                         77 ___fs2slong:
                                     78 ;	  adjustStack : cycles stk:12  incdec:12  adc:12
      000000 48               [ 3]   79 	pha
      000001 48               [ 3]   80 	pha
      000002 48               [ 3]   81 	pha
      000003 48               [ 3]   82 	pha
                                     83 ;	Raw cost for generated ic 1 : (4, 12.000000) count=1.000000
                                     84 ;	../_fs2slong.c: 111: if (!f)
                                     85 ;	genIfx
      000004 BA               [ 2]   86 	tsx
      000005 BD 0A 01         [ 5]   87 	lda	0x10a,x
      000008 29 7F            [ 2]   88 	and	#0x7F
      00000A 1D 09 01         [ 5]   89 	ora	0x109,x
      00000D 1D 08 01         [ 5]   90 	ora	0x108,x
      000010 1D 07 01         [ 5]   91 	ora	0x107,x
                                     92 ;	genIfxJump : z
      000013 D0 0A            [ 4]   93 	bne	00102$
                                     94 ;	Raw cost for generated ic 2 : (20, 25.600000) count=1.000000
                                     95 ;	../_fs2slong.c: 112: return 0;
                                     96 ;	genRet
      000015 A9 00            [ 2]   97 	lda	#0x00
      000017 AA               [ 2]   98 	tax
      000018 85*00            [ 3]   99 	sta	*___SDCC_m6502_ret2
      00001A 85*00            [ 3]  100 	sta	*___SDCC_m6502_ret3
      00001C 4CrFDr00         [ 3]  101 	jmp	00106$
                                    102 ;	Raw cost for generated ic 5 : (10, 13.000000) count=0.750000
                                    103 ;	genLabel
      00001F                        104 00102$:
                                    105 ;	Raw cost for generated ic 6 : (0, 0.000000) count=1.000000
                                    106 ;	../_fs2slong.c: 114: if (f<0) {
                                    107 ;	genIpush
      00001F A9 00            [ 2]  108 	lda	#0x00
      000021 48               [ 3]  109 	pha
      000022 48               [ 3]  110 	pha
      000023 48               [ 3]  111 	pha
      000024 48               [ 3]  112 	pha
                                    113 ;	Raw cost for generated ic 24 : (6, 14.000000) count=1.000000
                                    114 ;	genIpush
      000025 BA               [ 2]  115 	tsx
      000026 BD 0E 01         [ 5]  116 	lda	0x10e,x
      000029 48               [ 3]  117 	pha
      00002A BD 0D 01         [ 5]  118 	lda	0x10d,x
      00002D 48               [ 3]  119 	pha
      00002E BD 0C 01         [ 5]  120 	lda	0x10c,x
      000031 48               [ 3]  121 	pha
      000032 BD 0B 01         [ 5]  122 	lda	0x10b,x
      000035 48               [ 3]  123 	pha
                                    124 ;	Raw cost for generated ic 25 : (17, 30.000000) count=1.000000
                                    125 ;	genCall
      000036 20r00r00         [ 6]  126 	jsr	___fslt
                                    127 ;	assignResultValue
      000039 A8               [ 2]  128 	tay
                                    129 ;	  adjustStack : cycles stk:32  incdec:20  adc:12
      00003A BA               [ 2]  130 	tsx
      00003B 8A               [ 2]  131 	txa
      00003C 18               [ 2]  132 	clc
      00003D 69 08            [ 2]  133 	adc	#0x08
      00003F AA               [ 2]  134 	tax
      000040 9A               [ 2]  135 	txs
                                    136 ;	Raw cost for generated ic 26 : (11, 20.000000) count=1.000000
                                    137 ;	genIfx
      000041 C0 00            [ 2]  138 	cpy	#0x00
                                    139 ;	genIfxJump : z
      000043 F0 79            [ 4]  140 	beq	00104$
                                    141 ;	Raw cost for generated ic 8 : (7, 7.600000) count=1.000000
                                    142 ;	../_fs2slong.c: 115: return -__fs2ulong(-f);
                                    143 ;	genUminus
                                    144 ;	genUminusFloat
      000045 BD 07 01         [ 5]  145 	lda	0x107,x
      000048 9D 01 01         [ 5]  146 	sta	0x101,x
      00004B BD 08 01         [ 5]  147 	lda	0x108,x
      00004E 9D 02 01         [ 5]  148 	sta	0x102,x
      000051 BD 09 01         [ 5]  149 	lda	0x109,x
      000054 9D 03 01         [ 5]  150 	sta	0x103,x
      000057 BD 0A 01         [ 5]  151 	lda	0x10a,x
      00005A 49 80            [ 2]  152 	eor	#0x80
      00005C 9D 04 01         [ 5]  153 	sta	0x104,x
                                    154 ;	Raw cost for generated ic 11 : (26, 38.000000) count=0.750000
                                    155 ;	genIpush
      00005F 48               [ 3]  156 	pha
      000060 BD 03 01         [ 5]  157 	lda	0x103,x
      000063 48               [ 3]  158 	pha
      000064 BD 02 01         [ 5]  159 	lda	0x102,x
      000067 48               [ 3]  160 	pha
      000068 BD 01 01         [ 5]  161 	lda	0x101,x
      00006B 48               [ 3]  162 	pha
                                    163 ;	Raw cost for generated ic 12 : (13, 24.000000) count=0.750000
                                    164 ;	genCall
      00006C 20r00r00         [ 6]  165 	jsr	___fs2ulong
                                    166 ;	assignResultValue
      00006F 86*00            [ 3]  167 	stx	*(REGTEMP+0)
      000071 BA               [ 2]  168 	tsx
      000072 9D 05 01         [ 5]  169 	sta	0x105,x
      000075 A5*00            [ 3]  170 	lda	*(REGTEMP+0)
      000077 9D 06 01         [ 5]  171 	sta	0x106,x
      00007A A5*00            [ 3]  172 	lda	*___SDCC_m6502_ret2
      00007C 9D 07 01         [ 5]  173 	sta	0x107,x
      00007F A5*00            [ 3]  174 	lda	*___SDCC_m6502_ret3
      000081 9D 08 01         [ 5]  175 	sta	0x108,x
                                    176 ;	  adjustStack : cycles stk:16  incdec:10  adc:10
      000084 E8               [ 2]  177 	inx
      000085 E8               [ 2]  178 	inx
      000086 E8               [ 2]  179 	inx
      000087 E8               [ 2]  180 	inx
      000088 9A               [ 2]  181 	txs
                                    182 ;	Raw cost for generated ic 13 : (29, 50.000000) count=0.750000
                                    183 ;	genUminus
      000089 A9 00            [ 2]  184 	lda	#0x00
      00008B 38               [ 2]  185 	sec
      00008C FD 01 01         [ 5]  186 	sbc	0x101,x
      00008F 9D 01 01         [ 5]  187 	sta	0x101,x
      000092 A9 00            [ 2]  188 	lda	#0x00
      000094 FD 02 01         [ 5]  189 	sbc	0x102,x
      000097 9D 02 01         [ 5]  190 	sta	0x102,x
      00009A A9 00            [ 2]  191 	lda	#0x00
      00009C FD 03 01         [ 5]  192 	sbc	0x103,x
      00009F 9D 03 01         [ 5]  193 	sta	0x103,x
      0000A2 A9 00            [ 2]  194 	lda	#0x00
      0000A4 FD 04 01         [ 5]  195 	sbc	0x104,x
      0000A7 9D 04 01         [ 5]  196 	sta	0x104,x
                                    197 ;	Raw cost for generated ic 14 : (33, 46.000000) count=0.750000
                                    198 ;	genRet
      0000AA 85*00            [ 3]  199 	sta	*___SDCC_m6502_ret3
      0000AC BD 03 01         [ 5]  200 	lda	0x103,x
      0000AF 85*00            [ 3]  201 	sta	*___SDCC_m6502_ret2
      0000B1 BD 02 01         [ 5]  202 	lda	0x102,x
      0000B4 85*00            [ 3]  203 	sta	*(REGTEMP+0)
      0000B6 BD 01 01         [ 5]  204 	lda	0x101,x
      0000B9 A6*00            [ 3]  205 	ldx	*(REGTEMP+0)
      0000BB 4CrFDr00         [ 3]  206 	jmp	00106$
                                    207 ;	Raw cost for generated ic 15 : (20, 27.000000) count=0.750000
                                    208 ;	genLabel
      0000BE                        209 00104$:
                                    210 ;	Raw cost for generated ic 17 : (0, 0.000000) count=1.000000
                                    211 ;	../_fs2slong.c: 117: return __fs2ulong(f);
                                    212 ;	genIpush
      0000BE BA               [ 2]  213 	tsx
      0000BF BD 0A 01         [ 5]  214 	lda	0x10a,x
      0000C2 48               [ 3]  215 	pha
      0000C3 BD 09 01         [ 5]  216 	lda	0x109,x
      0000C6 48               [ 3]  217 	pha
      0000C7 BD 08 01         [ 5]  218 	lda	0x108,x
      0000CA 48               [ 3]  219 	pha
      0000CB BD 07 01         [ 5]  220 	lda	0x107,x
      0000CE 48               [ 3]  221 	pha
                                    222 ;	Raw cost for generated ic 18 : (17, 30.000000) count=1.000000
                                    223 ;	genCall
      0000CF 20r00r00         [ 6]  224 	jsr	___fs2ulong
                                    225 ;	assignResultValue
      0000D2 86*00            [ 3]  226 	stx	*(REGTEMP+0)
      0000D4 BA               [ 2]  227 	tsx
      0000D5 9D 05 01         [ 5]  228 	sta	0x105,x
      0000D8 A5*00            [ 3]  229 	lda	*(REGTEMP+0)
      0000DA 9D 06 01         [ 5]  230 	sta	0x106,x
      0000DD A5*00            [ 3]  231 	lda	*___SDCC_m6502_ret2
      0000DF 9D 07 01         [ 5]  232 	sta	0x107,x
      0000E2 A5*00            [ 3]  233 	lda	*___SDCC_m6502_ret3
      0000E4 9D 08 01         [ 5]  234 	sta	0x108,x
                                    235 ;	  adjustStack : cycles stk:16  incdec:10  adc:10
      0000E7 E8               [ 2]  236 	inx
      0000E8 E8               [ 2]  237 	inx
      0000E9 E8               [ 2]  238 	inx
      0000EA E8               [ 2]  239 	inx
      0000EB 9A               [ 2]  240 	txs
                                    241 ;	Raw cost for generated ic 19 : (29, 50.000000) count=1.000000
                                    242 ;	genRet
      0000EC 85*00            [ 3]  243 	sta	*___SDCC_m6502_ret3
      0000EE BD 03 01         [ 5]  244 	lda	0x103,x
      0000F1 85*00            [ 3]  245 	sta	*___SDCC_m6502_ret2
      0000F3 BD 02 01         [ 5]  246 	lda	0x102,x
      0000F6 85*00            [ 3]  247 	sta	*(REGTEMP+0)
      0000F8 BD 01 01         [ 5]  248 	lda	0x101,x
      0000FB A6*00            [ 3]  249 	ldx	*(REGTEMP+0)
                                    250 ;	Raw cost for generated ic 20 : (17, 24.000000) count=1.000000
                                    251 ;	genLabel
      0000FD                        252 00106$:
                                    253 ;	Raw cost for generated ic 22 : (0, 0.000000) count=1.000000
                                    254 ;	../_fs2slong.c: 119: }
                                    255 ;	genEndFunction
                                    256 ;	  adjustStack : cycles stk:22  incdec:18  adc:24
      0000FD 86*00            [ 3]  257 	stx	*(REGTEMP+0)
      0000FF BA               [ 2]  258 	tsx
      000100 E8               [ 2]  259 	inx
      000101 E8               [ 2]  260 	inx
      000102 E8               [ 2]  261 	inx
      000103 E8               [ 2]  262 	inx
      000104 9A               [ 2]  263 	txs
      000105 A6*00            [ 3]  264 	ldx	*(REGTEMP+0)
      000107 60               [ 6]  265 	rts
                                    266 ;	Raw cost for generated ic 23 : (11, 24.000000) count=1.000000
                                    267 	.area CODE
                                    268 	.area RODATA
                                    269 	.area XINIT
                                    270 	.area CABS    (ABS)
