                                      1 ;--------------------------------------------------------
                                      2 ; File Created by SDCC : free open source ISO C Compiler
                                      3 ; Version 4.5.10 #15691 (Linux)
                                      4 ;--------------------------------------------------------
                                      5 	.module _fssub
                                      6 	
                                      7 	.optsdcc -mmos6502
                                      8 
                                      9 ;--------------------------------------------------------
                                     10 ;  Ordering of segments for the linker.
                                     11 ;--------------------------------------------------------
                                     12 	.area ZP      (PAG)
                                     13 	.area OSEG    (PAG, OVR)
                                     14 	.area _CODE
                                     15 	.area GSINIT
                                     16 	.area GSFINAL
                                     17 	.area CODE
                                     18 	.area RODATA
                                     19 	.area XINIT
                                     20 	.area _DATA
                                     21 	.area DATA
                                     22 	.area BSS
                                     23 ;--------------------------------------------------------
                                     24 ; Public variables in this module
                                     25 ;--------------------------------------------------------
                                     26 	.globl ___fssub
                                     27 ;--------------------------------------------------------
                                     28 ; ZP ram data
                                     29 ;--------------------------------------------------------
                                     30 	.area ZP      (PAG)
                                     31 ;--------------------------------------------------------
                                     32 ; overlayable items in ram
                                     33 ;--------------------------------------------------------
                                     34 ;--------------------------------------------------------
                                     35 ; uninitialized external ram data
                                     36 ;--------------------------------------------------------
                                     37 	.area BSS
                                     38 ;--------------------------------------------------------
                                     39 ; absolute external ram data
                                     40 ;--------------------------------------------------------
                                     41 	.area DABS    (ABS)
                                     42 ;--------------------------------------------------------
                                     43 ; initialized external ram data
                                     44 ;--------------------------------------------------------
                                     45 	.area DATA
                                     46 ;--------------------------------------------------------
                                     47 ; global & static initialisations
                                     48 ;--------------------------------------------------------
                                     49 	.area _CODE
                                     50 	.area GSINIT
                                     51 	.area GSFINAL
                                     52 	.area GSINIT
                                     53 ;--------------------------------------------------------
                                     54 ; Home
                                     55 ;--------------------------------------------------------
                                     56 	.area _CODE
                                     57 	.area _CODE
                                     58 ;--------------------------------------------------------
                                     59 ; code
                                     60 ;--------------------------------------------------------
                                     61 	.area CODE
                                     62 ;------------------------------------------------------------
                                     63 ;Allocation info for local variables in function '__fssub'
                                     64 ;------------------------------------------------------------
                                     65 ;a1            Allocated to stack - sp +7 +4 
                                     66 ;a2            Allocated to stack - sp +11 +4 
                                     67 ;neg           Allocated to stack - sp +1 +4 
                                     68 ;sloc0         Allocated to stack - sp +1 +4 
                                     69 ;------------------------------------------------------------
                                     70 ;	../_fssub.c: 73: float __fssub (float a1, float a2) __SDCC_FLOAT_NONBANKED
                                     71 ;	genLabel
                                     72 ;	Raw cost for generated ic 0 : (0, 0.000000) count=1.000000
                                     73 ;	-----------------------------------------
                                     74 ;	 function __fssub
                                     75 ;	-----------------------------------------
                                     76 ;	Register assignment is optimal.
                                     77 ;	Stack space usage: 4 bytes.
      000000                         78 ___fssub:
                                     79 ;	  adjustStack : cycles stk:12  incdec:12  adc:12
      000000 48               [ 3]   80 	pha
      000001 48               [ 3]   81 	pha
      000002 48               [ 3]   82 	pha
      000003 48               [ 3]   83 	pha
                                     84 ;	Raw cost for generated ic 1 : (4, 12.000000) count=1.000000
                                     85 ;	../_fssub.c: 75: float neg = -a1;
                                     86 ;	genUminus
                                     87 ;	genUminusFloat
      000004 BA               [ 2]   88 	tsx
      000005 BD 07 01         [ 5]   89 	lda	0x107,x
      000008 9D 01 01         [ 5]   90 	sta	0x101,x
      00000B BD 08 01         [ 5]   91 	lda	0x108,x
      00000E 9D 02 01         [ 5]   92 	sta	0x102,x
      000011 BD 09 01         [ 5]   93 	lda	0x109,x
      000014 9D 03 01         [ 5]   94 	sta	0x103,x
      000017 BD 0A 01         [ 5]   95 	lda	0x10a,x
      00001A 49 80            [ 2]   96 	eor	#0x80
      00001C 9D 04 01         [ 5]   97 	sta	0x104,x
                                     98 ;	Raw cost for generated ic 2 : (27, 40.000000) count=1.000000
                                     99 ;	../_fssub.c: 76: return -(neg + a2);
                                    100 ;	genIpush
      00001F BD 0E 01         [ 5]  101 	lda	0x10e,x
      000022 48               [ 3]  102 	pha
      000023 BD 0D 01         [ 5]  103 	lda	0x10d,x
      000026 48               [ 3]  104 	pha
      000027 BD 0C 01         [ 5]  105 	lda	0x10c,x
      00002A 48               [ 3]  106 	pha
      00002B BD 0B 01         [ 5]  107 	lda	0x10b,x
      00002E 48               [ 3]  108 	pha
                                    109 ;	Raw cost for generated ic 9 : (16, 28.000000) count=1.000000
                                    110 ;	genIpush
      00002F BD 04 01         [ 5]  111 	lda	0x104,x
      000032 48               [ 3]  112 	pha
      000033 BD 03 01         [ 5]  113 	lda	0x103,x
      000036 48               [ 3]  114 	pha
      000037 BD 02 01         [ 5]  115 	lda	0x102,x
      00003A 48               [ 3]  116 	pha
      00003B BD 01 01         [ 5]  117 	lda	0x101,x
      00003E 48               [ 3]  118 	pha
                                    119 ;	Raw cost for generated ic 10 : (16, 28.000000) count=1.000000
                                    120 ;	genCall
      00003F 20r00r00         [ 6]  121 	jsr	___fsadd
                                    122 ;	assignResultValue
      000042 86*00            [ 3]  123 	stx	*(REGTEMP+0)
      000044 BA               [ 2]  124 	tsx
      000045 9D 09 01         [ 5]  125 	sta	0x109,x
      000048 A5*00            [ 3]  126 	lda	*(REGTEMP+0)
      00004A 9D 0A 01         [ 5]  127 	sta	0x10a,x
      00004D A5*00            [ 3]  128 	lda	*___SDCC_m6502_ret2
      00004F 9D 0B 01         [ 5]  129 	sta	0x10b,x
      000052 A5*00            [ 3]  130 	lda	*___SDCC_m6502_ret3
      000054 9D 0C 01         [ 5]  131 	sta	0x10c,x
                                    132 ;	  adjustStack : cycles stk:32  incdec:18  adc:10
      000057 8A               [ 2]  133 	txa
      000058 18               [ 2]  134 	clc
      000059 69 08            [ 2]  135 	adc	#0x08
      00005B AA               [ 2]  136 	tax
      00005C 9A               [ 2]  137 	txs
                                    138 ;	Raw cost for generated ic 11 : (30, 50.000000) count=1.000000
                                    139 ;	genUminus
                                    140 ;	genUminusFloat
      00005D BD 04 01         [ 5]  141 	lda	0x104,x
      000060 49 80            [ 2]  142 	eor	#0x80
      000062 9D 04 01         [ 5]  143 	sta	0x104,x
                                    144 ;	Raw cost for generated ic 5 : (8, 11.000000) count=1.000000
                                    145 ;	genRet
      000065 85*00            [ 3]  146 	sta	*___SDCC_m6502_ret3
      000067 BD 03 01         [ 5]  147 	lda	0x103,x
      00006A 85*00            [ 3]  148 	sta	*___SDCC_m6502_ret2
      00006C BD 02 01         [ 5]  149 	lda	0x102,x
      00006F 85*00            [ 3]  150 	sta	*(REGTEMP+0)
      000071 BD 01 01         [ 5]  151 	lda	0x101,x
                                    152 ;	Raw cost for generated ic 6 : (17, 24.000000) count=1.000000
                                    153 ;	genLabel
                                    154 ;	Raw cost for generated ic 7 : (0, 0.000000) count=1.000000
                                    155 ;	../_fssub.c: 77: }
                                    156 ;	genEndFunction
                                    157 ;	  adjustStack : cycles stk:22  incdec:18  adc:24
      000074 BA               [ 2]  158 	tsx
      000075 E8               [ 2]  159 	inx
      000076 E8               [ 2]  160 	inx
      000077 E8               [ 2]  161 	inx
      000078 E8               [ 2]  162 	inx
      000079 9A               [ 2]  163 	txs
      00007A A6*00            [ 3]  164 	ldx	*(REGTEMP+0)
      00007C 60               [ 6]  165 	rts
                                    166 ;	Raw cost for generated ic 8 : (11, 24.000000) count=1.000000
                                    167 	.area CODE
                                    168 	.area RODATA
                                    169 	.area XINIT
                                    170 	.area CABS    (ABS)
