                                      1 ;--------------------------------------------------------
                                      2 ; File Created by SDCC : free open source ISO C Compiler
                                      3 ; Version 4.5.10 #15691 (Linux)
                                      4 ;--------------------------------------------------------
                                      5 	.module _heap
                                      6 	
                                      7 	.optsdcc -mmos6502
                                      8 
                                      9 ;--------------------------------------------------------
                                     10 ;  Ordering of segments for the linker.
                                     11 ;--------------------------------------------------------
                                     12 	.area ZP      (PAG)
                                     13 	.area OSEG    (PAG, OVR)
                                     14 	.area _CODE
                                     15 	.area GSINIT
                                     16 	.area GSFINAL
                                     17 	.area CODE
                                     18 	.area RODATA
                                     19 	.area XINIT
                                     20 	.area _DATA
                                     21 	.area DATA
                                     22 	.area BSS
                                     23 ;--------------------------------------------------------
                                     24 ; Public variables in this module
                                     25 ;--------------------------------------------------------
                                     26 	.globl ___sdcc_heap_size
                                     27 	.globl ___sdcc_heap
                                     28 ;--------------------------------------------------------
                                     29 ; ZP ram data
                                     30 ;--------------------------------------------------------
                                     31 	.area ZP      (PAG)
                                     32 ;--------------------------------------------------------
                                     33 ; overlayable items in ram
                                     34 ;--------------------------------------------------------
                                     35 ;--------------------------------------------------------
                                     36 ; uninitialized external ram data
                                     37 ;--------------------------------------------------------
                                     38 	.area BSS
      000000                         39 ___sdcc_heap::
      000000                         40 	.ds 1024
                                     41 ;--------------------------------------------------------
                                     42 ; absolute external ram data
                                     43 ;--------------------------------------------------------
                                     44 	.area DABS    (ABS)
                                     45 ;--------------------------------------------------------
                                     46 ; initialized external ram data
                                     47 ;--------------------------------------------------------
                                     48 	.area DATA
                                     49 ;--------------------------------------------------------
                                     50 ; global & static initialisations
                                     51 ;--------------------------------------------------------
                                     52 	.area _CODE
                                     53 	.area GSINIT
                                     54 	.area GSFINAL
                                     55 	.area GSINIT
                                     56 ;--------------------------------------------------------
                                     57 ; Home
                                     58 ;--------------------------------------------------------
                                     59 	.area _CODE
                                     60 	.area _CODE
                                     61 ;--------------------------------------------------------
                                     62 ; code
                                     63 ;--------------------------------------------------------
                                     64 	.area CODE
                                     65 	.area CODE
                                     66 	.area RODATA
                                     67 	.area RODATA
      000000                         68 ___sdcc_heap_size:
      000000 00 04                   69 	.dw #0x0400
                                     70 	.area CODE
                                     71 	.area XINIT
                                     72 	.area CABS    (ABS)
