                                      1 ;--------------------------------------------------------
                                      2 ; File Created by SDCC : free open source ISO C Compiler
                                      3 ; Version 4.5.10 #15691 (Linux)
                                      4 ;--------------------------------------------------------
                                      5 	.module _modulonglong
                                      6 	
                                      7 	.optsdcc -mmos6502
                                      8 
                                      9 ;--------------------------------------------------------
                                     10 ;  Ordering of segments for the linker.
                                     11 ;--------------------------------------------------------
                                     12 	.area ZP      (PAG)
                                     13 	.area OSEG    (PAG, OVR)
                                     14 	.area _CODE
                                     15 	.area GSINIT
                                     16 	.area GSFINAL
                                     17 	.area CODE
                                     18 	.area RODATA
                                     19 	.area XINIT
                                     20 	.area _DATA
                                     21 	.area DATA
                                     22 	.area BSS
                                     23 ;--------------------------------------------------------
                                     24 ; Public variables in this module
                                     25 ;--------------------------------------------------------
                                     26 	.globl __modulonglong
                                     27 ;--------------------------------------------------------
                                     28 ; ZP ram data
                                     29 ;--------------------------------------------------------
                                     30 	.area ZP      (PAG)
                                     31 ;--------------------------------------------------------
                                     32 ; overlayable items in ram
                                     33 ;--------------------------------------------------------
                                     34 ;--------------------------------------------------------
                                     35 ; uninitialized external ram data
                                     36 ;--------------------------------------------------------
                                     37 	.area BSS
                                     38 ;--------------------------------------------------------
                                     39 ; absolute external ram data
                                     40 ;--------------------------------------------------------
                                     41 	.area DABS    (ABS)
                                     42 ;--------------------------------------------------------
                                     43 ; initialized external ram data
                                     44 ;--------------------------------------------------------
                                     45 	.area DATA
                                     46 ;--------------------------------------------------------
                                     47 ; global & static initialisations
                                     48 ;--------------------------------------------------------
                                     49 	.area _CODE
                                     50 	.area GSINIT
                                     51 	.area GSFINAL
                                     52 	.area GSINIT
                                     53 ;--------------------------------------------------------
                                     54 ; Home
                                     55 ;--------------------------------------------------------
                                     56 	.area _CODE
                                     57 	.area _CODE
                                     58 ;--------------------------------------------------------
                                     59 ; code
                                     60 ;--------------------------------------------------------
                                     61 	.area CODE
                                     62 ;------------------------------------------------------------
                                     63 ;Allocation info for local variables in function '_modulonglong'
                                     64 ;------------------------------------------------------------
                                     65 ;a             Allocated to stack - sp +12 +8 
                                     66 ;b             Allocated to stack - sp +20 +8 
                                     67 ;count         Allocated to stack - sp +9 +1 
                                     68 ;sloc0         Allocated to stack - sp +9 +1 
                                     69 ;sloc1         Allocated to stack - sp +1 +8 
                                     70 ;------------------------------------------------------------
                                     71 ;	../_modulonglong.c: 40: _modulonglong (unsigned long long a, unsigned long long b) __SDCC_NONBANKED
                                     72 ;	genLabel
                                     73 ;	Raw cost for generated ic 0 : (0, 0.000000) count=1.000000
                                     74 ;	-----------------------------------------
                                     75 ;	 function _modulonglong
                                     76 ;	-----------------------------------------
                                     77 ;	Register assignment is optimal.
                                     78 ;	Stack space usage: 9 bytes.
      000000                         79 __modulonglong:
                                     80 ;	  adjustStack : cycles stk:27  incdec:22  adc:12
      000000 BA               [ 2]   81 	tsx
      000001 8A               [ 2]   82 	txa
      000002 18               [ 2]   83 	clc
      000003 69 F7            [ 2]   84 	adc	#0xf7
      000005 AA               [ 2]   85 	tax
      000006 9A               [ 2]   86 	txs
                                     87 ;	Raw cost for generated ic 1 : (7, 12.000000) count=1.000000
                                     88 ;	../_modulonglong.c: 42: unsigned char count = 0;
                                     89 ;	genAssign
                                     90 ;	genAssignLit
      000007 A9 00            [ 2]   91 	lda	#0x00
      000009 9D 09 01         [ 5]   92 	sta	0x109,x
                                     93 ;	Raw cost for generated ic 2 : (5, 7.000000) count=1.000000
                                     94 ;	../_modulonglong.c: 44: while (!MSB_SET(b))
                                     95 ;	genAssign
                                     96 ;	genCopy
      00000C A8               [ 2]   97 	tay
                                     98 ;	Raw cost for generated ic 46 : (1, 2.000000) count=1.000000
                                     99 ;	genLabel
      00000D                        100 00103$:
                                    101 ;	Raw cost for generated ic 3 : (0, 0.000000) count=1.230759
                                    102 ;	genIpush
      00000D 98               [ 2]  103 	tya
      00000E 48               [ 3]  104 	pha
      00000F A9 3F            [ 2]  105 	lda	#0x3f
      000011 48               [ 3]  106 	pha
                                    107 ;	Raw cost for generated ic 56 : (5, 10.000000) count=1.230759
                                    108 ;	genIpush
      000012 BA               [ 2]  109 	tsx
      000013 BD 1D 01         [ 5]  110 	lda	0x11d,x
      000016 48               [ 3]  111 	pha
      000017 BD 1C 01         [ 5]  112 	lda	0x11c,x
      00001A 48               [ 3]  113 	pha
      00001B BD 1B 01         [ 5]  114 	lda	0x11b,x
      00001E 48               [ 3]  115 	pha
      00001F BD 1A 01         [ 5]  116 	lda	0x11a,x
      000022 48               [ 3]  117 	pha
      000023 BD 19 01         [ 5]  118 	lda	0x119,x
      000026 48               [ 3]  119 	pha
      000027 BD 18 01         [ 5]  120 	lda	0x118,x
      00002A 48               [ 3]  121 	pha
      00002B BD 17 01         [ 5]  122 	lda	0x117,x
      00002E 48               [ 3]  123 	pha
      00002F BD 16 01         [ 5]  124 	lda	0x116,x
      000032 48               [ 3]  125 	pha
                                    126 ;	Raw cost for generated ic 57 : (33, 58.000000) count=1.230759
                                    127 ;	genCall
      000033 20r00r00         [ 6]  128 	jsr	__srulonglong
                                    129 ;	assignResultValue
      000036 86*00            [ 3]  130 	stx	*(REGTEMP+0)
      000038 BA               [ 2]  131 	tsx
      000039 9D 0B 01         [ 5]  132 	sta	0x10b,x
      00003C A5*00            [ 3]  133 	lda	*(REGTEMP+0)
      00003E 9D 0C 01         [ 5]  134 	sta	0x10c,x
      000041 A5*00            [ 3]  135 	lda	*___SDCC_m6502_ret2
      000043 9D 0D 01         [ 5]  136 	sta	0x10d,x
      000046 A5*00            [ 3]  137 	lda	*___SDCC_m6502_ret3
      000048 9D 0E 01         [ 5]  138 	sta	0x10e,x
      00004B A5*00            [ 3]  139 	lda	*___SDCC_m6502_ret4
      00004D 9D 0F 01         [ 5]  140 	sta	0x10f,x
      000050 A5*00            [ 3]  141 	lda	*___SDCC_m6502_ret5
      000052 9D 10 01         [ 5]  142 	sta	0x110,x
      000055 A5*00            [ 3]  143 	lda	*___SDCC_m6502_ret6
      000057 9D 11 01         [ 5]  144 	sta	0x111,x
      00005A A5*00            [ 3]  145 	lda	*___SDCC_m6502_ret7
      00005C 9D 12 01         [ 5]  146 	sta	0x112,x
                                    147 ;	  adjustStack : cycles stk:36  incdec:20  adc:10
      00005F 8A               [ 2]  148 	txa
      000060 18               [ 2]  149 	clc
      000061 69 09            [ 2]  150 	adc	#0x09
      000063 AA               [ 2]  151 	tax
      000064 9A               [ 2]  152 	txs
      000065 85*00            [ 3]  153 	sta	*(REGTEMP+0)
      000067 68               [ 4]  154 	pla
      000068 A8               [ 2]  155 	tay
                                    156 ;	Raw cost for generated ic 58 : (56, 94.000000) count=1.230759
                                    157 ;	genAnd
      000069 BD 02 01         [ 5]  158 	lda	0x102,x
      00006C 29 01            [ 2]  159 	and	#0x01
                                    160 ;	genIfxJump : z
      00006E F0 03            [ 4]  161 	beq	00151$
      000070 4Cr62r01         [ 3]  162 	jmp	00117$
      000073                        163 00151$:
                                    164 ;	Raw cost for generated ic 5 : (12, 14.200001) count=1.230759
                                    165 ;	skipping generated iCode
                                    166 ;	Raw cost for generated ic 6 : (0, 0.000000) count=1.230759
                                    167 ;	../_modulonglong.c: 46: b <<= 1;
                                    168 ;	genIpush
      000073 98               [ 2]  169 	tya
      000074 48               [ 3]  170 	pha
      000075 A9 01            [ 2]  171 	lda	#0x01
      000077 48               [ 3]  172 	pha
                                    173 ;	Raw cost for generated ic 59 : (5, 10.000000) count=0.923069
                                    174 ;	genIpush
      000078 BD 1C 01         [ 5]  175 	lda	0x11c,x
      00007B 48               [ 3]  176 	pha
      00007C BD 1B 01         [ 5]  177 	lda	0x11b,x
      00007F 48               [ 3]  178 	pha
      000080 BD 1A 01         [ 5]  179 	lda	0x11a,x
      000083 48               [ 3]  180 	pha
      000084 BD 19 01         [ 5]  181 	lda	0x119,x
      000087 48               [ 3]  182 	pha
      000088 BD 18 01         [ 5]  183 	lda	0x118,x
      00008B 48               [ 3]  184 	pha
      00008C BD 17 01         [ 5]  185 	lda	0x117,x
      00008F 48               [ 3]  186 	pha
      000090 BD 16 01         [ 5]  187 	lda	0x116,x
      000093 48               [ 3]  188 	pha
      000094 BD 15 01         [ 5]  189 	lda	0x115,x
      000097 48               [ 3]  190 	pha
                                    191 ;	Raw cost for generated ic 60 : (32, 56.000000) count=0.923069
                                    192 ;	genCall
      000098 20r00r00         [ 6]  193 	jsr	__slulonglong
                                    194 ;	assignResultValue
      00009B 86*00            [ 3]  195 	stx	*(REGTEMP+0)
      00009D BA               [ 2]  196 	tsx
      00009E 9D 1E 01         [ 5]  197 	sta	0x11e,x
      0000A1 A5*00            [ 3]  198 	lda	*(REGTEMP+0)
      0000A3 9D 1F 01         [ 5]  199 	sta	0x11f,x
      0000A6 A5*00            [ 3]  200 	lda	*___SDCC_m6502_ret2
      0000A8 9D 20 01         [ 5]  201 	sta	0x120,x
      0000AB A5*00            [ 3]  202 	lda	*___SDCC_m6502_ret3
      0000AD 9D 21 01         [ 5]  203 	sta	0x121,x
      0000B0 A5*00            [ 3]  204 	lda	*___SDCC_m6502_ret4
      0000B2 9D 22 01         [ 5]  205 	sta	0x122,x
      0000B5 A5*00            [ 3]  206 	lda	*___SDCC_m6502_ret5
      0000B7 9D 23 01         [ 5]  207 	sta	0x123,x
      0000BA A5*00            [ 3]  208 	lda	*___SDCC_m6502_ret6
      0000BC 9D 24 01         [ 5]  209 	sta	0x124,x
      0000BF A5*00            [ 3]  210 	lda	*___SDCC_m6502_ret7
      0000C1 9D 25 01         [ 5]  211 	sta	0x125,x
                                    212 ;	  adjustStack : cycles stk:36  incdec:20  adc:10
      0000C4 8A               [ 2]  213 	txa
      0000C5 18               [ 2]  214 	clc
      0000C6 69 09            [ 2]  215 	adc	#0x09
      0000C8 AA               [ 2]  216 	tax
      0000C9 9A               [ 2]  217 	txs
      0000CA 85*00            [ 3]  218 	sta	*(REGTEMP+0)
      0000CC 68               [ 4]  219 	pla
      0000CD A8               [ 2]  220 	tay
                                    221 ;	Raw cost for generated ic 61 : (56, 94.000000) count=0.923069
                                    222 ;	../_modulonglong.c: 47: if (b > a)
                                    223 ;	genCmp
      0000CE BD 0D 01         [ 5]  224 	lda	0x10d,x
      0000D1 38               [ 2]  225 	sec
      0000D2 FD 15 01         [ 5]  226 	sbc	0x115,x
      0000D5 BD 0E 01         [ 5]  227 	lda	0x10e,x
      0000D8 FD 16 01         [ 5]  228 	sbc	0x116,x
      0000DB BD 0F 01         [ 5]  229 	lda	0x10f,x
      0000DE FD 17 01         [ 5]  230 	sbc	0x117,x
      0000E1 BD 10 01         [ 5]  231 	lda	0x110,x
      0000E4 FD 18 01         [ 5]  232 	sbc	0x118,x
      0000E7 BD 11 01         [ 5]  233 	lda	0x111,x
      0000EA FD 19 01         [ 5]  234 	sbc	0x119,x
      0000ED BD 12 01         [ 5]  235 	lda	0x112,x
      0000F0 FD 1A 01         [ 5]  236 	sbc	0x11a,x
      0000F3 BD 13 01         [ 5]  237 	lda	0x113,x
      0000F6 FD 1B 01         [ 5]  238 	sbc	0x11b,x
      0000F9 BD 14 01         [ 5]  239 	lda	0x114,x
      0000FC FD 1C 01         [ 5]  240 	sbc	0x11c,x
      0000FF B0 58            [ 4]  241 	bcs	00102$
                                    242 ;	Raw cost for generated ic 11 : (54, 71.599998) count=0.923069
                                    243 ;	skipping generated iCode
                                    244 ;	Raw cost for generated ic 12 : (0, 0.000000) count=0.923069
                                    245 ;	../_modulonglong.c: 49: b >>=1;
                                    246 ;	genIpush
      000101 A9 01            [ 2]  247 	lda	#0x01
      000103 48               [ 3]  248 	pha
                                    249 ;	Raw cost for generated ic 62 : (3, 5.000000) count=0.692302
                                    250 ;	genIpush
      000104 BD 1C 01         [ 5]  251 	lda	0x11c,x
      000107 48               [ 3]  252 	pha
      000108 BD 1B 01         [ 5]  253 	lda	0x11b,x
      00010B 48               [ 3]  254 	pha
      00010C BD 1A 01         [ 5]  255 	lda	0x11a,x
      00010F 48               [ 3]  256 	pha
      000110 BD 19 01         [ 5]  257 	lda	0x119,x
      000113 48               [ 3]  258 	pha
      000114 BD 18 01         [ 5]  259 	lda	0x118,x
      000117 48               [ 3]  260 	pha
      000118 BD 17 01         [ 5]  261 	lda	0x117,x
      00011B 48               [ 3]  262 	pha
      00011C BD 16 01         [ 5]  263 	lda	0x116,x
      00011F 48               [ 3]  264 	pha
      000120 BD 15 01         [ 5]  265 	lda	0x115,x
      000123 48               [ 3]  266 	pha
                                    267 ;	Raw cost for generated ic 63 : (32, 56.000000) count=0.692302
                                    268 ;	genCall
      000124 20r00r00         [ 6]  269 	jsr	__srulonglong
                                    270 ;	assignResultValue
      000127 86*00            [ 3]  271 	stx	*(REGTEMP+0)
      000129 BA               [ 2]  272 	tsx
      00012A 9D 1D 01         [ 5]  273 	sta	0x11d,x
      00012D A5*00            [ 3]  274 	lda	*(REGTEMP+0)
      00012F 9D 1E 01         [ 5]  275 	sta	0x11e,x
      000132 A5*00            [ 3]  276 	lda	*___SDCC_m6502_ret2
      000134 9D 1F 01         [ 5]  277 	sta	0x11f,x
      000137 A5*00            [ 3]  278 	lda	*___SDCC_m6502_ret3
      000139 9D 20 01         [ 5]  279 	sta	0x120,x
      00013C A5*00            [ 3]  280 	lda	*___SDCC_m6502_ret4
      00013E 9D 21 01         [ 5]  281 	sta	0x121,x
      000141 A5*00            [ 3]  282 	lda	*___SDCC_m6502_ret5
      000143 9D 22 01         [ 5]  283 	sta	0x122,x
      000146 A5*00            [ 3]  284 	lda	*___SDCC_m6502_ret6
      000148 9D 23 01         [ 5]  285 	sta	0x123,x
      00014B A5*00            [ 3]  286 	lda	*___SDCC_m6502_ret7
      00014D 9D 24 01         [ 5]  287 	sta	0x124,x
                                    288 ;	  adjustStack : cycles stk:36  incdec:20  adc:10
      000150 8A               [ 2]  289 	txa
      000151 18               [ 2]  290 	clc
      000152 69 09            [ 2]  291 	adc	#0x09
      000154 AA               [ 2]  292 	tax
      000155 9A               [ 2]  293 	txs
                                    294 ;	Raw cost for generated ic 64 : (50, 82.000000) count=0.692302
                                    295 ;	../_modulonglong.c: 50: break;
                                    296 ;	genGoto
      000156 4Cr62r01         [ 3]  297 	jmp	00117$
                                    298 ;	Raw cost for generated ic 17 : (3, 3.000000) count=0.692302
                                    299 ;	genLabel
      000159                        300 00102$:
                                    301 ;	Raw cost for generated ic 18 : (0, 0.000000) count=0.230759
                                    302 ;	../_modulonglong.c: 52: count++;
                                    303 ;	genPlus
                                    304 ;	  genPlusInc
      000159 C8               [ 2]  305 	iny
                                    306 ;	Raw cost for generated ic 20 : (1, 2.000000) count=0.230759
                                    307 ;	genAssign
                                    308 ;	genCopy
      00015A 98               [ 2]  309 	tya
      00015B BA               [ 2]  310 	tsx
      00015C 9D 09 01         [ 5]  311 	sta	0x109,x
                                    312 ;	Raw cost for generated ic 21 : (5, 9.000000) count=0.230759
                                    313 ;	genGoto
      00015F 4Cr0Dr00         [ 3]  314 	jmp	00103$
                                    315 ;	Raw cost for generated ic 22 : (3, 3.000000) count=0.230759
                                    316 ;	../_modulonglong.c: 54: do
                                    317 ;	genLabel
      000162                        318 00117$:
                                    319 ;	Raw cost for generated ic 45 : (0, 0.000000) count=0.999992
                                    320 ;	genAssign
                                    321 ;	genCopy
      000162 BA               [ 2]  322 	tsx
      000163 BD 09 01         [ 5]  323 	lda	0x109,x
      000166 A8               [ 2]  324 	tay
                                    325 ;	Raw cost for generated ic 47 : (5, 8.000000) count=0.999992
                                    326 ;	genLabel
      000167                        327 00108$:
                                    328 ;	Raw cost for generated ic 24 : (0, 0.000000) count=3.999952
                                    329 ;	../_modulonglong.c: 56: if (a >= b)
                                    330 ;	genCmp
      000167 BA               [ 2]  331 	tsx
      000168 BD 0C 01         [ 5]  332 	lda	0x10c,x
      00016B 38               [ 2]  333 	sec
      00016C FD 14 01         [ 5]  334 	sbc	0x114,x
      00016F BD 0D 01         [ 5]  335 	lda	0x10d,x
      000172 FD 15 01         [ 5]  336 	sbc	0x115,x
      000175 BD 0E 01         [ 5]  337 	lda	0x10e,x
      000178 FD 16 01         [ 5]  338 	sbc	0x116,x
      00017B BD 0F 01         [ 5]  339 	lda	0x10f,x
      00017E FD 17 01         [ 5]  340 	sbc	0x117,x
      000181 BD 10 01         [ 5]  341 	lda	0x110,x
      000184 FD 18 01         [ 5]  342 	sbc	0x118,x
      000187 BD 11 01         [ 5]  343 	lda	0x111,x
      00018A FD 19 01         [ 5]  344 	sbc	0x119,x
      00018D BD 12 01         [ 5]  345 	lda	0x112,x
      000190 FD 1A 01         [ 5]  346 	sbc	0x11a,x
      000193 BD 13 01         [ 5]  347 	lda	0x113,x
      000196 FD 1B 01         [ 5]  348 	sbc	0x11b,x
      000199 90 49            [ 4]  349 	bcc	00107$
                                    350 ;	Raw cost for generated ic 25 : (55, 73.599998) count=3.999952
                                    351 ;	skipping generated iCode
                                    352 ;	Raw cost for generated ic 26 : (0, 0.000000) count=3.999952
                                    353 ;	../_modulonglong.c: 57: a -= b;
                                    354 ;	genMinus
      00019B BD 0C 01         [ 5]  355 	lda	0x10c,x
      00019E 38               [ 2]  356 	sec
      00019F FD 14 01         [ 5]  357 	sbc	0x114,x
      0001A2 9D 0C 01         [ 5]  358 	sta	0x10c,x
      0001A5 BD 0D 01         [ 5]  359 	lda	0x10d,x
      0001A8 FD 15 01         [ 5]  360 	sbc	0x115,x
      0001AB 9D 0D 01         [ 5]  361 	sta	0x10d,x
      0001AE BD 0E 01         [ 5]  362 	lda	0x10e,x
      0001B1 FD 16 01         [ 5]  363 	sbc	0x116,x
      0001B4 9D 0E 01         [ 5]  364 	sta	0x10e,x
      0001B7 BD 0F 01         [ 5]  365 	lda	0x10f,x
      0001BA FD 17 01         [ 5]  366 	sbc	0x117,x
      0001BD 9D 0F 01         [ 5]  367 	sta	0x10f,x
      0001C0 BD 10 01         [ 5]  368 	lda	0x110,x
      0001C3 FD 18 01         [ 5]  369 	sbc	0x118,x
      0001C6 9D 10 01         [ 5]  370 	sta	0x110,x
      0001C9 BD 11 01         [ 5]  371 	lda	0x111,x
      0001CC FD 19 01         [ 5]  372 	sbc	0x119,x
      0001CF 9D 11 01         [ 5]  373 	sta	0x111,x
      0001D2 BD 12 01         [ 5]  374 	lda	0x112,x
      0001D5 FD 1A 01         [ 5]  375 	sbc	0x11a,x
      0001D8 9D 12 01         [ 5]  376 	sta	0x112,x
      0001DB BD 13 01         [ 5]  377 	lda	0x113,x
      0001DE FD 1B 01         [ 5]  378 	sbc	0x11b,x
      0001E1 9D 13 01         [ 5]  379 	sta	0x113,x
                                    380 ;	Raw cost for generated ic 29 : (73, 106.000000) count=2.999960
                                    381 ;	genLabel
      0001E4                        382 00107$:
                                    383 ;	Raw cost for generated ic 31 : (0, 0.000000) count=3.999947
                                    384 ;	../_modulonglong.c: 58: b >>= 1;
                                    385 ;	genIpush
      0001E4 98               [ 2]  386 	tya
      0001E5 48               [ 3]  387 	pha
      0001E6 A9 01            [ 2]  388 	lda	#0x01
      0001E8 48               [ 3]  389 	pha
                                    390 ;	Raw cost for generated ic 65 : (5, 10.000000) count=3.999947
                                    391 ;	genIpush
      0001E9 BA               [ 2]  392 	tsx
      0001EA BD 1D 01         [ 5]  393 	lda	0x11d,x
      0001ED 48               [ 3]  394 	pha
      0001EE BD 1C 01         [ 5]  395 	lda	0x11c,x
      0001F1 48               [ 3]  396 	pha
      0001F2 BD 1B 01         [ 5]  397 	lda	0x11b,x
      0001F5 48               [ 3]  398 	pha
      0001F6 BD 1A 01         [ 5]  399 	lda	0x11a,x
      0001F9 48               [ 3]  400 	pha
      0001FA BD 19 01         [ 5]  401 	lda	0x119,x
      0001FD 48               [ 3]  402 	pha
      0001FE BD 18 01         [ 5]  403 	lda	0x118,x
      000201 48               [ 3]  404 	pha
      000202 BD 17 01         [ 5]  405 	lda	0x117,x
      000205 48               [ 3]  406 	pha
      000206 BD 16 01         [ 5]  407 	lda	0x116,x
      000209 48               [ 3]  408 	pha
                                    409 ;	Raw cost for generated ic 66 : (33, 58.000000) count=3.999947
                                    410 ;	genCall
      00020A 20r00r00         [ 6]  411 	jsr	__srulonglong
                                    412 ;	assignResultValue
      00020D 86*00            [ 3]  413 	stx	*(REGTEMP+0)
      00020F BA               [ 2]  414 	tsx
      000210 9D 1E 01         [ 5]  415 	sta	0x11e,x
      000213 A5*00            [ 3]  416 	lda	*(REGTEMP+0)
      000215 9D 1F 01         [ 5]  417 	sta	0x11f,x
      000218 A5*00            [ 3]  418 	lda	*___SDCC_m6502_ret2
      00021A 9D 20 01         [ 5]  419 	sta	0x120,x
      00021D A5*00            [ 3]  420 	lda	*___SDCC_m6502_ret3
      00021F 9D 21 01         [ 5]  421 	sta	0x121,x
      000222 A5*00            [ 3]  422 	lda	*___SDCC_m6502_ret4
      000224 9D 22 01         [ 5]  423 	sta	0x122,x
      000227 A5*00            [ 3]  424 	lda	*___SDCC_m6502_ret5
      000229 9D 23 01         [ 5]  425 	sta	0x123,x
      00022C A5*00            [ 3]  426 	lda	*___SDCC_m6502_ret6
      00022E 9D 24 01         [ 5]  427 	sta	0x124,x
      000231 A5*00            [ 3]  428 	lda	*___SDCC_m6502_ret7
      000233 9D 25 01         [ 5]  429 	sta	0x125,x
                                    430 ;	  adjustStack : cycles stk:36  incdec:20  adc:10
      000236 8A               [ 2]  431 	txa
      000237 18               [ 2]  432 	clc
      000238 69 09            [ 2]  433 	adc	#0x09
      00023A AA               [ 2]  434 	tax
      00023B 9A               [ 2]  435 	txs
      00023C 85*00            [ 3]  436 	sta	*(REGTEMP+0)
      00023E 68               [ 4]  437 	pla
                                    438 ;	Raw cost for generated ic 67 : (56, 94.000000) count=3.999947
                                    439 ;	../_modulonglong.c: 60: while (count--);
                                    440 ;	genAssign
                                    441 ;	genCopy
      00023F A8               [ 2]  442 	tay
                                    443 ;	Raw cost for generated ic 35 : (1, 2.000000) count=3.999947
                                    444 ;	genMinus
                                    445 ;	  genMinusDec - size=1  icount=1
      000240 88               [ 2]  446 	dey
                                    447 ;	Raw cost for generated ic 36 : (1, 2.000000) count=3.999947
                                    448 ;	genIfx
      000241 C9 00            [ 2]  449 	cmp	#0x00
                                    450 ;	genIfxJump : z
      000243 F0 03            [ 4]  451 	beq	00155$
      000245 4Cr67r01         [ 3]  452 	jmp	00108$
      000248                        453 00155$:
                                    454 ;	Raw cost for generated ic 38 : (7, 7.600000) count=3.999947
                                    455 ;	../_modulonglong.c: 62: return a;
                                    456 ;	genRet
      000248 BD 14 01         [ 5]  457 	lda	0x114,x
      00024B 85*00            [ 3]  458 	sta	*___SDCC_m6502_ret7
      00024D BD 13 01         [ 5]  459 	lda	0x113,x
      000250 85*00            [ 3]  460 	sta	*___SDCC_m6502_ret6
      000252 BD 12 01         [ 5]  461 	lda	0x112,x
      000255 85*00            [ 3]  462 	sta	*___SDCC_m6502_ret5
      000257 BD 11 01         [ 5]  463 	lda	0x111,x
      00025A 85*00            [ 3]  464 	sta	*___SDCC_m6502_ret4
      00025C BD 10 01         [ 5]  465 	lda	0x110,x
      00025F 85*00            [ 3]  466 	sta	*___SDCC_m6502_ret3
      000261 BD 0F 01         [ 5]  467 	lda	0x10f,x
      000264 85*00            [ 3]  468 	sta	*___SDCC_m6502_ret2
      000266 BD 0E 01         [ 5]  469 	lda	0x10e,x
      000269 85*00            [ 3]  470 	sta	*(REGTEMP+0)
      00026B BD 0D 01         [ 5]  471 	lda	0x10d,x
                                    472 ;	Raw cost for generated ic 41 : (40, 56.000000) count=0.999983
                                    473 ;	genLabel
                                    474 ;	Raw cost for generated ic 42 : (0, 0.000000) count=0.999983
                                    475 ;	../_modulonglong.c: 63: }
                                    476 ;	genEndFunction
                                    477 ;	  adjustStack : cycles stk:42  incdec:28  adc:24
      00026E A6*00            [ 3]  478 	ldx	*(REGTEMP+0)
      000270 85*01            [ 3]  479 	sta	*(REGTEMP+1)
      000272 BA               [ 2]  480 	tsx
      000273 8A               [ 2]  481 	txa
      000274 18               [ 2]  482 	clc
      000275 69 09            [ 2]  483 	adc	#0x09
      000277 AA               [ 2]  484 	tax
      000278 9A               [ 2]  485 	txs
      000279 A5*01            [ 3]  486 	lda	*(REGTEMP+1)
      00027B A6*00            [ 3]  487 	ldx	*(REGTEMP+0)
      00027D 60               [ 6]  488 	rts
                                    489 ;	Raw cost for generated ic 43 : (16, 30.000000) count=0.999983
                                    490 	.area CODE
                                    491 	.area RODATA
                                    492 	.area XINIT
                                    493 	.area CABS    (ABS)
