                                      1 ;--------------------------------------------------------
                                      2 ; File Created by SDCC : free open source ISO C Compiler
                                      3 ; Version 4.5.10 #15691 (Linux)
                                      4 ;--------------------------------------------------------
                                      5 	.module _slonglong2fs
                                      6 	
                                      7 	.optsdcc -mmos6502
                                      8 
                                      9 ;--------------------------------------------------------
                                     10 ;  Ordering of segments for the linker.
                                     11 ;--------------------------------------------------------
                                     12 	.area ZP      (PAG)
                                     13 	.area OSEG    (PAG, OVR)
                                     14 	.area _CODE
                                     15 	.area GSINIT
                                     16 	.area GSFINAL
                                     17 	.area CODE
                                     18 	.area RODATA
                                     19 	.area XINIT
                                     20 	.area _DATA
                                     21 	.area DATA
                                     22 	.area BSS
                                     23 ;--------------------------------------------------------
                                     24 ; Public variables in this module
                                     25 ;--------------------------------------------------------
                                     26 	.globl ___slonglong2fs
                                     27 ;--------------------------------------------------------
                                     28 ; ZP ram data
                                     29 ;--------------------------------------------------------
                                     30 	.area ZP      (PAG)
                                     31 ;--------------------------------------------------------
                                     32 ; overlayable items in ram
                                     33 ;--------------------------------------------------------
                                     34 ;--------------------------------------------------------
                                     35 ; uninitialized external ram data
                                     36 ;--------------------------------------------------------
                                     37 	.area BSS
                                     38 ;--------------------------------------------------------
                                     39 ; absolute external ram data
                                     40 ;--------------------------------------------------------
                                     41 	.area DABS    (ABS)
                                     42 ;--------------------------------------------------------
                                     43 ; initialized external ram data
                                     44 ;--------------------------------------------------------
                                     45 	.area DATA
                                     46 ;--------------------------------------------------------
                                     47 ; global & static initialisations
                                     48 ;--------------------------------------------------------
                                     49 	.area _CODE
                                     50 	.area GSINIT
                                     51 	.area GSFINAL
                                     52 	.area GSINIT
                                     53 ;--------------------------------------------------------
                                     54 ; Home
                                     55 ;--------------------------------------------------------
                                     56 	.area _CODE
                                     57 	.area _CODE
                                     58 ;--------------------------------------------------------
                                     59 ; code
                                     60 ;--------------------------------------------------------
                                     61 	.area CODE
                                     62 ;------------------------------------------------------------
                                     63 ;Allocation info for local variables in function '__slonglong2fs'
                                     64 ;------------------------------------------------------------
                                     65 ;sll           Allocated to stack - sp +11 +8 
                                     66 ;sloc0         Allocated to stack - sp +1 +8 
                                     67 ;------------------------------------------------------------
                                     68 ;	../_slonglong2fs.c: 35: float __slonglong2fs (signed long long sll) __SDCC_FLOAT_NONBANKED
                                     69 ;	genLabel
                                     70 ;	Raw cost for generated ic 0 : (0, 0.000000) count=1.000000
                                     71 ;	-----------------------------------------
                                     72 ;	 function __slonglong2fs
                                     73 ;	-----------------------------------------
                                     74 ;	Register assignment is optimal.
                                     75 ;	Stack space usage: 8 bytes.
      000000                         76 ___slonglong2fs:
                                     77 ;	  adjustStack : cycles stk:24  incdec:20  adc:12
      000000 BA               [ 2]   78 	tsx
      000001 8A               [ 2]   79 	txa
      000002 18               [ 2]   80 	clc
      000003 69 F8            [ 2]   81 	adc	#0xf8
      000005 AA               [ 2]   82 	tax
      000006 9A               [ 2]   83 	txs
                                     84 ;	Raw cost for generated ic 1 : (7, 12.000000) count=1.000000
                                     85 ;	../_slonglong2fs.c: 37: if (sll<0)
                                     86 ;	genCmp
      000007 BD 12 01         [ 5]   87 	lda	0x112,x
      00000A 38               [ 2]   88 	sec
      00000B E9 00            [ 2]   89 	sbc	#0x00
      00000D 50 04            [ 4]   90 	bvc	00113$
      00000F 10 07            [ 4]   91 	bpl	00112$
      000011 30 02            [ 4]   92 	bmi	00114$
      000013                         93 00113$:
      000013 30 03            [ 4]   94 	bmi	00112$
      000015                         95 00114$:
      000015 4CrB0r00         [ 3]   96 	jmp	00102$
      000018                         97 00112$:
                                     98 ;	Raw cost for generated ic 2 : (17, 21.400002) count=1.000000
                                     99 ;	skipping generated iCode
                                    100 ;	Raw cost for generated ic 3 : (0, 0.000000) count=1.000000
                                    101 ;	../_slonglong2fs.c: 38: return -__ulonglong2fs(-sll);
                                    102 ;	genUminus
      000018 A9 00            [ 2]  103 	lda	#0x00
      00001A 38               [ 2]  104 	sec
      00001B FD 0B 01         [ 5]  105 	sbc	0x10b,x
      00001E 9D 01 01         [ 5]  106 	sta	0x101,x
      000021 A9 00            [ 2]  107 	lda	#0x00
      000023 FD 0C 01         [ 5]  108 	sbc	0x10c,x
      000026 9D 02 01         [ 5]  109 	sta	0x102,x
      000029 A9 00            [ 2]  110 	lda	#0x00
      00002B FD 0D 01         [ 5]  111 	sbc	0x10d,x
      00002E 9D 03 01         [ 5]  112 	sta	0x103,x
      000031 A9 00            [ 2]  113 	lda	#0x00
      000033 FD 0E 01         [ 5]  114 	sbc	0x10e,x
      000036 9D 04 01         [ 5]  115 	sta	0x104,x
      000039 A9 00            [ 2]  116 	lda	#0x00
      00003B FD 0F 01         [ 5]  117 	sbc	0x10f,x
      00003E 9D 05 01         [ 5]  118 	sta	0x105,x
      000041 A9 00            [ 2]  119 	lda	#0x00
      000043 FD 10 01         [ 5]  120 	sbc	0x110,x
      000046 9D 06 01         [ 5]  121 	sta	0x106,x
      000049 A9 00            [ 2]  122 	lda	#0x00
      00004B FD 11 01         [ 5]  123 	sbc	0x111,x
      00004E 9D 07 01         [ 5]  124 	sta	0x107,x
      000051 A9 00            [ 2]  125 	lda	#0x00
      000053 FD 12 01         [ 5]  126 	sbc	0x112,x
      000056 9D 08 01         [ 5]  127 	sta	0x108,x
                                    128 ;	Raw cost for generated ic 6 : (65, 90.000000) count=0.750000
                                    129 ;	genIpush
      000059 48               [ 3]  130 	pha
      00005A BD 07 01         [ 5]  131 	lda	0x107,x
      00005D 48               [ 3]  132 	pha
      00005E BD 06 01         [ 5]  133 	lda	0x106,x
      000061 48               [ 3]  134 	pha
      000062 BD 05 01         [ 5]  135 	lda	0x105,x
      000065 48               [ 3]  136 	pha
      000066 BD 04 01         [ 5]  137 	lda	0x104,x
      000069 48               [ 3]  138 	pha
      00006A BD 03 01         [ 5]  139 	lda	0x103,x
      00006D 48               [ 3]  140 	pha
      00006E BD 02 01         [ 5]  141 	lda	0x102,x
      000071 48               [ 3]  142 	pha
      000072 BD 01 01         [ 5]  143 	lda	0x101,x
      000075 48               [ 3]  144 	pha
                                    145 ;	Raw cost for generated ic 7 : (29, 52.000000) count=0.750000
                                    146 ;	genCall
      000076 20r00r00         [ 6]  147 	jsr	___ulonglong2fs
                                    148 ;	assignResultValue
      000079 86*00            [ 3]  149 	stx	*(REGTEMP+0)
      00007B BA               [ 2]  150 	tsx
      00007C 9D 09 01         [ 5]  151 	sta	0x109,x
      00007F A5*00            [ 3]  152 	lda	*(REGTEMP+0)
      000081 9D 0A 01         [ 5]  153 	sta	0x10a,x
      000084 A5*00            [ 3]  154 	lda	*___SDCC_m6502_ret2
      000086 9D 0B 01         [ 5]  155 	sta	0x10b,x
      000089 A5*00            [ 3]  156 	lda	*___SDCC_m6502_ret3
      00008B 9D 0C 01         [ 5]  157 	sta	0x10c,x
                                    158 ;	  adjustStack : cycles stk:32  incdec:18  adc:10
      00008E 8A               [ 2]  159 	txa
      00008F 18               [ 2]  160 	clc
      000090 69 08            [ 2]  161 	adc	#0x08
      000092 AA               [ 2]  162 	tax
      000093 9A               [ 2]  163 	txs
                                    164 ;	Raw cost for generated ic 8 : (30, 50.000000) count=0.750000
                                    165 ;	genUminus
                                    166 ;	genUminusFloat
      000094 BD 04 01         [ 5]  167 	lda	0x104,x
      000097 49 80            [ 2]  168 	eor	#0x80
      000099 9D 04 01         [ 5]  169 	sta	0x104,x
                                    170 ;	Raw cost for generated ic 9 : (26, 38.000000) count=0.750000
                                    171 ;	genRet
      00009C 85*00            [ 3]  172 	sta	*___SDCC_m6502_ret3
      00009E BD 03 01         [ 5]  173 	lda	0x103,x
      0000A1 85*00            [ 3]  174 	sta	*___SDCC_m6502_ret2
      0000A3 BD 02 01         [ 5]  175 	lda	0x102,x
      0000A6 85*00            [ 3]  176 	sta	*(REGTEMP+0)
      0000A8 BD 01 01         [ 5]  177 	lda	0x101,x
      0000AB A6*00            [ 3]  178 	ldx	*(REGTEMP+0)
      0000AD 4Cr03r01         [ 3]  179 	jmp	00104$
                                    180 ;	Raw cost for generated ic 10 : (20, 27.000000) count=0.750000
                                    181 ;	genLabel
      0000B0                        182 00102$:
                                    183 ;	Raw cost for generated ic 12 : (0, 0.000000) count=1.000000
                                    184 ;	../_slonglong2fs.c: 40: return __ulonglong2fs(sll);
                                    185 ;	genIpush
      0000B0 BA               [ 2]  186 	tsx
      0000B1 BD 12 01         [ 5]  187 	lda	0x112,x
      0000B4 48               [ 3]  188 	pha
      0000B5 BD 11 01         [ 5]  189 	lda	0x111,x
      0000B8 48               [ 3]  190 	pha
      0000B9 BD 10 01         [ 5]  191 	lda	0x110,x
      0000BC 48               [ 3]  192 	pha
      0000BD BD 0F 01         [ 5]  193 	lda	0x10f,x
      0000C0 48               [ 3]  194 	pha
      0000C1 BD 0E 01         [ 5]  195 	lda	0x10e,x
      0000C4 48               [ 3]  196 	pha
      0000C5 BD 0D 01         [ 5]  197 	lda	0x10d,x
      0000C8 48               [ 3]  198 	pha
      0000C9 BD 0C 01         [ 5]  199 	lda	0x10c,x
      0000CC 48               [ 3]  200 	pha
      0000CD BD 0B 01         [ 5]  201 	lda	0x10b,x
      0000D0 48               [ 3]  202 	pha
                                    203 ;	Raw cost for generated ic 13 : (33, 58.000000) count=1.000000
                                    204 ;	genCall
      0000D1 20r00r00         [ 6]  205 	jsr	___ulonglong2fs
                                    206 ;	assignResultValue
      0000D4 86*00            [ 3]  207 	stx	*(REGTEMP+0)
      0000D6 BA               [ 2]  208 	tsx
      0000D7 9D 09 01         [ 5]  209 	sta	0x109,x
      0000DA A5*00            [ 3]  210 	lda	*(REGTEMP+0)
      0000DC 9D 0A 01         [ 5]  211 	sta	0x10a,x
      0000DF A5*00            [ 3]  212 	lda	*___SDCC_m6502_ret2
      0000E1 9D 0B 01         [ 5]  213 	sta	0x10b,x
      0000E4 A5*00            [ 3]  214 	lda	*___SDCC_m6502_ret3
      0000E6 9D 0C 01         [ 5]  215 	sta	0x10c,x
                                    216 ;	  adjustStack : cycles stk:32  incdec:18  adc:10
      0000E9 8A               [ 2]  217 	txa
      0000EA 18               [ 2]  218 	clc
      0000EB 69 08            [ 2]  219 	adc	#0x08
      0000ED AA               [ 2]  220 	tax
      0000EE 9A               [ 2]  221 	txs
                                    222 ;	Raw cost for generated ic 14 : (30, 50.000000) count=1.000000
                                    223 ;	genRet
      0000EF BD 04 01         [ 5]  224 	lda	0x104,x
      0000F2 85*00            [ 3]  225 	sta	*___SDCC_m6502_ret3
      0000F4 BD 03 01         [ 5]  226 	lda	0x103,x
      0000F7 85*00            [ 3]  227 	sta	*___SDCC_m6502_ret2
      0000F9 BD 02 01         [ 5]  228 	lda	0x102,x
      0000FC 85*00            [ 3]  229 	sta	*(REGTEMP+0)
      0000FE BD 01 01         [ 5]  230 	lda	0x101,x
      000101 A6*00            [ 3]  231 	ldx	*(REGTEMP+0)
                                    232 ;	Raw cost for generated ic 15 : (20, 28.000000) count=1.000000
                                    233 ;	genLabel
      000103                        234 00104$:
                                    235 ;	Raw cost for generated ic 17 : (0, 0.000000) count=1.000000
                                    236 ;	../_slonglong2fs.c: 41: }
                                    237 ;	genEndFunction
                                    238 ;	  adjustStack : cycles stk:38  incdec:26  adc:24
      000103 86*00            [ 3]  239 	stx	*(REGTEMP+0)
      000105 85*01            [ 3]  240 	sta	*(REGTEMP+1)
      000107 BA               [ 2]  241 	tsx
      000108 8A               [ 2]  242 	txa
      000109 18               [ 2]  243 	clc
      00010A 69 08            [ 2]  244 	adc	#0x08
      00010C AA               [ 2]  245 	tax
      00010D 9A               [ 2]  246 	txs
      00010E A5*01            [ 3]  247 	lda	*(REGTEMP+1)
      000110 A6*00            [ 3]  248 	ldx	*(REGTEMP+0)
      000112 60               [ 6]  249 	rts
                                    250 ;	Raw cost for generated ic 18 : (16, 30.000000) count=1.000000
                                    251 	.area CODE
                                    252 	.area RODATA
                                    253 	.area XINIT
                                    254 	.area CABS    (ABS)
