                                      1 ;--------------------------------------------------------
                                      2 ; File Created by SDCC : free open source ISO C Compiler
                                      3 ; Version 4.5.10 #15691 (Linux)
                                      4 ;--------------------------------------------------------
                                      5 	.module _slulonglong
                                      6 	
                                      7 	.optsdcc -mmos6502
                                      8 
                                      9 ;--------------------------------------------------------
                                     10 ;  Ordering of segments for the linker.
                                     11 ;--------------------------------------------------------
                                     12 	.area ZP      (PAG)
                                     13 	.area OSEG    (PAG, OVR)
                                     14 	.area _CODE
                                     15 	.area GSINIT
                                     16 	.area GSFINAL
                                     17 	.area CODE
                                     18 	.area RODATA
                                     19 	.area XINIT
                                     20 	.area _DATA
                                     21 	.area DATA
                                     22 	.area BSS
                                     23 ;--------------------------------------------------------
                                     24 ; Public variables in this module
                                     25 ;--------------------------------------------------------
                                     26 	.globl __slulonglong
                                     27 ;--------------------------------------------------------
                                     28 ; ZP ram data
                                     29 ;--------------------------------------------------------
                                     30 	.area ZP      (PAG)
                                     31 ;--------------------------------------------------------
                                     32 ; overlayable items in ram
                                     33 ;--------------------------------------------------------
                                     34 ;--------------------------------------------------------
                                     35 ; uninitialized external ram data
                                     36 ;--------------------------------------------------------
                                     37 	.area BSS
                                     38 ;--------------------------------------------------------
                                     39 ; absolute external ram data
                                     40 ;--------------------------------------------------------
                                     41 	.area DABS    (ABS)
                                     42 ;--------------------------------------------------------
                                     43 ; initialized external ram data
                                     44 ;--------------------------------------------------------
                                     45 	.area DATA
                                     46 ;--------------------------------------------------------
                                     47 ; global & static initialisations
                                     48 ;--------------------------------------------------------
                                     49 	.area _CODE
                                     50 	.area GSINIT
                                     51 	.area GSFINAL
                                     52 	.area GSINIT
                                     53 ;--------------------------------------------------------
                                     54 ; Home
                                     55 ;--------------------------------------------------------
                                     56 	.area _CODE
                                     57 	.area _CODE
                                     58 ;--------------------------------------------------------
                                     59 ; code
                                     60 ;--------------------------------------------------------
                                     61 	.area CODE
                                     62 ;------------------------------------------------------------
                                     63 ;Allocation info for local variables in function '_slulonglong'
                                     64 ;------------------------------------------------------------
                                     65 ;l             Allocated to stack - sp +25 +8 
                                     66 ;s             Allocated to stack - sp +33 +1 
                                     67 ;top           Allocated to stack - sp +21 +2 
                                     68 ;middle        Allocated to stack - sp +19 +2 
                                     69 ;bottom        Allocated to stack - sp +17 +2 
                                     70 ;w             Allocated to stack - sp +15 +2 
                                     71 ;sloc0         Allocated to stack - sp +13 +2 
                                     72 ;sloc1         Allocated to stack - sp +11 +2 
                                     73 ;sloc2         Allocated to stack - sp +9 +2 
                                     74 ;sloc3         Allocated to stack - sp +5 +4 
                                     75 ;sloc4         Allocated to stack - sp +1 +4 
                                     76 ;------------------------------------------------------------
                                     77 ;	../_slulonglong.c: 63: unsigned long long _slulonglong(unsigned long long l, char s) __SDCC_NONBANKED
                                     78 ;	genLabel
                                     79 ;	Raw cost for generated ic 0 : (0, 0.000000) count=1.000000
                                     80 ;	-----------------------------------------
                                     81 ;	 function _slulonglong
                                     82 ;	-----------------------------------------
                                     83 ;	Register assignment is optimal.
                                     84 ;	Stack space usage: 22 bytes.
      000000                         85 __slulonglong:
                                     86 ;	  adjustStack : cycles stk:66  incdec:48  adc:12
      000000 BA               [ 2]   87 	tsx
      000001 8A               [ 2]   88 	txa
      000002 18               [ 2]   89 	clc
      000003 69 EA            [ 2]   90 	adc	#0xea
      000005 AA               [ 2]   91 	tax
      000006 9A               [ 2]   92 	txs
                                     93 ;	Raw cost for generated ic 1 : (7, 12.000000) count=1.000000
                                     94 ;	../_slulonglong.c: 65: _AUTOMEM uint32_t * const top =    (_AUTOMEM uint32_t *)((_AUTOMEM char *)(&l) + 4);
                                     95 ;	genAddrOf
      000007 8A               [ 2]   96 	txa
      000008 18               [ 2]   97 	clc
      000009 69 19            [ 2]   98 	adc	#0x19
      00000B 9D 0D 01         [ 5]   99 	sta	0x10d,x
      00000E A9 01            [ 2]  100 	lda	#0x01
                                    101 ;	Raw cost for generated ic 2 : (12, 18.000000) count=1.000000
                                    102 ;	genCast
                                    103 ;	genCopy
      000010 9D 0E 01         [ 5]  104 	sta	0x10e,x
      000013 9D 0C 01         [ 5]  105 	sta	0x10c,x
      000016 BD 0D 01         [ 5]  106 	lda	0x10d,x
      000019 9D 0B 01         [ 5]  107 	sta	0x10b,x
                                    108 ;	Raw cost for generated ic 3 : (12, 18.000000) count=1.000000
                                    109 ;	genAssign
                                    110 ;	genCopy
      00001C BD 0C 01         [ 5]  111 	lda	0x10c,x
      00001F 9D 16 01         [ 5]  112 	sta	0x116,x
      000022 BD 0B 01         [ 5]  113 	lda	0x10b,x
      000025 9D 15 01         [ 5]  114 	sta	0x115,x
                                    115 ;	Raw cost for generated ic 4 : (12, 18.000000) count=1.000000
                                    116 ;	../_slulonglong.c: 66: _AUTOMEM uint16_t * const middle = (_AUTOMEM uint16_t *)((_AUTOMEM char *)(&l) + 2);
                                    117 ;	genAssign
                                    118 ;	genCopy
      000028 BD 0C 01         [ 5]  119 	lda	0x10c,x
      00002B 9D 14 01         [ 5]  120 	sta	0x114,x
      00002E BD 0B 01         [ 5]  121 	lda	0x10b,x
      000031 9D 13 01         [ 5]  122 	sta	0x113,x
                                    123 ;	Raw cost for generated ic 9 : (12, 18.000000) count=1.000000
                                    124 ;	../_slulonglong.c: 67: _AUTOMEM uint32_t * const bottom = (_AUTOMEM uint32_t *)((_AUTOMEM char *)(&l) + 0);
                                    125 ;	genCast
                                    126 ;	genCopy
      000034 BD 0E 01         [ 5]  127 	lda	0x10e,x
      000037 9D 12 01         [ 5]  128 	sta	0x112,x
      00003A BD 0D 01         [ 5]  129 	lda	0x10d,x
      00003D 9D 11 01         [ 5]  130 	sta	0x111,x
                                    131 ;	Raw cost for generated ic 14 : (12, 18.000000) count=1.000000
                                    132 ;	../_slulonglong.c: 68: _AUTOMEM uint16_t * const w =      (_AUTOMEM uint16_t *)(&l);
                                    133 ;	genAddrOf
      000040 8A               [ 2]  134 	txa
      000041 18               [ 2]  135 	clc
      000042 69 19            [ 2]  136 	adc	#0x19
      000044 9D 0B 01         [ 5]  137 	sta	0x10b,x
      000047 A9 01            [ 2]  138 	lda	#0x01
                                    139 ;	Raw cost for generated ic 16 : (12, 18.000000) count=1.000000
                                    140 ;	genCast
                                    141 ;	genCopy
      000049 9D 0C 01         [ 5]  142 	sta	0x10c,x
      00004C 9D 10 01         [ 5]  143 	sta	0x110,x
      00004F BD 0B 01         [ 5]  144 	lda	0x10b,x
      000052 9D 0F 01         [ 5]  145 	sta	0x10f,x
                                    146 ;	Raw cost for generated ic 18 : (12, 18.000000) count=1.000000
                                    147 ;	../_slulonglong.c: 78: (*top) <<= s;
                                    148 ;	genLabel
      000055                        149 00103$:
                                    150 ;	Raw cost for generated ic 20 : (0, 0.000000) count=3.999997
                                    151 ;	../_slulonglong.c: 70: for (; s >= 16; s-= 16)
                                    152 ;	genCmp
      000055 BA               [ 2]  153 	tsx
      000056 BD 21 01         [ 5]  154 	lda	0x121,x
      000059 C9 10            [ 2]  155 	cmp	#0x10
      00005B B0 03            [ 4]  156 	bcs	00119$
      00005D 4Cr24r01         [ 3]  157 	jmp	00101$
      000060                        158 00119$:
                                    159 ;	Raw cost for generated ic 21 : (11, 13.600000) count=3.999997
                                    160 ;	skipping generated iCode
                                    161 ;	Raw cost for generated ic 22 : (0, 0.000000) count=3.999997
                                    162 ;	../_slulonglong.c: 72: w[3] = w[2];
                                    163 ;	genAssign
                                    164 ;	genCopy
      000060 BD 10 01         [ 5]  165 	lda	0x110,x
      000063 9D 0C 01         [ 5]  166 	sta	0x10c,x
      000066 BD 0F 01         [ 5]  167 	lda	0x10f,x
      000069 9D 0B 01         [ 5]  168 	sta	0x10b,x
                                    169 ;	Raw cost for generated ic 25 : (12, 18.000000) count=2.999997
                                    170 ;	genAssign
                                    171 ;	genCopy
      00006C BD 10 01         [ 5]  172 	lda	0x110,x
      00006F 9D 0E 01         [ 5]  173 	sta	0x10e,x
      000072 BD 0F 01         [ 5]  174 	lda	0x10f,x
      000075 9D 0D 01         [ 5]  175 	sta	0x10d,x
                                    176 ;	Raw cost for generated ic 26 : (12, 18.000000) count=2.999997
                                    177 ;	genPointerGet
                                    178 ;	  setupDPTR - off=4 remat=(null) savea=0
      000078 85*00            [ 3]  179 	sta	*(DPTR+0)
      00007A BD 0E 01         [ 5]  180 	lda	0x10e,x
      00007D 85*01            [ 3]  181 	sta	*(DPTR+1)
      00007F A0 04            [ 2]  182 	ldy	#0x04
      000081 B1*00            [ 6]  183 	lda	[DPTR],y
      000083 9D 09 01         [ 5]  184 	sta	0x109,x
      000086 C8               [ 2]  185 	iny
      000087 B1*00            [ 6]  186 	lda	[DPTR],y
      000089 9D 0A 01         [ 5]  187 	sta	0x10a,x
                                    188 ;	Raw cost for generated ic 27 : (20, 34.000000) count=2.999997
                                    189 ;	genPointerSet
                                    190 ;	  setupDPTR - off=6 remat=(null) savea=0
      00008C BD 0B 01         [ 5]  191 	lda	0x10b,x
      00008F 85*00            [ 3]  192 	sta	*(DPTR+0)
      000091 BD 0C 01         [ 5]  193 	lda	0x10c,x
      000094 85*01            [ 3]  194 	sta	*(DPTR+1)
      000096 BD 09 01         [ 5]  195 	lda	0x109,x
      000099 C8               [ 2]  196 	iny
      00009A 91*00            [ 6]  197 	sta	[DPTR],y
      00009C BD 0A 01         [ 5]  198 	lda	0x10a,x
      00009F C8               [ 2]  199 	iny
      0000A0 91*00            [ 6]  200 	sta	[DPTR],y
                                    201 ;	Raw cost for generated ic 28 : (22, 38.000000) count=2.999997
                                    202 ;	../_slulonglong.c: 73: w[2] = w[1];
                                    203 ;	genAssign
                                    204 ;	genCopy
      0000A2 BD 10 01         [ 5]  205 	lda	0x110,x
      0000A5 9D 0A 01         [ 5]  206 	sta	0x10a,x
      0000A8 BD 0F 01         [ 5]  207 	lda	0x10f,x
      0000AB 9D 09 01         [ 5]  208 	sta	0x109,x
                                    209 ;	Raw cost for generated ic 30 : (12, 18.000000) count=2.999997
                                    210 ;	genPointerGet
                                    211 ;	  setupDPTR - off=2 remat=(null) savea=0
      0000AE 85*00            [ 3]  212 	sta	*(DPTR+0)
      0000B0 BD 0A 01         [ 5]  213 	lda	0x10a,x
      0000B3 85*01            [ 3]  214 	sta	*(DPTR+1)
      0000B5 A0 02            [ 2]  215 	ldy	#0x02
      0000B7 B1*00            [ 6]  216 	lda	[DPTR],y
      0000B9 9D 0B 01         [ 5]  217 	sta	0x10b,x
      0000BC C8               [ 2]  218 	iny
      0000BD B1*00            [ 6]  219 	lda	[DPTR],y
      0000BF 9D 0C 01         [ 5]  220 	sta	0x10c,x
                                    221 ;	Raw cost for generated ic 31 : (20, 34.000000) count=2.999997
                                    222 ;	genPointerSet
                                    223 ;	  setupDPTR - off=4 remat=(null) savea=0
      0000C2 BD 0D 01         [ 5]  224 	lda	0x10d,x
      0000C5 85*00            [ 3]  225 	sta	*(DPTR+0)
      0000C7 BD 0E 01         [ 5]  226 	lda	0x10e,x
      0000CA 85*01            [ 3]  227 	sta	*(DPTR+1)
      0000CC BD 0B 01         [ 5]  228 	lda	0x10b,x
      0000CF C8               [ 2]  229 	iny
      0000D0 91*00            [ 6]  230 	sta	[DPTR],y
      0000D2 BD 0C 01         [ 5]  231 	lda	0x10c,x
      0000D5 C8               [ 2]  232 	iny
      0000D6 91*00            [ 6]  233 	sta	[DPTR],y
                                    234 ;	Raw cost for generated ic 32 : (22, 38.000000) count=2.999997
                                    235 ;	../_slulonglong.c: 74: w[1] = w[0];
                                    236 ;	genPointerGet
                                    237 ;	  setupDPTR - off=0 remat=(null) savea=0
      0000D8 BD 0F 01         [ 5]  238 	lda	0x10f,x
      0000DB 85*00            [ 3]  239 	sta	*(DPTR+0)
      0000DD BD 10 01         [ 5]  240 	lda	0x110,x
      0000E0 85*01            [ 3]  241 	sta	*(DPTR+1)
      0000E2 A0 00            [ 2]  242 	ldy	#0x00
      0000E4 B1*00            [ 6]  243 	lda	[DPTR],y
      0000E6 9D 0B 01         [ 5]  244 	sta	0x10b,x
      0000E9 C8               [ 2]  245 	iny
      0000EA B1*00            [ 6]  246 	lda	[DPTR],y
      0000EC 9D 0C 01         [ 5]  247 	sta	0x10c,x
                                    248 ;	Raw cost for generated ic 35 : (23, 38.000000) count=2.999997
                                    249 ;	genPointerSet
                                    250 ;	  setupDPTR - off=2 remat=(null) savea=0
      0000EF BD 09 01         [ 5]  251 	lda	0x109,x
      0000F2 85*00            [ 3]  252 	sta	*(DPTR+0)
      0000F4 BD 0A 01         [ 5]  253 	lda	0x10a,x
      0000F7 85*01            [ 3]  254 	sta	*(DPTR+1)
      0000F9 BD 0B 01         [ 5]  255 	lda	0x10b,x
      0000FC C8               [ 2]  256 	iny
      0000FD 91*00            [ 6]  257 	sta	[DPTR],y
      0000FF BD 0C 01         [ 5]  258 	lda	0x10c,x
      000102 C8               [ 2]  259 	iny
      000103 91*00            [ 6]  260 	sta	[DPTR],y
                                    261 ;	Raw cost for generated ic 36 : (22, 38.000000) count=2.999997
                                    262 ;	../_slulonglong.c: 75: w[0] = 0;
                                    263 ;	genPointerSet
                                    264 ;	  setupDPTR - off=0 remat=(null) savea=0
      000105 BD 0F 01         [ 5]  265 	lda	0x10f,x
      000108 85*00            [ 3]  266 	sta	*(DPTR+0)
      00010A BD 10 01         [ 5]  267 	lda	0x110,x
      00010D 85*01            [ 3]  268 	sta	*(DPTR+1)
      00010F A9 00            [ 2]  269 	lda	#0x00
      000111 A8               [ 2]  270 	tay
      000112 91*00            [ 6]  271 	sta	[DPTR],y
      000114 C8               [ 2]  272 	iny
      000115 91*00            [ 6]  273 	sta	[DPTR],y
                                    274 ;	Raw cost for generated ic 38 : (18, 32.000000) count=2.999997
                                    275 ;	../_slulonglong.c: 70: for (; s >= 16; s-= 16)
                                    276 ;	genCast
                                    277 ;	genCopy
      000117 BD 21 01         [ 5]  278 	lda	0x121,x
                                    279 ;	Raw cost for generated ic 40 : (4, 6.000000) count=2.999997
                                    280 ;	genMinus
                                    281 ;	  genMinusDec - size=1  icount=16
      00011A A8               [ 2]  282 	tay
      00011B 38               [ 2]  283 	sec
      00011C E9 10            [ 2]  284 	sbc	#0x10
      00011E 9D 21 01         [ 5]  285 	sta	0x121,x
                                    286 ;	Raw cost for generated ic 41 : (7, 11.000000) count=2.999997
                                    287 ;	genGoto
      000121 4Cr55r00         [ 3]  288 	jmp	00103$
                                    289 ;	Raw cost for generated ic 43 : (3, 3.000000) count=2.999997
                                    290 ;	genLabel
      000124                        291 00101$:
                                    292 ;	Raw cost for generated ic 44 : (0, 0.000000) count=0.999999
                                    293 ;	../_slulonglong.c: 78: (*top) <<= s;
                                    294 ;	genPointerGet
                                    295 ;	  setupDPTR - off=4 remat=(null) savea=0
      000124 BA               [ 2]  296 	tsx
      000125 BD 15 01         [ 5]  297 	lda	0x115,x
      000128 85*00            [ 3]  298 	sta	*(DPTR+0)
      00012A BD 16 01         [ 5]  299 	lda	0x116,x
      00012D 85*01            [ 3]  300 	sta	*(DPTR+1)
      00012F A0 04            [ 2]  301 	ldy	#0x04
      000131 B1*00            [ 6]  302 	lda	[DPTR],y
      000133 9D 05 01         [ 5]  303 	sta	0x105,x
      000136 C8               [ 2]  304 	iny
      000137 B1*00            [ 6]  305 	lda	[DPTR],y
      000139 9D 06 01         [ 5]  306 	sta	0x106,x
      00013C C8               [ 2]  307 	iny
      00013D B1*00            [ 6]  308 	lda	[DPTR],y
      00013F 9D 07 01         [ 5]  309 	sta	0x107,x
      000142 C8               [ 2]  310 	iny
      000143 B1*00            [ 6]  311 	lda	[DPTR],y
      000145 9D 08 01         [ 5]  312 	sta	0x108,x
                                    313 ;	Raw cost for generated ic 47 : (36, 64.000000) count=0.999999
                                    314 ;	genLeftShift
      000148 BD 21 01         [ 5]  315 	lda	0x121,x
      00014B A8               [ 2]  316 	tay
      00014C F0 0F            [ 4]  317 	beq	00121$
      00014E                        318 00120$:
      00014E 1E 05 01         [ 7]  319 	asl	0x105,x
      000151 3E 06 01         [ 7]  320 	rol	0x106,x
      000154 3E 07 01         [ 7]  321 	rol	0x107,x
      000157 3E 08 01         [ 7]  322 	rol	0x108,x
      00015A 88               [ 2]  323 	dey
      00015B D0 F1            [ 4]  324 	bne	00120$
      00015D                        325 00121$:
                                    326 ;	Raw cost for generated ic 48 : (21, 37.199997) count=0.999999
                                    327 ;	genPointerSet
                                    328 ;	  setupDPTR - off=4 remat=(null) savea=0
      00015D BD 05 01         [ 5]  329 	lda	0x105,x
      000160 A0 04            [ 2]  330 	ldy	#0x04
      000162 91*00            [ 6]  331 	sta	[DPTR],y
      000164 BD 06 01         [ 5]  332 	lda	0x106,x
      000167 C8               [ 2]  333 	iny
      000168 91*00            [ 6]  334 	sta	[DPTR],y
      00016A BD 07 01         [ 5]  335 	lda	0x107,x
      00016D C8               [ 2]  336 	iny
      00016E 91*00            [ 6]  337 	sta	[DPTR],y
      000170 BD 08 01         [ 5]  338 	lda	0x108,x
      000173 C8               [ 2]  339 	iny
      000174 91*00            [ 6]  340 	sta	[DPTR],y
                                    341 ;	Raw cost for generated ic 49 : (25, 48.000000) count=0.999999
                                    342 ;	../_slulonglong.c: 79: (*top) |= (((uint32_t)((*middle) & 0xffffu) << s) >> 16);
                                    343 ;	genPointerGet
                                    344 ;	  setupDPTR - off=2 remat=(null) savea=0
      000176 BD 13 01         [ 5]  345 	lda	0x113,x
      000179 85*00            [ 3]  346 	sta	*(DPTR+0)
      00017B BD 14 01         [ 5]  347 	lda	0x114,x
      00017E 85*01            [ 3]  348 	sta	*(DPTR+1)
      000180 A0 02            [ 2]  349 	ldy	#0x02
      000182 B1*00            [ 6]  350 	lda	[DPTR],y
      000184 9D 09 01         [ 5]  351 	sta	0x109,x
      000187 C8               [ 2]  352 	iny
      000188 B1*00            [ 6]  353 	lda	[DPTR],y
      00018A 9D 0A 01         [ 5]  354 	sta	0x10a,x
                                    355 ;	Raw cost for generated ic 54 : (23, 38.000000) count=0.999999
                                    356 ;	genCast
                                    357 ;	genCopy
      00018D A9 00            [ 2]  358 	lda	#0x00
      00018F 9D 04 01         [ 5]  359 	sta	0x104,x
      000192 9D 03 01         [ 5]  360 	sta	0x103,x
      000195 BD 0A 01         [ 5]  361 	lda	0x10a,x
      000198 9D 02 01         [ 5]  362 	sta	0x102,x
      00019B BD 09 01         [ 5]  363 	lda	0x109,x
      00019E 9D 01 01         [ 5]  364 	sta	0x101,x
                                    365 ;	Raw cost for generated ic 57 : (20, 30.000000) count=0.999999
                                    366 ;	genLeftShift
      0001A1 BD 21 01         [ 5]  367 	lda	0x121,x
      0001A4 A8               [ 2]  368 	tay
      0001A5 F0 0F            [ 4]  369 	beq	00123$
      0001A7                        370 00122$:
      0001A7 1E 01 01         [ 7]  371 	asl	0x101,x
      0001AA 3E 02 01         [ 7]  372 	rol	0x102,x
      0001AD 3E 03 01         [ 7]  373 	rol	0x103,x
      0001B0 3E 04 01         [ 7]  374 	rol	0x104,x
      0001B3 88               [ 2]  375 	dey
      0001B4 D0 F1            [ 4]  376 	bne	00122$
      0001B6                        377 00123$:
                                    378 ;	Raw cost for generated ic 58 : (21, 37.199997) count=0.999999
                                    379 ;	genRightShift
                                    380 ;	genRightShiftLiteral
                                    381 ;	  genrsh32 - shift=16
      0001B6 BD 03 01         [ 5]  382 	lda	0x103,x
      0001B9 9D 01 01         [ 5]  383 	sta	0x101,x
      0001BC BD 04 01         [ 5]  384 	lda	0x104,x
      0001BF 9D 02 01         [ 5]  385 	sta	0x102,x
      0001C2 98               [ 2]  386 	tya
      0001C3 9D 03 01         [ 5]  387 	sta	0x103,x
      0001C6 9D 04 01         [ 5]  388 	sta	0x104,x
                                    389 ;	Raw cost for generated ic 59 : (19, 30.000000) count=0.999999
                                    390 ;	genOr
      0001C9 BD 05 01         [ 5]  391 	lda	0x105,x
      0001CC 1D 01 01         [ 5]  392 	ora	0x101,x
      0001CF 9D 01 01         [ 5]  393 	sta	0x101,x
      0001D2 BD 06 01         [ 5]  394 	lda	0x106,x
      0001D5 1D 02 01         [ 5]  395 	ora	0x102,x
      0001D8 9D 02 01         [ 5]  396 	sta	0x102,x
      0001DB BD 07 01         [ 5]  397 	lda	0x107,x
      0001DE 1D 03 01         [ 5]  398 	ora	0x103,x
      0001E1 9D 03 01         [ 5]  399 	sta	0x103,x
      0001E4 BD 08 01         [ 5]  400 	lda	0x108,x
      0001E7 1D 04 01         [ 5]  401 	ora	0x104,x
      0001EA 9D 04 01         [ 5]  402 	sta	0x104,x
                                    403 ;	Raw cost for generated ic 60 : (36, 52.000000) count=0.999999
                                    404 ;	genPointerSet
                                    405 ;	  setupDPTR - off=4 remat=(null) savea=0
      0001ED BD 15 01         [ 5]  406 	lda	0x115,x
      0001F0 85*00            [ 3]  407 	sta	*(DPTR+0)
      0001F2 BD 16 01         [ 5]  408 	lda	0x116,x
      0001F5 85*01            [ 3]  409 	sta	*(DPTR+1)
      0001F7 BD 01 01         [ 5]  410 	lda	0x101,x
      0001FA A0 04            [ 2]  411 	ldy	#0x04
      0001FC 91*00            [ 6]  412 	sta	[DPTR],y
      0001FE BD 02 01         [ 5]  413 	lda	0x102,x
      000201 C8               [ 2]  414 	iny
      000202 91*00            [ 6]  415 	sta	[DPTR],y
      000204 BD 03 01         [ 5]  416 	lda	0x103,x
      000207 C8               [ 2]  417 	iny
      000208 91*00            [ 6]  418 	sta	[DPTR],y
      00020A BD 04 01         [ 5]  419 	lda	0x104,x
      00020D C8               [ 2]  420 	iny
      00020E 91*00            [ 6]  421 	sta	[DPTR],y
                                    422 ;	Raw cost for generated ic 61 : (35, 62.000000) count=0.999999
                                    423 ;	../_slulonglong.c: 80: (*bottom) <<= s;
                                    424 ;	genPointerGet
                                    425 ;	  setupDPTR - off=0 remat=(null) savea=0
      000210 BD 11 01         [ 5]  426 	lda	0x111,x
      000213 85*00            [ 3]  427 	sta	*(DPTR+0)
      000215 BD 12 01         [ 5]  428 	lda	0x112,x
      000218 85*01            [ 3]  429 	sta	*(DPTR+1)
      00021A A0 00            [ 2]  430 	ldy	#0x00
      00021C B1*00            [ 6]  431 	lda	[DPTR],y
      00021E 9D 01 01         [ 5]  432 	sta	0x101,x
      000221 C8               [ 2]  433 	iny
      000222 B1*00            [ 6]  434 	lda	[DPTR],y
      000224 9D 02 01         [ 5]  435 	sta	0x102,x
      000227 C8               [ 2]  436 	iny
      000228 B1*00            [ 6]  437 	lda	[DPTR],y
      00022A 9D 03 01         [ 5]  438 	sta	0x103,x
      00022D C8               [ 2]  439 	iny
      00022E B1*00            [ 6]  440 	lda	[DPTR],y
      000230 9D 04 01         [ 5]  441 	sta	0x104,x
                                    442 ;	Raw cost for generated ic 64 : (35, 62.000000) count=0.999999
                                    443 ;	genLeftShift
      000233 BD 21 01         [ 5]  444 	lda	0x121,x
      000236 A8               [ 2]  445 	tay
      000237 F0 0F            [ 4]  446 	beq	00125$
      000239                        447 00124$:
      000239 1E 01 01         [ 7]  448 	asl	0x101,x
      00023C 3E 02 01         [ 7]  449 	rol	0x102,x
      00023F 3E 03 01         [ 7]  450 	rol	0x103,x
      000242 3E 04 01         [ 7]  451 	rol	0x104,x
      000245 88               [ 2]  452 	dey
      000246 D0 F1            [ 4]  453 	bne	00124$
      000248                        454 00125$:
                                    455 ;	Raw cost for generated ic 65 : (21, 37.199997) count=0.999999
                                    456 ;	genPointerSet
                                    457 ;	  setupDPTR - off=0 remat=(null) savea=0
      000248 BD 01 01         [ 5]  458 	lda	0x101,x
      00024B 91*00            [ 6]  459 	sta	[DPTR],y
      00024D BD 02 01         [ 5]  460 	lda	0x102,x
      000250 C8               [ 2]  461 	iny
      000251 91*00            [ 6]  462 	sta	[DPTR],y
      000253 BD 03 01         [ 5]  463 	lda	0x103,x
      000256 C8               [ 2]  464 	iny
      000257 91*00            [ 6]  465 	sta	[DPTR],y
      000259 BD 04 01         [ 5]  466 	lda	0x104,x
      00025C C8               [ 2]  467 	iny
      00025D 91*00            [ 6]  468 	sta	[DPTR],y
                                    469 ;	Raw cost for generated ic 66 : (23, 46.000000) count=0.999999
                                    470 ;	../_slulonglong.c: 82: return(l);
                                    471 ;	genRet
      00025F BD 20 01         [ 5]  472 	lda	0x120,x
      000262 85*00            [ 3]  473 	sta	*___SDCC_m6502_ret7
      000264 BD 1F 01         [ 5]  474 	lda	0x11f,x
      000267 85*00            [ 3]  475 	sta	*___SDCC_m6502_ret6
      000269 BD 1E 01         [ 5]  476 	lda	0x11e,x
      00026C 85*00            [ 3]  477 	sta	*___SDCC_m6502_ret5
      00026E BD 1D 01         [ 5]  478 	lda	0x11d,x
      000271 85*00            [ 3]  479 	sta	*___SDCC_m6502_ret4
      000273 BD 1C 01         [ 5]  480 	lda	0x11c,x
      000276 85*00            [ 3]  481 	sta	*___SDCC_m6502_ret3
      000278 BD 1B 01         [ 5]  482 	lda	0x11b,x
      00027B 85*00            [ 3]  483 	sta	*___SDCC_m6502_ret2
      00027D BD 1A 01         [ 5]  484 	lda	0x11a,x
      000280 85*00            [ 3]  485 	sta	*(REGTEMP+0)
      000282 BD 19 01         [ 5]  486 	lda	0x119,x
                                    487 ;	Raw cost for generated ic 67 : (40, 56.000000) count=0.999999
                                    488 ;	genLabel
                                    489 ;	Raw cost for generated ic 68 : (0, 0.000000) count=0.999999
                                    490 ;	../_slulonglong.c: 83: }
                                    491 ;	genEndFunction
                                    492 ;	  adjustStack : cycles stk:94  incdec:54  adc:24
      000285 A6*00            [ 3]  493 	ldx	*(REGTEMP+0)
      000287 85*01            [ 3]  494 	sta	*(REGTEMP+1)
      000289 BA               [ 2]  495 	tsx
      00028A 8A               [ 2]  496 	txa
      00028B 18               [ 2]  497 	clc
      00028C 69 16            [ 2]  498 	adc	#0x16
      00028E AA               [ 2]  499 	tax
      00028F 9A               [ 2]  500 	txs
      000290 A5*01            [ 3]  501 	lda	*(REGTEMP+1)
      000292 A6*00            [ 3]  502 	ldx	*(REGTEMP+0)
      000294 60               [ 6]  503 	rts
                                    504 ;	Raw cost for generated ic 69 : (16, 30.000000) count=0.999999
                                    505 	.area CODE
                                    506 	.area RODATA
                                    507 	.area XINIT
                                    508 	.area CABS    (ABS)
