                                      1 ;--------------------------------------------------------
                                      2 ; File Created by SDCC : free open source ISO C Compiler
                                      3 ; Version 4.5.10 #15691 (Linux)
                                      4 ;--------------------------------------------------------
                                      5 	.module _startup
                                      6 	
                                      7 	.optsdcc -mmos6502
                                      8 
                                      9 ;--------------------------------------------------------
                                     10 ;  Ordering of segments for the linker.
                                     11 ;--------------------------------------------------------
                                     12 	.area ZP      (PAG)
                                     13 	.area OSEG    (PAG, OVR)
                                     14 	.area _CODE
                                     15 	.area GSINIT
                                     16 	.area GSFINAL
                                     17 	.area CODE
                                     18 	.area RODATA
                                     19 	.area XINIT
                                     20 	.area _DATA
                                     21 	.area DATA
                                     22 	.area BSS
                                     23 ;--------------------------------------------------------
                                     24 ; Public variables in this module
                                     25 ;--------------------------------------------------------
                                     26 	.globl ___sdcc_external_startup
                                     27 ;--------------------------------------------------------
                                     28 ; ZP ram data
                                     29 ;--------------------------------------------------------
                                     30 	.area ZP      (PAG)
                                     31 ;--------------------------------------------------------
                                     32 ; overlayable items in ram
                                     33 ;--------------------------------------------------------
                                     34 ;--------------------------------------------------------
                                     35 ; uninitialized external ram data
                                     36 ;--------------------------------------------------------
                                     37 	.area BSS
                                     38 ;--------------------------------------------------------
                                     39 ; absolute external ram data
                                     40 ;--------------------------------------------------------
                                     41 	.area DABS    (ABS)
                                     42 ;--------------------------------------------------------
                                     43 ; initialized external ram data
                                     44 ;--------------------------------------------------------
                                     45 	.area DATA
                                     46 ;--------------------------------------------------------
                                     47 ; global & static initialisations
                                     48 ;--------------------------------------------------------
                                     49 	.area _CODE
                                     50 	.area GSINIT
                                     51 	.area GSFINAL
                                     52 	.area GSINIT
                                     53 ;--------------------------------------------------------
                                     54 ; Home
                                     55 ;--------------------------------------------------------
                                     56 	.area _CODE
                                     57 	.area _CODE
                                     58 ;--------------------------------------------------------
                                     59 ; code
                                     60 ;--------------------------------------------------------
                                     61 	.area CODE
                                     62 ;------------------------------------------------------------
                                     63 ;Allocation info for local variables in function '__sdcc_external_startup'
                                     64 ;------------------------------------------------------------
                                     65 ;	../_startup.c: 52: unsigned char __sdcc_external_startup (void)
                                     66 ;	genLabel
                                     67 ;	Raw cost for generated ic 0 : (0, 0.000000) count=1.000000
                                     68 ;	-----------------------------------------
                                     69 ;	 function __sdcc_external_startup
                                     70 ;	-----------------------------------------
                                     71 ;	Register assignment is optimal.
                                     72 ;	Stack space usage: 0 bytes.
      000000                         73 ___sdcc_external_startup:
                                     74 ;	Raw cost for generated ic 1 : (0, 0.000000) count=1.000000
                                     75 ;	../_startup.c: 54: return 0;
                                     76 ;	genRet
      000000 A9 00            [ 2]   77 	lda	#0x00
                                     78 ;	Raw cost for generated ic 2 : (2, 2.000000) count=1.000000
                                     79 ;	genLabel
                                     80 ;	Raw cost for generated ic 3 : (0, 0.000000) count=1.000000
                                     81 ;	../_startup.c: 55: }
                                     82 ;	genEndFunction
      000002 60               [ 6]   83 	rts
                                     84 ;	Raw cost for generated ic 4 : (1, 6.000000) count=1.000000
                                     85 	.area CODE
                                     86 	.area RODATA
                                     87 	.area XINIT
                                     88 	.area CABS    (ABS)
