                                      1 ;--------------------------------------------------------
                                      2 ; File Created by SDCC : free open source ISO C Compiler
                                      3 ; Version 4.5.10 #15691 (Linux)
                                      4 ;--------------------------------------------------------
                                      5 	.module _uint2fs
                                      6 	
                                      7 	.optsdcc -mmos6502
                                      8 
                                      9 ;--------------------------------------------------------
                                     10 ;  Ordering of segments for the linker.
                                     11 ;--------------------------------------------------------
                                     12 	.area ZP      (PAG)
                                     13 	.area OSEG    (PAG, OVR)
                                     14 	.area _CODE
                                     15 	.area GSINIT
                                     16 	.area GSFINAL
                                     17 	.area CODE
                                     18 	.area RODATA
                                     19 	.area XINIT
                                     20 	.area _DATA
                                     21 	.area DATA
                                     22 	.area BSS
                                     23 ;--------------------------------------------------------
                                     24 ; Public variables in this module
                                     25 ;--------------------------------------------------------
                                     26 	.globl ___ulong2fs
                                     27 	.globl ___uint2fs
                                     28 ;--------------------------------------------------------
                                     29 ; ZP ram data
                                     30 ;--------------------------------------------------------
                                     31 	.area ZP      (PAG)
                                     32 ;--------------------------------------------------------
                                     33 ; overlayable items in ram
                                     34 ;--------------------------------------------------------
                                     35 ;--------------------------------------------------------
                                     36 ; uninitialized external ram data
                                     37 ;--------------------------------------------------------
                                     38 	.area BSS
                                     39 ;--------------------------------------------------------
                                     40 ; absolute external ram data
                                     41 ;--------------------------------------------------------
                                     42 	.area DABS    (ABS)
                                     43 ;--------------------------------------------------------
                                     44 ; initialized external ram data
                                     45 ;--------------------------------------------------------
                                     46 	.area DATA
                                     47 ;--------------------------------------------------------
                                     48 ; global & static initialisations
                                     49 ;--------------------------------------------------------
                                     50 	.area _CODE
                                     51 	.area GSINIT
                                     52 	.area GSFINAL
                                     53 	.area GSINIT
                                     54 ;--------------------------------------------------------
                                     55 ; Home
                                     56 ;--------------------------------------------------------
                                     57 	.area _CODE
                                     58 	.area _CODE
                                     59 ;--------------------------------------------------------
                                     60 ; code
                                     61 ;--------------------------------------------------------
                                     62 	.area CODE
                                     63 ;------------------------------------------------------------
                                     64 ;Allocation info for local variables in function '__uint2fs'
                                     65 ;------------------------------------------------------------
                                     66 ;ui            Allocated to stack - sp +5 +2 
                                     67 ;sloc0         Allocated to stack - sp +1 +4 
                                     68 ;------------------------------------------------------------
                                     69 ;	../_uint2fs.c: 54: float __uint2fs (unsigned int ui) __SDCC_FLOAT_NONBANKED
                                     70 ;	genLabel
                                     71 ;	Raw cost for generated ic 0 : (0, 0.000000) count=1.000000
                                     72 ;	-----------------------------------------
                                     73 ;	 function __uint2fs
                                     74 ;	-----------------------------------------
                                     75 ;	Register assignment is optimal.
                                     76 ;	Stack space usage: 6 bytes.
      000000                         77 ___uint2fs:
                                     78 ;	genReceive: size=2
                                     79 ;	pushreg: ofs=1
      000000 85*00            [ 3]   80 	sta	*(REGTEMP+0)
      000002 8A               [ 2]   81 	txa
      000003 48               [ 3]   82 	pha
      000004 A5*00            [ 3]   83 	lda	*(REGTEMP+0)
                                     84 ;	pushreg: ofs=0
      000006 48               [ 3]   85 	pha
                                     86 ;	  adjustStack : cycles stk:12  incdec:12  adc:12
      000007 48               [ 3]   87 	pha
      000008 48               [ 3]   88 	pha
      000009 48               [ 3]   89 	pha
      00000A 48               [ 3]   90 	pha
                                     91 ;	Raw cost for generated ic 1 : (11, 26.000000) count=1.000000
                                     92 ;	skipping generated iCode
                                     93 ;	Raw cost for generated ic 2 : (0, 0.000000) count=1.000000
                                     94 ;	../_uint2fs.c: 56: return __ulong2fs(ui);
                                     95 ;	genCast
                                     96 ;	genCopy
      00000B A9 00            [ 2]   97 	lda	#0x00
      00000D BA               [ 2]   98 	tsx
      00000E 9D 04 01         [ 5]   99 	sta	0x104,x
      000011 9D 03 01         [ 5]  100 	sta	0x103,x
      000014 BD 06 01         [ 5]  101 	lda	0x106,x
      000017 9D 02 01         [ 5]  102 	sta	0x102,x
      00001A BD 05 01         [ 5]  103 	lda	0x105,x
      00001D 9D 01 01         [ 5]  104 	sta	0x101,x
                                    105 ;	Raw cost for generated ic 3 : (21, 32.000000) count=1.000000
                                    106 ;	genIpush
      000020 BD 04 01         [ 5]  107 	lda	0x104,x
      000023 48               [ 3]  108 	pha
      000024 BD 03 01         [ 5]  109 	lda	0x103,x
      000027 48               [ 3]  110 	pha
      000028 BD 02 01         [ 5]  111 	lda	0x102,x
      00002B 48               [ 3]  112 	pha
      00002C BD 01 01         [ 5]  113 	lda	0x101,x
      00002F 48               [ 3]  114 	pha
                                    115 ;	Raw cost for generated ic 4 : (16, 28.000000) count=1.000000
                                    116 ;	genCall
      000030 20r00r00         [ 6]  117 	jsr	___ulong2fs
                                    118 ;	assignResultValue
      000033 86*00            [ 3]  119 	stx	*(REGTEMP+0)
      000035 BA               [ 2]  120 	tsx
      000036 9D 05 01         [ 5]  121 	sta	0x105,x
      000039 A5*00            [ 3]  122 	lda	*(REGTEMP+0)
      00003B 9D 06 01         [ 5]  123 	sta	0x106,x
      00003E A5*00            [ 3]  124 	lda	*___SDCC_m6502_ret2
      000040 9D 07 01         [ 5]  125 	sta	0x107,x
      000043 A5*00            [ 3]  126 	lda	*___SDCC_m6502_ret3
      000045 9D 08 01         [ 5]  127 	sta	0x108,x
                                    128 ;	  adjustStack : cycles stk:16  incdec:10  adc:10
      000048 E8               [ 2]  129 	inx
      000049 E8               [ 2]  130 	inx
      00004A E8               [ 2]  131 	inx
      00004B E8               [ 2]  132 	inx
      00004C 9A               [ 2]  133 	txs
                                    134 ;	Raw cost for generated ic 5 : (29, 50.000000) count=1.000000
                                    135 ;	genRet
      00004D 85*00            [ 3]  136 	sta	*___SDCC_m6502_ret3
      00004F BD 03 01         [ 5]  137 	lda	0x103,x
      000052 85*00            [ 3]  138 	sta	*___SDCC_m6502_ret2
      000054 BD 02 01         [ 5]  139 	lda	0x102,x
      000057 85*00            [ 3]  140 	sta	*(REGTEMP+0)
      000059 BD 01 01         [ 5]  141 	lda	0x101,x
                                    142 ;	Raw cost for generated ic 6 : (17, 24.000000) count=1.000000
                                    143 ;	genLabel
                                    144 ;	Raw cost for generated ic 7 : (0, 0.000000) count=1.000000
                                    145 ;	../_uint2fs.c: 57: }
                                    146 ;	genEndFunction
                                    147 ;	  adjustStack : cycles stk:30  incdec:22  adc:24
      00005C BA               [ 2]  148 	tsx
      00005D E8               [ 2]  149 	inx
      00005E E8               [ 2]  150 	inx
      00005F E8               [ 2]  151 	inx
      000060 E8               [ 2]  152 	inx
      000061 E8               [ 2]  153 	inx
      000062 E8               [ 2]  154 	inx
      000063 9A               [ 2]  155 	txs
      000064 A6*00            [ 3]  156 	ldx	*(REGTEMP+0)
      000066 60               [ 6]  157 	rts
                                    158 ;	Raw cost for generated ic 8 : (13, 28.000000) count=1.000000
                                    159 	.area CODE
                                    160 	.area RODATA
                                    161 	.area XINIT
                                    162 	.area CABS    (ABS)
