                                      1 ;--------------------------------------------------------
                                      2 ; File Created by SDCC : free open source ISO C Compiler
                                      3 ; Version 4.5.10 #15691 (Linux)
                                      4 ;--------------------------------------------------------
                                      5 	.module _ulonglong2fs
                                      6 	
                                      7 	.optsdcc -mmos6502
                                      8 
                                      9 ;--------------------------------------------------------
                                     10 ;  Ordering of segments for the linker.
                                     11 ;--------------------------------------------------------
                                     12 	.area ZP      (PAG)
                                     13 	.area OSEG    (PAG, OVR)
                                     14 	.area _CODE
                                     15 	.area GSINIT
                                     16 	.area GSFINAL
                                     17 	.area CODE
                                     18 	.area RODATA
                                     19 	.area XINIT
                                     20 	.area _DATA
                                     21 	.area DATA
                                     22 	.area BSS
                                     23 ;--------------------------------------------------------
                                     24 ; Public variables in this module
                                     25 ;--------------------------------------------------------
                                     26 	.globl ___ulonglong2fs
                                     27 ;--------------------------------------------------------
                                     28 ; ZP ram data
                                     29 ;--------------------------------------------------------
                                     30 	.area ZP      (PAG)
                                     31 ;--------------------------------------------------------
                                     32 ; overlayable items in ram
                                     33 ;--------------------------------------------------------
                                     34 ;--------------------------------------------------------
                                     35 ; uninitialized external ram data
                                     36 ;--------------------------------------------------------
                                     37 	.area BSS
                                     38 ;--------------------------------------------------------
                                     39 ; absolute external ram data
                                     40 ;--------------------------------------------------------
                                     41 	.area DABS    (ABS)
                                     42 ;--------------------------------------------------------
                                     43 ; initialized external ram data
                                     44 ;--------------------------------------------------------
                                     45 	.area DATA
                                     46 ;--------------------------------------------------------
                                     47 ; global & static initialisations
                                     48 ;--------------------------------------------------------
                                     49 	.area _CODE
                                     50 	.area GSINIT
                                     51 	.area GSFINAL
                                     52 	.area GSINIT
                                     53 ;--------------------------------------------------------
                                     54 ; Home
                                     55 ;--------------------------------------------------------
                                     56 	.area _CODE
                                     57 	.area _CODE
                                     58 ;--------------------------------------------------------
                                     59 ; code
                                     60 ;--------------------------------------------------------
                                     61 	.area CODE
                                     62 ;------------------------------------------------------------
                                     63 ;Allocation info for local variables in function '__ulonglong2fs'
                                     64 ;------------------------------------------------------------
                                     65 ;a             Allocated to stack - sp +17 +8 
                                     66 ;exp           Allocated to registers y 
                                     67 ;fl            Allocated to stack - sp +1 +4 
                                     68 ;sloc0         Allocated to stack - sp +13 +2 
                                     69 ;sloc1         Allocated to stack - sp +9 +4 
                                     70 ;sloc2         Allocated to stack - sp +5 +4 
                                     71 ;------------------------------------------------------------
                                     72 ;	../_ulonglong2fs.c: 61: float __ulonglong2fs (unsigned long long a ) __SDCC_FLOAT_NONBANKED
                                     73 ;	genLabel
                                     74 ;	Raw cost for generated ic 0 : (0, 0.000000) count=1.000000
                                     75 ;	-----------------------------------------
                                     76 ;	 function __ulonglong2fs
                                     77 ;	-----------------------------------------
                                     78 ;	Register assignment is optimal.
                                     79 ;	Stack space usage: 14 bytes.
      000000                         80 ___ulonglong2fs:
                                     81 ;	  adjustStack : cycles stk:42  incdec:32  adc:12
      000000 BA               [ 2]   82 	tsx
      000001 8A               [ 2]   83 	txa
      000002 18               [ 2]   84 	clc
      000003 69 F2            [ 2]   85 	adc	#0xf2
      000005 AA               [ 2]   86 	tax
      000006 9A               [ 2]   87 	txs
                                     88 ;	Raw cost for generated ic 1 : (7, 12.000000) count=1.000000
                                     89 ;	../_ulonglong2fs.c: 66: if (!a)
                                     90 ;	genIfx
      000007 BD 18 01         [ 5]   91 	lda	0x118,x
      00000A 1D 17 01         [ 5]   92 	ora	0x117,x
      00000D 1D 16 01         [ 5]   93 	ora	0x116,x
      000010 1D 15 01         [ 5]   94 	ora	0x115,x
      000013 1D 14 01         [ 5]   95 	ora	0x114,x
      000016 1D 13 01         [ 5]   96 	ora	0x113,x
      000019 1D 12 01         [ 5]   97 	ora	0x112,x
      00001C 1D 11 01         [ 5]   98 	ora	0x111,x
                                     99 ;	genIfxJump : z
      00001F D0 0A            [ 4]  100 	bne	00102$
                                    101 ;	Raw cost for generated ic 3 : (29, 37.599998) count=1.000000
                                    102 ;	../_ulonglong2fs.c: 68: return 0.0;
                                    103 ;	genRet
      000021 A9 00            [ 2]  104 	lda	#0x00
      000023 AA               [ 2]  105 	tax
      000024 85*00            [ 3]  106 	sta	*___SDCC_m6502_ret2
      000026 85*00            [ 3]  107 	sta	*___SDCC_m6502_ret3
      000028 4Cr82r02         [ 3]  108 	jmp	00113$
                                    109 ;	Raw cost for generated ic 6 : (10, 13.000000) count=0.750000
                                    110 ;	genLabel
      00002B                        111 00102$:
                                    112 ;	Raw cost for generated ic 7 : (0, 0.000000) count=1.000000
                                    113 ;	../_ulonglong2fs.c: 71: if (a == 0xffffffffffffffffull)
                                    114 ;	genCmpEQorNE
      00002B BA               [ 2]  115 	tsx
      00002C BD 11 01         [ 5]  116 	lda	0x111,x
      00002F C9 FF            [ 2]  117 	cmp	#0xff
      000031 D0 3F            [ 4]  118 	bne	00118$
      000033 BD 12 01         [ 5]  119 	lda	0x112,x
      000036 C9 FF            [ 2]  120 	cmp	#0xff
      000038 D0 38            [ 4]  121 	bne	00118$
      00003A BD 13 01         [ 5]  122 	lda	0x113,x
      00003D C9 FF            [ 2]  123 	cmp	#0xff
      00003F D0 31            [ 4]  124 	bne	00118$
      000041 BD 14 01         [ 5]  125 	lda	0x114,x
      000044 C9 FF            [ 2]  126 	cmp	#0xff
      000046 D0 2A            [ 4]  127 	bne	00118$
      000048 BD 15 01         [ 5]  128 	lda	0x115,x
      00004B C9 FF            [ 2]  129 	cmp	#0xff
      00004D D0 23            [ 4]  130 	bne	00118$
      00004F BD 16 01         [ 5]  131 	lda	0x116,x
      000052 C9 FF            [ 2]  132 	cmp	#0xff
      000054 D0 1C            [ 4]  133 	bne	00118$
      000056 BD 17 01         [ 5]  134 	lda	0x117,x
      000059 C9 FF            [ 2]  135 	cmp	#0xff
      00005B D0 15            [ 4]  136 	bne	00118$
      00005D BD 18 01         [ 5]  137 	lda	0x118,x
      000060 C9 FF            [ 2]  138 	cmp	#0xff
      000062 D0 0E            [ 4]  139 	bne	00118$
                                    140 ;	Raw cost for generated ic 8 : (81, 94.799995) count=1.000000
                                    141 ;	skipping generated iCode
                                    142 ;	Raw cost for generated ic 9 : (0, 0.000000) count=1.000000
                                    143 ;	../_ulonglong2fs.c: 73: return 18446744073709551616.0f;
                                    144 ;	genRet
      000064 A9 00            [ 2]  145 	lda	#0x00
      000066 AA               [ 2]  146 	tax
      000067 A0 80            [ 2]  147 	ldy	#0x80
      000069 84*00            [ 3]  148 	sty	*___SDCC_m6502_ret2
      00006B A0 5F            [ 2]  149 	ldy	#0x5f
      00006D 84*00            [ 3]  150 	sty	*___SDCC_m6502_ret3
      00006F 4Cr82r02         [ 3]  151 	jmp	00113$
                                    152 ;	Raw cost for generated ic 12 : (14, 17.000000) count=0.750000
                                    153 ;	../_ulonglong2fs.c: 76: while (a < HIDDEN)
                                    154 ;	genLabel
      000072                        155 00118$:
                                    156 ;	Raw cost for generated ic 62 : (0, 0.000000) count=1.000000
                                    157 ;	genAssign
                                    158 ;	genCopy
      000072 A0 96            [ 2]  159 	ldy	#0x96
                                    160 ;	Raw cost for generated ic 66 : (2, 2.000000) count=1.000000
                                    161 ;	genLabel
      000074                        162 00105$:
                                    163 ;	Raw cost for generated ic 14 : (0, 0.000000) count=3.999698
                                    164 ;	genCmp
      000074 BA               [ 2]  165 	tsx
      000075 BD 13 01         [ 5]  166 	lda	0x113,x
      000078 38               [ 2]  167 	sec
      000079 E9 80            [ 2]  168 	sbc	#0x80
      00007B BD 14 01         [ 5]  169 	lda	0x114,x
      00007E E9 00            [ 2]  170 	sbc	#0x00
      000080 BD 15 01         [ 5]  171 	lda	0x115,x
      000083 E9 00            [ 2]  172 	sbc	#0x00
      000085 BD 16 01         [ 5]  173 	lda	0x116,x
      000088 E9 00            [ 2]  174 	sbc	#0x00
      00008A BD 17 01         [ 5]  175 	lda	0x117,x
      00008D E9 00            [ 2]  176 	sbc	#0x00
      00008F BD 18 01         [ 5]  177 	lda	0x118,x
      000092 E9 00            [ 2]  178 	sbc	#0x00
      000094 B0 61            [ 4]  179 	bcs	00121$
                                    180 ;	Raw cost for generated ic 15 : (37, 45.599998) count=3.999698
                                    181 ;	skipping generated iCode
                                    182 ;	Raw cost for generated ic 16 : (0, 0.000000) count=3.999698
                                    183 ;	../_ulonglong2fs.c: 78: a <<= 1;
                                    184 ;	genIpush
      000096 98               [ 2]  185 	tya
      000097 48               [ 3]  186 	pha
      000098 A9 01            [ 2]  187 	lda	#0x01
      00009A 48               [ 3]  188 	pha
                                    189 ;	Raw cost for generated ic 78 : (5, 10.000000) count=2.999698
                                    190 ;	genIpush
      00009B BD 18 01         [ 5]  191 	lda	0x118,x
      00009E 48               [ 3]  192 	pha
      00009F BD 17 01         [ 5]  193 	lda	0x117,x
      0000A2 48               [ 3]  194 	pha
      0000A3 BD 16 01         [ 5]  195 	lda	0x116,x
      0000A6 48               [ 3]  196 	pha
      0000A7 BD 15 01         [ 5]  197 	lda	0x115,x
      0000AA 48               [ 3]  198 	pha
      0000AB BD 14 01         [ 5]  199 	lda	0x114,x
      0000AE 48               [ 3]  200 	pha
      0000AF BD 13 01         [ 5]  201 	lda	0x113,x
      0000B2 48               [ 3]  202 	pha
      0000B3 BD 12 01         [ 5]  203 	lda	0x112,x
      0000B6 48               [ 3]  204 	pha
      0000B7 BD 11 01         [ 5]  205 	lda	0x111,x
      0000BA 48               [ 3]  206 	pha
                                    207 ;	Raw cost for generated ic 79 : (32, 56.000000) count=2.999698
                                    208 ;	genCall
      0000BB 20r00r00         [ 6]  209 	jsr	__slulonglong
                                    210 ;	assignResultValue
      0000BE 86*00            [ 3]  211 	stx	*(REGTEMP+0)
      0000C0 BA               [ 2]  212 	tsx
      0000C1 9D 1B 01         [ 5]  213 	sta	0x11b,x
      0000C4 A5*00            [ 3]  214 	lda	*(REGTEMP+0)
      0000C6 9D 1C 01         [ 5]  215 	sta	0x11c,x
      0000C9 A5*00            [ 3]  216 	lda	*___SDCC_m6502_ret2
      0000CB 9D 1D 01         [ 5]  217 	sta	0x11d,x
      0000CE A5*00            [ 3]  218 	lda	*___SDCC_m6502_ret3
      0000D0 9D 1E 01         [ 5]  219 	sta	0x11e,x
      0000D3 A5*00            [ 3]  220 	lda	*___SDCC_m6502_ret4
      0000D5 9D 1F 01         [ 5]  221 	sta	0x11f,x
      0000D8 A5*00            [ 3]  222 	lda	*___SDCC_m6502_ret5
      0000DA 9D 20 01         [ 5]  223 	sta	0x120,x
      0000DD A5*00            [ 3]  224 	lda	*___SDCC_m6502_ret6
      0000DF 9D 21 01         [ 5]  225 	sta	0x121,x
      0000E2 A5*00            [ 3]  226 	lda	*___SDCC_m6502_ret7
      0000E4 9D 22 01         [ 5]  227 	sta	0x122,x
                                    228 ;	  adjustStack : cycles stk:36  incdec:20  adc:10
      0000E7 8A               [ 2]  229 	txa
      0000E8 18               [ 2]  230 	clc
      0000E9 69 09            [ 2]  231 	adc	#0x09
      0000EB AA               [ 2]  232 	tax
      0000EC 9A               [ 2]  233 	txs
      0000ED 85*00            [ 3]  234 	sta	*(REGTEMP+0)
      0000EF 68               [ 4]  235 	pla
      0000F0 A8               [ 2]  236 	tay
      0000F1 A5*00            [ 3]  237 	lda	*(REGTEMP+0)
                                    238 ;	Raw cost for generated ic 80 : (56, 94.000000) count=2.999698
                                    239 ;	../_ulonglong2fs.c: 79: exp--;
                                    240 ;	genMinus
                                    241 ;	  genMinusDec - size=1  icount=1
      0000F3 88               [ 2]  242 	dey
                                    243 ;	Raw cost for generated ic 22 : (1, 2.000000) count=2.999698
                                    244 ;	genGoto
      0000F4 4Cr74r00         [ 3]  245 	jmp	00105$
                                    246 ;	Raw cost for generated ic 24 : (3, 3.000000) count=2.999698
                                    247 ;	../_ulonglong2fs.c: 82: while (a & NORM)
                                    248 ;	genLabel
      0000F7                        249 00121$:
                                    250 ;	Raw cost for generated ic 63 : (0, 0.000000) count=0.999925
                                    251 ;	genAssign
                                    252 ;	genCopy
                                    253 ;	Raw cost for generated ic 69 : (0, 0.000000) count=0.999925
                                    254 ;	genLabel
      0000F7                        255 00110$:
                                    256 ;	Raw cost for generated ic 26 : (0, 0.000000) count=3.999283
                                    257 ;	genAnd
      0000F7 BA               [ 2]  258 	tsx
      0000F8 BD 14 01         [ 5]  259 	lda	0x114,x
                                    260 ;	genIfxJump : z
      0000FB D0 03            [ 4]  261 	bne	00172$
      0000FD 4CrAAr01         [ 3]  262 	jmp	00112$
      000100                        263 00172$:
                                    264 ;	Raw cost for generated ic 27 : (11, 14.200001) count=3.999283
                                    265 ;	skipping generated iCode
                                    266 ;	Raw cost for generated ic 28 : (0, 0.000000) count=3.999283
                                    267 ;	../_ulonglong2fs.c: 85: if (a & 1)
                                    268 ;	genAnd
      000100 BD 11 01         [ 5]  269 	lda	0x111,x
      000103 29 01            [ 2]  270 	and	#0x01
                                    271 ;	genIfxJump : z
      000105 F0 41            [ 4]  272 	beq	00109$
                                    273 ;	Raw cost for generated ic 31 : (12, 14.200001) count=2.999462
                                    274 ;	skipping generated iCode
                                    275 ;	Raw cost for generated ic 32 : (0, 0.000000) count=2.999462
                                    276 ;	../_ulonglong2fs.c: 86: a += 2;
                                    277 ;	genPlus
                                    278 ;	  genPlusInc
      000107 BD 11 01         [ 5]  279 	lda	0x111,x
      00010A 18               [ 2]  280 	clc
      00010B 69 02            [ 2]  281 	adc	#0x02
      00010D 9D 11 01         [ 5]  282 	sta	0x111,x
      000110 BD 12 01         [ 5]  283 	lda	0x112,x
      000113 69 00            [ 2]  284 	adc	#0x00
      000115 9D 12 01         [ 5]  285 	sta	0x112,x
      000118 BD 13 01         [ 5]  286 	lda	0x113,x
      00011B 69 00            [ 2]  287 	adc	#0x00
      00011D 9D 13 01         [ 5]  288 	sta	0x113,x
      000120 BD 14 01         [ 5]  289 	lda	0x114,x
      000123 69 00            [ 2]  290 	adc	#0x00
      000125 9D 14 01         [ 5]  291 	sta	0x114,x
      000128 BD 15 01         [ 5]  292 	lda	0x115,x
      00012B 69 00            [ 2]  293 	adc	#0x00
      00012D 9D 15 01         [ 5]  294 	sta	0x115,x
      000130 BD 16 01         [ 5]  295 	lda	0x116,x
      000133 69 00            [ 2]  296 	adc	#0x00
      000135 9D 16 01         [ 5]  297 	sta	0x116,x
      000138 BD 17 01         [ 5]  298 	lda	0x117,x
      00013B 69 00            [ 2]  299 	adc	#0x00
      00013D 9D 17 01         [ 5]  300 	sta	0x117,x
      000140 BD 18 01         [ 5]  301 	lda	0x118,x
      000143 69 00            [ 2]  302 	adc	#0x00
      000145 9D 18 01         [ 5]  303 	sta	0x118,x
                                    304 ;	Raw cost for generated ic 35 : (65, 90.000000) count=2.249518
                                    305 ;	genLabel
      000148                        306 00109$:
                                    307 ;	Raw cost for generated ic 37 : (0, 0.000000) count=2.999358
                                    308 ;	../_ulonglong2fs.c: 87: a >>= 1;
                                    309 ;	genIpush
      000148 98               [ 2]  310 	tya
      000149 48               [ 3]  311 	pha
      00014A A9 01            [ 2]  312 	lda	#0x01
      00014C 48               [ 3]  313 	pha
                                    314 ;	Raw cost for generated ic 81 : (5, 10.000000) count=2.999358
                                    315 ;	genIpush
      00014D BA               [ 2]  316 	tsx
      00014E BD 1A 01         [ 5]  317 	lda	0x11a,x
      000151 48               [ 3]  318 	pha
      000152 BD 19 01         [ 5]  319 	lda	0x119,x
      000155 48               [ 3]  320 	pha
      000156 BD 18 01         [ 5]  321 	lda	0x118,x
      000159 48               [ 3]  322 	pha
      00015A BD 17 01         [ 5]  323 	lda	0x117,x
      00015D 48               [ 3]  324 	pha
      00015E BD 16 01         [ 5]  325 	lda	0x116,x
      000161 48               [ 3]  326 	pha
      000162 BD 15 01         [ 5]  327 	lda	0x115,x
      000165 48               [ 3]  328 	pha
      000166 BD 14 01         [ 5]  329 	lda	0x114,x
      000169 48               [ 3]  330 	pha
      00016A BD 13 01         [ 5]  331 	lda	0x113,x
      00016D 48               [ 3]  332 	pha
                                    333 ;	Raw cost for generated ic 82 : (33, 58.000000) count=2.999358
                                    334 ;	genCall
      00016E 20r00r00         [ 6]  335 	jsr	__srulonglong
                                    336 ;	assignResultValue
      000171 86*00            [ 3]  337 	stx	*(REGTEMP+0)
      000173 BA               [ 2]  338 	tsx
      000174 9D 1B 01         [ 5]  339 	sta	0x11b,x
      000177 A5*00            [ 3]  340 	lda	*(REGTEMP+0)
      000179 9D 1C 01         [ 5]  341 	sta	0x11c,x
      00017C A5*00            [ 3]  342 	lda	*___SDCC_m6502_ret2
      00017E 9D 1D 01         [ 5]  343 	sta	0x11d,x
      000181 A5*00            [ 3]  344 	lda	*___SDCC_m6502_ret3
      000183 9D 1E 01         [ 5]  345 	sta	0x11e,x
      000186 A5*00            [ 3]  346 	lda	*___SDCC_m6502_ret4
      000188 9D 1F 01         [ 5]  347 	sta	0x11f,x
      00018B A5*00            [ 3]  348 	lda	*___SDCC_m6502_ret5
      00018D 9D 20 01         [ 5]  349 	sta	0x120,x
      000190 A5*00            [ 3]  350 	lda	*___SDCC_m6502_ret6
      000192 9D 21 01         [ 5]  351 	sta	0x121,x
      000195 A5*00            [ 3]  352 	lda	*___SDCC_m6502_ret7
      000197 9D 22 01         [ 5]  353 	sta	0x122,x
                                    354 ;	  adjustStack : cycles stk:36  incdec:20  adc:10
      00019A 8A               [ 2]  355 	txa
      00019B 18               [ 2]  356 	clc
      00019C 69 09            [ 2]  357 	adc	#0x09
      00019E AA               [ 2]  358 	tax
      00019F 9A               [ 2]  359 	txs
      0001A0 85*00            [ 3]  360 	sta	*(REGTEMP+0)
      0001A2 68               [ 4]  361 	pla
      0001A3 A8               [ 2]  362 	tay
      0001A4 A5*00            [ 3]  363 	lda	*(REGTEMP+0)
                                    364 ;	Raw cost for generated ic 83 : (56, 94.000000) count=2.999358
                                    365 ;	../_ulonglong2fs.c: 88: exp++;
                                    366 ;	genPlus
                                    367 ;	  genPlusInc
      0001A6 C8               [ 2]  368 	iny
                                    369 ;	Raw cost for generated ic 41 : (1, 2.000000) count=2.999358
                                    370 ;	genGoto
      0001A7 4CrF7r00         [ 3]  371 	jmp	00110$
                                    372 ;	Raw cost for generated ic 43 : (3, 3.000000) count=2.999358
                                    373 ;	genLabel
      0001AA                        374 00112$:
                                    375 ;	Raw cost for generated ic 44 : (0, 0.000000) count=0.999740
                                    376 ;	../_ulonglong2fs.c: 91: a &= ~HIDDEN ;
                                    377 ;	genAnd
      0001AA BA               [ 2]  378 	tsx
      0001AB BD 13 01         [ 5]  379 	lda	0x113,x
      0001AE 29 7F            [ 2]  380 	and	#0x7f
      0001B0 9D 13 01         [ 5]  381 	sta	0x113,x
      0001B3 A9 00            [ 2]  382 	lda	#0x00
      0001B5 9D 15 01         [ 5]  383 	sta	0x115,x
      0001B8 9D 16 01         [ 5]  384 	sta	0x116,x
      0001BB 9D 17 01         [ 5]  385 	sta	0x117,x
      0001BE 9D 18 01         [ 5]  386 	sta	0x118,x
                                    387 ;	Raw cost for generated ic 45 : (23, 35.000000) count=0.999740
                                    388 ;	../_ulonglong2fs.c: 93: fl.l = PACK(0,(unsigned long)exp, a);
                                    389 ;	genAddrOf
      0001C1 E8               [ 2]  390 	inx
      0001C2 8A               [ 2]  391 	txa
      0001C3 9D 0C 01         [ 5]  392 	sta	0x10c,x
      0001C6 A9 01            [ 2]  393 	lda	#0x01
      0001C8 9D 0D 01         [ 5]  394 	sta	0x10d,x
                                    395 ;	Raw cost for generated ic 47 : (10, 16.000000) count=0.999740
                                    396 ;	genCast
                                    397 ;	genCopy
      0001CB A9 00            [ 2]  398 	lda	#0x00
      0001CD 9D 0B 01         [ 5]  399 	sta	0x10b,x
      0001D0 9D 0A 01         [ 5]  400 	sta	0x10a,x
      0001D3 9D 09 01         [ 5]  401 	sta	0x109,x
      0001D6 98               [ 2]  402 	tya
      0001D7 9D 08 01         [ 5]  403 	sta	0x108,x
                                    404 ;	Raw cost for generated ic 49 : (15, 24.000000) count=0.999740
                                    405 ;	genLeftShift
                                    406 ;	genLeftShiftLiteral
                                    407 ;	  genlsh32 - shift=23
      0001DA BD 09 01         [ 5]  408 	lda	0x109,x
      0001DD 4A               [ 2]  409 	lsr	a
      0001DE BD 08 01         [ 5]  410 	lda	0x108,x
      0001E1 6A               [ 2]  411 	ror	a
      0001E2 9D 0B 01         [ 5]  412 	sta	0x10b,x
      0001E5 A9 00            [ 2]  413 	lda	#0x00
      0001E7 9D 09 01         [ 5]  414 	sta	0x109,x
      0001EA 9D 08 01         [ 5]  415 	sta	0x108,x
      0001ED 6A               [ 2]  416 	ror	a
      0001EE 9D 0A 01         [ 5]  417 	sta	0x10a,x
                                    418 ;	Raw cost for generated ic 50 : (23, 36.000000) count=0.999740
                                    419 ;	genCast
                                    420 ;	genCopy
                                    421 ;	Raw cost for generated ic 52 : (0, 0.000000) count=0.999740
                                    422 ;	genCast
                                    423 ;	genCopy
      0001F1 BD 13 01         [ 5]  424 	lda	0x113,x
      0001F4 9D 07 01         [ 5]  425 	sta	0x107,x
      0001F7 BD 12 01         [ 5]  426 	lda	0x112,x
      0001FA 9D 06 01         [ 5]  427 	sta	0x106,x
      0001FD BD 11 01         [ 5]  428 	lda	0x111,x
      000200 9D 05 01         [ 5]  429 	sta	0x105,x
      000203 BD 10 01         [ 5]  430 	lda	0x110,x
      000206 9D 04 01         [ 5]  431 	sta	0x104,x
                                    432 ;	Raw cost for generated ic 65 : (24, 36.000000) count=0.999740
                                    433 ;	genOr
      000209 BD 08 01         [ 5]  434 	lda	0x108,x
      00020C 1D 04 01         [ 5]  435 	ora	0x104,x
      00020F 9D 04 01         [ 5]  436 	sta	0x104,x
      000212 BD 09 01         [ 5]  437 	lda	0x109,x
      000215 1D 05 01         [ 5]  438 	ora	0x105,x
      000218 9D 05 01         [ 5]  439 	sta	0x105,x
      00021B BD 0A 01         [ 5]  440 	lda	0x10a,x
      00021E 1D 06 01         [ 5]  441 	ora	0x106,x
      000221 9D 06 01         [ 5]  442 	sta	0x106,x
      000224 BD 0B 01         [ 5]  443 	lda	0x10b,x
      000227 1D 07 01         [ 5]  444 	ora	0x107,x
      00022A 9D 07 01         [ 5]  445 	sta	0x107,x
                                    446 ;	Raw cost for generated ic 53 : (36, 52.000000) count=0.999740
                                    447 ;	genPointerSet
                                    448 ;	  setupDPTR - off=0 remat=(null) savea=0
      00022D BD 0C 01         [ 5]  449 	lda	0x10c,x
      000230 85*00            [ 3]  450 	sta	*(DPTR+0)
      000232 BD 0D 01         [ 5]  451 	lda	0x10d,x
      000235 85*01            [ 3]  452 	sta	*(DPTR+1)
      000237 BD 04 01         [ 5]  453 	lda	0x104,x
      00023A A0 00            [ 2]  454 	ldy	#0x00
      00023C 91*00            [ 6]  455 	sta	[DPTR],y
      00023E BD 05 01         [ 5]  456 	lda	0x105,x
      000241 C8               [ 2]  457 	iny
      000242 91*00            [ 6]  458 	sta	[DPTR],y
      000244 BD 06 01         [ 5]  459 	lda	0x106,x
      000247 C8               [ 2]  460 	iny
      000248 91*00            [ 6]  461 	sta	[DPTR],y
      00024A BD 07 01         [ 5]  462 	lda	0x107,x
      00024D C8               [ 2]  463 	iny
      00024E 91*00            [ 6]  464 	sta	[DPTR],y
                                    465 ;	Raw cost for generated ic 55 : (35, 62.000000) count=0.999740
                                    466 ;	../_ulonglong2fs.c: 95: return (fl.f);
                                    467 ;	genAddrOf
      000250 8A               [ 2]  468 	txa
      000251 A2 01            [ 2]  469 	ldx	#0x01
                                    470 ;	Raw cost for generated ic 56 : (3, 4.000000) count=0.999740
                                    471 ;	genPointerGet
                                    472 ;	  setupDPTR - off=0 remat=(null) savea=0
      000253 85*00            [ 3]  473 	sta	*(DPTR+0)
      000255 86*01            [ 3]  474 	stx	*(DPTR+1)
      000257 A0 00            [ 2]  475 	ldy	#0x00
      000259 B1*00            [ 6]  476 	lda	[DPTR],y
      00025B BA               [ 2]  477 	tsx
      00025C 9D 05 01         [ 5]  478 	sta	0x105,x
      00025F C8               [ 2]  479 	iny
      000260 B1*00            [ 6]  480 	lda	[DPTR],y
      000262 9D 06 01         [ 5]  481 	sta	0x106,x
      000265 C8               [ 2]  482 	iny
      000266 B1*00            [ 6]  483 	lda	[DPTR],y
      000268 9D 07 01         [ 5]  484 	sta	0x107,x
      00026B C8               [ 2]  485 	iny
      00026C B1*00            [ 6]  486 	lda	[DPTR],y
      00026E 9D 08 01         [ 5]  487 	sta	0x108,x
                                    488 ;	Raw cost for generated ic 58 : (30, 56.000000) count=0.999740
                                    489 ;	genRet
      000271 85*00            [ 3]  490 	sta	*___SDCC_m6502_ret3
      000273 BD 07 01         [ 5]  491 	lda	0x107,x
      000276 85*00            [ 3]  492 	sta	*___SDCC_m6502_ret2
      000278 BD 06 01         [ 5]  493 	lda	0x106,x
      00027B 85*00            [ 3]  494 	sta	*(REGTEMP+0)
      00027D BD 05 01         [ 5]  495 	lda	0x105,x
      000280 A6*00            [ 3]  496 	ldx	*(REGTEMP+0)
                                    497 ;	Raw cost for generated ic 59 : (17, 24.000000) count=0.999740
                                    498 ;	genLabel
      000282                        499 00113$:
                                    500 ;	Raw cost for generated ic 60 : (0, 0.000000) count=0.999740
                                    501 ;	../_ulonglong2fs.c: 96: }
                                    502 ;	genEndFunction
                                    503 ;	  adjustStack : cycles stk:62  incdec:38  adc:24
      000282 86*00            [ 3]  504 	stx	*(REGTEMP+0)
      000284 85*01            [ 3]  505 	sta	*(REGTEMP+1)
      000286 BA               [ 2]  506 	tsx
      000287 8A               [ 2]  507 	txa
      000288 18               [ 2]  508 	clc
      000289 69 0E            [ 2]  509 	adc	#0x0e
      00028B AA               [ 2]  510 	tax
      00028C 9A               [ 2]  511 	txs
      00028D A5*01            [ 3]  512 	lda	*(REGTEMP+1)
      00028F A6*00            [ 3]  513 	ldx	*(REGTEMP+0)
      000291 60               [ 6]  514 	rts
                                    515 ;	Raw cost for generated ic 61 : (16, 30.000000) count=0.999740
                                    516 	.area CODE
                                    517 	.area RODATA
                                    518 	.area XINIT
                                    519 	.area CABS    (ABS)
