                                      1 ;--------------------------------------------------------
                                      2 ; File Created by SDCC : free open source ISO C Compiler
                                      3 ; Version 4.5.10 #15691 (Linux)
                                      4 ;--------------------------------------------------------
                                      5 	.module ckd_sub
                                      6 	
                                      7 	.optsdcc -mmos6502
                                      8 
                                      9 ;--------------------------------------------------------
                                     10 ;  Ordering of segments for the linker.
                                     11 ;--------------------------------------------------------
                                     12 	.area ZP      (PAG)
                                     13 	.area OSEG    (PAG, OVR)
                                     14 	.area _CODE
                                     15 	.area GSINIT
                                     16 	.area GSFINAL
                                     17 	.area CODE
                                     18 	.area RODATA
                                     19 	.area XINIT
                                     20 	.area _DATA
                                     21 	.area DATA
                                     22 	.area BSS
                                     23 ;--------------------------------------------------------
                                     24 ; Public variables in this module
                                     25 ;--------------------------------------------------------
                                     26 	.globl ___ckd_sub_schar
                                     27 	.globl ___ckd_sub_uchar
                                     28 	.globl ___ckd_sub_short
                                     29 	.globl ___ckd_sub_ushort
                                     30 	.globl ___ckd_sub_int
                                     31 	.globl ___ckd_sub_uint
                                     32 	.globl ___ckd_sub_long
                                     33 	.globl ___ckd_sub_ulong
                                     34 ;--------------------------------------------------------
                                     35 ; ZP ram data
                                     36 ;--------------------------------------------------------
                                     37 	.area ZP      (PAG)
                                     38 ;--------------------------------------------------------
                                     39 ; overlayable items in ram
                                     40 ;--------------------------------------------------------
                                     41 ;--------------------------------------------------------
                                     42 ; uninitialized external ram data
                                     43 ;--------------------------------------------------------
                                     44 	.area BSS
                                     45 ;--------------------------------------------------------
                                     46 ; absolute external ram data
                                     47 ;--------------------------------------------------------
                                     48 	.area DABS    (ABS)
                                     49 ;--------------------------------------------------------
                                     50 ; initialized external ram data
                                     51 ;--------------------------------------------------------
                                     52 	.area DATA
                                     53 ;--------------------------------------------------------
                                     54 ; global & static initialisations
                                     55 ;--------------------------------------------------------
                                     56 	.area _CODE
                                     57 	.area GSINIT
                                     58 	.area GSFINAL
                                     59 	.area GSINIT
                                     60 ;--------------------------------------------------------
                                     61 ; Home
                                     62 ;--------------------------------------------------------
                                     63 	.area _CODE
                                     64 	.area _CODE
                                     65 ;--------------------------------------------------------
                                     66 ; code
                                     67 ;--------------------------------------------------------
                                     68 	.area CODE
                                     69 ;------------------------------------------------------------
                                     70 ;Allocation info for local variables in function '__ckd_sub_schar'
                                     71 ;------------------------------------------------------------
                                     72 ;a             Allocated to stack - sp +21 +8 
                                     73 ;b             Allocated to stack - sp +29 +8 
                                     74 ;r             Allocated to stack - sp +17 +2 
                                     75 ;result        Allocated to stack - sp +9 +8 
                                     76 ;sloc0         Allocated to stack - sp +9 +8 
                                     77 ;sloc1         Allocated to stack - sp +1 +8 
                                     78 ;------------------------------------------------------------
                                     79 ;	./../../include/stdckdint.h: 61: inline _Bool __ckd_sub_schar __CKD_DEFAULT_IMPL(signed char, -)
                                     80 ;	genLabel
                                     81 ;	Raw cost for generated ic 0 : (0, 0.000000) count=1.000000
                                     82 ;	-----------------------------------------
                                     83 ;	 function __ckd_sub_schar
                                     84 ;	-----------------------------------------
                                     85 ;	Register assignment might be sub-optimal.
                                     86 ;	Stack space usage: 18 bytes.
      000000                         87 ___ckd_sub_schar:
                                     88 ;	genReceive: size=2
                                     89 ;	pushreg: ofs=1
      000000 85*00            [ 3]   90 	sta	*(REGTEMP+0)
      000002 8A               [ 2]   91 	txa
      000003 48               [ 3]   92 	pha
      000004 A5*00            [ 3]   93 	lda	*(REGTEMP+0)
                                     94 ;	pushreg: ofs=0
      000006 48               [ 3]   95 	pha
                                     96 ;	  adjustStack : cycles stk:48  incdec:36  adc:12
      000007 BA               [ 2]   97 	tsx
      000008 8A               [ 2]   98 	txa
      000009 18               [ 2]   99 	clc
      00000A 69 F0            [ 2]  100 	adc	#0xf0
      00000C AA               [ 2]  101 	tax
      00000D 9A               [ 2]  102 	txs
                                    103 ;	Raw cost for generated ic 1 : (14, 26.000000) count=1.000000
                                    104 ;	skipping generated iCode
                                    105 ;	Raw cost for generated ic 2 : (0, 0.000000) count=1.000000
                                    106 ;	genMinus
      00000E BD 15 01         [ 5]  107 	lda	0x115,x
      000011 38               [ 2]  108 	sec
      000012 FD 1D 01         [ 5]  109 	sbc	0x11d,x
      000015 9D 09 01         [ 5]  110 	sta	0x109,x
      000018 BD 16 01         [ 5]  111 	lda	0x116,x
      00001B FD 1E 01         [ 5]  112 	sbc	0x11e,x
      00001E 9D 0A 01         [ 5]  113 	sta	0x10a,x
      000021 BD 17 01         [ 5]  114 	lda	0x117,x
      000024 FD 1F 01         [ 5]  115 	sbc	0x11f,x
      000027 9D 0B 01         [ 5]  116 	sta	0x10b,x
      00002A BD 18 01         [ 5]  117 	lda	0x118,x
      00002D FD 20 01         [ 5]  118 	sbc	0x120,x
      000030 9D 0C 01         [ 5]  119 	sta	0x10c,x
      000033 BD 19 01         [ 5]  120 	lda	0x119,x
      000036 FD 21 01         [ 5]  121 	sbc	0x121,x
      000039 9D 0D 01         [ 5]  122 	sta	0x10d,x
      00003C BD 1A 01         [ 5]  123 	lda	0x11a,x
      00003F FD 22 01         [ 5]  124 	sbc	0x122,x
      000042 9D 0E 01         [ 5]  125 	sta	0x10e,x
      000045 BD 1B 01         [ 5]  126 	lda	0x11b,x
      000048 FD 23 01         [ 5]  127 	sbc	0x123,x
      00004B 9D 0F 01         [ 5]  128 	sta	0x10f,x
      00004E BD 1C 01         [ 5]  129 	lda	0x11c,x
      000051 FD 24 01         [ 5]  130 	sbc	0x124,x
      000054 9D 10 01         [ 5]  131 	sta	0x110,x
                                    132 ;	Raw cost for generated ic 3 : (73, 106.000000) count=1.000000
                                    133 ;	genCast
                                    134 ;	genCopy
      000057 BD 09 01         [ 5]  135 	lda	0x109,x
                                    136 ;	Raw cost for generated ic 6 : (3, 4.000000) count=1.000000
                                    137 ;	genPointerSet
      00005A 85*00            [ 3]  138 	sta	*(REGTEMP+0)
                                    139 ;	  setupDPTR - off=0 remat=(null) savea=0
      00005C BD 11 01         [ 5]  140 	lda	0x111,x
      00005F 85*00            [ 3]  141 	sta	*(DPTR+0)
      000061 BD 12 01         [ 5]  142 	lda	0x112,x
      000064 85*01            [ 3]  143 	sta	*(DPTR+1)
      000066 A5*00            [ 3]  144 	lda	*(REGTEMP+0)
      000068 A0 00            [ 2]  145 	ldy	#0x00
      00006A 91*00            [ 6]  146 	sta	[DPTR],y
      00006C A5*00            [ 3]  147 	lda	*(REGTEMP+0)
                                    148 ;	Raw cost for generated ic 7 : (20, 31.000000) count=1.000000
                                    149 ;	genCast
      00006E 9D 01 01         [ 5]  150 	sta	0x101,x
      000071 0A               [ 2]  151 	asl	a
      000072 98               [ 2]  152 	tya
      000073 69 FF            [ 2]  153 	adc	#0xff
      000075 49 FF            [ 2]  154 	eor	#0xff
      000077 9D 02 01         [ 5]  155 	sta	0x102,x
      00007A 9D 03 01         [ 5]  156 	sta	0x103,x
      00007D 9D 04 01         [ 5]  157 	sta	0x104,x
      000080 9D 05 01         [ 5]  158 	sta	0x105,x
      000083 9D 06 01         [ 5]  159 	sta	0x106,x
      000086 9D 07 01         [ 5]  160 	sta	0x107,x
      000089 9D 08 01         [ 5]  161 	sta	0x108,x
                                    162 ;	Raw cost for generated ic 10 : (30, 48.000000) count=1.000000
                                    163 ;	genCmpEQorNE
      00008C BD 01 01         [ 5]  164 	lda	0x101,x
      00008F DD 09 01         [ 5]  165 	cmp	0x109,x
      000092 D0 38            [ 4]  166 	bne	00104$
      000094 BD 02 01         [ 5]  167 	lda	0x102,x
      000097 DD 0A 01         [ 5]  168 	cmp	0x10a,x
      00009A D0 30            [ 4]  169 	bne	00104$
      00009C BD 03 01         [ 5]  170 	lda	0x103,x
      00009F DD 0B 01         [ 5]  171 	cmp	0x10b,x
      0000A2 D0 28            [ 4]  172 	bne	00104$
      0000A4 BD 04 01         [ 5]  173 	lda	0x104,x
      0000A7 DD 0C 01         [ 5]  174 	cmp	0x10c,x
      0000AA D0 20            [ 4]  175 	bne	00104$
      0000AC BD 05 01         [ 5]  176 	lda	0x105,x
      0000AF DD 0D 01         [ 5]  177 	cmp	0x10d,x
      0000B2 D0 18            [ 4]  178 	bne	00104$
      0000B4 BD 06 01         [ 5]  179 	lda	0x106,x
      0000B7 DD 0E 01         [ 5]  180 	cmp	0x10e,x
      0000BA D0 10            [ 4]  181 	bne	00104$
      0000BC BD 07 01         [ 5]  182 	lda	0x107,x
      0000BF DD 0F 01         [ 5]  183 	cmp	0x10f,x
      0000C2 D0 08            [ 4]  184 	bne	00104$
      0000C4 BD 08 01         [ 5]  185 	lda	0x108,x
      0000C7 DD 10 01         [ 5]  186 	cmp	0x110,x
      0000CA F0 04            [ 4]  187 	beq	00112$
      0000CC                        188 00104$:
      0000CC 98               [ 2]  189 	tya
      0000CD 4CrD2r00         [ 3]  190 	jmp	00111$
      0000D0                        191 00112$:
      0000D0 A9 01            [ 2]  192 	lda	#0x01
      0000D2                        193 00111$:
                                    194 ;	Raw cost for generated ic 11 : (91, 112.799995) count=1.000000
                                    195 ;	genNot
      0000D2 49 01            [ 2]  196 	eor	#0x01
                                    197 ;	Raw cost for generated ic 12 : (2, 2.000000) count=1.000000
                                    198 ;	genRet
                                    199 ;	Raw cost for generated ic 13 : (0, 0.000000) count=1.000000
                                    200 ;	genLabel
                                    201 ;	Raw cost for generated ic 14 : (0, 0.000000) count=1.000000
                                    202 ;	genEndFunction
                                    203 ;	  adjustStack : cycles stk:78  incdec:46  adc:24
      0000D4 86*00            [ 3]  204 	stx	*(REGTEMP+0)
      0000D6 85*01            [ 3]  205 	sta	*(REGTEMP+1)
      0000D8 BA               [ 2]  206 	tsx
      0000D9 8A               [ 2]  207 	txa
      0000DA 18               [ 2]  208 	clc
      0000DB 69 12            [ 2]  209 	adc	#0x12
      0000DD AA               [ 2]  210 	tax
      0000DE 9A               [ 2]  211 	txs
      0000DF A5*01            [ 3]  212 	lda	*(REGTEMP+1)
      0000E1 A6*00            [ 3]  213 	ldx	*(REGTEMP+0)
      0000E3 60               [ 6]  214 	rts
                                    215 ;	Raw cost for generated ic 15 : (16, 30.000000) count=1.000000
                                    216 ;------------------------------------------------------------
                                    217 ;Allocation info for local variables in function '__ckd_sub_uchar'
                                    218 ;------------------------------------------------------------
                                    219 ;a             Allocated to stack - sp +21 +8 
                                    220 ;b             Allocated to stack - sp +29 +8 
                                    221 ;r             Allocated to stack - sp +17 +2 
                                    222 ;result        Allocated to stack - sp +9 +8 
                                    223 ;sloc0         Allocated to stack - sp +9 +8 
                                    224 ;sloc1         Allocated to stack - sp +1 +8 
                                    225 ;------------------------------------------------------------
                                    226 ;	./../../include/stdckdint.h: 62: inline _Bool __ckd_sub_uchar __CKD_DEFAULT_IMPL(unsigned char, -)
                                    227 ;	genLabel
                                    228 ;	Raw cost for generated ic 0 : (0, 0.000000) count=1.000000
                                    229 ;	-----------------------------------------
                                    230 ;	 function __ckd_sub_uchar
                                    231 ;	-----------------------------------------
                                    232 ;	Register assignment might be sub-optimal.
                                    233 ;	Stack space usage: 18 bytes.
      0000E4                        234 ___ckd_sub_uchar:
                                    235 ;	genReceive: size=2
                                    236 ;	pushreg: ofs=1
      0000E4 85*00            [ 3]  237 	sta	*(REGTEMP+0)
      0000E6 8A               [ 2]  238 	txa
      0000E7 48               [ 3]  239 	pha
      0000E8 A5*00            [ 3]  240 	lda	*(REGTEMP+0)
                                    241 ;	pushreg: ofs=0
      0000EA 48               [ 3]  242 	pha
                                    243 ;	  adjustStack : cycles stk:48  incdec:36  adc:12
      0000EB BA               [ 2]  244 	tsx
      0000EC 8A               [ 2]  245 	txa
      0000ED 18               [ 2]  246 	clc
      0000EE 69 F0            [ 2]  247 	adc	#0xf0
      0000F0 AA               [ 2]  248 	tax
      0000F1 9A               [ 2]  249 	txs
                                    250 ;	Raw cost for generated ic 1 : (14, 26.000000) count=1.000000
                                    251 ;	skipping generated iCode
                                    252 ;	Raw cost for generated ic 2 : (0, 0.000000) count=1.000000
                                    253 ;	genMinus
      0000F2 BD 15 01         [ 5]  254 	lda	0x115,x
      0000F5 38               [ 2]  255 	sec
      0000F6 FD 1D 01         [ 5]  256 	sbc	0x11d,x
      0000F9 9D 09 01         [ 5]  257 	sta	0x109,x
      0000FC BD 16 01         [ 5]  258 	lda	0x116,x
      0000FF FD 1E 01         [ 5]  259 	sbc	0x11e,x
      000102 9D 0A 01         [ 5]  260 	sta	0x10a,x
      000105 BD 17 01         [ 5]  261 	lda	0x117,x
      000108 FD 1F 01         [ 5]  262 	sbc	0x11f,x
      00010B 9D 0B 01         [ 5]  263 	sta	0x10b,x
      00010E BD 18 01         [ 5]  264 	lda	0x118,x
      000111 FD 20 01         [ 5]  265 	sbc	0x120,x
      000114 9D 0C 01         [ 5]  266 	sta	0x10c,x
      000117 BD 19 01         [ 5]  267 	lda	0x119,x
      00011A FD 21 01         [ 5]  268 	sbc	0x121,x
      00011D 9D 0D 01         [ 5]  269 	sta	0x10d,x
      000120 BD 1A 01         [ 5]  270 	lda	0x11a,x
      000123 FD 22 01         [ 5]  271 	sbc	0x122,x
      000126 9D 0E 01         [ 5]  272 	sta	0x10e,x
      000129 BD 1B 01         [ 5]  273 	lda	0x11b,x
      00012C FD 23 01         [ 5]  274 	sbc	0x123,x
      00012F 9D 0F 01         [ 5]  275 	sta	0x10f,x
      000132 BD 1C 01         [ 5]  276 	lda	0x11c,x
      000135 FD 24 01         [ 5]  277 	sbc	0x124,x
      000138 9D 10 01         [ 5]  278 	sta	0x110,x
                                    279 ;	Raw cost for generated ic 3 : (73, 106.000000) count=1.000000
                                    280 ;	genCast
                                    281 ;	genCopy
      00013B BD 09 01         [ 5]  282 	lda	0x109,x
                                    283 ;	Raw cost for generated ic 6 : (3, 4.000000) count=1.000000
                                    284 ;	genPointerSet
      00013E 85*00            [ 3]  285 	sta	*(REGTEMP+0)
                                    286 ;	  setupDPTR - off=0 remat=(null) savea=0
      000140 BD 11 01         [ 5]  287 	lda	0x111,x
      000143 85*00            [ 3]  288 	sta	*(DPTR+0)
      000145 BD 12 01         [ 5]  289 	lda	0x112,x
      000148 85*01            [ 3]  290 	sta	*(DPTR+1)
      00014A A5*00            [ 3]  291 	lda	*(REGTEMP+0)
      00014C A0 00            [ 2]  292 	ldy	#0x00
      00014E 91*00            [ 6]  293 	sta	[DPTR],y
      000150 A5*00            [ 3]  294 	lda	*(REGTEMP+0)
                                    295 ;	Raw cost for generated ic 7 : (20, 31.000000) count=1.000000
                                    296 ;	genCast
      000152 9D 01 01         [ 5]  297 	sta	0x101,x
      000155 98               [ 2]  298 	tya
      000156 9D 02 01         [ 5]  299 	sta	0x102,x
      000159 9D 03 01         [ 5]  300 	sta	0x103,x
      00015C 9D 04 01         [ 5]  301 	sta	0x104,x
      00015F 9D 05 01         [ 5]  302 	sta	0x105,x
      000162 9D 06 01         [ 5]  303 	sta	0x106,x
      000165 9D 07 01         [ 5]  304 	sta	0x107,x
      000168 9D 08 01         [ 5]  305 	sta	0x108,x
                                    306 ;	Raw cost for generated ic 10 : (25, 42.000000) count=1.000000
                                    307 ;	genCmpEQorNE
      00016B BD 01 01         [ 5]  308 	lda	0x101,x
      00016E DD 09 01         [ 5]  309 	cmp	0x109,x
      000171 D0 38            [ 4]  310 	bne	00104$
      000173 BD 02 01         [ 5]  311 	lda	0x102,x
      000176 DD 0A 01         [ 5]  312 	cmp	0x10a,x
      000179 D0 30            [ 4]  313 	bne	00104$
      00017B BD 03 01         [ 5]  314 	lda	0x103,x
      00017E DD 0B 01         [ 5]  315 	cmp	0x10b,x
      000181 D0 28            [ 4]  316 	bne	00104$
      000183 BD 04 01         [ 5]  317 	lda	0x104,x
      000186 DD 0C 01         [ 5]  318 	cmp	0x10c,x
      000189 D0 20            [ 4]  319 	bne	00104$
      00018B BD 05 01         [ 5]  320 	lda	0x105,x
      00018E DD 0D 01         [ 5]  321 	cmp	0x10d,x
      000191 D0 18            [ 4]  322 	bne	00104$
      000193 BD 06 01         [ 5]  323 	lda	0x106,x
      000196 DD 0E 01         [ 5]  324 	cmp	0x10e,x
      000199 D0 10            [ 4]  325 	bne	00104$
      00019B BD 07 01         [ 5]  326 	lda	0x107,x
      00019E DD 0F 01         [ 5]  327 	cmp	0x10f,x
      0001A1 D0 08            [ 4]  328 	bne	00104$
      0001A3 BD 08 01         [ 5]  329 	lda	0x108,x
      0001A6 DD 10 01         [ 5]  330 	cmp	0x110,x
      0001A9 F0 04            [ 4]  331 	beq	00112$
      0001AB                        332 00104$:
      0001AB 98               [ 2]  333 	tya
      0001AC 4CrB1r01         [ 3]  334 	jmp	00111$
      0001AF                        335 00112$:
      0001AF A9 01            [ 2]  336 	lda	#0x01
      0001B1                        337 00111$:
                                    338 ;	Raw cost for generated ic 11 : (91, 112.799995) count=1.000000
                                    339 ;	genNot
      0001B1 49 01            [ 2]  340 	eor	#0x01
                                    341 ;	Raw cost for generated ic 12 : (2, 2.000000) count=1.000000
                                    342 ;	genRet
                                    343 ;	Raw cost for generated ic 13 : (0, 0.000000) count=1.000000
                                    344 ;	genLabel
                                    345 ;	Raw cost for generated ic 14 : (0, 0.000000) count=1.000000
                                    346 ;	genEndFunction
                                    347 ;	  adjustStack : cycles stk:78  incdec:46  adc:24
      0001B3 86*00            [ 3]  348 	stx	*(REGTEMP+0)
      0001B5 85*01            [ 3]  349 	sta	*(REGTEMP+1)
      0001B7 BA               [ 2]  350 	tsx
      0001B8 8A               [ 2]  351 	txa
      0001B9 18               [ 2]  352 	clc
      0001BA 69 12            [ 2]  353 	adc	#0x12
      0001BC AA               [ 2]  354 	tax
      0001BD 9A               [ 2]  355 	txs
      0001BE A5*01            [ 3]  356 	lda	*(REGTEMP+1)
      0001C0 A6*00            [ 3]  357 	ldx	*(REGTEMP+0)
      0001C2 60               [ 6]  358 	rts
                                    359 ;	Raw cost for generated ic 15 : (16, 30.000000) count=1.000000
                                    360 ;------------------------------------------------------------
                                    361 ;Allocation info for local variables in function '__ckd_sub_short'
                                    362 ;------------------------------------------------------------
                                    363 ;a             Allocated to stack - sp +23 +8 
                                    364 ;b             Allocated to stack - sp +31 +8 
                                    365 ;r             Allocated to stack - sp +19 +2 
                                    366 ;result        Allocated to stack - sp +11 +8 
                                    367 ;sloc0         Allocated to stack - sp +11 +8 
                                    368 ;sloc1         Allocated to stack - sp +9 +2 
                                    369 ;sloc2         Allocated to stack - sp +1 +8 
                                    370 ;------------------------------------------------------------
                                    371 ;	./../../include/stdckdint.h: 63: inline _Bool __ckd_sub_short __CKD_DEFAULT_IMPL(short, -)
                                    372 ;	genLabel
                                    373 ;	Raw cost for generated ic 0 : (0, 0.000000) count=1.000000
                                    374 ;	-----------------------------------------
                                    375 ;	 function __ckd_sub_short
                                    376 ;	-----------------------------------------
                                    377 ;	Register assignment might be sub-optimal.
                                    378 ;	Stack space usage: 20 bytes.
      0001C3                        379 ___ckd_sub_short:
                                    380 ;	genReceive: size=2
                                    381 ;	pushreg: ofs=1
      0001C3 85*00            [ 3]  382 	sta	*(REGTEMP+0)
      0001C5 8A               [ 2]  383 	txa
      0001C6 48               [ 3]  384 	pha
      0001C7 A5*00            [ 3]  385 	lda	*(REGTEMP+0)
                                    386 ;	pushreg: ofs=0
      0001C9 48               [ 3]  387 	pha
                                    388 ;	  adjustStack : cycles stk:54  incdec:40  adc:12
      0001CA BA               [ 2]  389 	tsx
      0001CB 8A               [ 2]  390 	txa
      0001CC 18               [ 2]  391 	clc
      0001CD 69 EE            [ 2]  392 	adc	#0xee
      0001CF AA               [ 2]  393 	tax
      0001D0 9A               [ 2]  394 	txs
                                    395 ;	Raw cost for generated ic 1 : (14, 26.000000) count=1.000000
                                    396 ;	skipping generated iCode
                                    397 ;	Raw cost for generated ic 2 : (0, 0.000000) count=1.000000
                                    398 ;	genMinus
      0001D1 BD 17 01         [ 5]  399 	lda	0x117,x
      0001D4 38               [ 2]  400 	sec
      0001D5 FD 1F 01         [ 5]  401 	sbc	0x11f,x
      0001D8 9D 0B 01         [ 5]  402 	sta	0x10b,x
      0001DB BD 18 01         [ 5]  403 	lda	0x118,x
      0001DE FD 20 01         [ 5]  404 	sbc	0x120,x
      0001E1 9D 0C 01         [ 5]  405 	sta	0x10c,x
      0001E4 BD 19 01         [ 5]  406 	lda	0x119,x
      0001E7 FD 21 01         [ 5]  407 	sbc	0x121,x
      0001EA 9D 0D 01         [ 5]  408 	sta	0x10d,x
      0001ED BD 1A 01         [ 5]  409 	lda	0x11a,x
      0001F0 FD 22 01         [ 5]  410 	sbc	0x122,x
      0001F3 9D 0E 01         [ 5]  411 	sta	0x10e,x
      0001F6 BD 1B 01         [ 5]  412 	lda	0x11b,x
      0001F9 FD 23 01         [ 5]  413 	sbc	0x123,x
      0001FC 9D 0F 01         [ 5]  414 	sta	0x10f,x
      0001FF BD 1C 01         [ 5]  415 	lda	0x11c,x
      000202 FD 24 01         [ 5]  416 	sbc	0x124,x
      000205 9D 10 01         [ 5]  417 	sta	0x110,x
      000208 BD 1D 01         [ 5]  418 	lda	0x11d,x
      00020B FD 25 01         [ 5]  419 	sbc	0x125,x
      00020E 9D 11 01         [ 5]  420 	sta	0x111,x
      000211 BD 1E 01         [ 5]  421 	lda	0x11e,x
      000214 FD 26 01         [ 5]  422 	sbc	0x126,x
      000217 9D 12 01         [ 5]  423 	sta	0x112,x
                                    424 ;	Raw cost for generated ic 3 : (73, 106.000000) count=1.000000
                                    425 ;	genCast
                                    426 ;	genCopy
      00021A BD 0C 01         [ 5]  427 	lda	0x10c,x
      00021D 9D 0A 01         [ 5]  428 	sta	0x10a,x
      000220 BD 0B 01         [ 5]  429 	lda	0x10b,x
      000223 9D 09 01         [ 5]  430 	sta	0x109,x
                                    431 ;	Raw cost for generated ic 6 : (12, 18.000000) count=1.000000
                                    432 ;	genPointerSet
                                    433 ;	  setupDPTR - off=0 remat=(null) savea=0
      000226 BD 13 01         [ 5]  434 	lda	0x113,x
      000229 85*00            [ 3]  435 	sta	*(DPTR+0)
      00022B BD 14 01         [ 5]  436 	lda	0x114,x
      00022E 85*01            [ 3]  437 	sta	*(DPTR+1)
      000230 BD 09 01         [ 5]  438 	lda	0x109,x
      000233 A0 00            [ 2]  439 	ldy	#0x00
      000235 91*00            [ 6]  440 	sta	[DPTR],y
      000237 BD 0A 01         [ 5]  441 	lda	0x10a,x
      00023A C8               [ 2]  442 	iny
      00023B 91*00            [ 6]  443 	sta	[DPTR],y
                                    444 ;	Raw cost for generated ic 7 : (23, 38.000000) count=1.000000
                                    445 ;	genCast
      00023D BD 09 01         [ 5]  446 	lda	0x109,x
      000240 9D 01 01         [ 5]  447 	sta	0x101,x
      000243 BD 0A 01         [ 5]  448 	lda	0x10a,x
      000246 9D 02 01         [ 5]  449 	sta	0x102,x
      000249 0A               [ 2]  450 	asl	a
      00024A A9 00            [ 2]  451 	lda	#0x00
      00024C 69 FF            [ 2]  452 	adc	#0xff
      00024E 49 FF            [ 2]  453 	eor	#0xff
      000250 9D 03 01         [ 5]  454 	sta	0x103,x
      000253 9D 04 01         [ 5]  455 	sta	0x104,x
      000256 9D 05 01         [ 5]  456 	sta	0x105,x
      000259 9D 06 01         [ 5]  457 	sta	0x106,x
      00025C 9D 07 01         [ 5]  458 	sta	0x107,x
      00025F 9D 08 01         [ 5]  459 	sta	0x108,x
                                    460 ;	Raw cost for generated ic 10 : (37, 56.000000) count=1.000000
                                    461 ;	genCmpEQorNE
      000262 BD 01 01         [ 5]  462 	lda	0x101,x
      000265 DD 0B 01         [ 5]  463 	cmp	0x10b,x
      000268 D0 38            [ 4]  464 	bne	00104$
      00026A BD 02 01         [ 5]  465 	lda	0x102,x
      00026D DD 0C 01         [ 5]  466 	cmp	0x10c,x
      000270 D0 30            [ 4]  467 	bne	00104$
      000272 BD 03 01         [ 5]  468 	lda	0x103,x
      000275 DD 0D 01         [ 5]  469 	cmp	0x10d,x
      000278 D0 28            [ 4]  470 	bne	00104$
      00027A BD 04 01         [ 5]  471 	lda	0x104,x
      00027D DD 0E 01         [ 5]  472 	cmp	0x10e,x
      000280 D0 20            [ 4]  473 	bne	00104$
      000282 BD 05 01         [ 5]  474 	lda	0x105,x
      000285 DD 0F 01         [ 5]  475 	cmp	0x10f,x
      000288 D0 18            [ 4]  476 	bne	00104$
      00028A BD 06 01         [ 5]  477 	lda	0x106,x
      00028D DD 10 01         [ 5]  478 	cmp	0x110,x
      000290 D0 10            [ 4]  479 	bne	00104$
      000292 BD 07 01         [ 5]  480 	lda	0x107,x
      000295 DD 11 01         [ 5]  481 	cmp	0x111,x
      000298 D0 08            [ 4]  482 	bne	00104$
      00029A BD 08 01         [ 5]  483 	lda	0x108,x
      00029D DD 12 01         [ 5]  484 	cmp	0x112,x
      0002A0 F0 05            [ 4]  485 	beq	00112$
      0002A2                        486 00104$:
      0002A2 A9 00            [ 2]  487 	lda	#0x00
      0002A4 4CrA8r02         [ 3]  488 	jmp	00111$
      0002A7                        489 00112$:
      0002A7 98               [ 2]  490 	tya
      0002A8                        491 00111$:
                                    492 ;	Raw cost for generated ic 11 : (91, 112.799995) count=1.000000
                                    493 ;	genNot
      0002A8 49 01            [ 2]  494 	eor	#0x01
                                    495 ;	Raw cost for generated ic 12 : (2, 2.000000) count=1.000000
                                    496 ;	genRet
                                    497 ;	Raw cost for generated ic 13 : (0, 0.000000) count=1.000000
                                    498 ;	genLabel
                                    499 ;	Raw cost for generated ic 14 : (0, 0.000000) count=1.000000
                                    500 ;	genEndFunction
                                    501 ;	  adjustStack : cycles stk:86  incdec:50  adc:24
      0002AA 86*00            [ 3]  502 	stx	*(REGTEMP+0)
      0002AC 85*01            [ 3]  503 	sta	*(REGTEMP+1)
      0002AE BA               [ 2]  504 	tsx
      0002AF 8A               [ 2]  505 	txa
      0002B0 18               [ 2]  506 	clc
      0002B1 69 14            [ 2]  507 	adc	#0x14
      0002B3 AA               [ 2]  508 	tax
      0002B4 9A               [ 2]  509 	txs
      0002B5 A5*01            [ 3]  510 	lda	*(REGTEMP+1)
      0002B7 A6*00            [ 3]  511 	ldx	*(REGTEMP+0)
      0002B9 60               [ 6]  512 	rts
                                    513 ;	Raw cost for generated ic 15 : (16, 30.000000) count=1.000000
                                    514 ;------------------------------------------------------------
                                    515 ;Allocation info for local variables in function '__ckd_sub_ushort'
                                    516 ;------------------------------------------------------------
                                    517 ;a             Allocated to stack - sp +23 +8 
                                    518 ;b             Allocated to stack - sp +31 +8 
                                    519 ;r             Allocated to stack - sp +19 +2 
                                    520 ;result        Allocated to stack - sp +11 +8 
                                    521 ;sloc0         Allocated to stack - sp +11 +8 
                                    522 ;sloc1         Allocated to stack - sp +9 +2 
                                    523 ;sloc2         Allocated to stack - sp +1 +8 
                                    524 ;------------------------------------------------------------
                                    525 ;	./../../include/stdckdint.h: 64: inline _Bool __ckd_sub_ushort __CKD_DEFAULT_IMPL(unsigned short, -)
                                    526 ;	genLabel
                                    527 ;	Raw cost for generated ic 0 : (0, 0.000000) count=1.000000
                                    528 ;	-----------------------------------------
                                    529 ;	 function __ckd_sub_ushort
                                    530 ;	-----------------------------------------
                                    531 ;	Register assignment might be sub-optimal.
                                    532 ;	Stack space usage: 20 bytes.
      0002BA                        533 ___ckd_sub_ushort:
                                    534 ;	genReceive: size=2
                                    535 ;	pushreg: ofs=1
      0002BA 85*00            [ 3]  536 	sta	*(REGTEMP+0)
      0002BC 8A               [ 2]  537 	txa
      0002BD 48               [ 3]  538 	pha
      0002BE A5*00            [ 3]  539 	lda	*(REGTEMP+0)
                                    540 ;	pushreg: ofs=0
      0002C0 48               [ 3]  541 	pha
                                    542 ;	  adjustStack : cycles stk:54  incdec:40  adc:12
      0002C1 BA               [ 2]  543 	tsx
      0002C2 8A               [ 2]  544 	txa
      0002C3 18               [ 2]  545 	clc
      0002C4 69 EE            [ 2]  546 	adc	#0xee
      0002C6 AA               [ 2]  547 	tax
      0002C7 9A               [ 2]  548 	txs
                                    549 ;	Raw cost for generated ic 1 : (14, 26.000000) count=1.000000
                                    550 ;	skipping generated iCode
                                    551 ;	Raw cost for generated ic 2 : (0, 0.000000) count=1.000000
                                    552 ;	genMinus
      0002C8 BD 17 01         [ 5]  553 	lda	0x117,x
      0002CB 38               [ 2]  554 	sec
      0002CC FD 1F 01         [ 5]  555 	sbc	0x11f,x
      0002CF 9D 0B 01         [ 5]  556 	sta	0x10b,x
      0002D2 BD 18 01         [ 5]  557 	lda	0x118,x
      0002D5 FD 20 01         [ 5]  558 	sbc	0x120,x
      0002D8 9D 0C 01         [ 5]  559 	sta	0x10c,x
      0002DB BD 19 01         [ 5]  560 	lda	0x119,x
      0002DE FD 21 01         [ 5]  561 	sbc	0x121,x
      0002E1 9D 0D 01         [ 5]  562 	sta	0x10d,x
      0002E4 BD 1A 01         [ 5]  563 	lda	0x11a,x
      0002E7 FD 22 01         [ 5]  564 	sbc	0x122,x
      0002EA 9D 0E 01         [ 5]  565 	sta	0x10e,x
      0002ED BD 1B 01         [ 5]  566 	lda	0x11b,x
      0002F0 FD 23 01         [ 5]  567 	sbc	0x123,x
      0002F3 9D 0F 01         [ 5]  568 	sta	0x10f,x
      0002F6 BD 1C 01         [ 5]  569 	lda	0x11c,x
      0002F9 FD 24 01         [ 5]  570 	sbc	0x124,x
      0002FC 9D 10 01         [ 5]  571 	sta	0x110,x
      0002FF BD 1D 01         [ 5]  572 	lda	0x11d,x
      000302 FD 25 01         [ 5]  573 	sbc	0x125,x
      000305 9D 11 01         [ 5]  574 	sta	0x111,x
      000308 BD 1E 01         [ 5]  575 	lda	0x11e,x
      00030B FD 26 01         [ 5]  576 	sbc	0x126,x
      00030E 9D 12 01         [ 5]  577 	sta	0x112,x
                                    578 ;	Raw cost for generated ic 3 : (73, 106.000000) count=1.000000
                                    579 ;	genCast
                                    580 ;	genCopy
      000311 BD 0C 01         [ 5]  581 	lda	0x10c,x
      000314 9D 0A 01         [ 5]  582 	sta	0x10a,x
      000317 BD 0B 01         [ 5]  583 	lda	0x10b,x
      00031A 9D 09 01         [ 5]  584 	sta	0x109,x
                                    585 ;	Raw cost for generated ic 6 : (12, 18.000000) count=1.000000
                                    586 ;	genPointerSet
                                    587 ;	  setupDPTR - off=0 remat=(null) savea=0
      00031D BD 13 01         [ 5]  588 	lda	0x113,x
      000320 85*00            [ 3]  589 	sta	*(DPTR+0)
      000322 BD 14 01         [ 5]  590 	lda	0x114,x
      000325 85*01            [ 3]  591 	sta	*(DPTR+1)
      000327 BD 09 01         [ 5]  592 	lda	0x109,x
      00032A A0 00            [ 2]  593 	ldy	#0x00
      00032C 91*00            [ 6]  594 	sta	[DPTR],y
      00032E BD 0A 01         [ 5]  595 	lda	0x10a,x
      000331 C8               [ 2]  596 	iny
      000332 91*00            [ 6]  597 	sta	[DPTR],y
                                    598 ;	Raw cost for generated ic 7 : (23, 38.000000) count=1.000000
                                    599 ;	genCast
                                    600 ;	genCopy
      000334 A9 00            [ 2]  601 	lda	#0x00
      000336 9D 08 01         [ 5]  602 	sta	0x108,x
      000339 9D 07 01         [ 5]  603 	sta	0x107,x
      00033C 9D 06 01         [ 5]  604 	sta	0x106,x
      00033F 9D 05 01         [ 5]  605 	sta	0x105,x
      000342 9D 04 01         [ 5]  606 	sta	0x104,x
      000345 9D 03 01         [ 5]  607 	sta	0x103,x
      000348 BD 0A 01         [ 5]  608 	lda	0x10a,x
      00034B 9D 02 01         [ 5]  609 	sta	0x102,x
      00034E BD 09 01         [ 5]  610 	lda	0x109,x
      000351 9D 01 01         [ 5]  611 	sta	0x101,x
                                    612 ;	Raw cost for generated ic 10 : (32, 50.000000) count=1.000000
                                    613 ;	genCmpEQorNE
      000354 DD 0B 01         [ 5]  614 	cmp	0x10b,x
      000357 D0 38            [ 4]  615 	bne	00104$
      000359 BD 02 01         [ 5]  616 	lda	0x102,x
      00035C DD 0C 01         [ 5]  617 	cmp	0x10c,x
      00035F D0 30            [ 4]  618 	bne	00104$
      000361 BD 03 01         [ 5]  619 	lda	0x103,x
      000364 DD 0D 01         [ 5]  620 	cmp	0x10d,x
      000367 D0 28            [ 4]  621 	bne	00104$
      000369 BD 04 01         [ 5]  622 	lda	0x104,x
      00036C DD 0E 01         [ 5]  623 	cmp	0x10e,x
      00036F D0 20            [ 4]  624 	bne	00104$
      000371 BD 05 01         [ 5]  625 	lda	0x105,x
      000374 DD 0F 01         [ 5]  626 	cmp	0x10f,x
      000377 D0 18            [ 4]  627 	bne	00104$
      000379 BD 06 01         [ 5]  628 	lda	0x106,x
      00037C DD 10 01         [ 5]  629 	cmp	0x110,x
      00037F D0 10            [ 4]  630 	bne	00104$
      000381 BD 07 01         [ 5]  631 	lda	0x107,x
      000384 DD 11 01         [ 5]  632 	cmp	0x111,x
      000387 D0 08            [ 4]  633 	bne	00104$
      000389 BD 08 01         [ 5]  634 	lda	0x108,x
      00038C DD 12 01         [ 5]  635 	cmp	0x112,x
      00038F F0 05            [ 4]  636 	beq	00112$
      000391                        637 00104$:
      000391 A9 00            [ 2]  638 	lda	#0x00
      000393 4Cr97r03         [ 3]  639 	jmp	00111$
      000396                        640 00112$:
      000396 98               [ 2]  641 	tya
      000397                        642 00111$:
                                    643 ;	Raw cost for generated ic 11 : (88, 108.799995) count=1.000000
                                    644 ;	genNot
      000397 49 01            [ 2]  645 	eor	#0x01
                                    646 ;	Raw cost for generated ic 12 : (2, 2.000000) count=1.000000
                                    647 ;	genRet
                                    648 ;	Raw cost for generated ic 13 : (0, 0.000000) count=1.000000
                                    649 ;	genLabel
                                    650 ;	Raw cost for generated ic 14 : (0, 0.000000) count=1.000000
                                    651 ;	genEndFunction
                                    652 ;	  adjustStack : cycles stk:86  incdec:50  adc:24
      000399 86*00            [ 3]  653 	stx	*(REGTEMP+0)
      00039B 85*01            [ 3]  654 	sta	*(REGTEMP+1)
      00039D BA               [ 2]  655 	tsx
      00039E 8A               [ 2]  656 	txa
      00039F 18               [ 2]  657 	clc
      0003A0 69 14            [ 2]  658 	adc	#0x14
      0003A2 AA               [ 2]  659 	tax
      0003A3 9A               [ 2]  660 	txs
      0003A4 A5*01            [ 3]  661 	lda	*(REGTEMP+1)
      0003A6 A6*00            [ 3]  662 	ldx	*(REGTEMP+0)
      0003A8 60               [ 6]  663 	rts
                                    664 ;	Raw cost for generated ic 15 : (16, 30.000000) count=1.000000
                                    665 ;------------------------------------------------------------
                                    666 ;Allocation info for local variables in function '__ckd_sub_int'
                                    667 ;------------------------------------------------------------
                                    668 ;a             Allocated to stack - sp +23 +8 
                                    669 ;b             Allocated to stack - sp +31 +8 
                                    670 ;r             Allocated to stack - sp +19 +2 
                                    671 ;result        Allocated to stack - sp +11 +8 
                                    672 ;sloc0         Allocated to stack - sp +11 +8 
                                    673 ;sloc1         Allocated to stack - sp +9 +2 
                                    674 ;sloc2         Allocated to stack - sp +1 +8 
                                    675 ;------------------------------------------------------------
                                    676 ;	./../../include/stdckdint.h: 65: inline _Bool __ckd_sub_int __CKD_DEFAULT_IMPL(int, -)
                                    677 ;	genLabel
                                    678 ;	Raw cost for generated ic 0 : (0, 0.000000) count=1.000000
                                    679 ;	-----------------------------------------
                                    680 ;	 function __ckd_sub_int
                                    681 ;	-----------------------------------------
                                    682 ;	Register assignment might be sub-optimal.
                                    683 ;	Stack space usage: 20 bytes.
      0003A9                        684 ___ckd_sub_int:
                                    685 ;	genReceive: size=2
                                    686 ;	pushreg: ofs=1
      0003A9 85*00            [ 3]  687 	sta	*(REGTEMP+0)
      0003AB 8A               [ 2]  688 	txa
      0003AC 48               [ 3]  689 	pha
      0003AD A5*00            [ 3]  690 	lda	*(REGTEMP+0)
                                    691 ;	pushreg: ofs=0
      0003AF 48               [ 3]  692 	pha
                                    693 ;	  adjustStack : cycles stk:54  incdec:40  adc:12
      0003B0 BA               [ 2]  694 	tsx
      0003B1 8A               [ 2]  695 	txa
      0003B2 18               [ 2]  696 	clc
      0003B3 69 EE            [ 2]  697 	adc	#0xee
      0003B5 AA               [ 2]  698 	tax
      0003B6 9A               [ 2]  699 	txs
                                    700 ;	Raw cost for generated ic 1 : (14, 26.000000) count=1.000000
                                    701 ;	skipping generated iCode
                                    702 ;	Raw cost for generated ic 2 : (0, 0.000000) count=1.000000
                                    703 ;	genMinus
      0003B7 BD 17 01         [ 5]  704 	lda	0x117,x
      0003BA 38               [ 2]  705 	sec
      0003BB FD 1F 01         [ 5]  706 	sbc	0x11f,x
      0003BE 9D 0B 01         [ 5]  707 	sta	0x10b,x
      0003C1 BD 18 01         [ 5]  708 	lda	0x118,x
      0003C4 FD 20 01         [ 5]  709 	sbc	0x120,x
      0003C7 9D 0C 01         [ 5]  710 	sta	0x10c,x
      0003CA BD 19 01         [ 5]  711 	lda	0x119,x
      0003CD FD 21 01         [ 5]  712 	sbc	0x121,x
      0003D0 9D 0D 01         [ 5]  713 	sta	0x10d,x
      0003D3 BD 1A 01         [ 5]  714 	lda	0x11a,x
      0003D6 FD 22 01         [ 5]  715 	sbc	0x122,x
      0003D9 9D 0E 01         [ 5]  716 	sta	0x10e,x
      0003DC BD 1B 01         [ 5]  717 	lda	0x11b,x
      0003DF FD 23 01         [ 5]  718 	sbc	0x123,x
      0003E2 9D 0F 01         [ 5]  719 	sta	0x10f,x
      0003E5 BD 1C 01         [ 5]  720 	lda	0x11c,x
      0003E8 FD 24 01         [ 5]  721 	sbc	0x124,x
      0003EB 9D 10 01         [ 5]  722 	sta	0x110,x
      0003EE BD 1D 01         [ 5]  723 	lda	0x11d,x
      0003F1 FD 25 01         [ 5]  724 	sbc	0x125,x
      0003F4 9D 11 01         [ 5]  725 	sta	0x111,x
      0003F7 BD 1E 01         [ 5]  726 	lda	0x11e,x
      0003FA FD 26 01         [ 5]  727 	sbc	0x126,x
      0003FD 9D 12 01         [ 5]  728 	sta	0x112,x
                                    729 ;	Raw cost for generated ic 3 : (73, 106.000000) count=1.000000
                                    730 ;	genCast
                                    731 ;	genCopy
      000400 BD 0C 01         [ 5]  732 	lda	0x10c,x
      000403 9D 0A 01         [ 5]  733 	sta	0x10a,x
      000406 BD 0B 01         [ 5]  734 	lda	0x10b,x
      000409 9D 09 01         [ 5]  735 	sta	0x109,x
                                    736 ;	Raw cost for generated ic 6 : (12, 18.000000) count=1.000000
                                    737 ;	genPointerSet
                                    738 ;	  setupDPTR - off=0 remat=(null) savea=0
      00040C BD 13 01         [ 5]  739 	lda	0x113,x
      00040F 85*00            [ 3]  740 	sta	*(DPTR+0)
      000411 BD 14 01         [ 5]  741 	lda	0x114,x
      000414 85*01            [ 3]  742 	sta	*(DPTR+1)
      000416 BD 09 01         [ 5]  743 	lda	0x109,x
      000419 A0 00            [ 2]  744 	ldy	#0x00
      00041B 91*00            [ 6]  745 	sta	[DPTR],y
      00041D BD 0A 01         [ 5]  746 	lda	0x10a,x
      000420 C8               [ 2]  747 	iny
      000421 91*00            [ 6]  748 	sta	[DPTR],y
                                    749 ;	Raw cost for generated ic 7 : (23, 38.000000) count=1.000000
                                    750 ;	genCast
      000423 BD 09 01         [ 5]  751 	lda	0x109,x
      000426 9D 01 01         [ 5]  752 	sta	0x101,x
      000429 BD 0A 01         [ 5]  753 	lda	0x10a,x
      00042C 9D 02 01         [ 5]  754 	sta	0x102,x
      00042F 0A               [ 2]  755 	asl	a
      000430 A9 00            [ 2]  756 	lda	#0x00
      000432 69 FF            [ 2]  757 	adc	#0xff
      000434 49 FF            [ 2]  758 	eor	#0xff
      000436 9D 03 01         [ 5]  759 	sta	0x103,x
      000439 9D 04 01         [ 5]  760 	sta	0x104,x
      00043C 9D 05 01         [ 5]  761 	sta	0x105,x
      00043F 9D 06 01         [ 5]  762 	sta	0x106,x
      000442 9D 07 01         [ 5]  763 	sta	0x107,x
      000445 9D 08 01         [ 5]  764 	sta	0x108,x
                                    765 ;	Raw cost for generated ic 10 : (37, 56.000000) count=1.000000
                                    766 ;	genCmpEQorNE
      000448 BD 01 01         [ 5]  767 	lda	0x101,x
      00044B DD 0B 01         [ 5]  768 	cmp	0x10b,x
      00044E D0 38            [ 4]  769 	bne	00104$
      000450 BD 02 01         [ 5]  770 	lda	0x102,x
      000453 DD 0C 01         [ 5]  771 	cmp	0x10c,x
      000456 D0 30            [ 4]  772 	bne	00104$
      000458 BD 03 01         [ 5]  773 	lda	0x103,x
      00045B DD 0D 01         [ 5]  774 	cmp	0x10d,x
      00045E D0 28            [ 4]  775 	bne	00104$
      000460 BD 04 01         [ 5]  776 	lda	0x104,x
      000463 DD 0E 01         [ 5]  777 	cmp	0x10e,x
      000466 D0 20            [ 4]  778 	bne	00104$
      000468 BD 05 01         [ 5]  779 	lda	0x105,x
      00046B DD 0F 01         [ 5]  780 	cmp	0x10f,x
      00046E D0 18            [ 4]  781 	bne	00104$
      000470 BD 06 01         [ 5]  782 	lda	0x106,x
      000473 DD 10 01         [ 5]  783 	cmp	0x110,x
      000476 D0 10            [ 4]  784 	bne	00104$
      000478 BD 07 01         [ 5]  785 	lda	0x107,x
      00047B DD 11 01         [ 5]  786 	cmp	0x111,x
      00047E D0 08            [ 4]  787 	bne	00104$
      000480 BD 08 01         [ 5]  788 	lda	0x108,x
      000483 DD 12 01         [ 5]  789 	cmp	0x112,x
      000486 F0 05            [ 4]  790 	beq	00112$
      000488                        791 00104$:
      000488 A9 00            [ 2]  792 	lda	#0x00
      00048A 4Cr8Er04         [ 3]  793 	jmp	00111$
      00048D                        794 00112$:
      00048D 98               [ 2]  795 	tya
      00048E                        796 00111$:
                                    797 ;	Raw cost for generated ic 11 : (91, 112.799995) count=1.000000
                                    798 ;	genNot
      00048E 49 01            [ 2]  799 	eor	#0x01
                                    800 ;	Raw cost for generated ic 12 : (2, 2.000000) count=1.000000
                                    801 ;	genRet
                                    802 ;	Raw cost for generated ic 13 : (0, 0.000000) count=1.000000
                                    803 ;	genLabel
                                    804 ;	Raw cost for generated ic 14 : (0, 0.000000) count=1.000000
                                    805 ;	genEndFunction
                                    806 ;	  adjustStack : cycles stk:86  incdec:50  adc:24
      000490 86*00            [ 3]  807 	stx	*(REGTEMP+0)
      000492 85*01            [ 3]  808 	sta	*(REGTEMP+1)
      000494 BA               [ 2]  809 	tsx
      000495 8A               [ 2]  810 	txa
      000496 18               [ 2]  811 	clc
      000497 69 14            [ 2]  812 	adc	#0x14
      000499 AA               [ 2]  813 	tax
      00049A 9A               [ 2]  814 	txs
      00049B A5*01            [ 3]  815 	lda	*(REGTEMP+1)
      00049D A6*00            [ 3]  816 	ldx	*(REGTEMP+0)
      00049F 60               [ 6]  817 	rts
                                    818 ;	Raw cost for generated ic 15 : (16, 30.000000) count=1.000000
                                    819 ;------------------------------------------------------------
                                    820 ;Allocation info for local variables in function '__ckd_sub_uint'
                                    821 ;------------------------------------------------------------
                                    822 ;a             Allocated to stack - sp +23 +8 
                                    823 ;b             Allocated to stack - sp +31 +8 
                                    824 ;r             Allocated to stack - sp +19 +2 
                                    825 ;result        Allocated to stack - sp +11 +8 
                                    826 ;sloc0         Allocated to stack - sp +11 +8 
                                    827 ;sloc1         Allocated to stack - sp +9 +2 
                                    828 ;sloc2         Allocated to stack - sp +1 +8 
                                    829 ;------------------------------------------------------------
                                    830 ;	./../../include/stdckdint.h: 66: inline _Bool __ckd_sub_uint __CKD_DEFAULT_IMPL(unsigned int, -)
                                    831 ;	genLabel
                                    832 ;	Raw cost for generated ic 0 : (0, 0.000000) count=1.000000
                                    833 ;	-----------------------------------------
                                    834 ;	 function __ckd_sub_uint
                                    835 ;	-----------------------------------------
                                    836 ;	Register assignment might be sub-optimal.
                                    837 ;	Stack space usage: 20 bytes.
      0004A0                        838 ___ckd_sub_uint:
                                    839 ;	genReceive: size=2
                                    840 ;	pushreg: ofs=1
      0004A0 85*00            [ 3]  841 	sta	*(REGTEMP+0)
      0004A2 8A               [ 2]  842 	txa
      0004A3 48               [ 3]  843 	pha
      0004A4 A5*00            [ 3]  844 	lda	*(REGTEMP+0)
                                    845 ;	pushreg: ofs=0
      0004A6 48               [ 3]  846 	pha
                                    847 ;	  adjustStack : cycles stk:54  incdec:40  adc:12
      0004A7 BA               [ 2]  848 	tsx
      0004A8 8A               [ 2]  849 	txa
      0004A9 18               [ 2]  850 	clc
      0004AA 69 EE            [ 2]  851 	adc	#0xee
      0004AC AA               [ 2]  852 	tax
      0004AD 9A               [ 2]  853 	txs
                                    854 ;	Raw cost for generated ic 1 : (14, 26.000000) count=1.000000
                                    855 ;	skipping generated iCode
                                    856 ;	Raw cost for generated ic 2 : (0, 0.000000) count=1.000000
                                    857 ;	genMinus
      0004AE BD 17 01         [ 5]  858 	lda	0x117,x
      0004B1 38               [ 2]  859 	sec
      0004B2 FD 1F 01         [ 5]  860 	sbc	0x11f,x
      0004B5 9D 0B 01         [ 5]  861 	sta	0x10b,x
      0004B8 BD 18 01         [ 5]  862 	lda	0x118,x
      0004BB FD 20 01         [ 5]  863 	sbc	0x120,x
      0004BE 9D 0C 01         [ 5]  864 	sta	0x10c,x
      0004C1 BD 19 01         [ 5]  865 	lda	0x119,x
      0004C4 FD 21 01         [ 5]  866 	sbc	0x121,x
      0004C7 9D 0D 01         [ 5]  867 	sta	0x10d,x
      0004CA BD 1A 01         [ 5]  868 	lda	0x11a,x
      0004CD FD 22 01         [ 5]  869 	sbc	0x122,x
      0004D0 9D 0E 01         [ 5]  870 	sta	0x10e,x
      0004D3 BD 1B 01         [ 5]  871 	lda	0x11b,x
      0004D6 FD 23 01         [ 5]  872 	sbc	0x123,x
      0004D9 9D 0F 01         [ 5]  873 	sta	0x10f,x
      0004DC BD 1C 01         [ 5]  874 	lda	0x11c,x
      0004DF FD 24 01         [ 5]  875 	sbc	0x124,x
      0004E2 9D 10 01         [ 5]  876 	sta	0x110,x
      0004E5 BD 1D 01         [ 5]  877 	lda	0x11d,x
      0004E8 FD 25 01         [ 5]  878 	sbc	0x125,x
      0004EB 9D 11 01         [ 5]  879 	sta	0x111,x
      0004EE BD 1E 01         [ 5]  880 	lda	0x11e,x
      0004F1 FD 26 01         [ 5]  881 	sbc	0x126,x
      0004F4 9D 12 01         [ 5]  882 	sta	0x112,x
                                    883 ;	Raw cost for generated ic 3 : (73, 106.000000) count=1.000000
                                    884 ;	genCast
                                    885 ;	genCopy
      0004F7 BD 0C 01         [ 5]  886 	lda	0x10c,x
      0004FA 9D 0A 01         [ 5]  887 	sta	0x10a,x
      0004FD BD 0B 01         [ 5]  888 	lda	0x10b,x
      000500 9D 09 01         [ 5]  889 	sta	0x109,x
                                    890 ;	Raw cost for generated ic 6 : (12, 18.000000) count=1.000000
                                    891 ;	genPointerSet
                                    892 ;	  setupDPTR - off=0 remat=(null) savea=0
      000503 BD 13 01         [ 5]  893 	lda	0x113,x
      000506 85*00            [ 3]  894 	sta	*(DPTR+0)
      000508 BD 14 01         [ 5]  895 	lda	0x114,x
      00050B 85*01            [ 3]  896 	sta	*(DPTR+1)
      00050D BD 09 01         [ 5]  897 	lda	0x109,x
      000510 A0 00            [ 2]  898 	ldy	#0x00
      000512 91*00            [ 6]  899 	sta	[DPTR],y
      000514 BD 0A 01         [ 5]  900 	lda	0x10a,x
      000517 C8               [ 2]  901 	iny
      000518 91*00            [ 6]  902 	sta	[DPTR],y
                                    903 ;	Raw cost for generated ic 7 : (23, 38.000000) count=1.000000
                                    904 ;	genCast
                                    905 ;	genCopy
      00051A A9 00            [ 2]  906 	lda	#0x00
      00051C 9D 08 01         [ 5]  907 	sta	0x108,x
      00051F 9D 07 01         [ 5]  908 	sta	0x107,x
      000522 9D 06 01         [ 5]  909 	sta	0x106,x
      000525 9D 05 01         [ 5]  910 	sta	0x105,x
      000528 9D 04 01         [ 5]  911 	sta	0x104,x
      00052B 9D 03 01         [ 5]  912 	sta	0x103,x
      00052E BD 0A 01         [ 5]  913 	lda	0x10a,x
      000531 9D 02 01         [ 5]  914 	sta	0x102,x
      000534 BD 09 01         [ 5]  915 	lda	0x109,x
      000537 9D 01 01         [ 5]  916 	sta	0x101,x
                                    917 ;	Raw cost for generated ic 10 : (32, 50.000000) count=1.000000
                                    918 ;	genCmpEQorNE
      00053A DD 0B 01         [ 5]  919 	cmp	0x10b,x
      00053D D0 38            [ 4]  920 	bne	00104$
      00053F BD 02 01         [ 5]  921 	lda	0x102,x
      000542 DD 0C 01         [ 5]  922 	cmp	0x10c,x
      000545 D0 30            [ 4]  923 	bne	00104$
      000547 BD 03 01         [ 5]  924 	lda	0x103,x
      00054A DD 0D 01         [ 5]  925 	cmp	0x10d,x
      00054D D0 28            [ 4]  926 	bne	00104$
      00054F BD 04 01         [ 5]  927 	lda	0x104,x
      000552 DD 0E 01         [ 5]  928 	cmp	0x10e,x
      000555 D0 20            [ 4]  929 	bne	00104$
      000557 BD 05 01         [ 5]  930 	lda	0x105,x
      00055A DD 0F 01         [ 5]  931 	cmp	0x10f,x
      00055D D0 18            [ 4]  932 	bne	00104$
      00055F BD 06 01         [ 5]  933 	lda	0x106,x
      000562 DD 10 01         [ 5]  934 	cmp	0x110,x
      000565 D0 10            [ 4]  935 	bne	00104$
      000567 BD 07 01         [ 5]  936 	lda	0x107,x
      00056A DD 11 01         [ 5]  937 	cmp	0x111,x
      00056D D0 08            [ 4]  938 	bne	00104$
      00056F BD 08 01         [ 5]  939 	lda	0x108,x
      000572 DD 12 01         [ 5]  940 	cmp	0x112,x
      000575 F0 05            [ 4]  941 	beq	00112$
      000577                        942 00104$:
      000577 A9 00            [ 2]  943 	lda	#0x00
      000579 4Cr7Dr05         [ 3]  944 	jmp	00111$
      00057C                        945 00112$:
      00057C 98               [ 2]  946 	tya
      00057D                        947 00111$:
                                    948 ;	Raw cost for generated ic 11 : (88, 108.799995) count=1.000000
                                    949 ;	genNot
      00057D 49 01            [ 2]  950 	eor	#0x01
                                    951 ;	Raw cost for generated ic 12 : (2, 2.000000) count=1.000000
                                    952 ;	genRet
                                    953 ;	Raw cost for generated ic 13 : (0, 0.000000) count=1.000000
                                    954 ;	genLabel
                                    955 ;	Raw cost for generated ic 14 : (0, 0.000000) count=1.000000
                                    956 ;	genEndFunction
                                    957 ;	  adjustStack : cycles stk:86  incdec:50  adc:24
      00057F 86*00            [ 3]  958 	stx	*(REGTEMP+0)
      000581 85*01            [ 3]  959 	sta	*(REGTEMP+1)
      000583 BA               [ 2]  960 	tsx
      000584 8A               [ 2]  961 	txa
      000585 18               [ 2]  962 	clc
      000586 69 14            [ 2]  963 	adc	#0x14
      000588 AA               [ 2]  964 	tax
      000589 9A               [ 2]  965 	txs
      00058A A5*01            [ 3]  966 	lda	*(REGTEMP+1)
      00058C A6*00            [ 3]  967 	ldx	*(REGTEMP+0)
      00058E 60               [ 6]  968 	rts
                                    969 ;	Raw cost for generated ic 15 : (16, 30.000000) count=1.000000
                                    970 ;------------------------------------------------------------
                                    971 ;Allocation info for local variables in function '__ckd_sub_long'
                                    972 ;------------------------------------------------------------
                                    973 ;a             Allocated to stack - sp +25 +8 
                                    974 ;b             Allocated to stack - sp +33 +8 
                                    975 ;r             Allocated to stack - sp +21 +2 
                                    976 ;result        Allocated to stack - sp +13 +8 
                                    977 ;sloc0         Allocated to stack - sp +13 +8 
                                    978 ;sloc1         Allocated to stack - sp +9 +4 
                                    979 ;sloc2         Allocated to stack - sp +1 +8 
                                    980 ;------------------------------------------------------------
                                    981 ;	./../../include/stdckdint.h: 67: inline _Bool __ckd_sub_long __CKD_DEFAULT_IMPL(long, -)
                                    982 ;	genLabel
                                    983 ;	Raw cost for generated ic 0 : (0, 0.000000) count=1.000000
                                    984 ;	-----------------------------------------
                                    985 ;	 function __ckd_sub_long
                                    986 ;	-----------------------------------------
                                    987 ;	Register assignment might be sub-optimal.
                                    988 ;	Stack space usage: 22 bytes.
      00058F                        989 ___ckd_sub_long:
                                    990 ;	genReceive: size=2
                                    991 ;	pushreg: ofs=1
      00058F 85*00            [ 3]  992 	sta	*(REGTEMP+0)
      000591 8A               [ 2]  993 	txa
      000592 48               [ 3]  994 	pha
      000593 A5*00            [ 3]  995 	lda	*(REGTEMP+0)
                                    996 ;	pushreg: ofs=0
      000595 48               [ 3]  997 	pha
                                    998 ;	  adjustStack : cycles stk:60  incdec:44  adc:12
      000596 BA               [ 2]  999 	tsx
      000597 8A               [ 2] 1000 	txa
      000598 18               [ 2] 1001 	clc
      000599 69 EC            [ 2] 1002 	adc	#0xec
      00059B AA               [ 2] 1003 	tax
      00059C 9A               [ 2] 1004 	txs
                                   1005 ;	Raw cost for generated ic 1 : (14, 26.000000) count=1.000000
                                   1006 ;	skipping generated iCode
                                   1007 ;	Raw cost for generated ic 2 : (0, 0.000000) count=1.000000
                                   1008 ;	genMinus
      00059D BD 19 01         [ 5] 1009 	lda	0x119,x
      0005A0 38               [ 2] 1010 	sec
      0005A1 FD 21 01         [ 5] 1011 	sbc	0x121,x
      0005A4 9D 0D 01         [ 5] 1012 	sta	0x10d,x
      0005A7 BD 1A 01         [ 5] 1013 	lda	0x11a,x
      0005AA FD 22 01         [ 5] 1014 	sbc	0x122,x
      0005AD 9D 0E 01         [ 5] 1015 	sta	0x10e,x
      0005B0 BD 1B 01         [ 5] 1016 	lda	0x11b,x
      0005B3 FD 23 01         [ 5] 1017 	sbc	0x123,x
      0005B6 9D 0F 01         [ 5] 1018 	sta	0x10f,x
      0005B9 BD 1C 01         [ 5] 1019 	lda	0x11c,x
      0005BC FD 24 01         [ 5] 1020 	sbc	0x124,x
      0005BF 9D 10 01         [ 5] 1021 	sta	0x110,x
      0005C2 BD 1D 01         [ 5] 1022 	lda	0x11d,x
      0005C5 FD 25 01         [ 5] 1023 	sbc	0x125,x
      0005C8 9D 11 01         [ 5] 1024 	sta	0x111,x
      0005CB BD 1E 01         [ 5] 1025 	lda	0x11e,x
      0005CE FD 26 01         [ 5] 1026 	sbc	0x126,x
      0005D1 9D 12 01         [ 5] 1027 	sta	0x112,x
      0005D4 BD 1F 01         [ 5] 1028 	lda	0x11f,x
      0005D7 FD 27 01         [ 5] 1029 	sbc	0x127,x
      0005DA 9D 13 01         [ 5] 1030 	sta	0x113,x
      0005DD BD 20 01         [ 5] 1031 	lda	0x120,x
      0005E0 FD 28 01         [ 5] 1032 	sbc	0x128,x
      0005E3 9D 14 01         [ 5] 1033 	sta	0x114,x
                                   1034 ;	Raw cost for generated ic 3 : (73, 106.000000) count=1.000000
                                   1035 ;	genCast
                                   1036 ;	genCopy
      0005E6 BD 10 01         [ 5] 1037 	lda	0x110,x
      0005E9 9D 0C 01         [ 5] 1038 	sta	0x10c,x
      0005EC BD 0F 01         [ 5] 1039 	lda	0x10f,x
      0005EF 9D 0B 01         [ 5] 1040 	sta	0x10b,x
      0005F2 BD 0E 01         [ 5] 1041 	lda	0x10e,x
      0005F5 9D 0A 01         [ 5] 1042 	sta	0x10a,x
      0005F8 BD 0D 01         [ 5] 1043 	lda	0x10d,x
      0005FB 9D 09 01         [ 5] 1044 	sta	0x109,x
                                   1045 ;	Raw cost for generated ic 6 : (24, 36.000000) count=1.000000
                                   1046 ;	genPointerSet
                                   1047 ;	  setupDPTR - off=0 remat=(null) savea=0
      0005FE BD 15 01         [ 5] 1048 	lda	0x115,x
      000601 85*00            [ 3] 1049 	sta	*(DPTR+0)
      000603 BD 16 01         [ 5] 1050 	lda	0x116,x
      000606 85*01            [ 3] 1051 	sta	*(DPTR+1)
      000608 BD 09 01         [ 5] 1052 	lda	0x109,x
      00060B A0 00            [ 2] 1053 	ldy	#0x00
      00060D 91*00            [ 6] 1054 	sta	[DPTR],y
      00060F BD 0A 01         [ 5] 1055 	lda	0x10a,x
      000612 C8               [ 2] 1056 	iny
      000613 91*00            [ 6] 1057 	sta	[DPTR],y
      000615 BD 0B 01         [ 5] 1058 	lda	0x10b,x
      000618 C8               [ 2] 1059 	iny
      000619 91*00            [ 6] 1060 	sta	[DPTR],y
      00061B BD 0C 01         [ 5] 1061 	lda	0x10c,x
      00061E C8               [ 2] 1062 	iny
      00061F 91*00            [ 6] 1063 	sta	[DPTR],y
                                   1064 ;	Raw cost for generated ic 7 : (35, 62.000000) count=1.000000
                                   1065 ;	genCast
      000621 BD 09 01         [ 5] 1066 	lda	0x109,x
      000624 9D 01 01         [ 5] 1067 	sta	0x101,x
      000627 BD 0A 01         [ 5] 1068 	lda	0x10a,x
      00062A 9D 02 01         [ 5] 1069 	sta	0x102,x
      00062D BD 0B 01         [ 5] 1070 	lda	0x10b,x
      000630 9D 03 01         [ 5] 1071 	sta	0x103,x
      000633 BD 0C 01         [ 5] 1072 	lda	0x10c,x
      000636 9D 04 01         [ 5] 1073 	sta	0x104,x
      000639 0A               [ 2] 1074 	asl	a
      00063A A9 00            [ 2] 1075 	lda	#0x00
      00063C 69 FF            [ 2] 1076 	adc	#0xff
      00063E 49 FF            [ 2] 1077 	eor	#0xff
      000640 9D 05 01         [ 5] 1078 	sta	0x105,x
      000643 9D 06 01         [ 5] 1079 	sta	0x106,x
      000646 9D 07 01         [ 5] 1080 	sta	0x107,x
      000649 9D 08 01         [ 5] 1081 	sta	0x108,x
                                   1082 ;	Raw cost for generated ic 10 : (43, 64.000000) count=1.000000
                                   1083 ;	genCmpEQorNE
      00064C BD 01 01         [ 5] 1084 	lda	0x101,x
      00064F DD 0D 01         [ 5] 1085 	cmp	0x10d,x
      000652 D0 38            [ 4] 1086 	bne	00104$
      000654 BD 02 01         [ 5] 1087 	lda	0x102,x
      000657 DD 0E 01         [ 5] 1088 	cmp	0x10e,x
      00065A D0 30            [ 4] 1089 	bne	00104$
      00065C BD 03 01         [ 5] 1090 	lda	0x103,x
      00065F DD 0F 01         [ 5] 1091 	cmp	0x10f,x
      000662 D0 28            [ 4] 1092 	bne	00104$
      000664 BD 04 01         [ 5] 1093 	lda	0x104,x
      000667 DD 10 01         [ 5] 1094 	cmp	0x110,x
      00066A D0 20            [ 4] 1095 	bne	00104$
      00066C BD 05 01         [ 5] 1096 	lda	0x105,x
      00066F DD 11 01         [ 5] 1097 	cmp	0x111,x
      000672 D0 18            [ 4] 1098 	bne	00104$
      000674 BD 06 01         [ 5] 1099 	lda	0x106,x
      000677 DD 12 01         [ 5] 1100 	cmp	0x112,x
      00067A D0 10            [ 4] 1101 	bne	00104$
      00067C BD 07 01         [ 5] 1102 	lda	0x107,x
      00067F DD 13 01         [ 5] 1103 	cmp	0x113,x
      000682 D0 08            [ 4] 1104 	bne	00104$
      000684 BD 08 01         [ 5] 1105 	lda	0x108,x
      000687 DD 14 01         [ 5] 1106 	cmp	0x114,x
      00068A F0 05            [ 4] 1107 	beq	00112$
      00068C                       1108 00104$:
      00068C A9 00            [ 2] 1109 	lda	#0x00
      00068E 4Cr93r06         [ 3] 1110 	jmp	00111$
      000691                       1111 00112$:
      000691 A9 01            [ 2] 1112 	lda	#0x01
      000693                       1113 00111$:
                                   1114 ;	Raw cost for generated ic 11 : (92, 112.799995) count=1.000000
                                   1115 ;	genNot
      000693 49 01            [ 2] 1116 	eor	#0x01
                                   1117 ;	Raw cost for generated ic 12 : (2, 2.000000) count=1.000000
                                   1118 ;	genRet
                                   1119 ;	Raw cost for generated ic 13 : (0, 0.000000) count=1.000000
                                   1120 ;	genLabel
                                   1121 ;	Raw cost for generated ic 14 : (0, 0.000000) count=1.000000
                                   1122 ;	genEndFunction
                                   1123 ;	  adjustStack : cycles stk:94  incdec:54  adc:24
      000695 86*00            [ 3] 1124 	stx	*(REGTEMP+0)
      000697 85*01            [ 3] 1125 	sta	*(REGTEMP+1)
      000699 BA               [ 2] 1126 	tsx
      00069A 8A               [ 2] 1127 	txa
      00069B 18               [ 2] 1128 	clc
      00069C 69 16            [ 2] 1129 	adc	#0x16
      00069E AA               [ 2] 1130 	tax
      00069F 9A               [ 2] 1131 	txs
      0006A0 A5*01            [ 3] 1132 	lda	*(REGTEMP+1)
      0006A2 A6*00            [ 3] 1133 	ldx	*(REGTEMP+0)
      0006A4 60               [ 6] 1134 	rts
                                   1135 ;	Raw cost for generated ic 15 : (16, 30.000000) count=1.000000
                                   1136 ;------------------------------------------------------------
                                   1137 ;Allocation info for local variables in function '__ckd_sub_ulong'
                                   1138 ;------------------------------------------------------------
                                   1139 ;a             Allocated to stack - sp +25 +8 
                                   1140 ;b             Allocated to stack - sp +33 +8 
                                   1141 ;r             Allocated to stack - sp +21 +2 
                                   1142 ;result        Allocated to stack - sp +13 +8 
                                   1143 ;sloc0         Allocated to stack - sp +13 +8 
                                   1144 ;sloc1         Allocated to stack - sp +9 +4 
                                   1145 ;sloc2         Allocated to stack - sp +1 +8 
                                   1146 ;------------------------------------------------------------
                                   1147 ;	./../../include/stdckdint.h: 68: inline _Bool __ckd_sub_ulong __CKD_DEFAULT_IMPL(unsigned long, -)
                                   1148 ;	genLabel
                                   1149 ;	Raw cost for generated ic 0 : (0, 0.000000) count=1.000000
                                   1150 ;	-----------------------------------------
                                   1151 ;	 function __ckd_sub_ulong
                                   1152 ;	-----------------------------------------
                                   1153 ;	Register assignment might be sub-optimal.
                                   1154 ;	Stack space usage: 22 bytes.
      0006A5                       1155 ___ckd_sub_ulong:
                                   1156 ;	genReceive: size=2
                                   1157 ;	pushreg: ofs=1
      0006A5 85*00            [ 3] 1158 	sta	*(REGTEMP+0)
      0006A7 8A               [ 2] 1159 	txa
      0006A8 48               [ 3] 1160 	pha
      0006A9 A5*00            [ 3] 1161 	lda	*(REGTEMP+0)
                                   1162 ;	pushreg: ofs=0
      0006AB 48               [ 3] 1163 	pha
                                   1164 ;	  adjustStack : cycles stk:60  incdec:44  adc:12
      0006AC BA               [ 2] 1165 	tsx
      0006AD 8A               [ 2] 1166 	txa
      0006AE 18               [ 2] 1167 	clc
      0006AF 69 EC            [ 2] 1168 	adc	#0xec
      0006B1 AA               [ 2] 1169 	tax
      0006B2 9A               [ 2] 1170 	txs
                                   1171 ;	Raw cost for generated ic 1 : (14, 26.000000) count=1.000000
                                   1172 ;	skipping generated iCode
                                   1173 ;	Raw cost for generated ic 2 : (0, 0.000000) count=1.000000
                                   1174 ;	genMinus
      0006B3 BD 19 01         [ 5] 1175 	lda	0x119,x
      0006B6 38               [ 2] 1176 	sec
      0006B7 FD 21 01         [ 5] 1177 	sbc	0x121,x
      0006BA 9D 0D 01         [ 5] 1178 	sta	0x10d,x
      0006BD BD 1A 01         [ 5] 1179 	lda	0x11a,x
      0006C0 FD 22 01         [ 5] 1180 	sbc	0x122,x
      0006C3 9D 0E 01         [ 5] 1181 	sta	0x10e,x
      0006C6 BD 1B 01         [ 5] 1182 	lda	0x11b,x
      0006C9 FD 23 01         [ 5] 1183 	sbc	0x123,x
      0006CC 9D 0F 01         [ 5] 1184 	sta	0x10f,x
      0006CF BD 1C 01         [ 5] 1185 	lda	0x11c,x
      0006D2 FD 24 01         [ 5] 1186 	sbc	0x124,x
      0006D5 9D 10 01         [ 5] 1187 	sta	0x110,x
      0006D8 BD 1D 01         [ 5] 1188 	lda	0x11d,x
      0006DB FD 25 01         [ 5] 1189 	sbc	0x125,x
      0006DE 9D 11 01         [ 5] 1190 	sta	0x111,x
      0006E1 BD 1E 01         [ 5] 1191 	lda	0x11e,x
      0006E4 FD 26 01         [ 5] 1192 	sbc	0x126,x
      0006E7 9D 12 01         [ 5] 1193 	sta	0x112,x
      0006EA BD 1F 01         [ 5] 1194 	lda	0x11f,x
      0006ED FD 27 01         [ 5] 1195 	sbc	0x127,x
      0006F0 9D 13 01         [ 5] 1196 	sta	0x113,x
      0006F3 BD 20 01         [ 5] 1197 	lda	0x120,x
      0006F6 FD 28 01         [ 5] 1198 	sbc	0x128,x
      0006F9 9D 14 01         [ 5] 1199 	sta	0x114,x
                                   1200 ;	Raw cost for generated ic 3 : (73, 106.000000) count=1.000000
                                   1201 ;	genCast
                                   1202 ;	genCopy
      0006FC BD 10 01         [ 5] 1203 	lda	0x110,x
      0006FF 9D 0C 01         [ 5] 1204 	sta	0x10c,x
      000702 BD 0F 01         [ 5] 1205 	lda	0x10f,x
      000705 9D 0B 01         [ 5] 1206 	sta	0x10b,x
      000708 BD 0E 01         [ 5] 1207 	lda	0x10e,x
      00070B 9D 0A 01         [ 5] 1208 	sta	0x10a,x
      00070E BD 0D 01         [ 5] 1209 	lda	0x10d,x
      000711 9D 09 01         [ 5] 1210 	sta	0x109,x
                                   1211 ;	Raw cost for generated ic 6 : (24, 36.000000) count=1.000000
                                   1212 ;	genPointerSet
                                   1213 ;	  setupDPTR - off=0 remat=(null) savea=0
      000714 BD 15 01         [ 5] 1214 	lda	0x115,x
      000717 85*00            [ 3] 1215 	sta	*(DPTR+0)
      000719 BD 16 01         [ 5] 1216 	lda	0x116,x
      00071C 85*01            [ 3] 1217 	sta	*(DPTR+1)
      00071E BD 09 01         [ 5] 1218 	lda	0x109,x
      000721 A0 00            [ 2] 1219 	ldy	#0x00
      000723 91*00            [ 6] 1220 	sta	[DPTR],y
      000725 BD 0A 01         [ 5] 1221 	lda	0x10a,x
      000728 C8               [ 2] 1222 	iny
      000729 91*00            [ 6] 1223 	sta	[DPTR],y
      00072B BD 0B 01         [ 5] 1224 	lda	0x10b,x
      00072E C8               [ 2] 1225 	iny
      00072F 91*00            [ 6] 1226 	sta	[DPTR],y
      000731 BD 0C 01         [ 5] 1227 	lda	0x10c,x
      000734 C8               [ 2] 1228 	iny
      000735 91*00            [ 6] 1229 	sta	[DPTR],y
                                   1230 ;	Raw cost for generated ic 7 : (35, 62.000000) count=1.000000
                                   1231 ;	genCast
                                   1232 ;	genCopy
      000737 A9 00            [ 2] 1233 	lda	#0x00
      000739 9D 08 01         [ 5] 1234 	sta	0x108,x
      00073C 9D 07 01         [ 5] 1235 	sta	0x107,x
      00073F 9D 06 01         [ 5] 1236 	sta	0x106,x
      000742 9D 05 01         [ 5] 1237 	sta	0x105,x
      000745 BD 0C 01         [ 5] 1238 	lda	0x10c,x
      000748 9D 04 01         [ 5] 1239 	sta	0x104,x
      00074B BD 0B 01         [ 5] 1240 	lda	0x10b,x
      00074E 9D 03 01         [ 5] 1241 	sta	0x103,x
      000751 BD 0A 01         [ 5] 1242 	lda	0x10a,x
      000754 9D 02 01         [ 5] 1243 	sta	0x102,x
      000757 BD 09 01         [ 5] 1244 	lda	0x109,x
      00075A 9D 01 01         [ 5] 1245 	sta	0x101,x
                                   1246 ;	Raw cost for generated ic 10 : (38, 58.000000) count=1.000000
                                   1247 ;	genCmpEQorNE
      00075D DD 0D 01         [ 5] 1248 	cmp	0x10d,x
      000760 D0 38            [ 4] 1249 	bne	00104$
      000762 BD 02 01         [ 5] 1250 	lda	0x102,x
      000765 DD 0E 01         [ 5] 1251 	cmp	0x10e,x
      000768 D0 30            [ 4] 1252 	bne	00104$
      00076A BD 03 01         [ 5] 1253 	lda	0x103,x
      00076D DD 0F 01         [ 5] 1254 	cmp	0x10f,x
      000770 D0 28            [ 4] 1255 	bne	00104$
      000772 BD 04 01         [ 5] 1256 	lda	0x104,x
      000775 DD 10 01         [ 5] 1257 	cmp	0x110,x
      000778 D0 20            [ 4] 1258 	bne	00104$
      00077A BD 05 01         [ 5] 1259 	lda	0x105,x
      00077D DD 11 01         [ 5] 1260 	cmp	0x111,x
      000780 D0 18            [ 4] 1261 	bne	00104$
      000782 BD 06 01         [ 5] 1262 	lda	0x106,x
      000785 DD 12 01         [ 5] 1263 	cmp	0x112,x
      000788 D0 10            [ 4] 1264 	bne	00104$
      00078A BD 07 01         [ 5] 1265 	lda	0x107,x
      00078D DD 13 01         [ 5] 1266 	cmp	0x113,x
      000790 D0 08            [ 4] 1267 	bne	00104$
      000792 BD 08 01         [ 5] 1268 	lda	0x108,x
      000795 DD 14 01         [ 5] 1269 	cmp	0x114,x
      000798 F0 05            [ 4] 1270 	beq	00112$
      00079A                       1271 00104$:
      00079A A9 00            [ 2] 1272 	lda	#0x00
      00079C 4CrA1r07         [ 3] 1273 	jmp	00111$
      00079F                       1274 00112$:
      00079F A9 01            [ 2] 1275 	lda	#0x01
      0007A1                       1276 00111$:
                                   1277 ;	Raw cost for generated ic 11 : (89, 108.799995) count=1.000000
                                   1278 ;	genNot
      0007A1 49 01            [ 2] 1279 	eor	#0x01
                                   1280 ;	Raw cost for generated ic 12 : (2, 2.000000) count=1.000000
                                   1281 ;	genRet
                                   1282 ;	Raw cost for generated ic 13 : (0, 0.000000) count=1.000000
                                   1283 ;	genLabel
                                   1284 ;	Raw cost for generated ic 14 : (0, 0.000000) count=1.000000
                                   1285 ;	genEndFunction
                                   1286 ;	  adjustStack : cycles stk:94  incdec:54  adc:24
      0007A3 86*00            [ 3] 1287 	stx	*(REGTEMP+0)
      0007A5 85*01            [ 3] 1288 	sta	*(REGTEMP+1)
      0007A7 BA               [ 2] 1289 	tsx
      0007A8 8A               [ 2] 1290 	txa
      0007A9 18               [ 2] 1291 	clc
      0007AA 69 16            [ 2] 1292 	adc	#0x16
      0007AC AA               [ 2] 1293 	tax
      0007AD 9A               [ 2] 1294 	txs
      0007AE A5*01            [ 3] 1295 	lda	*(REGTEMP+1)
      0007B0 A6*00            [ 3] 1296 	ldx	*(REGTEMP+0)
      0007B2 60               [ 6] 1297 	rts
                                   1298 ;	Raw cost for generated ic 15 : (16, 30.000000) count=1.000000
                                   1299 	.area CODE
                                   1300 	.area RODATA
                                   1301 	.area XINIT
                                   1302 	.area CABS    (ABS)
