                                      1 ;--------------------------------------------------------
                                      2 ; File Created by SDCC : free open source ISO C Compiler
                                      3 ; Version 4.5.10 #15691 (Linux)
                                      4 ;--------------------------------------------------------
                                      5 	.module imaxabs
                                      6 	
                                      7 	.optsdcc -mmos6502
                                      8 
                                      9 ;--------------------------------------------------------
                                     10 ;  Ordering of segments for the linker.
                                     11 ;--------------------------------------------------------
                                     12 	.area ZP      (PAG)
                                     13 	.area OSEG    (PAG, OVR)
                                     14 	.area _CODE
                                     15 	.area GSINIT
                                     16 	.area GSFINAL
                                     17 	.area CODE
                                     18 	.area RODATA
                                     19 	.area XINIT
                                     20 	.area _DATA
                                     21 	.area DATA
                                     22 	.area BSS
                                     23 ;--------------------------------------------------------
                                     24 ; Public variables in this module
                                     25 ;--------------------------------------------------------
                                     26 	.globl _imaxabs
                                     27 ;--------------------------------------------------------
                                     28 ; ZP ram data
                                     29 ;--------------------------------------------------------
                                     30 	.area ZP      (PAG)
                                     31 ;--------------------------------------------------------
                                     32 ; overlayable items in ram
                                     33 ;--------------------------------------------------------
                                     34 ;--------------------------------------------------------
                                     35 ; uninitialized external ram data
                                     36 ;--------------------------------------------------------
                                     37 	.area BSS
                                     38 ;--------------------------------------------------------
                                     39 ; absolute external ram data
                                     40 ;--------------------------------------------------------
                                     41 	.area DABS    (ABS)
                                     42 ;--------------------------------------------------------
                                     43 ; initialized external ram data
                                     44 ;--------------------------------------------------------
                                     45 	.area DATA
                                     46 ;--------------------------------------------------------
                                     47 ; global & static initialisations
                                     48 ;--------------------------------------------------------
                                     49 	.area _CODE
                                     50 	.area GSINIT
                                     51 	.area GSFINAL
                                     52 	.area GSINIT
                                     53 ;--------------------------------------------------------
                                     54 ; Home
                                     55 ;--------------------------------------------------------
                                     56 	.area _CODE
                                     57 	.area _CODE
                                     58 ;--------------------------------------------------------
                                     59 ; code
                                     60 ;--------------------------------------------------------
                                     61 	.area CODE
                                     62 ;------------------------------------------------------------
                                     63 ;Allocation info for local variables in function 'imaxabs'
                                     64 ;------------------------------------------------------------
                                     65 ;j             Allocated to stack - sp +11 +8 
                                     66 ;sloc0         Allocated to stack - sp +1 +8 
                                     67 ;------------------------------------------------------------
                                     68 ;	../imaxabs.c: 31: intmax_t imaxabs(intmax_t j)
                                     69 ;	genLabel
                                     70 ;	Raw cost for generated ic 0 : (0, 0.000000) count=1.000000
                                     71 ;	-----------------------------------------
                                     72 ;	 function imaxabs
                                     73 ;	-----------------------------------------
                                     74 ;	Register assignment is optimal.
                                     75 ;	Stack space usage: 8 bytes.
      000000                         76 _imaxabs:
                                     77 ;	  adjustStack : cycles stk:24  incdec:20  adc:12
      000000 BA               [ 2]   78 	tsx
      000001 8A               [ 2]   79 	txa
      000002 18               [ 2]   80 	clc
      000003 69 F8            [ 2]   81 	adc	#0xf8
      000005 AA               [ 2]   82 	tax
      000006 9A               [ 2]   83 	txs
                                     84 ;	Raw cost for generated ic 1 : (7, 12.000000) count=1.000000
                                     85 ;	../imaxabs.c: 33: return (j < 0) ? -j : j;
                                     86 ;	genCmp
      000007 BD 12 01         [ 5]   87 	lda	0x112,x
      00000A 38               [ 2]   88 	sec
      00000B E9 00            [ 2]   89 	sbc	#0x00
      00000D 50 04            [ 4]   90 	bvc	00112$
      00000F 10 04            [ 4]   91 	bpl	00111$
      000011 30 46            [ 4]   92 	bmi	00103$
      000013                         93 00112$:
      000013 10 44            [ 4]   94 	bpl	00103$
      000015                         95 00111$:
                                     96 ;	Raw cost for generated ic 2 : (17, 21.400002) count=1.000000
                                     97 ;	skipping generated iCode
                                     98 ;	Raw cost for generated ic 3 : (0, 0.000000) count=1.000000
                                     99 ;	genUminus
      000015 A9 00            [ 2]  100 	lda	#0x00
      000017 38               [ 2]  101 	sec
      000018 FD 0B 01         [ 5]  102 	sbc	0x10b,x
      00001B 9D 01 01         [ 5]  103 	sta	0x101,x
      00001E A9 00            [ 2]  104 	lda	#0x00
      000020 FD 0C 01         [ 5]  105 	sbc	0x10c,x
      000023 9D 02 01         [ 5]  106 	sta	0x102,x
      000026 A9 00            [ 2]  107 	lda	#0x00
      000028 FD 0D 01         [ 5]  108 	sbc	0x10d,x
      00002B 9D 03 01         [ 5]  109 	sta	0x103,x
      00002E A9 00            [ 2]  110 	lda	#0x00
      000030 FD 0E 01         [ 5]  111 	sbc	0x10e,x
      000033 9D 04 01         [ 5]  112 	sta	0x104,x
      000036 A9 00            [ 2]  113 	lda	#0x00
      000038 FD 0F 01         [ 5]  114 	sbc	0x10f,x
      00003B 9D 05 01         [ 5]  115 	sta	0x105,x
      00003E A9 00            [ 2]  116 	lda	#0x00
      000040 FD 10 01         [ 5]  117 	sbc	0x110,x
      000043 9D 06 01         [ 5]  118 	sta	0x106,x
      000046 A9 00            [ 2]  119 	lda	#0x00
      000048 FD 11 01         [ 5]  120 	sbc	0x111,x
      00004B 9D 07 01         [ 5]  121 	sta	0x107,x
      00004E A9 00            [ 2]  122 	lda	#0x00
      000050 FD 12 01         [ 5]  123 	sbc	0x112,x
      000053 9D 08 01         [ 5]  124 	sta	0x108,x
                                    125 ;	Raw cost for generated ic 4 : (65, 90.000000) count=0.750000
                                    126 ;	genGoto
      000056 4Cr8Ar00         [ 3]  127 	jmp	00104$
                                    128 ;	Raw cost for generated ic 6 : (3, 3.000000) count=0.750000
                                    129 ;	genLabel
      000059                        130 00103$:
                                    131 ;	Raw cost for generated ic 7 : (0, 0.000000) count=0.250000
                                    132 ;	genAssign
                                    133 ;	genCopy
      000059 BA               [ 2]  134 	tsx
      00005A BD 12 01         [ 5]  135 	lda	0x112,x
      00005D 9D 08 01         [ 5]  136 	sta	0x108,x
      000060 BD 11 01         [ 5]  137 	lda	0x111,x
      000063 9D 07 01         [ 5]  138 	sta	0x107,x
      000066 BD 10 01         [ 5]  139 	lda	0x110,x
      000069 9D 06 01         [ 5]  140 	sta	0x106,x
      00006C BD 0F 01         [ 5]  141 	lda	0x10f,x
      00006F 9D 05 01         [ 5]  142 	sta	0x105,x
      000072 BD 0E 01         [ 5]  143 	lda	0x10e,x
      000075 9D 04 01         [ 5]  144 	sta	0x104,x
      000078 BD 0D 01         [ 5]  145 	lda	0x10d,x
      00007B 9D 03 01         [ 5]  146 	sta	0x103,x
      00007E BD 0C 01         [ 5]  147 	lda	0x10c,x
      000081 9D 02 01         [ 5]  148 	sta	0x102,x
      000084 BD 0B 01         [ 5]  149 	lda	0x10b,x
      000087 9D 01 01         [ 5]  150 	sta	0x101,x
                                    151 ;	Raw cost for generated ic 8 : (49, 74.000000) count=0.250000
                                    152 ;	genLabel
      00008A                        153 00104$:
                                    154 ;	Raw cost for generated ic 9 : (0, 0.000000) count=1.000000
                                    155 ;	genRet
      00008A BA               [ 2]  156 	tsx
      00008B BD 08 01         [ 5]  157 	lda	0x108,x
      00008E 85*00            [ 3]  158 	sta	*___SDCC_m6502_ret7
      000090 BD 07 01         [ 5]  159 	lda	0x107,x
      000093 85*00            [ 3]  160 	sta	*___SDCC_m6502_ret6
      000095 BD 06 01         [ 5]  161 	lda	0x106,x
      000098 85*00            [ 3]  162 	sta	*___SDCC_m6502_ret5
      00009A BD 05 01         [ 5]  163 	lda	0x105,x
      00009D 85*00            [ 3]  164 	sta	*___SDCC_m6502_ret4
      00009F BD 04 01         [ 5]  165 	lda	0x104,x
      0000A2 85*00            [ 3]  166 	sta	*___SDCC_m6502_ret3
      0000A4 BD 03 01         [ 5]  167 	lda	0x103,x
      0000A7 85*00            [ 3]  168 	sta	*___SDCC_m6502_ret2
      0000A9 BD 02 01         [ 5]  169 	lda	0x102,x
      0000AC 85*00            [ 3]  170 	sta	*(REGTEMP+0)
      0000AE BD 01 01         [ 5]  171 	lda	0x101,x
                                    172 ;	Raw cost for generated ic 10 : (41, 58.000000) count=1.000000
                                    173 ;	genLabel
                                    174 ;	Raw cost for generated ic 11 : (0, 0.000000) count=1.000000
                                    175 ;	../imaxabs.c: 34: }
                                    176 ;	genEndFunction
                                    177 ;	  adjustStack : cycles stk:38  incdec:26  adc:24
      0000B1 A6*00            [ 3]  178 	ldx	*(REGTEMP+0)
      0000B3 85*01            [ 3]  179 	sta	*(REGTEMP+1)
      0000B5 BA               [ 2]  180 	tsx
      0000B6 8A               [ 2]  181 	txa
      0000B7 18               [ 2]  182 	clc
      0000B8 69 08            [ 2]  183 	adc	#0x08
      0000BA AA               [ 2]  184 	tax
      0000BB 9A               [ 2]  185 	txs
      0000BC A5*01            [ 3]  186 	lda	*(REGTEMP+1)
      0000BE A6*00            [ 3]  187 	ldx	*(REGTEMP+0)
      0000C0 60               [ 6]  188 	rts
                                    189 ;	Raw cost for generated ic 12 : (16, 30.000000) count=1.000000
                                    190 	.area CODE
                                    191 	.area RODATA
                                    192 	.area XINIT
                                    193 	.area CABS    (ABS)
