                                      1 ;--------------------------------------------------------
                                      2 ; File Created by SDCC : free open source ISO C Compiler
                                      3 ; Version 4.5.10 #15691 (Linux)
                                      4 ;--------------------------------------------------------
                                      5 	.module isupper
                                      6 	
                                      7 	.optsdcc -mmos6502
                                      8 
                                      9 ;--------------------------------------------------------
                                     10 ;  Ordering of segments for the linker.
                                     11 ;--------------------------------------------------------
                                     12 	.area ZP      (PAG)
                                     13 	.area OSEG    (PAG, OVR)
                                     14 	.area _CODE
                                     15 	.area GSINIT
                                     16 	.area GSFINAL
                                     17 	.area CODE
                                     18 	.area RODATA
                                     19 	.area XINIT
                                     20 	.area _DATA
                                     21 	.area DATA
                                     22 	.area BSS
                                     23 ;--------------------------------------------------------
                                     24 ; Public variables in this module
                                     25 ;--------------------------------------------------------
                                     26 	.globl _isupper
                                     27 ;--------------------------------------------------------
                                     28 ; ZP ram data
                                     29 ;--------------------------------------------------------
                                     30 	.area ZP      (PAG)
                                     31 ;--------------------------------------------------------
                                     32 ; overlayable items in ram
                                     33 ;--------------------------------------------------------
                                     34 ;--------------------------------------------------------
                                     35 ; uninitialized external ram data
                                     36 ;--------------------------------------------------------
                                     37 	.area BSS
                                     38 ;--------------------------------------------------------
                                     39 ; absolute external ram data
                                     40 ;--------------------------------------------------------
                                     41 	.area DABS    (ABS)
                                     42 ;--------------------------------------------------------
                                     43 ; initialized external ram data
                                     44 ;--------------------------------------------------------
                                     45 	.area DATA
                                     46 ;--------------------------------------------------------
                                     47 ; global & static initialisations
                                     48 ;--------------------------------------------------------
                                     49 	.area _CODE
                                     50 	.area GSINIT
                                     51 	.area GSFINAL
                                     52 	.area GSINIT
                                     53 ;--------------------------------------------------------
                                     54 ; Home
                                     55 ;--------------------------------------------------------
                                     56 	.area _CODE
                                     57 	.area _CODE
                                     58 ;--------------------------------------------------------
                                     59 ; code
                                     60 ;--------------------------------------------------------
                                     61 	.area CODE
                                     62 ;------------------------------------------------------------
                                     63 ;Allocation info for local variables in function 'isupper'
                                     64 ;------------------------------------------------------------
                                     65 ;c             Allocated to registers a x 
                                     66 ;------------------------------------------------------------
                                     67 ;	./../../include/ctype.h: 78: inline int isupper (int c)
                                     68 ;	genLabel
                                     69 ;	Raw cost for generated ic 0 : (0, 0.000000) count=1.000000
                                     70 ;	-----------------------------------------
                                     71 ;	 function isupper
                                     72 ;	-----------------------------------------
                                     73 ;	Register assignment is optimal.
                                     74 ;	Stack space usage: 0 bytes.
      000000                         75 _isupper:
                                     76 ;	Raw cost for generated ic 1 : (0, 0.000000) count=1.000000
                                     77 ;	genReceive
                                     78 ;	Raw cost for generated ic 2 : (0, 0.000000) count=1.000000
                                     79 ;	./../../include/ctype.h: 80: return ((unsigned char)c >= 'A' && (unsigned char)c <= 'Z');
                                     80 ;	genCast
                                     81 ;	genCopy
                                     82 ;	Raw cost for generated ic 3 : (0, 0.000000) count=1.000000
                                     83 ;	genCmp
      000000 C9 41            [ 2]   84 	cmp	#0x41
      000002 90 06            [ 4]   85 	bcc	00103$
                                     86 ;	Raw cost for generated ic 4 : (7, 7.600000) count=1.000000
                                     87 ;	skipping generated iCode
                                     88 ;	Raw cost for generated ic 6 : (0, 0.000000) count=1.000000
                                     89 ;	genCmp
      000004 C9 5A            [ 2]   90 	cmp	#0x5a
      000006 F0 07            [ 4]   91 	beq	00104$
      000008 90 05            [ 4]   92 	bcc	00104$
                                     93 ;	Raw cost for generated ic 8 : (9, 10.200000) count=0.750000
                                     94 ;	skipping generated iCode
                                     95 ;	Raw cost for generated ic 10 : (0, 0.000000) count=0.750000
                                     96 ;	genLabel
      00000A                         97 00103$:
                                     98 ;	Raw cost for generated ic 11 : (0, 0.000000) count=0.812500
                                     99 ;	genAssign
                                    100 ;	genCopy
      00000A A9 00            [ 2]  101 	lda	#0x00
                                    102 ;	Raw cost for generated ic 12 : (2, 2.000000) count=0.812500
                                    103 ;	genGoto
      00000C 4Cr11r00         [ 3]  104 	jmp	00105$
                                    105 ;	Raw cost for generated ic 13 : (3, 3.000000) count=0.812500
                                    106 ;	genLabel
      00000F                        107 00104$:
                                    108 ;	Raw cost for generated ic 14 : (0, 0.000000) count=0.187500
                                    109 ;	genAssign
                                    110 ;	genCopy
      00000F A9 01            [ 2]  111 	lda	#0x01
                                    112 ;	Raw cost for generated ic 15 : (2, 2.000000) count=0.187500
                                    113 ;	genLabel
      000011                        114 00105$:
                                    115 ;	Raw cost for generated ic 16 : (0, 0.000000) count=1.000000
                                    116 ;	genCast
                                    117 ;	genCopy
      000011 A2 00            [ 2]  118 	ldx	#0x00
                                    119 ;	Raw cost for generated ic 17 : (2, 2.000000) count=1.000000
                                    120 ;	genRet
                                    121 ;	Raw cost for generated ic 18 : (0, 0.000000) count=1.000000
                                    122 ;	genLabel
                                    123 ;	Raw cost for generated ic 19 : (0, 0.000000) count=1.000000
                                    124 ;	./../../include/ctype.h: 81: }
                                    125 ;	genEndFunction
      000013 60               [ 6]  126 	rts
                                    127 ;	Raw cost for generated ic 20 : (1, 6.000000) count=1.000000
                                    128 	.area CODE
                                    129 	.area RODATA
                                    130 	.area XINIT
                                    131 	.area CABS    (ABS)
