                                      1 ;--------------------------------------------------------
                                      2 ; File Created by SDCC : free open source ISO C Compiler
                                      3 ; Version 4.5.10 #15691 (Linux)
                                      4 ;--------------------------------------------------------
                                      5 	.module log10f
                                      6 	
                                      7 	.optsdcc -mmos6502
                                      8 
                                      9 ;--------------------------------------------------------
                                     10 ;  Ordering of segments for the linker.
                                     11 ;--------------------------------------------------------
                                     12 	.area ZP      (PAG)
                                     13 	.area OSEG    (PAG, OVR)
                                     14 	.area _CODE
                                     15 	.area GSINIT
                                     16 	.area GSFINAL
                                     17 	.area CODE
                                     18 	.area RODATA
                                     19 	.area XINIT
                                     20 	.area _DATA
                                     21 	.area DATA
                                     22 	.area BSS
                                     23 ;--------------------------------------------------------
                                     24 ; Public variables in this module
                                     25 ;--------------------------------------------------------
                                     26 	.globl _logf
                                     27 	.globl _log10f
                                     28 ;--------------------------------------------------------
                                     29 ; ZP ram data
                                     30 ;--------------------------------------------------------
                                     31 	.area ZP      (PAG)
                                     32 ;--------------------------------------------------------
                                     33 ; overlayable items in ram
                                     34 ;--------------------------------------------------------
                                     35 ;--------------------------------------------------------
                                     36 ; uninitialized external ram data
                                     37 ;--------------------------------------------------------
                                     38 	.area BSS
                                     39 ;--------------------------------------------------------
                                     40 ; absolute external ram data
                                     41 ;--------------------------------------------------------
                                     42 	.area DABS    (ABS)
                                     43 ;--------------------------------------------------------
                                     44 ; initialized external ram data
                                     45 ;--------------------------------------------------------
                                     46 	.area DATA
                                     47 ;--------------------------------------------------------
                                     48 ; global & static initialisations
                                     49 ;--------------------------------------------------------
                                     50 	.area _CODE
                                     51 	.area GSINIT
                                     52 	.area GSFINAL
                                     53 	.area GSINIT
                                     54 ;--------------------------------------------------------
                                     55 ; Home
                                     56 ;--------------------------------------------------------
                                     57 	.area _CODE
                                     58 	.area _CODE
                                     59 ;--------------------------------------------------------
                                     60 ; code
                                     61 ;--------------------------------------------------------
                                     62 	.area CODE
                                     63 ;------------------------------------------------------------
                                     64 ;Allocation info for local variables in function 'log10f'
                                     65 ;------------------------------------------------------------
                                     66 ;x             Allocated to stack - sp +7 +4 
                                     67 ;sloc0         Allocated to stack - sp +1 +4 
                                     68 ;------------------------------------------------------------
                                     69 ;	../log10f.c: 34: float log10f(float x) _FLOAT_FUNC_REENTRANT
                                     70 ;	genLabel
                                     71 ;	Raw cost for generated ic 0 : (0, 0.000000) count=1.000000
                                     72 ;	-----------------------------------------
                                     73 ;	 function log10f
                                     74 ;	-----------------------------------------
                                     75 ;	Register assignment is optimal.
                                     76 ;	Stack space usage: 4 bytes.
      000000                         77 _log10f:
                                     78 ;	  adjustStack : cycles stk:12  incdec:12  adc:12
      000000 48               [ 3]   79 	pha
      000001 48               [ 3]   80 	pha
      000002 48               [ 3]   81 	pha
      000003 48               [ 3]   82 	pha
                                     83 ;	Raw cost for generated ic 1 : (4, 12.000000) count=1.000000
                                     84 ;	../log10f.c: 36: return logf(x)*0.4342944819;
                                     85 ;	genIpush
      000004 BA               [ 2]   86 	tsx
      000005 BD 0A 01         [ 5]   87 	lda	0x10a,x
      000008 48               [ 3]   88 	pha
      000009 BD 09 01         [ 5]   89 	lda	0x109,x
      00000C 48               [ 3]   90 	pha
      00000D BD 08 01         [ 5]   91 	lda	0x108,x
      000010 48               [ 3]   92 	pha
      000011 BD 07 01         [ 5]   93 	lda	0x107,x
      000014 48               [ 3]   94 	pha
                                     95 ;	Raw cost for generated ic 2 : (17, 30.000000) count=1.000000
                                     96 ;	genCall
      000015 20r00r00         [ 6]   97 	jsr	_logf
                                     98 ;	assignResultValue
      000018 86*00            [ 3]   99 	stx	*(REGTEMP+0)
      00001A BA               [ 2]  100 	tsx
      00001B 9D 05 01         [ 5]  101 	sta	0x105,x
      00001E A5*00            [ 3]  102 	lda	*(REGTEMP+0)
      000020 9D 06 01         [ 5]  103 	sta	0x106,x
      000023 A5*00            [ 3]  104 	lda	*___SDCC_m6502_ret2
      000025 9D 07 01         [ 5]  105 	sta	0x107,x
      000028 A5*00            [ 3]  106 	lda	*___SDCC_m6502_ret3
      00002A 9D 08 01         [ 5]  107 	sta	0x108,x
                                    108 ;	  adjustStack : cycles stk:16  incdec:10  adc:10
      00002D E8               [ 2]  109 	inx
      00002E E8               [ 2]  110 	inx
      00002F E8               [ 2]  111 	inx
      000030 E8               [ 2]  112 	inx
      000031 9A               [ 2]  113 	txs
                                    114 ;	Raw cost for generated ic 3 : (29, 50.000000) count=1.000000
                                    115 ;	genIpush
      000032 48               [ 3]  116 	pha
      000033 BD 03 01         [ 5]  117 	lda	0x103,x
      000036 48               [ 3]  118 	pha
      000037 BD 02 01         [ 5]  119 	lda	0x102,x
      00003A 48               [ 3]  120 	pha
      00003B BD 01 01         [ 5]  121 	lda	0x101,x
      00003E 48               [ 3]  122 	pha
                                    123 ;	Raw cost for generated ic 8 : (13, 24.000000) count=1.000000
                                    124 ;	genIpush
      00003F A9 3E            [ 2]  125 	lda	#0x3e
      000041 48               [ 3]  126 	pha
      000042 A9 DE            [ 2]  127 	lda	#0xde
      000044 48               [ 3]  128 	pha
      000045 A9 5B            [ 2]  129 	lda	#0x5b
      000047 48               [ 3]  130 	pha
      000048 A9 D9            [ 2]  131 	lda	#0xd9
      00004A 48               [ 3]  132 	pha
                                    133 ;	Raw cost for generated ic 9 : (12, 20.000000) count=1.000000
                                    134 ;	genCall
      00004B 20r00r00         [ 6]  135 	jsr	___fsmul
                                    136 ;	assignResultValue
      00004E 86*00            [ 3]  137 	stx	*(REGTEMP+0)
      000050 BA               [ 2]  138 	tsx
      000051 9D 09 01         [ 5]  139 	sta	0x109,x
      000054 A5*00            [ 3]  140 	lda	*(REGTEMP+0)
      000056 9D 0A 01         [ 5]  141 	sta	0x10a,x
      000059 A5*00            [ 3]  142 	lda	*___SDCC_m6502_ret2
      00005B 9D 0B 01         [ 5]  143 	sta	0x10b,x
      00005E A5*00            [ 3]  144 	lda	*___SDCC_m6502_ret3
      000060 9D 0C 01         [ 5]  145 	sta	0x10c,x
                                    146 ;	  adjustStack : cycles stk:32  incdec:18  adc:10
      000063 8A               [ 2]  147 	txa
      000064 18               [ 2]  148 	clc
      000065 69 08            [ 2]  149 	adc	#0x08
      000067 AA               [ 2]  150 	tax
      000068 9A               [ 2]  151 	txs
                                    152 ;	Raw cost for generated ic 10 : (30, 50.000000) count=1.000000
                                    153 ;	genRet
      000069 BD 04 01         [ 5]  154 	lda	0x104,x
      00006C 85*00            [ 3]  155 	sta	*___SDCC_m6502_ret3
      00006E BD 03 01         [ 5]  156 	lda	0x103,x
      000071 85*00            [ 3]  157 	sta	*___SDCC_m6502_ret2
      000073 BD 02 01         [ 5]  158 	lda	0x102,x
      000076 85*00            [ 3]  159 	sta	*(REGTEMP+0)
      000078 BD 01 01         [ 5]  160 	lda	0x101,x
                                    161 ;	Raw cost for generated ic 5 : (20, 28.000000) count=1.000000
                                    162 ;	genLabel
                                    163 ;	Raw cost for generated ic 6 : (0, 0.000000) count=1.000000
                                    164 ;	../log10f.c: 37: }
                                    165 ;	genEndFunction
                                    166 ;	  adjustStack : cycles stk:22  incdec:18  adc:24
      00007B BA               [ 2]  167 	tsx
      00007C E8               [ 2]  168 	inx
      00007D E8               [ 2]  169 	inx
      00007E E8               [ 2]  170 	inx
      00007F E8               [ 2]  171 	inx
      000080 9A               [ 2]  172 	txs
      000081 A6*00            [ 3]  173 	ldx	*(REGTEMP+0)
      000083 60               [ 6]  174 	rts
                                    175 ;	Raw cost for generated ic 7 : (11, 24.000000) count=1.000000
                                    176 	.area CODE
                                    177 	.area RODATA
                                    178 	.area XINIT
                                    179 	.area CABS    (ABS)
