                                      1 ;--------------------------------------------------------
                                      2 ; File Created by SDCC : free open source ISO C Compiler
                                      3 ; Version 4.5.10 #15691 (Linux)
                                      4 ;--------------------------------------------------------
                                      5 	.module wcstoull
                                      6 	
                                      7 	.optsdcc -mmos6502
                                      8 
                                      9 ;--------------------------------------------------------
                                     10 ;  Ordering of segments for the linker.
                                     11 ;--------------------------------------------------------
                                     12 	.area ZP      (PAG)
                                     13 	.area OSEG    (PAG, OVR)
                                     14 	.area _CODE
                                     15 	.area GSINIT
                                     16 	.area GSFINAL
                                     17 	.area CODE
                                     18 	.area RODATA
                                     19 	.area XINIT
                                     20 	.area _DATA
                                     21 	.area DATA
                                     22 	.area BSS
                                     23 ;--------------------------------------------------------
                                     24 ; Public variables in this module
                                     25 ;--------------------------------------------------------
                                     26 	.globl _wcsncmp
                                     27 	.globl _wcstoull
                                     28 ;--------------------------------------------------------
                                     29 ; ZP ram data
                                     30 ;--------------------------------------------------------
                                     31 	.area ZP      (PAG)
                                     32 ;--------------------------------------------------------
                                     33 ; overlayable items in ram
                                     34 ;--------------------------------------------------------
                                     35 ;--------------------------------------------------------
                                     36 ; uninitialized external ram data
                                     37 ;--------------------------------------------------------
                                     38 	.area BSS
                                     39 ;--------------------------------------------------------
                                     40 ; absolute external ram data
                                     41 ;--------------------------------------------------------
                                     42 	.area DABS    (ABS)
                                     43 ;--------------------------------------------------------
                                     44 ; initialized external ram data
                                     45 ;--------------------------------------------------------
                                     46 	.area DATA
                                     47 ;--------------------------------------------------------
                                     48 ; global & static initialisations
                                     49 ;--------------------------------------------------------
                                     50 	.area _CODE
                                     51 	.area GSINIT
                                     52 	.area GSFINAL
                                     53 	.area GSINIT
                                     54 ;--------------------------------------------------------
                                     55 ; Home
                                     56 ;--------------------------------------------------------
                                     57 	.area _CODE
                                     58 	.area _CODE
                                     59 ;--------------------------------------------------------
                                     60 ; code
                                     61 ;--------------------------------------------------------
                                     62 	.area CODE
                                     63 ;------------------------------------------------------------
                                     64 ;Allocation info for local variables in function '_isdigit'
                                     65 ;------------------------------------------------------------
                                     66 ;c             Allocated to stack - sp +3 +4 
                                     67 ;base          Allocated to stack - sp +7 +1 
                                     68 ;v             Allocated to registers a 
                                     69 ;------------------------------------------------------------
                                     70 ;	../wcstoull.c: 43: static signed char _isdigit(const wchar_t c, unsigned char base)
                                     71 ;	genLabel
                                     72 ;	Raw cost for generated ic 0 : (0, 0.000000) count=1.000000
                                     73 ;	-----------------------------------------
                                     74 ;	 function _isdigit
                                     75 ;	-----------------------------------------
                                     76 ;	Register assignment is optimal.
                                     77 ;	Stack space usage: 0 bytes.
      000000                         78 __isdigit:
                                     79 ;	Raw cost for generated ic 1 : (0, 0.000000) count=1.000000
                                     80 ;	../wcstoull.c: 47: if (c >= L'0' && c <= L'9')
                                     81 ;	genCmp
      000000 BA               [ 2]   82 	tsx
      000001 BD 03 01         [ 5]   83 	lda	0x103,x
      000004 38               [ 2]   84 	sec
      000005 E9 30            [ 2]   85 	sbc	#0x30
      000007 BD 04 01         [ 5]   86 	lda	0x104,x
      00000A E9 00            [ 2]   87 	sbc	#0x00
      00000C BD 05 01         [ 5]   88 	lda	0x105,x
      00000F E9 00            [ 2]   89 	sbc	#0x00
      000011 BD 06 01         [ 5]   90 	lda	0x106,x
      000014 E9 00            [ 2]   91 	sbc	#0x00
      000016 90 20            [ 4]   92 	bcc	00110$
                                     93 ;	Raw cost for generated ic 2 : (27, 33.599998) count=1.000000
                                     94 ;	skipping generated iCode
                                     95 ;	Raw cost for generated ic 3 : (0, 0.000000) count=1.000000
                                     96 ;	genCmp
      000018 A9 39            [ 2]   97 	lda	#0x39
      00001A 38               [ 2]   98 	sec
      00001B FD 03 01         [ 5]   99 	sbc	0x103,x
      00001E A9 00            [ 2]  100 	lda	#0x00
      000020 FD 04 01         [ 5]  101 	sbc	0x104,x
      000023 A9 00            [ 2]  102 	lda	#0x00
      000025 FD 05 01         [ 5]  103 	sbc	0x105,x
      000028 A9 00            [ 2]  104 	lda	#0x00
      00002A FD 06 01         [ 5]  105 	sbc	0x106,x
      00002D 90 09            [ 4]  106 	bcc	00110$
                                    107 ;	Raw cost for generated ic 6 : (26, 31.600000) count=0.750000
                                    108 ;	skipping generated iCode
                                    109 ;	Raw cost for generated ic 7 : (0, 0.000000) count=0.750000
                                    110 ;	../wcstoull.c: 48: v = c - L'0';
                                    111 ;	genCast
                                    112 ;	genCopy
      00002F BD 03 01         [ 5]  113 	lda	0x103,x
                                    114 ;	Raw cost for generated ic 10 : (3, 4.000000) count=0.562500
                                    115 ;	genMinus
                                    116 ;	  genMinusDec - size=1  icount=48
      000032 38               [ 2]  117 	sec
      000033 E9 30            [ 2]  118 	sbc	#0x30
                                    119 ;	Raw cost for generated ic 11 : (3, 4.000000) count=0.562500
                                    120 ;	genGoto
      000035 4CrABr00         [ 3]  121 	jmp	00111$
                                    122 ;	Raw cost for generated ic 13 : (3, 3.000000) count=0.562500
                                    123 ;	genLabel
      000038                        124 00110$:
                                    125 ;	Raw cost for generated ic 14 : (0, 0.000000) count=0.437500
                                    126 ;	../wcstoull.c: 49: else if (c >= L'a' && c <= L'z')
                                    127 ;	genCmp
      000038 BA               [ 2]  128 	tsx
      000039 BD 03 01         [ 5]  129 	lda	0x103,x
      00003C 38               [ 2]  130 	sec
      00003D E9 61            [ 2]  131 	sbc	#0x61
      00003F BD 04 01         [ 5]  132 	lda	0x104,x
      000042 E9 00            [ 2]  133 	sbc	#0x00
      000044 BD 05 01         [ 5]  134 	lda	0x105,x
      000047 E9 00            [ 2]  135 	sbc	#0x00
      000049 BD 06 01         [ 5]  136 	lda	0x106,x
      00004C E9 00            [ 2]  137 	sbc	#0x00
      00004E 90 20            [ 4]  138 	bcc	00106$
                                    139 ;	Raw cost for generated ic 15 : (27, 33.599998) count=0.437500
                                    140 ;	skipping generated iCode
                                    141 ;	Raw cost for generated ic 16 : (0, 0.000000) count=0.437500
                                    142 ;	genCmp
      000050 A9 7A            [ 2]  143 	lda	#0x7a
      000052 38               [ 2]  144 	sec
      000053 FD 03 01         [ 5]  145 	sbc	0x103,x
      000056 A9 00            [ 2]  146 	lda	#0x00
      000058 FD 04 01         [ 5]  147 	sbc	0x104,x
      00005B A9 00            [ 2]  148 	lda	#0x00
      00005D FD 05 01         [ 5]  149 	sbc	0x105,x
      000060 A9 00            [ 2]  150 	lda	#0x00
      000062 FD 06 01         [ 5]  151 	sbc	0x106,x
      000065 90 09            [ 4]  152 	bcc	00106$
                                    153 ;	Raw cost for generated ic 19 : (26, 31.600000) count=0.328125
                                    154 ;	skipping generated iCode
                                    155 ;	Raw cost for generated ic 20 : (0, 0.000000) count=0.328125
                                    156 ;	../wcstoull.c: 50: v = c - L'a' + 10;
                                    157 ;	genCast
                                    158 ;	genCopy
      000067 BD 03 01         [ 5]  159 	lda	0x103,x
                                    160 ;	Raw cost for generated ic 23 : (3, 4.000000) count=0.246094
                                    161 ;	genCast
                                    162 ;	genCopy
                                    163 ;	Raw cost for generated ic 24 : (0, 0.000000) count=0.246094
                                    164 ;	genPlus
                                    165 ;	  genPlusInc
      00006A 18               [ 2]  166 	clc
      00006B 69 A9            [ 2]  167 	adc	#0xa9
                                    168 ;	Raw cost for generated ic 25 : (3, 4.000000) count=0.246094
                                    169 ;	genGoto
      00006D 4CrABr00         [ 3]  170 	jmp	00111$
                                    171 ;	Raw cost for generated ic 27 : (3, 3.000000) count=0.246094
                                    172 ;	genLabel
      000070                        173 00106$:
                                    174 ;	Raw cost for generated ic 28 : (0, 0.000000) count=0.191406
                                    175 ;	../wcstoull.c: 51: else if (c >= L'A' && c <= L'Z')
                                    176 ;	genCmp
      000070 BA               [ 2]  177 	tsx
      000071 BD 03 01         [ 5]  178 	lda	0x103,x
      000074 38               [ 2]  179 	sec
      000075 E9 41            [ 2]  180 	sbc	#0x41
      000077 BD 04 01         [ 5]  181 	lda	0x104,x
      00007A E9 00            [ 2]  182 	sbc	#0x00
      00007C BD 05 01         [ 5]  183 	lda	0x105,x
      00007F E9 00            [ 2]  184 	sbc	#0x00
      000081 BD 06 01         [ 5]  185 	lda	0x106,x
      000084 E9 00            [ 2]  186 	sbc	#0x00
      000086 90 20            [ 4]  187 	bcc	00102$
                                    188 ;	Raw cost for generated ic 29 : (27, 33.599998) count=0.191406
                                    189 ;	skipping generated iCode
                                    190 ;	Raw cost for generated ic 30 : (0, 0.000000) count=0.191406
                                    191 ;	genCmp
      000088 A9 5A            [ 2]  192 	lda	#0x5a
      00008A 38               [ 2]  193 	sec
      00008B FD 03 01         [ 5]  194 	sbc	0x103,x
      00008E A9 00            [ 2]  195 	lda	#0x00
      000090 FD 04 01         [ 5]  196 	sbc	0x104,x
      000093 A9 00            [ 2]  197 	lda	#0x00
      000095 FD 05 01         [ 5]  198 	sbc	0x105,x
      000098 A9 00            [ 2]  199 	lda	#0x00
      00009A FD 06 01         [ 5]  200 	sbc	0x106,x
      00009D 90 09            [ 4]  201 	bcc	00102$
                                    202 ;	Raw cost for generated ic 33 : (26, 31.600000) count=0.143555
                                    203 ;	skipping generated iCode
                                    204 ;	Raw cost for generated ic 34 : (0, 0.000000) count=0.143555
                                    205 ;	../wcstoull.c: 52: v = c - L'A' + 10;
                                    206 ;	genCast
                                    207 ;	genCopy
      00009F BD 03 01         [ 5]  208 	lda	0x103,x
                                    209 ;	Raw cost for generated ic 37 : (3, 4.000000) count=0.107666
                                    210 ;	genCast
                                    211 ;	genCopy
                                    212 ;	Raw cost for generated ic 38 : (0, 0.000000) count=0.107666
                                    213 ;	genPlus
                                    214 ;	  genPlusInc
      0000A2 18               [ 2]  215 	clc
      0000A3 69 C9            [ 2]  216 	adc	#0xc9
                                    217 ;	Raw cost for generated ic 39 : (3, 4.000000) count=0.107666
                                    218 ;	genGoto
      0000A5 4CrABr00         [ 3]  219 	jmp	00111$
                                    220 ;	Raw cost for generated ic 41 : (3, 3.000000) count=0.107666
                                    221 ;	genLabel
      0000A8                        222 00102$:
                                    223 ;	Raw cost for generated ic 42 : (0, 0.000000) count=0.083740
                                    224 ;	../wcstoull.c: 54: return (-1);
                                    225 ;	genRet
      0000A8 A9 FF            [ 2]  226 	lda	#0xff
      0000AA 60               [ 6]  227 	rts
                                    228 ;	Raw cost for generated ic 43 : (5, 5.000000) count=0.083740
                                    229 ;	genLabel
      0000AB                        230 00111$:
                                    231 ;	Raw cost for generated ic 46 : (0, 0.000000) count=1.000000
                                    232 ;	../wcstoull.c: 56: if (v >= base)
                                    233 ;	genCmp
      0000AB BA               [ 2]  234 	tsx
      0000AC DD 07 01         [ 5]  235 	cmp	0x107,x
      0000AF 90 02            [ 4]  236 	bcc	00114$
                                    237 ;	Raw cost for generated ic 47 : (9, 11.600000) count=1.000000
                                    238 ;	skipping generated iCode
                                    239 ;	Raw cost for generated ic 48 : (0, 0.000000) count=1.000000
                                    240 ;	../wcstoull.c: 57: return (-1);
                                    241 ;	genRet
      0000B1 A9 FF            [ 2]  242 	lda	#0xff
                                    243 ;	Raw cost for generated ic 51 : (5, 5.000000) count=0.750000
                                    244 ;	genLabel
                                    245 ;	Raw cost for generated ic 52 : (0, 0.000000) count=1.000000
                                    246 ;	../wcstoull.c: 59: return (v);
                                    247 ;	genRet
                                    248 ;	Raw cost for generated ic 53 : (0, 0.000000) count=1.000000
                                    249 ;	genLabel
                                    250 ;	Raw cost for generated ic 54 : (0, 0.000000) count=1.000000
                                    251 ;	../wcstoull.c: 60: }
                                    252 ;	genEndFunction
      0000B3                        253 00114$:
      0000B3 60               [ 6]  254 	rts
                                    255 ;	Raw cost for generated ic 55 : (1, 6.000000) count=1.000000
                                    256 ;------------------------------------------------------------
                                    257 ;Allocation info for local variables in function 'wcstoull'
                                    258 ;------------------------------------------------------------
                                    259 ;endptr        Allocated to stack - sp +44 +2 
                                    260 ;base          Allocated to stack - sp +46 +2 
                                    261 ;nptr          Allocated to stack - sp +40 +2 
                                    262 ;__200000005   Allocated to registers 
                                    263 ;ptr           Allocated to stack - sp +38 +2 
                                    264 ;ret           Allocated to stack - sp +9 +8 
                                    265 ;range_error   Allocated to stack - sp +37 +1 
                                    266 ;neg           Allocated to stack - sp +36 +1 
                                    267 ;b             Allocated to stack - sp +35 +1 
                                    268 ;__200000006   Allocated to stack - sp +21 +4 
                                    269 ;c             Allocated to stack - sp +17 +4 
                                    270 ;digit         Allocated to registers y 
                                    271 ;oldret        Allocated to stack - sp +1 +8 
                                    272 ;sloc0         Allocated to stack - sp +33 +2 
                                    273 ;sloc1         Allocated to stack - sp +29 +4 
                                    274 ;sloc2         Allocated to stack - sp +25 +4 
                                    275 ;sloc3         Allocated to stack - sp +17 +8 
                                    276 ;------------------------------------------------------------
                                    277 ;	../wcstoull.c: 64: unsigned long long int wcstoull(const wchar_t *nptr, wchar_t **endptr, int base)
                                    278 ;	genLabel
                                    279 ;	Raw cost for generated ic 0 : (0, 0.000000) count=1.000000
                                    280 ;	-----------------------------------------
                                    281 ;	 function wcstoull
                                    282 ;	-----------------------------------------
                                    283 ;	Register assignment might be sub-optimal.
                                    284 ;	Stack space usage: 41 bytes.
      0000B4                        285 _wcstoull:
                                    286 ;	genReceive: size=2
                                    287 ;	pushreg: ofs=1
      0000B4 85*00            [ 3]  288 	sta	*(REGTEMP+0)
      0000B6 8A               [ 2]  289 	txa
      0000B7 48               [ 3]  290 	pha
      0000B8 A5*00            [ 3]  291 	lda	*(REGTEMP+0)
                                    292 ;	pushreg: ofs=0
      0000BA 48               [ 3]  293 	pha
                                    294 ;	  adjustStack : cycles stk:117  incdec:82  adc:12
      0000BB BA               [ 2]  295 	tsx
      0000BC 8A               [ 2]  296 	txa
      0000BD 18               [ 2]  297 	clc
      0000BE 69 D9            [ 2]  298 	adc	#0xd9
      0000C0 AA               [ 2]  299 	tax
      0000C1 9A               [ 2]  300 	txs
                                    301 ;	Raw cost for generated ic 1 : (14, 26.000000) count=1.000000
                                    302 ;	skipping generated iCode
                                    303 ;	Raw cost for generated ic 2 : (0, 0.000000) count=1.000000
                                    304 ;	../wcstoull.c: 68: bool range_error = false;
                                    305 ;	genAssign
                                    306 ;	genAssignLit
      0000C2 A9 00            [ 2]  307 	lda	#0x00
      0000C4 9D 25 01         [ 5]  308 	sta	0x125,x
                                    309 ;	Raw cost for generated ic 4 : (5, 7.000000) count=1.000000
                                    310 ;	../wcstoull.c: 69: bool neg = false;
                                    311 ;	genAssign
                                    312 ;	genAssignLit
      0000C7 9D 24 01         [ 5]  313 	sta	0x124,x
                                    314 ;	Raw cost for generated ic 5 : (3, 5.000000) count=1.000000
                                    315 ;	../wcstoull.c: 70: unsigned char b = base;
                                    316 ;	genCast
                                    317 ;	genCopy
      0000CA BD 2E 01         [ 5]  318 	lda	0x12e,x
      0000CD 9D 23 01         [ 5]  319 	sta	0x123,x
                                    320 ;	Raw cost for generated ic 6 : (6, 9.000000) count=1.000000
                                    321 ;	../wcstoull.c: 72: while (iswblank (*ptr))
                                    322 ;	genAssign
                                    323 ;	genCopy
      0000D0 BD 29 01         [ 5]  324 	lda	0x129,x
      0000D3 9D 22 01         [ 5]  325 	sta	0x122,x
      0000D6 BD 28 01         [ 5]  326 	lda	0x128,x
      0000D9 9D 21 01         [ 5]  327 	sta	0x121,x
                                    328 ;	Raw cost for generated ic 246 : (12, 18.000000) count=1.000000
                                    329 ;	genLabel
      0000DC                        330 00101$:
                                    331 ;	Raw cost for generated ic 8 : (0, 0.000000) count=5.333324
                                    332 ;	genPointerGet
                                    333 ;	  setupDPTR - off=0 remat=(null) savea=0
      0000DC BA               [ 2]  334 	tsx
      0000DD BD 21 01         [ 5]  335 	lda	0x121,x
      0000E0 85*00            [ 3]  336 	sta	*(DPTR+0)
      0000E2 BD 22 01         [ 5]  337 	lda	0x122,x
      0000E5 85*01            [ 3]  338 	sta	*(DPTR+1)
      0000E7 A0 00            [ 2]  339 	ldy	#0x00
      0000E9 B1*00            [ 6]  340 	lda	[DPTR],y
      0000EB 9D 1D 01         [ 5]  341 	sta	0x11d,x
      0000EE C8               [ 2]  342 	iny
      0000EF B1*00            [ 6]  343 	lda	[DPTR],y
      0000F1 9D 1E 01         [ 5]  344 	sta	0x11e,x
      0000F4 C8               [ 2]  345 	iny
      0000F5 B1*00            [ 6]  346 	lda	[DPTR],y
      0000F7 9D 1F 01         [ 5]  347 	sta	0x11f,x
      0000FA C8               [ 2]  348 	iny
      0000FB B1*00            [ 6]  349 	lda	[DPTR],y
      0000FD 9D 20 01         [ 5]  350 	sta	0x120,x
                                    351 ;	Raw cost for generated ic 10 : (36, 64.000000) count=5.333324
                                    352 ;	./../../include/wchar.h: 63: return ((wchar_t)c == L' ' || (wchar_t)c == L'\t');
                                    353 ;	genCmpEQorNE
      000100 BD 1D 01         [ 5]  354 	lda	0x11d,x
      000103 C9 20            [ 2]  355 	cmp	#0x20
      000105 D0 0F            [ 4]  356 	bne	00279$
      000107 BD 1E 01         [ 5]  357 	lda	0x11e,x
      00010A D0 0A            [ 4]  358 	bne	00279$
      00010C BD 1F 01         [ 5]  359 	lda	0x11f,x
      00010F D0 05            [ 4]  360 	bne	00279$
      000111 BD 20 01         [ 5]  361 	lda	0x120,x
      000114 F0 16            [ 4]  362 	beq	00149$
      000116                        363 00279$:
                                    364 ;	Raw cost for generated ic 13 : (34, 40.400002) count=5.333324
                                    365 ;	skipping generated iCode
                                    366 ;	Raw cost for generated ic 14 : (0, 0.000000) count=5.333324
                                    367 ;	genCmpEQorNE
      000116 BD 1D 01         [ 5]  368 	lda	0x11d,x
      000119 C9 09            [ 2]  369 	cmp	#0x09
      00011B D0 24            [ 4]  370 	bne	00175$
      00011D BD 1E 01         [ 5]  371 	lda	0x11e,x
      000120 D0 1F            [ 4]  372 	bne	00175$
      000122 BD 1F 01         [ 5]  373 	lda	0x11f,x
      000125 D0 1A            [ 4]  374 	bne	00175$
      000127 BD 20 01         [ 5]  375 	lda	0x120,x
      00012A D0 15            [ 4]  376 	bne	00175$
                                    377 ;	Raw cost for generated ic 15 : (34, 40.400002) count=3.999992
                                    378 ;	skipping generated iCode
                                    379 ;	Raw cost for generated ic 16 : (0, 0.000000) count=3.999992
                                    380 ;	genLabel
      00012C                        381 00149$:
                                    382 ;	Raw cost for generated ic 20 : (0, 0.000000) count=4.333324
                                    383 ;	../wcstoull.c: 73: ptr++;
                                    384 ;	genPlus
                                    385 ;	  genPlusInc
      00012C BA               [ 2]  386 	tsx
      00012D BD 21 01         [ 5]  387 	lda	0x121,x
      000130 18               [ 2]  388 	clc
      000131 69 04            [ 2]  389 	adc	#0x04
      000133 9D 21 01         [ 5]  390 	sta	0x121,x
      000136 BD 22 01         [ 5]  391 	lda	0x122,x
      000139 69 00            [ 2]  392 	adc	#0x00
      00013B 9D 22 01         [ 5]  393 	sta	0x122,x
                                    394 ;	Raw cost for generated ic 31 : (18, 26.000000) count=4.333324
                                    395 ;	genGoto
      00013E 4CrDCr00         [ 3]  396 	jmp	00101$
                                    397 ;	Raw cost for generated ic 33 : (3, 3.000000) count=4.333324
                                    398 ;	genLabel
      000141                        399 00175$:
                                    400 ;	Raw cost for generated ic 247 : (0, 0.000000) count=0.999997
                                    401 ;	genAssign
                                    402 ;	genCopy
      000141 BA               [ 2]  403 	tsx
      000142 BD 22 01         [ 5]  404 	lda	0x122,x
      000145 9D 27 01         [ 5]  405 	sta	0x127,x
                                    406 ;	Raw cost for generated ic 248 : (13, 20.000000) count=0.999997
                                    407 ;	../wcstoull.c: 76: switch(*ptr)
                                    408 ;	genPointerGet
                                    409 ;	  setupDPTR - off=0 remat=(null) savea=0
      000148 BD 21 01         [ 5]  410 	lda	0x121,x
      00014B 9D 26 01         [ 5]  411 	sta	0x126,x
      00014E 85*00            [ 3]  412 	sta	*(DPTR+0)
      000150 BD 22 01         [ 5]  413 	lda	0x122,x
      000153 85*01            [ 3]  414 	sta	*(DPTR+1)
      000155 A0 00            [ 2]  415 	ldy	#0x00
      000157 B1*00            [ 6]  416 	lda	[DPTR],y
      000159 9D 1D 01         [ 5]  417 	sta	0x11d,x
      00015C C8               [ 2]  418 	iny
      00015D B1*00            [ 6]  419 	lda	[DPTR],y
      00015F 9D 1E 01         [ 5]  420 	sta	0x11e,x
      000162 C8               [ 2]  421 	iny
      000163 B1*00            [ 6]  422 	lda	[DPTR],y
      000165 9D 1F 01         [ 5]  423 	sta	0x11f,x
      000168 C8               [ 2]  424 	iny
      000169 B1*00            [ 6]  425 	lda	[DPTR],y
      00016B 9D 20 01         [ 5]  426 	sta	0x120,x
                                    427 ;	Raw cost for generated ic 36 : (35, 62.000000) count=0.999997
                                    428 ;	genCmpEQorNE
      00016E BD 1D 01         [ 5]  429 	lda	0x11d,x
      000171 C9 2B            [ 2]  430 	cmp	#0x2b
      000173 D0 0F            [ 4]  431 	bne	00288$
      000175 BD 1E 01         [ 5]  432 	lda	0x11e,x
      000178 D0 0A            [ 4]  433 	bne	00288$
      00017A BD 1F 01         [ 5]  434 	lda	0x11f,x
      00017D D0 05            [ 4]  435 	bne	00288$
      00017F BD 20 01         [ 5]  436 	lda	0x120,x
      000182 F0 1B            [ 4]  437 	beq	00105$
      000184                        438 00288$:
                                    439 ;	Raw cost for generated ic 37 : (34, 40.400002) count=0.999997
                                    440 ;	skipping generated iCode
                                    441 ;	Raw cost for generated ic 38 : (0, 0.000000) count=0.999997
                                    442 ;	genCmpEQorNE
      000184 BD 1D 01         [ 5]  443 	lda	0x11d,x
      000187 C9 2D            [ 2]  444 	cmp	#0x2d
      000189 D0 26            [ 4]  445 	bne	00106$
      00018B BD 1E 01         [ 5]  446 	lda	0x11e,x
      00018E D0 21            [ 4]  447 	bne	00106$
      000190 BD 1F 01         [ 5]  448 	lda	0x11f,x
      000193 D0 1C            [ 4]  449 	bne	00106$
      000195 BD 20 01         [ 5]  450 	lda	0x120,x
      000198 D0 17            [ 4]  451 	bne	00106$
                                    452 ;	Raw cost for generated ic 39 : (34, 40.400002) count=0.749996
                                    453 ;	skipping generated iCode
                                    454 ;	Raw cost for generated ic 40 : (0, 0.000000) count=0.749996
                                    455 ;	../wcstoull.c: 79: neg = true;
                                    456 ;	genAssign
                                    457 ;	genAssignLit
      00019A A9 01            [ 2]  458 	lda	#0x01
      00019C 9D 24 01         [ 5]  459 	sta	0x124,x
                                    460 ;	Raw cost for generated ic 43 : (5, 7.000000) count=0.562496
                                    461 ;	../wcstoull.c: 80: case L'+':
                                    462 ;	genLabel
      00019F                        463 00105$:
                                    464 ;	Raw cost for generated ic 44 : (0, 0.000000) count=0.812494
                                    465 ;	../wcstoull.c: 81: ptr++;
                                    466 ;	genPlus
                                    467 ;	  genPlusInc
      00019F BA               [ 2]  468 	tsx
      0001A0 BD 26 01         [ 5]  469 	lda	0x126,x
      0001A3 18               [ 2]  470 	clc
      0001A4 69 04            [ 2]  471 	adc	#0x04
      0001A6 9D 26 01         [ 5]  472 	sta	0x126,x
      0001A9 BD 27 01         [ 5]  473 	lda	0x127,x
      0001AC 69 00            [ 2]  474 	adc	#0x00
      0001AE 9D 27 01         [ 5]  475 	sta	0x127,x
                                    476 ;	Raw cost for generated ic 46 : (18, 26.000000) count=0.812494
                                    477 ;	../wcstoull.c: 82: }
                                    478 ;	genLabel
      0001B1                        479 00106$:
                                    480 ;	Raw cost for generated ic 48 : (0, 0.000000) count=0.999993
                                    481 ;	../wcstoull.c: 85: if (!b)
                                    482 ;	genIfx
      0001B1 BA               [ 2]  483 	tsx
      0001B2 BD 23 01         [ 5]  484 	lda	0x123,x
                                    485 ;	genIfxJump : z
      0001B5 F0 03            [ 4]  486 	beq	00297$
      0001B7 4CrEDr02         [ 3]  487 	jmp	00128$
      0001BA                        488 00297$:
                                    489 ;	Raw cost for generated ic 49 : (9, 11.600000) count=0.999993
                                    490 ;	../wcstoull.c: 87: if (!wcsncmp (ptr, L"0x", 2) || !wcsncmp (ptr, L"0X", 2))
                                    491 ;	skipping iCode since result will be rematerialized
                                    492 ;	Raw cost for generated ic 52 : (0, 0.000000) count=0.749995
                                    493 ;	skipping iCode since result will be rematerialized
                                    494 ;	Raw cost for generated ic 53 : (0, 0.000000) count=0.749995
                                    495 ;	genIpush
      0001BA A9 00            [ 2]  496 	lda	#0x00
      0001BC 48               [ 3]  497 	pha
      0001BD A9 02            [ 2]  498 	lda	#0x02
      0001BF 48               [ 3]  499 	pha
                                    500 ;	Raw cost for generated ic 54 : (6, 10.000000) count=0.749995
                                    501 ;	genIpush
      0001C0 A9s00            [ 2]  502 	lda	#>___str_0
      0001C2 48               [ 3]  503 	pha
      0001C3 A9r00            [ 2]  504 	lda	#___str_0
      0001C5 48               [ 3]  505 	pha
                                    506 ;	Raw cost for generated ic 55 : (6, 10.000000) count=0.749995
                                    507 ;	Raw cost for generated ic 56 : (0, 0.000000) count=0.749995
                                    508 ;	genCall
                                    509 ;	genSend
      0001C6 BD 26 01         [ 5]  510 	lda	0x126,x
      0001C9 A8               [ 2]  511 	tay
      0001CA BD 27 01         [ 5]  512 	lda	0x127,x
      0001CD AA               [ 2]  513 	tax
      0001CE 98               [ 2]  514 	tya
      0001CF 20r00r00         [ 6]  515 	jsr	_wcsncmp
                                    516 ;	assignResultValue
                                    517 ;	  adjustStack : cycles stk:22  incdec:18  adc:24
      0001D2 86*00            [ 3]  518 	stx	*(REGTEMP+0)
      0001D4 BA               [ 2]  519 	tsx
      0001D5 E8               [ 2]  520 	inx
      0001D6 E8               [ 2]  521 	inx
      0001D7 E8               [ 2]  522 	inx
      0001D8 E8               [ 2]  523 	inx
      0001D9 9A               [ 2]  524 	txs
      0001DA A6*00            [ 3]  525 	ldx	*(REGTEMP+0)
                                    526 ;	Raw cost for generated ic 57 : (22, 38.000000) count=0.749995
                                    527 ;	genIfx
                                    528 ;	genIfxJump : z
      0001DC D0 04            [ 4]  529 	bne	00299$
      0001DE C9 00            [ 2]  530 	cmp	#0x00
      0001E0 F0 29            [ 4]  531 	beq	00114$
      0001E2                        532 00299$:
                                    533 ;	Raw cost for generated ic 58 : (9, 10.200000) count=0.749995
                                    534 ;	skipping iCode since result will be rematerialized
                                    535 ;	Raw cost for generated ic 61 : (0, 0.000000) count=0.562496
                                    536 ;	skipping iCode since result will be rematerialized
                                    537 ;	Raw cost for generated ic 62 : (0, 0.000000) count=0.562496
                                    538 ;	genIpush
      0001E2 A9 00            [ 2]  539 	lda	#0x00
      0001E4 48               [ 3]  540 	pha
      0001E5 A9 02            [ 2]  541 	lda	#0x02
      0001E7 48               [ 3]  542 	pha
                                    543 ;	Raw cost for generated ic 63 : (6, 10.000000) count=0.562496
                                    544 ;	genIpush
      0001E8 A9s00            [ 2]  545 	lda	#>___str_1
      0001EA 48               [ 3]  546 	pha
      0001EB A9r0C            [ 2]  547 	lda	#___str_1
      0001ED 48               [ 3]  548 	pha
                                    549 ;	Raw cost for generated ic 64 : (6, 10.000000) count=0.562496
                                    550 ;	Raw cost for generated ic 65 : (0, 0.000000) count=0.562496
                                    551 ;	genCall
                                    552 ;	genSend
      0001EE BA               [ 2]  553 	tsx
      0001EF BD 2A 01         [ 5]  554 	lda	0x12a,x
      0001F2 A8               [ 2]  555 	tay
      0001F3 BD 2B 01         [ 5]  556 	lda	0x12b,x
      0001F6 AA               [ 2]  557 	tax
      0001F7 98               [ 2]  558 	tya
      0001F8 20r00r00         [ 6]  559 	jsr	_wcsncmp
                                    560 ;	assignResultValue
                                    561 ;	  adjustStack : cycles stk:22  incdec:18  adc:24
      0001FB 86*00            [ 3]  562 	stx	*(REGTEMP+0)
      0001FD BA               [ 2]  563 	tsx
      0001FE E8               [ 2]  564 	inx
      0001FF E8               [ 2]  565 	inx
      000200 E8               [ 2]  566 	inx
      000201 E8               [ 2]  567 	inx
      000202 9A               [ 2]  568 	txs
      000203 A6*00            [ 3]  569 	ldx	*(REGTEMP+0)
                                    570 ;	Raw cost for generated ic 66 : (23, 40.000000) count=0.562496
                                    571 ;	genIfx
                                    572 ;	genIfxJump : z
      000205 D0 1E            [ 4]  573 	bne	00115$
      000207 C9 00            [ 2]  574 	cmp	#0x00
      000209 D0 1A            [ 4]  575 	bne	00115$
                                    576 ;	Raw cost for generated ic 67 : (9, 10.200000) count=0.562496
                                    577 ;	genLabel
      00020B                        578 00114$:
                                    579 ;	Raw cost for generated ic 69 : (0, 0.000000) count=0.609371
                                    580 ;	../wcstoull.c: 89: b = 16;
                                    581 ;	genAssign
                                    582 ;	genAssignLit
      00020B A9 10            [ 2]  583 	lda	#0x10
      00020D BA               [ 2]  584 	tsx
      00020E 9D 23 01         [ 5]  585 	sta	0x123,x
                                    586 ;	Raw cost for generated ic 70 : (6, 9.000000) count=0.609371
                                    587 ;	../wcstoull.c: 90: ptr += 2;
                                    588 ;	genPlus
                                    589 ;	  genPlusInc
      000211 BD 26 01         [ 5]  590 	lda	0x126,x
      000214 18               [ 2]  591 	clc
      000215 69 08            [ 2]  592 	adc	#0x08
      000217 9D 26 01         [ 5]  593 	sta	0x126,x
      00021A BD 27 01         [ 5]  594 	lda	0x127,x
      00021D 69 00            [ 2]  595 	adc	#0x00
      00021F 9D 27 01         [ 5]  596 	sta	0x127,x
                                    597 ;	Raw cost for generated ic 71 : (17, 24.000000) count=0.609371
                                    598 ;	genGoto
      000222 4CrC6r03         [ 3]  599 	jmp	00129$
                                    600 ;	Raw cost for generated ic 73 : (3, 3.000000) count=0.609371
                                    601 ;	genLabel
      000225                        602 00115$:
                                    603 ;	Raw cost for generated ic 74 : (0, 0.000000) count=0.140623
                                    604 ;	../wcstoull.c: 92: else if (!wcsncmp (ptr, L"0b", 2) || !wcsncmp (ptr, L"0B", 2))
                                    605 ;	skipping iCode since result will be rematerialized
                                    606 ;	Raw cost for generated ic 75 : (0, 0.000000) count=0.140623
                                    607 ;	skipping iCode since result will be rematerialized
                                    608 ;	Raw cost for generated ic 76 : (0, 0.000000) count=0.140623
                                    609 ;	genIpush
      000225 A9 00            [ 2]  610 	lda	#0x00
      000227 48               [ 3]  611 	pha
      000228 A9 02            [ 2]  612 	lda	#0x02
      00022A 48               [ 3]  613 	pha
                                    614 ;	Raw cost for generated ic 77 : (6, 10.000000) count=0.140623
                                    615 ;	genIpush
      00022B A9s00            [ 2]  616 	lda	#>___str_2
      00022D 48               [ 3]  617 	pha
      00022E A9r18            [ 2]  618 	lda	#___str_2
      000230 48               [ 3]  619 	pha
                                    620 ;	Raw cost for generated ic 78 : (6, 10.000000) count=0.140623
                                    621 ;	Raw cost for generated ic 79 : (0, 0.000000) count=0.140623
                                    622 ;	genCall
                                    623 ;	genSend
      000231 BA               [ 2]  624 	tsx
      000232 BD 2A 01         [ 5]  625 	lda	0x12a,x
      000235 A8               [ 2]  626 	tay
      000236 BD 2B 01         [ 5]  627 	lda	0x12b,x
      000239 AA               [ 2]  628 	tax
      00023A 98               [ 2]  629 	tya
      00023B 20r00r00         [ 6]  630 	jsr	_wcsncmp
                                    631 ;	assignResultValue
                                    632 ;	  adjustStack : cycles stk:22  incdec:18  adc:24
      00023E 86*00            [ 3]  633 	stx	*(REGTEMP+0)
      000240 BA               [ 2]  634 	tsx
      000241 E8               [ 2]  635 	inx
      000242 E8               [ 2]  636 	inx
      000243 E8               [ 2]  637 	inx
      000244 E8               [ 2]  638 	inx
      000245 9A               [ 2]  639 	txs
      000246 A6*00            [ 3]  640 	ldx	*(REGTEMP+0)
                                    641 ;	Raw cost for generated ic 80 : (23, 40.000000) count=0.140623
                                    642 ;	genIfx
                                    643 ;	genIfxJump : z
      000248 D0 04            [ 4]  644 	bne	00303$
      00024A C9 00            [ 2]  645 	cmp	#0x00
      00024C F0 29            [ 4]  646 	beq	00110$
      00024E                        647 00303$:
                                    648 ;	Raw cost for generated ic 81 : (9, 10.200000) count=0.140623
                                    649 ;	skipping iCode since result will be rematerialized
                                    650 ;	Raw cost for generated ic 84 : (0, 0.000000) count=0.105467
                                    651 ;	skipping iCode since result will be rematerialized
                                    652 ;	Raw cost for generated ic 85 : (0, 0.000000) count=0.105467
                                    653 ;	genIpush
      00024E A9 00            [ 2]  654 	lda	#0x00
      000250 48               [ 3]  655 	pha
      000251 A9 02            [ 2]  656 	lda	#0x02
      000253 48               [ 3]  657 	pha
                                    658 ;	Raw cost for generated ic 86 : (6, 10.000000) count=0.105467
                                    659 ;	genIpush
      000254 A9s00            [ 2]  660 	lda	#>___str_3
      000256 48               [ 3]  661 	pha
      000257 A9r24            [ 2]  662 	lda	#___str_3
      000259 48               [ 3]  663 	pha
                                    664 ;	Raw cost for generated ic 87 : (6, 10.000000) count=0.105467
                                    665 ;	Raw cost for generated ic 88 : (0, 0.000000) count=0.105467
                                    666 ;	genCall
                                    667 ;	genSend
      00025A BA               [ 2]  668 	tsx
      00025B BD 2A 01         [ 5]  669 	lda	0x12a,x
      00025E A8               [ 2]  670 	tay
      00025F BD 2B 01         [ 5]  671 	lda	0x12b,x
      000262 AA               [ 2]  672 	tax
      000263 98               [ 2]  673 	tya
      000264 20r00r00         [ 6]  674 	jsr	_wcsncmp
                                    675 ;	assignResultValue
                                    676 ;	  adjustStack : cycles stk:22  incdec:18  adc:24
      000267 86*00            [ 3]  677 	stx	*(REGTEMP+0)
      000269 BA               [ 2]  678 	tsx
      00026A E8               [ 2]  679 	inx
      00026B E8               [ 2]  680 	inx
      00026C E8               [ 2]  681 	inx
      00026D E8               [ 2]  682 	inx
      00026E 9A               [ 2]  683 	txs
      00026F A6*00            [ 3]  684 	ldx	*(REGTEMP+0)
                                    685 ;	Raw cost for generated ic 89 : (23, 40.000000) count=0.105467
                                    686 ;	genIfx
                                    687 ;	genIfxJump : z
      000271 D0 1E            [ 4]  688 	bne	00111$
      000273 C9 00            [ 2]  689 	cmp	#0x00
      000275 D0 1A            [ 4]  690 	bne	00111$
                                    691 ;	Raw cost for generated ic 90 : (9, 10.200000) count=0.105467
                                    692 ;	genLabel
      000277                        693 00110$:
                                    694 ;	Raw cost for generated ic 92 : (0, 0.000000) count=0.114256
                                    695 ;	../wcstoull.c: 94: b = 2;
                                    696 ;	genAssign
                                    697 ;	genAssignLit
      000277 A9 02            [ 2]  698 	lda	#0x02
      000279 BA               [ 2]  699 	tsx
      00027A 9D 23 01         [ 5]  700 	sta	0x123,x
                                    701 ;	Raw cost for generated ic 93 : (6, 9.000000) count=0.114256
                                    702 ;	../wcstoull.c: 95: ptr += 2;
                                    703 ;	genPlus
                                    704 ;	  genPlusInc
      00027D BD 26 01         [ 5]  705 	lda	0x126,x
      000280 18               [ 2]  706 	clc
      000281 69 08            [ 2]  707 	adc	#0x08
      000283 9D 26 01         [ 5]  708 	sta	0x126,x
      000286 BD 27 01         [ 5]  709 	lda	0x127,x
      000289 69 00            [ 2]  710 	adc	#0x00
      00028B 9D 27 01         [ 5]  711 	sta	0x127,x
                                    712 ;	Raw cost for generated ic 94 : (17, 24.000000) count=0.114256
                                    713 ;	genGoto
      00028E 4CrC6r03         [ 3]  714 	jmp	00129$
                                    715 ;	Raw cost for generated ic 96 : (3, 3.000000) count=0.114256
                                    716 ;	genLabel
      000291                        717 00111$:
                                    718 ;	Raw cost for generated ic 97 : (0, 0.000000) count=0.020970
                                    719 ;	../wcstoull.c: 97: else if (*ptr == L'0')
                                    720 ;	genPointerGet
                                    721 ;	  setupDPTR - off=0 remat=(null) savea=0
      000291 BA               [ 2]  722 	tsx
      000292 BD 26 01         [ 5]  723 	lda	0x126,x
      000295 85*00            [ 3]  724 	sta	*(DPTR+0)
      000297 BD 27 01         [ 5]  725 	lda	0x127,x
      00029A 85*01            [ 3]  726 	sta	*(DPTR+1)
      00029C A0 00            [ 2]  727 	ldy	#0x00
      00029E B1*00            [ 6]  728 	lda	[DPTR],y
      0002A0 9D 1D 01         [ 5]  729 	sta	0x11d,x
      0002A3 C8               [ 2]  730 	iny
      0002A4 B1*00            [ 6]  731 	lda	[DPTR],y
      0002A6 9D 1E 01         [ 5]  732 	sta	0x11e,x
      0002A9 C8               [ 2]  733 	iny
      0002AA B1*00            [ 6]  734 	lda	[DPTR],y
      0002AC 9D 1F 01         [ 5]  735 	sta	0x11f,x
      0002AF C8               [ 2]  736 	iny
      0002B0 B1*00            [ 6]  737 	lda	[DPTR],y
      0002B2 9D 20 01         [ 5]  738 	sta	0x120,x
                                    739 ;	Raw cost for generated ic 99 : (36, 64.000000) count=0.020970
                                    740 ;	genCmpEQorNE
      0002B5 BD 1D 01         [ 5]  741 	lda	0x11d,x
      0002B8 C9 30            [ 2]  742 	cmp	#0x30
      0002BA D0 28            [ 4]  743 	bne	00108$
      0002BC BD 1E 01         [ 5]  744 	lda	0x11e,x
      0002BF D0 23            [ 4]  745 	bne	00108$
      0002C1 BD 1F 01         [ 5]  746 	lda	0x11f,x
      0002C4 D0 1E            [ 4]  747 	bne	00108$
      0002C6 BD 20 01         [ 5]  748 	lda	0x120,x
      0002C9 D0 19            [ 4]  749 	bne	00108$
                                    750 ;	Raw cost for generated ic 100 : (34, 40.400002) count=0.020970
                                    751 ;	skipping generated iCode
                                    752 ;	Raw cost for generated ic 101 : (0, 0.000000) count=0.020970
                                    753 ;	../wcstoull.c: 99: b = 8;
                                    754 ;	genAssign
                                    755 ;	genAssignLit
      0002CB A9 08            [ 2]  756 	lda	#0x08
      0002CD 9D 23 01         [ 5]  757 	sta	0x123,x
                                    758 ;	Raw cost for generated ic 104 : (5, 7.000000) count=0.015727
                                    759 ;	../wcstoull.c: 100: ptr++;
                                    760 ;	genPlus
                                    761 ;	  genPlusInc
      0002D0 BD 26 01         [ 5]  762 	lda	0x126,x
      0002D3 18               [ 2]  763 	clc
      0002D4 69 04            [ 2]  764 	adc	#0x04
      0002D6 9D 26 01         [ 5]  765 	sta	0x126,x
      0002D9 BD 27 01         [ 5]  766 	lda	0x127,x
      0002DC 69 00            [ 2]  767 	adc	#0x00
      0002DE 9D 27 01         [ 5]  768 	sta	0x127,x
                                    769 ;	Raw cost for generated ic 106 : (17, 24.000000) count=0.015727
                                    770 ;	genGoto
      0002E1 4CrC6r03         [ 3]  771 	jmp	00129$
                                    772 ;	Raw cost for generated ic 108 : (3, 3.000000) count=0.015727
                                    773 ;	genLabel
      0002E4                        774 00108$:
                                    775 ;	Raw cost for generated ic 109 : (0, 0.000000) count=0.000000
                                    776 ;	../wcstoull.c: 103: b = 10;
                                    777 ;	genAssign
                                    778 ;	genAssignLit
      0002E4 A9 0A            [ 2]  779 	lda	#0x0a
      0002E6 BA               [ 2]  780 	tsx
      0002E7 9D 23 01         [ 5]  781 	sta	0x123,x
                                    782 ;	Raw cost for generated ic 110 : (6, 9.000000) count=0.000000
                                    783 ;	genGoto
      0002EA 4CrC6r03         [ 3]  784 	jmp	00129$
                                    785 ;	Raw cost for generated ic 114 : (3, 3.000000) count=0.000000
                                    786 ;	genLabel
      0002ED                        787 00128$:
                                    788 ;	Raw cost for generated ic 115 : (0, 0.000000) count=0.249997
                                    789 ;	../wcstoull.c: 106: else if (b == 16 && (!wcsncmp (ptr, L"0x", 2) || !wcsncmp (ptr, L"0X", 2)))
                                    790 ;	genCmpEQorNE
      0002ED BA               [ 2]  791 	tsx
      0002EE BD 23 01         [ 5]  792 	lda	0x123,x
      0002F1 C9 10            [ 2]  793 	cmp	#0x10
      0002F3 D0 66            [ 4]  794 	bne	00123$
                                    795 ;	Raw cost for generated ic 116 : (11, 13.600000) count=0.249997
                                    796 ;	skipping generated iCode
                                    797 ;	Raw cost for generated ic 117 : (0, 0.000000) count=0.249997
                                    798 ;	skipping iCode since result will be rematerialized
                                    799 ;	Raw cost for generated ic 120 : (0, 0.000000) count=0.187496
                                    800 ;	skipping iCode since result will be rematerialized
                                    801 ;	Raw cost for generated ic 121 : (0, 0.000000) count=0.187496
                                    802 ;	genIpush
      0002F5 A9 00            [ 2]  803 	lda	#0x00
      0002F7 48               [ 3]  804 	pha
      0002F8 A9 02            [ 2]  805 	lda	#0x02
      0002FA 48               [ 3]  806 	pha
                                    807 ;	Raw cost for generated ic 122 : (6, 10.000000) count=0.187496
                                    808 ;	genIpush
      0002FB A9s00            [ 2]  809 	lda	#>___str_0
      0002FD 48               [ 3]  810 	pha
      0002FE A9r00            [ 2]  811 	lda	#___str_0
      000300 48               [ 3]  812 	pha
                                    813 ;	Raw cost for generated ic 123 : (6, 10.000000) count=0.187496
                                    814 ;	Raw cost for generated ic 124 : (0, 0.000000) count=0.187496
                                    815 ;	genCall
                                    816 ;	genSend
      000301 BD 26 01         [ 5]  817 	lda	0x126,x
      000304 A8               [ 2]  818 	tay
      000305 BD 27 01         [ 5]  819 	lda	0x127,x
      000308 AA               [ 2]  820 	tax
      000309 98               [ 2]  821 	tya
      00030A 20r00r00         [ 6]  822 	jsr	_wcsncmp
                                    823 ;	assignResultValue
                                    824 ;	  adjustStack : cycles stk:22  incdec:18  adc:24
      00030D 86*00            [ 3]  825 	stx	*(REGTEMP+0)
      00030F BA               [ 2]  826 	tsx
      000310 E8               [ 2]  827 	inx
      000311 E8               [ 2]  828 	inx
      000312 E8               [ 2]  829 	inx
      000313 E8               [ 2]  830 	inx
      000314 9A               [ 2]  831 	txs
      000315 A6*00            [ 3]  832 	ldx	*(REGTEMP+0)
                                    833 ;	Raw cost for generated ic 125 : (22, 38.000000) count=0.187496
                                    834 ;	genIfx
                                    835 ;	genIfxJump : z
      000317 D0 04            [ 4]  836 	bne	00313$
      000319 C9 00            [ 2]  837 	cmp	#0x00
      00031B F0 29            [ 4]  838 	beq	00122$
      00031D                        839 00313$:
                                    840 ;	Raw cost for generated ic 126 : (9, 10.200000) count=0.187496
                                    841 ;	skipping iCode since result will be rematerialized
                                    842 ;	Raw cost for generated ic 129 : (0, 0.000000) count=0.140622
                                    843 ;	skipping iCode since result will be rematerialized
                                    844 ;	Raw cost for generated ic 130 : (0, 0.000000) count=0.140622
                                    845 ;	genIpush
      00031D A9 00            [ 2]  846 	lda	#0x00
      00031F 48               [ 3]  847 	pha
      000320 A9 02            [ 2]  848 	lda	#0x02
      000322 48               [ 3]  849 	pha
                                    850 ;	Raw cost for generated ic 131 : (6, 10.000000) count=0.140622
                                    851 ;	genIpush
      000323 A9s00            [ 2]  852 	lda	#>___str_1
      000325 48               [ 3]  853 	pha
      000326 A9r0C            [ 2]  854 	lda	#___str_1
      000328 48               [ 3]  855 	pha
                                    856 ;	Raw cost for generated ic 132 : (6, 10.000000) count=0.140622
                                    857 ;	Raw cost for generated ic 133 : (0, 0.000000) count=0.140622
                                    858 ;	genCall
                                    859 ;	genSend
      000329 BA               [ 2]  860 	tsx
      00032A BD 2A 01         [ 5]  861 	lda	0x12a,x
      00032D A8               [ 2]  862 	tay
      00032E BD 2B 01         [ 5]  863 	lda	0x12b,x
      000331 AA               [ 2]  864 	tax
      000332 98               [ 2]  865 	tya
      000333 20r00r00         [ 6]  866 	jsr	_wcsncmp
                                    867 ;	assignResultValue
                                    868 ;	  adjustStack : cycles stk:22  incdec:18  adc:24
      000336 86*00            [ 3]  869 	stx	*(REGTEMP+0)
      000338 BA               [ 2]  870 	tsx
      000339 E8               [ 2]  871 	inx
      00033A E8               [ 2]  872 	inx
      00033B E8               [ 2]  873 	inx
      00033C E8               [ 2]  874 	inx
      00033D 9A               [ 2]  875 	txs
      00033E A6*00            [ 3]  876 	ldx	*(REGTEMP+0)
                                    877 ;	Raw cost for generated ic 134 : (23, 40.000000) count=0.140622
                                    878 ;	genIfx
                                    879 ;	genIfxJump : z
      000340 D0 19            [ 4]  880 	bne	00123$
      000342 C9 00            [ 2]  881 	cmp	#0x00
      000344 D0 15            [ 4]  882 	bne	00123$
                                    883 ;	Raw cost for generated ic 135 : (9, 10.200000) count=0.140622
                                    884 ;	genLabel
      000346                        885 00122$:
                                    886 ;	Raw cost for generated ic 137 : (0, 0.000000) count=0.152341
                                    887 ;	../wcstoull.c: 107: ptr += 2;
                                    888 ;	genPlus
                                    889 ;	  genPlusInc
      000346 BA               [ 2]  890 	tsx
      000347 BD 26 01         [ 5]  891 	lda	0x126,x
      00034A 18               [ 2]  892 	clc
      00034B 69 08            [ 2]  893 	adc	#0x08
      00034D 9D 26 01         [ 5]  894 	sta	0x126,x
      000350 BD 27 01         [ 5]  895 	lda	0x127,x
      000353 69 00            [ 2]  896 	adc	#0x00
      000355 9D 27 01         [ 5]  897 	sta	0x127,x
                                    898 ;	Raw cost for generated ic 138 : (18, 26.000000) count=0.152341
                                    899 ;	genGoto
      000358 4CrC6r03         [ 3]  900 	jmp	00129$
                                    901 ;	Raw cost for generated ic 140 : (3, 3.000000) count=0.152341
                                    902 ;	genLabel
      00035B                        903 00123$:
                                    904 ;	Raw cost for generated ic 141 : (0, 0.000000) count=0.097654
                                    905 ;	../wcstoull.c: 108: else if (b == 2 && (!wcsncmp (ptr, L"0b", 2) || !wcsncmp (ptr, L"0B", 2)))
                                    906 ;	genCmpEQorNE
      00035B BA               [ 2]  907 	tsx
      00035C BD 23 01         [ 5]  908 	lda	0x123,x
      00035F C9 02            [ 2]  909 	cmp	#0x02
      000361 D0 63            [ 4]  910 	bne	00129$
                                    911 ;	Raw cost for generated ic 142 : (11, 13.600000) count=0.097654
                                    912 ;	skipping generated iCode
                                    913 ;	Raw cost for generated ic 143 : (0, 0.000000) count=0.097654
                                    914 ;	skipping iCode since result will be rematerialized
                                    915 ;	Raw cost for generated ic 146 : (0, 0.000000) count=0.073241
                                    916 ;	skipping iCode since result will be rematerialized
                                    917 ;	Raw cost for generated ic 147 : (0, 0.000000) count=0.073241
                                    918 ;	genIpush
      000363 A9 00            [ 2]  919 	lda	#0x00
      000365 48               [ 3]  920 	pha
      000366 A9 02            [ 2]  921 	lda	#0x02
      000368 48               [ 3]  922 	pha
                                    923 ;	Raw cost for generated ic 148 : (6, 10.000000) count=0.073241
                                    924 ;	genIpush
      000369 A9s00            [ 2]  925 	lda	#>___str_2
      00036B 48               [ 3]  926 	pha
      00036C A9r18            [ 2]  927 	lda	#___str_2
      00036E 48               [ 3]  928 	pha
                                    929 ;	Raw cost for generated ic 149 : (6, 10.000000) count=0.073241
                                    930 ;	Raw cost for generated ic 150 : (0, 0.000000) count=0.073241
                                    931 ;	genCall
                                    932 ;	genSend
      00036F BD 26 01         [ 5]  933 	lda	0x126,x
      000372 A8               [ 2]  934 	tay
      000373 BD 27 01         [ 5]  935 	lda	0x127,x
      000376 AA               [ 2]  936 	tax
      000377 98               [ 2]  937 	tya
      000378 20r00r00         [ 6]  938 	jsr	_wcsncmp
                                    939 ;	assignResultValue
                                    940 ;	  adjustStack : cycles stk:22  incdec:18  adc:24
      00037B 86*00            [ 3]  941 	stx	*(REGTEMP+0)
      00037D BA               [ 2]  942 	tsx
      00037E E8               [ 2]  943 	inx
      00037F E8               [ 2]  944 	inx
      000380 E8               [ 2]  945 	inx
      000381 E8               [ 2]  946 	inx
      000382 9A               [ 2]  947 	txs
      000383 A6*00            [ 3]  948 	ldx	*(REGTEMP+0)
                                    949 ;	Raw cost for generated ic 151 : (22, 38.000000) count=0.073241
                                    950 ;	genIfx
                                    951 ;	genIfxJump : z
      000385 D0 04            [ 4]  952 	bne	00318$
      000387 C9 00            [ 2]  953 	cmp	#0x00
      000389 F0 29            [ 4]  954 	beq	00118$
      00038B                        955 00318$:
                                    956 ;	Raw cost for generated ic 152 : (9, 10.200000) count=0.073241
                                    957 ;	skipping iCode since result will be rematerialized
                                    958 ;	Raw cost for generated ic 155 : (0, 0.000000) count=0.054931
                                    959 ;	skipping iCode since result will be rematerialized
                                    960 ;	Raw cost for generated ic 156 : (0, 0.000000) count=0.054931
                                    961 ;	genIpush
      00038B A9 00            [ 2]  962 	lda	#0x00
      00038D 48               [ 3]  963 	pha
      00038E A9 02            [ 2]  964 	lda	#0x02
      000390 48               [ 3]  965 	pha
                                    966 ;	Raw cost for generated ic 157 : (6, 10.000000) count=0.054931
                                    967 ;	genIpush
      000391 A9s00            [ 2]  968 	lda	#>___str_3
      000393 48               [ 3]  969 	pha
      000394 A9r24            [ 2]  970 	lda	#___str_3
      000396 48               [ 3]  971 	pha
                                    972 ;	Raw cost for generated ic 158 : (6, 10.000000) count=0.054931
                                    973 ;	Raw cost for generated ic 159 : (0, 0.000000) count=0.054931
                                    974 ;	genCall
                                    975 ;	genSend
      000397 BA               [ 2]  976 	tsx
      000398 BD 2A 01         [ 5]  977 	lda	0x12a,x
      00039B A8               [ 2]  978 	tay
      00039C BD 2B 01         [ 5]  979 	lda	0x12b,x
      00039F AA               [ 2]  980 	tax
      0003A0 98               [ 2]  981 	tya
      0003A1 20r00r00         [ 6]  982 	jsr	_wcsncmp
                                    983 ;	assignResultValue
                                    984 ;	  adjustStack : cycles stk:22  incdec:18  adc:24
      0003A4 86*00            [ 3]  985 	stx	*(REGTEMP+0)
      0003A6 BA               [ 2]  986 	tsx
      0003A7 E8               [ 2]  987 	inx
      0003A8 E8               [ 2]  988 	inx
      0003A9 E8               [ 2]  989 	inx
      0003AA E8               [ 2]  990 	inx
      0003AB 9A               [ 2]  991 	txs
      0003AC A6*00            [ 3]  992 	ldx	*(REGTEMP+0)
                                    993 ;	Raw cost for generated ic 160 : (23, 40.000000) count=0.054931
                                    994 ;	genIfx
                                    995 ;	genIfxJump : z
      0003AE D0 16            [ 4]  996 	bne	00129$
      0003B0 C9 00            [ 2]  997 	cmp	#0x00
      0003B2 D0 12            [ 4]  998 	bne	00129$
                                    999 ;	Raw cost for generated ic 161 : (9, 10.200000) count=0.054931
                                   1000 ;	genLabel
      0003B4                       1001 00118$:
                                   1002 ;	Raw cost for generated ic 163 : (0, 0.000000) count=0.059508
                                   1003 ;	../wcstoull.c: 109: ptr += 2;
                                   1004 ;	genPlus
                                   1005 ;	  genPlusInc
      0003B4 BA               [ 2] 1006 	tsx
      0003B5 BD 26 01         [ 5] 1007 	lda	0x126,x
      0003B8 18               [ 2] 1008 	clc
      0003B9 69 08            [ 2] 1009 	adc	#0x08
      0003BB 9D 26 01         [ 5] 1010 	sta	0x126,x
      0003BE BD 27 01         [ 5] 1011 	lda	0x127,x
      0003C1 69 00            [ 2] 1012 	adc	#0x00
      0003C3 9D 27 01         [ 5] 1013 	sta	0x127,x
                                   1014 ;	Raw cost for generated ic 164 : (18, 26.000000) count=0.059508
                                   1015 ;	genLabel
      0003C6                       1016 00129$:
                                   1017 ;	Raw cost for generated ic 168 : (0, 0.000000) count=0.989349
                                   1018 ;	../wcstoull.c: 112: if (_isdigit (*ptr, b) < 0)
                                   1019 ;	genPointerGet
                                   1020 ;	  setupDPTR - off=0 remat=(null) savea=0
      0003C6 BA               [ 2] 1021 	tsx
      0003C7 BD 26 01         [ 5] 1022 	lda	0x126,x
      0003CA 85*00            [ 3] 1023 	sta	*(DPTR+0)
      0003CC BD 27 01         [ 5] 1024 	lda	0x127,x
      0003CF 85*01            [ 3] 1025 	sta	*(DPTR+1)
      0003D1 A0 00            [ 2] 1026 	ldy	#0x00
      0003D3 B1*00            [ 6] 1027 	lda	[DPTR],y
      0003D5 9D 1D 01         [ 5] 1028 	sta	0x11d,x
      0003D8 C8               [ 2] 1029 	iny
      0003D9 B1*00            [ 6] 1030 	lda	[DPTR],y
      0003DB 9D 1E 01         [ 5] 1031 	sta	0x11e,x
      0003DE C8               [ 2] 1032 	iny
      0003DF B1*00            [ 6] 1033 	lda	[DPTR],y
      0003E1 9D 1F 01         [ 5] 1034 	sta	0x11f,x
      0003E4 C8               [ 2] 1035 	iny
      0003E5 B1*00            [ 6] 1036 	lda	[DPTR],y
      0003E7 9D 20 01         [ 5] 1037 	sta	0x120,x
                                   1038 ;	Raw cost for generated ic 170 : (36, 64.000000) count=0.989349
                                   1039 ;	genIpush
      0003EA BD 23 01         [ 5] 1040 	lda	0x123,x
      0003ED 48               [ 3] 1041 	pha
                                   1042 ;	Raw cost for generated ic 171 : (4, 7.000000) count=0.989349
                                   1043 ;	genIpush
      0003EE BD 20 01         [ 5] 1044 	lda	0x120,x
      0003F1 48               [ 3] 1045 	pha
      0003F2 BD 1F 01         [ 5] 1046 	lda	0x11f,x
      0003F5 48               [ 3] 1047 	pha
      0003F6 BD 1E 01         [ 5] 1048 	lda	0x11e,x
      0003F9 48               [ 3] 1049 	pha
      0003FA BD 1D 01         [ 5] 1050 	lda	0x11d,x
      0003FD 48               [ 3] 1051 	pha
                                   1052 ;	Raw cost for generated ic 172 : (16, 28.000000) count=0.989349
                                   1053 ;	genCall
      0003FE 20r00r00         [ 6] 1054 	jsr	__isdigit
                                   1055 ;	assignResultValue
                                   1056 ;	  adjustStack : cycles stk:26  incdec:14  adc:18
      000401 BA               [ 2] 1057 	tsx
      000402 E8               [ 2] 1058 	inx
      000403 E8               [ 2] 1059 	inx
      000404 E8               [ 2] 1060 	inx
      000405 E8               [ 2] 1061 	inx
      000406 E8               [ 2] 1062 	inx
      000407 9A               [ 2] 1063 	txs
                                   1064 ;	Raw cost for generated ic 173 : (10, 20.000000) count=0.989349
                                   1065 ;	genCmp
      000408 38               [ 2] 1066 	sec
      000409 E9 00            [ 2] 1067 	sbc	#0x00
      00040B 50 04            [ 4] 1068 	bvc	00322$
      00040D 10 04            [ 4] 1069 	bpl	00321$
      00040F 30 37            [ 4] 1070 	bmi	00133$
      000411                       1071 00322$:
      000411 10 35            [ 4] 1072 	bpl	00133$
      000413                       1073 00321$:
                                   1074 ;	Raw cost for generated ic 174 : (14, 17.400000) count=0.989349
                                   1075 ;	skipping generated iCode
                                   1076 ;	Raw cost for generated ic 175 : (0, 0.000000) count=0.989349
                                   1077 ;	../wcstoull.c: 114: if (endptr)
                                   1078 ;	genIfx
      000413 BD 2D 01         [ 5] 1079 	lda	0x12d,x
      000416 1D 2C 01         [ 5] 1080 	ora	0x12c,x
                                   1081 ;	genIfxJump : z
      000419 F0 1B            [ 4] 1082 	beq	00131$
                                   1083 ;	Raw cost for generated ic 178 : (11, 13.600000) count=0.742012
                                   1084 ;	../wcstoull.c: 115: *endptr = (wchar_t*)nptr;
                                   1085 ;	genAssign
                                   1086 ;	genCopy
      00041B BD 2C 01         [ 5] 1087 	lda	0x12c,x
      00041E A8               [ 2] 1088 	tay
      00041F BD 2D 01         [ 5] 1089 	lda	0x12d,x
      000422 AA               [ 2] 1090 	tax
      000423 98               [ 2] 1091 	tya
                                   1092 ;	Raw cost for generated ic 181 : (9, 14.000000) count=0.556509
                                   1093 ;	genPointerSet
                                   1094 ;	  setupDPTR - off=0 remat=(null) savea=0
      000424 85*00            [ 3] 1095 	sta	*(DPTR+0)
      000426 86*01            [ 3] 1096 	stx	*(DPTR+1)
      000428 BA               [ 2] 1097 	tsx
      000429 BD 28 01         [ 5] 1098 	lda	0x128,x
      00042C A0 00            [ 2] 1099 	ldy	#0x00
      00042E 91*00            [ 6] 1100 	sta	[DPTR],y
      000430 BD 29 01         [ 5] 1101 	lda	0x129,x
      000433 C8               [ 2] 1102 	iny
      000434 91*00            [ 6] 1103 	sta	[DPTR],y
                                   1104 ;	Raw cost for generated ic 182 : (18, 32.000000) count=0.556509
                                   1105 ;	genLabel
      000436                       1106 00131$:
                                   1107 ;	Raw cost for generated ic 183 : (0, 0.000000) count=0.742012
                                   1108 ;	../wcstoull.c: 116: return (0);
                                   1109 ;	genRet
      000436 A9 00            [ 2] 1110 	lda	#0x00
      000438 AA               [ 2] 1111 	tax
      000439 85*00            [ 3] 1112 	sta	*___SDCC_m6502_ret2
      00043B 85*00            [ 3] 1113 	sta	*___SDCC_m6502_ret3
      00043D 85*00            [ 3] 1114 	sta	*___SDCC_m6502_ret4
      00043F 85*00            [ 3] 1115 	sta	*___SDCC_m6502_ret5
      000441 85*00            [ 3] 1116 	sta	*___SDCC_m6502_ret6
      000443 85*00            [ 3] 1117 	sta	*___SDCC_m6502_ret7
      000445 4Cr21r07         [ 3] 1118 	jmp	00146$
                                   1119 ;	Raw cost for generated ic 184 : (18, 25.000000) count=0.742012
                                   1120 ;	genLabel
      000448                       1121 00133$:
                                   1122 ;	Raw cost for generated ic 185 : (0, 0.000000) count=0.989349
                                   1123 ;	../wcstoull.c: 119: for (ret = 0;; ptr++)
                                   1124 ;	genAssign
                                   1125 ;	genAssignLit
      000448 A9 00            [ 2] 1126 	lda	#0x00
      00044A BA               [ 2] 1127 	tsx
      00044B 9D 09 01         [ 5] 1128 	sta	0x109,x
      00044E 9D 0A 01         [ 5] 1129 	sta	0x10a,x
      000451 9D 0B 01         [ 5] 1130 	sta	0x10b,x
      000454 9D 0C 01         [ 5] 1131 	sta	0x10c,x
      000457 9D 0D 01         [ 5] 1132 	sta	0x10d,x
      00045A 9D 0E 01         [ 5] 1133 	sta	0x10e,x
      00045D 9D 0F 01         [ 5] 1134 	sta	0x10f,x
      000460 9D 10 01         [ 5] 1135 	sta	0x110,x
                                   1136 ;	Raw cost for generated ic 186 : (27, 44.000000) count=0.989349
                                   1137 ;	genAssign
                                   1138 ;	genCopy
      000463 BD 27 01         [ 5] 1139 	lda	0x127,x
      000466 9D 1E 01         [ 5] 1140 	sta	0x11e,x
      000469 BD 26 01         [ 5] 1141 	lda	0x126,x
      00046C 9D 1D 01         [ 5] 1142 	sta	0x11d,x
                                   1143 ;	Raw cost for generated ic 249 : (12, 18.000000) count=0.989349
                                   1144 ;	genLabel
      00046F                       1145 00144$:
                                   1146 ;	Raw cost for generated ic 187 : (0, 0.000000) count=3.958165
                                   1147 ;	../wcstoull.c: 121: signed char digit = _isdigit (*ptr, b);
                                   1148 ;	genPointerGet
                                   1149 ;	  setupDPTR - off=0 remat=(null) savea=0
      00046F BA               [ 2] 1150 	tsx
      000470 BD 1D 01         [ 5] 1151 	lda	0x11d,x
      000473 85*00            [ 3] 1152 	sta	*(DPTR+0)
      000475 BD 1E 01         [ 5] 1153 	lda	0x11e,x
      000478 85*01            [ 3] 1154 	sta	*(DPTR+1)
      00047A A0 00            [ 2] 1155 	ldy	#0x00
      00047C B1*00            [ 6] 1156 	lda	[DPTR],y
      00047E 9D 19 01         [ 5] 1157 	sta	0x119,x
      000481 C8               [ 2] 1158 	iny
      000482 B1*00            [ 6] 1159 	lda	[DPTR],y
      000484 9D 1A 01         [ 5] 1160 	sta	0x11a,x
      000487 C8               [ 2] 1161 	iny
      000488 B1*00            [ 6] 1162 	lda	[DPTR],y
      00048A 9D 1B 01         [ 5] 1163 	sta	0x11b,x
      00048D C8               [ 2] 1164 	iny
      00048E B1*00            [ 6] 1165 	lda	[DPTR],y
      000490 9D 1C 01         [ 5] 1166 	sta	0x11c,x
                                   1167 ;	Raw cost for generated ic 189 : (36, 64.000000) count=3.958165
                                   1168 ;	genIpush
      000493 BD 23 01         [ 5] 1169 	lda	0x123,x
      000496 48               [ 3] 1170 	pha
                                   1171 ;	Raw cost for generated ic 190 : (4, 7.000000) count=3.958165
                                   1172 ;	genIpush
      000497 BD 1C 01         [ 5] 1173 	lda	0x11c,x
      00049A 48               [ 3] 1174 	pha
      00049B BD 1B 01         [ 5] 1175 	lda	0x11b,x
      00049E 48               [ 3] 1176 	pha
      00049F BD 1A 01         [ 5] 1177 	lda	0x11a,x
      0004A2 48               [ 3] 1178 	pha
      0004A3 BD 19 01         [ 5] 1179 	lda	0x119,x
      0004A6 48               [ 3] 1180 	pha
                                   1181 ;	Raw cost for generated ic 191 : (16, 28.000000) count=3.958165
                                   1182 ;	genCall
      0004A7 20r00r00         [ 6] 1183 	jsr	__isdigit
                                   1184 ;	assignResultValue
      0004AA A8               [ 2] 1185 	tay
                                   1186 ;	  adjustStack : cycles stk:20  incdec:14  adc:12
      0004AB BA               [ 2] 1187 	tsx
      0004AC 8A               [ 2] 1188 	txa
      0004AD 18               [ 2] 1189 	clc
      0004AE 69 05            [ 2] 1190 	adc	#0x05
      0004B0 AA               [ 2] 1191 	tax
      0004B1 9A               [ 2] 1192 	txs
                                   1193 ;	Raw cost for generated ic 192 : (11, 20.000000) count=3.958165
                                   1194 ;	../wcstoull.c: 123: if (digit < 0)
                                   1195 ;	genCmp
      0004B2 98               [ 2] 1196 	tya
      0004B3 38               [ 2] 1197 	sec
      0004B4 E9 00            [ 2] 1198 	sbc	#0x00
      0004B6 70 04            [ 4] 1199 	bvs	00327$
      0004B8 10 07            [ 4] 1200 	bpl	00326$
      0004BA 30 02            [ 4] 1201 	bmi	00328$
      0004BC                       1202 00327$:
      0004BC 30 03            [ 4] 1203 	bmi	00326$
      0004BE                       1204 00328$:
      0004BE 4Cr37r06         [ 3] 1205 	jmp	00138$
      0004C1                       1206 00326$:
                                   1207 ;	Raw cost for generated ic 194 : (15, 19.400002) count=3.958165
                                   1208 ;	skipping generated iCode
                                   1209 ;	Raw cost for generated ic 195 : (0, 0.000000) count=3.958165
                                   1210 ;	../wcstoull.c: 130: unsigned long long int oldret = ret;
                                   1211 ;	genAssign
                                   1212 ;	genCopy
      0004C1 BD 10 01         [ 5] 1213 	lda	0x110,x
      0004C4 9D 08 01         [ 5] 1214 	sta	0x108,x
      0004C7 BD 0F 01         [ 5] 1215 	lda	0x10f,x
      0004CA 9D 07 01         [ 5] 1216 	sta	0x107,x
      0004CD BD 0E 01         [ 5] 1217 	lda	0x10e,x
      0004D0 9D 06 01         [ 5] 1218 	sta	0x106,x
      0004D3 BD 0D 01         [ 5] 1219 	lda	0x10d,x
      0004D6 9D 05 01         [ 5] 1220 	sta	0x105,x
      0004D9 BD 0C 01         [ 5] 1221 	lda	0x10c,x
      0004DC 9D 04 01         [ 5] 1222 	sta	0x104,x
      0004DF BD 0B 01         [ 5] 1223 	lda	0x10b,x
      0004E2 9D 03 01         [ 5] 1224 	sta	0x103,x
      0004E5 BD 0A 01         [ 5] 1225 	lda	0x10a,x
      0004E8 9D 02 01         [ 5] 1226 	sta	0x102,x
      0004EB BD 09 01         [ 5] 1227 	lda	0x109,x
      0004EE 9D 01 01         [ 5] 1228 	sta	0x101,x
                                   1229 ;	Raw cost for generated ic 200 : (48, 72.000000) count=2.968624
                                   1230 ;	../wcstoull.c: 131: ret *= b;
                                   1231 ;	genCast
                                   1232 ;	genCopy
      0004F1 A9 00            [ 2] 1233 	lda	#0x00
      0004F3 9D 18 01         [ 5] 1234 	sta	0x118,x
      0004F6 9D 17 01         [ 5] 1235 	sta	0x117,x
      0004F9 9D 16 01         [ 5] 1236 	sta	0x116,x
      0004FC 9D 15 01         [ 5] 1237 	sta	0x115,x
      0004FF 9D 14 01         [ 5] 1238 	sta	0x114,x
      000502 9D 13 01         [ 5] 1239 	sta	0x113,x
      000505 9D 12 01         [ 5] 1240 	sta	0x112,x
      000508 BD 23 01         [ 5] 1241 	lda	0x123,x
      00050B 9D 11 01         [ 5] 1242 	sta	0x111,x
                                   1243 ;	Raw cost for generated ic 201 : (29, 46.000000) count=2.968624
                                   1244 ;	genIpush
      00050E 98               [ 2] 1245 	tya
      00050F 48               [ 3] 1246 	pha
      000510 BD 18 01         [ 5] 1247 	lda	0x118,x
      000513 48               [ 3] 1248 	pha
      000514 BD 17 01         [ 5] 1249 	lda	0x117,x
      000517 48               [ 3] 1250 	pha
      000518 BD 16 01         [ 5] 1251 	lda	0x116,x
      00051B 48               [ 3] 1252 	pha
      00051C BD 15 01         [ 5] 1253 	lda	0x115,x
      00051F 48               [ 3] 1254 	pha
      000520 BD 14 01         [ 5] 1255 	lda	0x114,x
      000523 48               [ 3] 1256 	pha
      000524 BD 13 01         [ 5] 1257 	lda	0x113,x
      000527 48               [ 3] 1258 	pha
      000528 BD 12 01         [ 5] 1259 	lda	0x112,x
      00052B 48               [ 3] 1260 	pha
      00052C BD 11 01         [ 5] 1261 	lda	0x111,x
      00052F 48               [ 3] 1262 	pha
                                   1263 ;	Raw cost for generated ic 258 : (34, 61.000000) count=2.968624
                                   1264 ;	genIpush
      000530 BD 10 01         [ 5] 1265 	lda	0x110,x
      000533 48               [ 3] 1266 	pha
      000534 BD 0F 01         [ 5] 1267 	lda	0x10f,x
      000537 48               [ 3] 1268 	pha
      000538 BD 0E 01         [ 5] 1269 	lda	0x10e,x
      00053B 48               [ 3] 1270 	pha
      00053C BD 0D 01         [ 5] 1271 	lda	0x10d,x
      00053F 48               [ 3] 1272 	pha
      000540 BD 0C 01         [ 5] 1273 	lda	0x10c,x
      000543 48               [ 3] 1274 	pha
      000544 BD 0B 01         [ 5] 1275 	lda	0x10b,x
      000547 48               [ 3] 1276 	pha
      000548 BD 0A 01         [ 5] 1277 	lda	0x10a,x
      00054B 48               [ 3] 1278 	pha
      00054C BD 09 01         [ 5] 1279 	lda	0x109,x
      00054F 48               [ 3] 1280 	pha
                                   1281 ;	Raw cost for generated ic 259 : (32, 56.000000) count=2.968624
                                   1282 ;	genCall
      000550 20r00r00         [ 6] 1283 	jsr	__mullonglong
                                   1284 ;	assignResultValue
      000553 86*00            [ 3] 1285 	stx	*(REGTEMP+0)
      000555 BA               [ 2] 1286 	tsx
      000556 9D 1A 01         [ 5] 1287 	sta	0x11a,x
      000559 A5*00            [ 3] 1288 	lda	*(REGTEMP+0)
      00055B 9D 1B 01         [ 5] 1289 	sta	0x11b,x
      00055E A5*00            [ 3] 1290 	lda	*___SDCC_m6502_ret2
      000560 9D 1C 01         [ 5] 1291 	sta	0x11c,x
      000563 A5*00            [ 3] 1292 	lda	*___SDCC_m6502_ret3
      000565 9D 1D 01         [ 5] 1293 	sta	0x11d,x
      000568 A5*00            [ 3] 1294 	lda	*___SDCC_m6502_ret4
      00056A 9D 1E 01         [ 5] 1295 	sta	0x11e,x
      00056D A5*00            [ 3] 1296 	lda	*___SDCC_m6502_ret5
      00056F 9D 1F 01         [ 5] 1297 	sta	0x11f,x
      000572 A5*00            [ 3] 1298 	lda	*___SDCC_m6502_ret6
      000574 9D 20 01         [ 5] 1299 	sta	0x120,x
      000577 A5*00            [ 3] 1300 	lda	*___SDCC_m6502_ret7
      000579 9D 21 01         [ 5] 1301 	sta	0x121,x
                                   1302 ;	  adjustStack : cycles stk:64  incdec:34  adc:10
      00057C 8A               [ 2] 1303 	txa
      00057D 18               [ 2] 1304 	clc
      00057E 69 10            [ 2] 1305 	adc	#0x10
      000580 AA               [ 2] 1306 	tax
      000581 9A               [ 2] 1307 	txs
      000582 85*00            [ 3] 1308 	sta	*(REGTEMP+0)
      000584 68               [ 4] 1309 	pla
      000585 A8               [ 2] 1310 	tay
                                   1311 ;	Raw cost for generated ic 260 : (56, 94.000000) count=2.968624
                                   1312 ;	../wcstoull.c: 132: if (ret < oldret)
                                   1313 ;	genCmp
      000586 BD 0A 01         [ 5] 1314 	lda	0x10a,x
      000589 38               [ 2] 1315 	sec
      00058A FD 02 01         [ 5] 1316 	sbc	0x102,x
      00058D BD 0B 01         [ 5] 1317 	lda	0x10b,x
      000590 FD 03 01         [ 5] 1318 	sbc	0x103,x
      000593 BD 0C 01         [ 5] 1319 	lda	0x10c,x
      000596 FD 04 01         [ 5] 1320 	sbc	0x104,x
      000599 BD 0D 01         [ 5] 1321 	lda	0x10d,x
      00059C FD 05 01         [ 5] 1322 	sbc	0x105,x
      00059F BD 0E 01         [ 5] 1323 	lda	0x10e,x
      0005A2 FD 06 01         [ 5] 1324 	sbc	0x106,x
      0005A5 BD 0F 01         [ 5] 1325 	lda	0x10f,x
      0005A8 FD 07 01         [ 5] 1326 	sbc	0x107,x
      0005AB BD 10 01         [ 5] 1327 	lda	0x110,x
      0005AE FD 08 01         [ 5] 1328 	sbc	0x108,x
      0005B1 BD 11 01         [ 5] 1329 	lda	0x111,x
      0005B4 FD 09 01         [ 5] 1330 	sbc	0x109,x
      0005B7 B0 05            [ 4] 1331 	bcs	00137$
                                   1332 ;	Raw cost for generated ic 204 : (54, 71.599998) count=2.968624
                                   1333 ;	skipping generated iCode
                                   1334 ;	Raw cost for generated ic 205 : (0, 0.000000) count=2.968624
                                   1335 ;	../wcstoull.c: 133: range_error = true;
                                   1336 ;	genAssign
                                   1337 ;	genAssignLit
      0005B9 A9 01            [ 2] 1338 	lda	#0x01
      0005BB 9D 26 01         [ 5] 1339 	sta	0x126,x
                                   1340 ;	Raw cost for generated ic 208 : (5, 7.000000) count=2.226612
                                   1341 ;	genLabel
      0005BE                       1342 00137$:
                                   1343 ;	Raw cost for generated ic 209 : (0, 0.000000) count=2.968816
                                   1344 ;	../wcstoull.c: 134: ret += (unsigned char)digit;
                                   1345 ;	genCast
                                   1346 ;	genCopy
      0005BE 98               [ 2] 1347 	tya
                                   1348 ;	Raw cost for generated ic 210 : (1, 2.000000) count=2.968816
                                   1349 ;	genCast
      0005BF BA               [ 2] 1350 	tsx
      0005C0 9D 11 01         [ 5] 1351 	sta	0x111,x
      0005C3 A9 00            [ 2] 1352 	lda	#0x00
      0005C5 9D 12 01         [ 5] 1353 	sta	0x112,x
      0005C8 9D 13 01         [ 5] 1354 	sta	0x113,x
      0005CB 9D 14 01         [ 5] 1355 	sta	0x114,x
      0005CE 9D 15 01         [ 5] 1356 	sta	0x115,x
      0005D1 9D 16 01         [ 5] 1357 	sta	0x116,x
      0005D4 9D 17 01         [ 5] 1358 	sta	0x117,x
      0005D7 9D 18 01         [ 5] 1359 	sta	0x118,x
                                   1360 ;	Raw cost for generated ic 212 : (27, 44.000000) count=2.968816
                                   1361 ;	genPlus
      0005DA BD 09 01         [ 5] 1362 	lda	0x109,x
      0005DD 18               [ 2] 1363 	clc
      0005DE 7D 11 01         [ 5] 1364 	adc	0x111,x
      0005E1 9D 09 01         [ 5] 1365 	sta	0x109,x
      0005E4 BD 0A 01         [ 5] 1366 	lda	0x10a,x
      0005E7 7D 12 01         [ 5] 1367 	adc	0x112,x
      0005EA 9D 0A 01         [ 5] 1368 	sta	0x10a,x
      0005ED BD 0B 01         [ 5] 1369 	lda	0x10b,x
      0005F0 7D 13 01         [ 5] 1370 	adc	0x113,x
      0005F3 9D 0B 01         [ 5] 1371 	sta	0x10b,x
      0005F6 BD 0C 01         [ 5] 1372 	lda	0x10c,x
      0005F9 7D 14 01         [ 5] 1373 	adc	0x114,x
      0005FC 9D 0C 01         [ 5] 1374 	sta	0x10c,x
      0005FF BD 0D 01         [ 5] 1375 	lda	0x10d,x
      000602 7D 15 01         [ 5] 1376 	adc	0x115,x
      000605 9D 0D 01         [ 5] 1377 	sta	0x10d,x
      000608 BD 0E 01         [ 5] 1378 	lda	0x10e,x
      00060B 7D 16 01         [ 5] 1379 	adc	0x116,x
      00060E 9D 0E 01         [ 5] 1380 	sta	0x10e,x
      000611 BD 0F 01         [ 5] 1381 	lda	0x10f,x
      000614 7D 17 01         [ 5] 1382 	adc	0x117,x
      000617 9D 0F 01         [ 5] 1383 	sta	0x10f,x
      00061A BD 10 01         [ 5] 1384 	lda	0x110,x
      00061D 7D 18 01         [ 5] 1385 	adc	0x118,x
      000620 9D 10 01         [ 5] 1386 	sta	0x110,x
                                   1387 ;	Raw cost for generated ic 213 : (73, 106.000000) count=2.968816
                                   1388 ;	../wcstoull.c: 119: for (ret = 0;; ptr++)
                                   1389 ;	genPlus
                                   1390 ;	  genPlusInc
      000623 BD 1D 01         [ 5] 1391 	lda	0x11d,x
      000626 18               [ 2] 1392 	clc
      000627 69 04            [ 2] 1393 	adc	#0x04
      000629 9D 1D 01         [ 5] 1394 	sta	0x11d,x
      00062C BD 1E 01         [ 5] 1395 	lda	0x11e,x
      00062F 69 00            [ 2] 1396 	adc	#0x00
      000631 9D 1E 01         [ 5] 1397 	sta	0x11e,x
                                   1398 ;	Raw cost for generated ic 217 : (17, 24.000000) count=2.968816
                                   1399 ;	genGoto
      000634 4Cr6Fr04         [ 3] 1400 	jmp	00144$
                                   1401 ;	Raw cost for generated ic 219 : (3, 3.000000) count=2.968816
                                   1402 ;	genLabel
      000637                       1403 00138$:
                                   1404 ;	Raw cost for generated ic 220 : (0, 0.000000) count=0.989605
                                   1405 ;	../wcstoull.c: 139: if (endptr)
                                   1406 ;	genIfx
      000637 BA               [ 2] 1407 	tsx
      000638 BD 2D 01         [ 5] 1408 	lda	0x12d,x
      00063B 1D 2C 01         [ 5] 1409 	ora	0x12c,x
                                   1410 ;	genIfxJump : z
      00063E F0 1B            [ 4] 1411 	beq	00140$
                                   1412 ;	Raw cost for generated ic 221 : (12, 15.600000) count=0.989605
                                   1413 ;	../wcstoull.c: 140: *endptr = (wchar_t*)ptr;
                                   1414 ;	genAssign
                                   1415 ;	genCopy
      000640 BD 2C 01         [ 5] 1416 	lda	0x12c,x
      000643 A8               [ 2] 1417 	tay
      000644 BD 2D 01         [ 5] 1418 	lda	0x12d,x
      000647 AA               [ 2] 1419 	tax
      000648 98               [ 2] 1420 	tya
                                   1421 ;	Raw cost for generated ic 224 : (9, 14.000000) count=0.742204
                                   1422 ;	genPointerSet
                                   1423 ;	  setupDPTR - off=0 remat=(null) savea=0
      000649 85*00            [ 3] 1424 	sta	*(DPTR+0)
      00064B 86*01            [ 3] 1425 	stx	*(DPTR+1)
      00064D BA               [ 2] 1426 	tsx
      00064E BD 1D 01         [ 5] 1427 	lda	0x11d,x
      000651 A0 00            [ 2] 1428 	ldy	#0x00
      000653 91*00            [ 6] 1429 	sta	[DPTR],y
      000655 BD 1E 01         [ 5] 1430 	lda	0x11e,x
      000658 C8               [ 2] 1431 	iny
      000659 91*00            [ 6] 1432 	sta	[DPTR],y
                                   1433 ;	Raw cost for generated ic 225 : (18, 32.000000) count=0.742204
                                   1434 ;	genLabel
      00065B                       1435 00140$:
                                   1436 ;	Raw cost for generated ic 226 : (0, 0.000000) count=0.989605
                                   1437 ;	../wcstoull.c: 142: if (range_error)
                                   1438 ;	genIfx
      00065B BA               [ 2] 1439 	tsx
      00065C BD 25 01         [ 5] 1440 	lda	0x125,x
                                   1441 ;	genIfxJump : z
      00065F F0 1C            [ 4] 1442 	beq	00142$
                                   1443 ;	Raw cost for generated ic 227 : (9, 11.600000) count=0.989605
                                   1444 ;	../wcstoull.c: 144: errno = ERANGE;
                                   1445 ;	genAssign
                                   1446 ;	genAssignLit
      000661 A0 22            [ 2] 1447 	ldy	#0x22
      000663 8Cr00r00         [ 4] 1448 	sty	_errno
      000666 A0 00            [ 2] 1449 	ldy	#0x00
      000668 8Cr01r00         [ 4] 1450 	sty	(_errno + 1)
                                   1451 ;	Raw cost for generated ic 231 : (10, 12.000000) count=0.742204
                                   1452 ;	../wcstoull.c: 145: return (ULLONG_MAX);
                                   1453 ;	genRet
      00066B A9 FF            [ 2] 1454 	lda	#0xff
      00066D AA               [ 2] 1455 	tax
      00066E 85*00            [ 3] 1456 	sta	*___SDCC_m6502_ret2
      000670 85*00            [ 3] 1457 	sta	*___SDCC_m6502_ret3
      000672 85*00            [ 3] 1458 	sta	*___SDCC_m6502_ret4
      000674 85*00            [ 3] 1459 	sta	*___SDCC_m6502_ret5
      000676 85*00            [ 3] 1460 	sta	*___SDCC_m6502_ret6
      000678 85*00            [ 3] 1461 	sta	*___SDCC_m6502_ret7
      00067A 4Cr21r07         [ 3] 1462 	jmp	00146$
                                   1463 ;	Raw cost for generated ic 232 : (18, 25.000000) count=0.742204
                                   1464 ;	genLabel
      00067D                       1465 00142$:
                                   1466 ;	Raw cost for generated ic 233 : (0, 0.000000) count=0.989605
                                   1467 ;	../wcstoull.c: 148: return (neg ? -ret : ret);
                                   1468 ;	genIfx
      00067D BA               [ 2] 1469 	tsx
      00067E BD 24 01         [ 5] 1470 	lda	0x124,x
                                   1471 ;	genIfxJump : z
      000681 F0 44            [ 4] 1472 	beq	00151$
                                   1473 ;	Raw cost for generated ic 234 : (9, 11.600000) count=0.989605
                                   1474 ;	genUminus
      000683 A9 00            [ 2] 1475 	lda	#0x00
      000685 38               [ 2] 1476 	sec
      000686 FD 09 01         [ 5] 1477 	sbc	0x109,x
      000689 9D 11 01         [ 5] 1478 	sta	0x111,x
      00068C A9 00            [ 2] 1479 	lda	#0x00
      00068E FD 0A 01         [ 5] 1480 	sbc	0x10a,x
      000691 9D 12 01         [ 5] 1481 	sta	0x112,x
      000694 A9 00            [ 2] 1482 	lda	#0x00
      000696 FD 0B 01         [ 5] 1483 	sbc	0x10b,x
      000699 9D 13 01         [ 5] 1484 	sta	0x113,x
      00069C A9 00            [ 2] 1485 	lda	#0x00
      00069E FD 0C 01         [ 5] 1486 	sbc	0x10c,x
      0006A1 9D 14 01         [ 5] 1487 	sta	0x114,x
      0006A4 A9 00            [ 2] 1488 	lda	#0x00
      0006A6 FD 0D 01         [ 5] 1489 	sbc	0x10d,x
      0006A9 9D 15 01         [ 5] 1490 	sta	0x115,x
      0006AC A9 00            [ 2] 1491 	lda	#0x00
      0006AE FD 0E 01         [ 5] 1492 	sbc	0x10e,x
      0006B1 9D 16 01         [ 5] 1493 	sta	0x116,x
      0006B4 A9 00            [ 2] 1494 	lda	#0x00
      0006B6 FD 0F 01         [ 5] 1495 	sbc	0x10f,x
      0006B9 9D 17 01         [ 5] 1496 	sta	0x117,x
      0006BC A9 00            [ 2] 1497 	lda	#0x00
      0006BE FD 10 01         [ 5] 1498 	sbc	0x110,x
      0006C1 9D 18 01         [ 5] 1499 	sta	0x118,x
                                   1500 ;	Raw cost for generated ic 235 : (65, 90.000000) count=0.742204
                                   1501 ;	genGoto
      0006C4 4CrF8r06         [ 3] 1502 	jmp	00152$
                                   1503 ;	Raw cost for generated ic 237 : (3, 3.000000) count=0.742204
                                   1504 ;	genLabel
      0006C7                       1505 00151$:
                                   1506 ;	Raw cost for generated ic 238 : (0, 0.000000) count=0.247540
                                   1507 ;	genAssign
                                   1508 ;	genCopy
      0006C7 BA               [ 2] 1509 	tsx
      0006C8 BD 10 01         [ 5] 1510 	lda	0x110,x
      0006CB 9D 18 01         [ 5] 1511 	sta	0x118,x
      0006CE BD 0F 01         [ 5] 1512 	lda	0x10f,x
      0006D1 9D 17 01         [ 5] 1513 	sta	0x117,x
      0006D4 BD 0E 01         [ 5] 1514 	lda	0x10e,x
      0006D7 9D 16 01         [ 5] 1515 	sta	0x116,x
      0006DA BD 0D 01         [ 5] 1516 	lda	0x10d,x
      0006DD 9D 15 01         [ 5] 1517 	sta	0x115,x
      0006E0 BD 0C 01         [ 5] 1518 	lda	0x10c,x
      0006E3 9D 14 01         [ 5] 1519 	sta	0x114,x
      0006E6 BD 0B 01         [ 5] 1520 	lda	0x10b,x
      0006E9 9D 13 01         [ 5] 1521 	sta	0x113,x
      0006EC BD 0A 01         [ 5] 1522 	lda	0x10a,x
      0006EF 9D 12 01         [ 5] 1523 	sta	0x112,x
      0006F2 BD 09 01         [ 5] 1524 	lda	0x109,x
      0006F5 9D 11 01         [ 5] 1525 	sta	0x111,x
                                   1526 ;	Raw cost for generated ic 239 : (49, 74.000000) count=0.247540
                                   1527 ;	genLabel
      0006F8                       1528 00152$:
                                   1529 ;	Raw cost for generated ic 240 : (0, 0.000000) count=0.989744
                                   1530 ;	genRet
      0006F8 BA               [ 2] 1531 	tsx
      0006F9 BD 18 01         [ 5] 1532 	lda	0x118,x
      0006FC 85*00            [ 3] 1533 	sta	*___SDCC_m6502_ret7
      0006FE BD 17 01         [ 5] 1534 	lda	0x117,x
      000701 85*00            [ 3] 1535 	sta	*___SDCC_m6502_ret6
      000703 BD 16 01         [ 5] 1536 	lda	0x116,x
      000706 85*00            [ 3] 1537 	sta	*___SDCC_m6502_ret5
      000708 BD 15 01         [ 5] 1538 	lda	0x115,x
      00070B 85*00            [ 3] 1539 	sta	*___SDCC_m6502_ret4
      00070D BD 14 01         [ 5] 1540 	lda	0x114,x
      000710 85*00            [ 3] 1541 	sta	*___SDCC_m6502_ret3
      000712 BD 13 01         [ 5] 1542 	lda	0x113,x
      000715 85*00            [ 3] 1543 	sta	*___SDCC_m6502_ret2
      000717 BD 12 01         [ 5] 1544 	lda	0x112,x
      00071A 85*00            [ 3] 1545 	sta	*(REGTEMP+0)
      00071C BD 11 01         [ 5] 1546 	lda	0x111,x
      00071F A6*00            [ 3] 1547 	ldx	*(REGTEMP+0)
                                   1548 ;	Raw cost for generated ic 241 : (41, 58.000000) count=0.989744
                                   1549 ;	genLabel
      000721                       1550 00146$:
                                   1551 ;	Raw cost for generated ic 242 : (0, 0.000000) count=0.989744
                                   1552 ;	../wcstoull.c: 149: }
                                   1553 ;	genEndFunction
                                   1554 ;	  adjustStack : cycles stk:170  incdec:92  adc:24
      000721 86*00            [ 3] 1555 	stx	*(REGTEMP+0)
      000723 85*01            [ 3] 1556 	sta	*(REGTEMP+1)
      000725 BA               [ 2] 1557 	tsx
      000726 8A               [ 2] 1558 	txa
      000727 18               [ 2] 1559 	clc
      000728 69 29            [ 2] 1560 	adc	#0x29
      00072A AA               [ 2] 1561 	tax
      00072B 9A               [ 2] 1562 	txs
      00072C A5*01            [ 3] 1563 	lda	*(REGTEMP+1)
      00072E A6*00            [ 3] 1564 	ldx	*(REGTEMP+0)
      000730 60               [ 6] 1565 	rts
                                   1566 ;	Raw cost for generated ic 243 : (16, 30.000000) count=0.989744
                                   1567 	.area CODE
                                   1568 	.area RODATA
                                   1569 	.area RODATA
      000000                       1570 ___str_0:
      000000 30 00 00 00           1571 	.byte 48,0,0,0
      000004 78 00 00 00           1572 	.byte 120,0,0,0
      000008 00 00 00 00           1573 	.byte 0,0,0,0
                                   1574 	.area CODE
                                   1575 	.area RODATA
      00000C                       1576 ___str_1:
      00000C 30 00 00 00           1577 	.byte 48,0,0,0
      000010 58 00 00 00           1578 	.byte 88,0,0,0
      000014 00 00 00 00           1579 	.byte 0,0,0,0
                                   1580 	.area CODE
                                   1581 	.area RODATA
      000018                       1582 ___str_2:
      000018 30 00 00 00           1583 	.byte 48,0,0,0
      00001C 62 00 00 00           1584 	.byte 98,0,0,0
      000020 00 00 00 00           1585 	.byte 0,0,0,0
                                   1586 	.area CODE
                                   1587 	.area RODATA
      000024                       1588 ___str_3:
      000024 30 00 00 00           1589 	.byte 48,0,0,0
      000028 42 00 00 00           1590 	.byte 66,0,0,0
      00002C 00 00 00 00           1591 	.byte 0,0,0,0
                                   1592 	.area CODE
                                   1593 	.area XINIT
                                   1594 	.area CABS    (ABS)
