                                      1 ;--------------------------------------------------------
                                      2 ; File Created by SDCC : free open source ISO C Compiler
                                      3 ; Version 4.5.10 #15691 (Linux)
                                      4 ;--------------------------------------------------------
                                      5 	.module __assert
                                      6 	
                                      7 	.optsdcc -mmos6502
                                      8 
                                      9 ;--------------------------------------------------------
                                     10 ;  Ordering of segments for the linker.
                                     11 ;--------------------------------------------------------
                                     12 	.area ZP      (PAG)
                                     13 	.area OSEG    (PAG, OVR)
                                     14 	.area _CODE
                                     15 	.area GSINIT
                                     16 	.area GSFINAL
                                     17 	.area CODE
                                     18 	.area RODATA
                                     19 	.area XINIT
                                     20 	.area _DATA
                                     21 	.area DATA
                                     22 	.area BSS
                                     23 ;--------------------------------------------------------
                                     24 ; Public variables in this module
                                     25 ;--------------------------------------------------------
                                     26 	.globl ___assert
                                     27 	.globl _printf
                                     28 	.globl ___assert_PARM_4
                                     29 	.globl ___assert_PARM_3
                                     30 	.globl ___assert_PARM_2
                                     31 ;--------------------------------------------------------
                                     32 ; ZP ram data
                                     33 ;--------------------------------------------------------
                                     34 	.area ZP      (PAG)
                                     35 ;--------------------------------------------------------
                                     36 ; overlayable items in ram
                                     37 ;--------------------------------------------------------
                                     38 ;--------------------------------------------------------
                                     39 ; uninitialized external ram data
                                     40 ;--------------------------------------------------------
                                     41 	.area BSS
      000000                         42 ___assert_PARM_2:
      000000                         43 	.ds 2
      000002                         44 ___assert_PARM_3:
      000002                         45 	.ds 2
      000004                         46 ___assert_PARM_4:
      000004                         47 	.ds 2
      000006                         48 ___assert_expression_10000_52:
      000006                         49 	.ds 2
                                     50 ;--------------------------------------------------------
                                     51 ; absolute external ram data
                                     52 ;--------------------------------------------------------
                                     53 	.area DABS    (ABS)
                                     54 ;--------------------------------------------------------
                                     55 ; initialized external ram data
                                     56 ;--------------------------------------------------------
                                     57 	.area DATA
                                     58 ;--------------------------------------------------------
                                     59 ; global & static initialisations
                                     60 ;--------------------------------------------------------
                                     61 	.area _CODE
                                     62 	.area GSINIT
                                     63 	.area GSFINAL
                                     64 	.area GSINIT
                                     65 ;--------------------------------------------------------
                                     66 ; Home
                                     67 ;--------------------------------------------------------
                                     68 	.area _CODE
                                     69 	.area _CODE
                                     70 ;--------------------------------------------------------
                                     71 ; code
                                     72 ;--------------------------------------------------------
                                     73 	.area CODE
                                     74 ;------------------------------------------------------------
                                     75 ;Allocation info for local variables in function '__assert'
                                     76 ;------------------------------------------------------------
                                     77 ;functionname  Allocated with name '___assert_PARM_2'
                                     78 ;filename      Allocated with name '___assert_PARM_3'
                                     79 ;linenumber    Allocated with name '___assert_PARM_4'
                                     80 ;expression    Allocated with name '___assert_expression_10000_52'
                                     81 ;------------------------------------------------------------
                                     82 ;	../__assert.c: 32: void __assert(const char *expression, const char *functionname, const char *filename, unsigned int linenumber)
                                     83 ;	genLabel
                                     84 ;	Raw cost for generated ic 0 : (0, 0.000000) count=1.000000
                                     85 ;	-----------------------------------------
                                     86 ;	 function __assert
                                     87 ;	-----------------------------------------
                                     88 ;	Register assignment is optimal.
                                     89 ;	Stack space usage: 0 bytes.
      000000                         90 ___assert:
                                     91 ;	Raw cost for generated ic 1 : (0, 0.000000) count=1.000000
                                     92 ;	genReceive
      000000 8Dr06r00         [ 4]   93 	sta	___assert_expression_10000_52
      000003 8Er07r00         [ 4]   94 	stx	(___assert_expression_10000_52 + 1)
                                     95 ;	Raw cost for generated ic 2 : (6, 8.000000) count=1.000000
                                     96 ;	../__assert.c: 34: printf("Assert(%s) failed in function %s at line %u in file %s.\n",
                                     97 ;	skipping iCode since result will be rematerialized
                                     98 ;	Raw cost for generated ic 3 : (0, 0.000000) count=1.000000
                                     99 ;	skipping iCode since result will be rematerialized
                                    100 ;	Raw cost for generated ic 4 : (0, 0.000000) count=1.000000
                                    101 ;	genIpush
      000006 ADr03r00         [ 4]  102 	lda	(___assert_PARM_3 + 1)
      000009 48               [ 3]  103 	pha
      00000A ADr02r00         [ 4]  104 	lda	___assert_PARM_3
      00000D 48               [ 3]  105 	pha
                                    106 ;	Raw cost for generated ic 5 : (8, 14.000000) count=1.000000
                                    107 ;	genIpush
      00000E ADr05r00         [ 4]  108 	lda	(___assert_PARM_4 + 1)
      000011 48               [ 3]  109 	pha
      000012 ADr04r00         [ 4]  110 	lda	___assert_PARM_4
      000015 48               [ 3]  111 	pha
                                    112 ;	Raw cost for generated ic 6 : (8, 14.000000) count=1.000000
                                    113 ;	genIpush
      000016 ADr01r00         [ 4]  114 	lda	(___assert_PARM_2 + 1)
      000019 48               [ 3]  115 	pha
      00001A ADr00r00         [ 4]  116 	lda	___assert_PARM_2
      00001D 48               [ 3]  117 	pha
                                    118 ;	Raw cost for generated ic 7 : (8, 14.000000) count=1.000000
                                    119 ;	genIpush
      00001E 8A               [ 2]  120 	txa
      00001F 48               [ 3]  121 	pha
      000020 ADr06r00         [ 4]  122 	lda	___assert_expression_10000_52
      000023 48               [ 3]  123 	pha
                                    124 ;	Raw cost for generated ic 8 : (6, 12.000000) count=1.000000
                                    125 ;	genIpush
      000024 A9s00            [ 2]  126 	lda	#>___str_0
      000026 48               [ 3]  127 	pha
      000027 A9r00            [ 2]  128 	lda	#___str_0
      000029 48               [ 3]  129 	pha
                                    130 ;	Raw cost for generated ic 9 : (6, 10.000000) count=1.000000
                                    131 ;	genCall
      00002A 20r00r00         [ 6]  132 	jsr	_printf
                                    133 ;	  adjustStack : cycles stk:40  incdec:24  adc:12
      00002D BA               [ 2]  134 	tsx
      00002E 8A               [ 2]  135 	txa
      00002F 18               [ 2]  136 	clc
      000030 69 0A            [ 2]  137 	adc	#0x0a
      000032 AA               [ 2]  138 	tax
      000033 9A               [ 2]  139 	txs
                                    140 ;	Raw cost for generated ic 10 : (10, 18.000000) count=1.000000
                                    141 ;	genLabel
      000034                        142 00103$:
                                    143 ;	Raw cost for generated ic 12 : (0, 0.000000) count=72.000000
                                    144 ;	genGoto
      000034 4Cr34r00         [ 3]  145 	jmp	00103$
                                    146 ;	Raw cost for generated ic 13 : (3, 3.000000) count=72.000000
                                    147 ;	genLabel
                                    148 ;	Raw cost for generated ic 15 : (0, 0.000000) count=0.000000
                                    149 ;	../__assert.c: 37: }
                                    150 ;	genEndFunction
      000037 60               [ 6]  151 	rts
                                    152 ;	Raw cost for generated ic 16 : (1, 6.000000) count=0.000000
                                    153 	.area CODE
                                    154 	.area RODATA
                                    155 	.area RODATA
      000000                        156 ___str_0:
      000000 41 73 73 65 72 74 28   157 	.ascii "Assert(%s) failed in function %s at line %u in file %s."
             25 73 29 20 66 61 69
             6C 65 64 20 69 6E 20
             66 75 6E 63 74 69 6F
             6E 20 25 73 20 61 74
             20 6C 69 6E 65 20 25
             75 20 69 6E 20 66 69
             6C 65 20 25 73 2E
      000037 0A                     158 	.db 0x0a
      000038 00                     159 	.db 0x00
                                    160 	.area CODE
                                    161 	.area XINIT
                                    162 	.area CABS    (ABS)
