                                      1 ;--------------------------------------------------------
                                      2 ; File Created by SDCC : free open source ISO C Compiler
                                      3 ; Version 4.5.10 #15691 (Linux)
                                      4 ;--------------------------------------------------------
                                      5 	.module _fs2uchar
                                      6 	
                                      7 	.optsdcc -mmos6502
                                      8 
                                      9 ;--------------------------------------------------------
                                     10 ;  Ordering of segments for the linker.
                                     11 ;--------------------------------------------------------
                                     12 	.area ZP      (PAG)
                                     13 	.area OSEG    (PAG, OVR)
                                     14 	.area _CODE
                                     15 	.area GSINIT
                                     16 	.area GSFINAL
                                     17 	.area CODE
                                     18 	.area RODATA
                                     19 	.area XINIT
                                     20 	.area _DATA
                                     21 	.area DATA
                                     22 	.area BSS
                                     23 ;--------------------------------------------------------
                                     24 ; Public variables in this module
                                     25 ;--------------------------------------------------------
                                     26 	.globl ___fs2ulong
                                     27 	.globl ___fs2uchar_PARM_1
                                     28 	.globl ___fs2uchar
                                     29 ;--------------------------------------------------------
                                     30 ; ZP ram data
                                     31 ;--------------------------------------------------------
                                     32 	.area ZP      (PAG)
      000000                         33 ___fs2uchar_sloc0_1_0:
      000000                         34 	.ds 4
                                     35 ;--------------------------------------------------------
                                     36 ; overlayable items in ram
                                     37 ;--------------------------------------------------------
                                     38 ;--------------------------------------------------------
                                     39 ; uninitialized external ram data
                                     40 ;--------------------------------------------------------
                                     41 	.area BSS
      000000                         42 ___fs2uchar_PARM_1:
      000000                         43 	.ds 4
                                     44 ;--------------------------------------------------------
                                     45 ; absolute external ram data
                                     46 ;--------------------------------------------------------
                                     47 	.area DABS    (ABS)
                                     48 ;--------------------------------------------------------
                                     49 ; initialized external ram data
                                     50 ;--------------------------------------------------------
                                     51 	.area DATA
                                     52 ;--------------------------------------------------------
                                     53 ; global & static initialisations
                                     54 ;--------------------------------------------------------
                                     55 	.area _CODE
                                     56 	.area GSINIT
                                     57 	.area GSFINAL
                                     58 	.area GSINIT
                                     59 ;--------------------------------------------------------
                                     60 ; Home
                                     61 ;--------------------------------------------------------
                                     62 	.area _CODE
                                     63 	.area _CODE
                                     64 ;--------------------------------------------------------
                                     65 ; code
                                     66 ;--------------------------------------------------------
                                     67 	.area CODE
                                     68 ;------------------------------------------------------------
                                     69 ;Allocation info for local variables in function '__fs2uchar'
                                     70 ;------------------------------------------------------------
                                     71 ;sloc0         Allocated with name '___fs2uchar_sloc0_1_0'
                                     72 ;f             Allocated with name '___fs2uchar_PARM_1'
                                     73 ;ul            Allocated with name '___fs2uchar_ul_10000_21'
                                     74 ;------------------------------------------------------------
                                     75 ;	../_fs2uchar.c: 51: unsigned char __fs2uchar (float f) __SDCC_FLOAT_NONBANKED
                                     76 ;	genLabel
                                     77 ;	Raw cost for generated ic 0 : (0, 0.000000) count=1.000000
                                     78 ;	-----------------------------------------
                                     79 ;	 function __fs2uchar
                                     80 ;	-----------------------------------------
                                     81 ;	Register assignment is optimal.
                                     82 ;	Stack space usage: 0 bytes.
      000000                         83 ___fs2uchar:
                                     84 ;	Raw cost for generated ic 1 : (0, 0.000000) count=1.000000
                                     85 ;	../_fs2uchar.c: 53: unsigned long ul=__fs2ulong(f);
                                     86 ;	genAssign
                                     87 ;	genCopy
      000000 ADr03r00         [ 4]   88 	lda	(___fs2uchar_PARM_1 + 3)
      000003 8Dr03r00         [ 4]   89 	sta	(___fs2ulong_PARM_1 + 3)
      000006 ADr02r00         [ 4]   90 	lda	(___fs2uchar_PARM_1 + 2)
      000009 8Dr02r00         [ 4]   91 	sta	(___fs2ulong_PARM_1 + 2)
      00000C ADr01r00         [ 4]   92 	lda	(___fs2uchar_PARM_1 + 1)
      00000F 8Dr01r00         [ 4]   93 	sta	(___fs2ulong_PARM_1 + 1)
      000012 ADr00r00         [ 4]   94 	lda	___fs2uchar_PARM_1
      000015 8Dr00r00         [ 4]   95 	sta	___fs2ulong_PARM_1
                                     96 ;	Raw cost for generated ic 2 : (24, 32.000000) count=1.000000
                                     97 ;	genCall
      000018 20r00r00         [ 6]   98 	jsr	___fs2ulong
                                     99 ;	assignResultValue
      00001B 85*00            [ 3]  100 	sta	*___fs2uchar_sloc0_1_0
      00001D 86*01            [ 3]  101 	stx	*(___fs2uchar_sloc0_1_0 + 1)
      00001F A5*00            [ 3]  102 	lda	*___SDCC_m6502_ret2
      000021 85*02            [ 3]  103 	sta	*(___fs2uchar_sloc0_1_0 + 2)
      000023 A5*00            [ 3]  104 	lda	*___SDCC_m6502_ret3
      000025 85*03            [ 3]  105 	sta	*(___fs2uchar_sloc0_1_0 + 3)
                                    106 ;	Raw cost for generated ic 3 : (15, 24.000000) count=1.000000
                                    107 ;	../_fs2uchar.c: 54: if (ul>=UCHAR_MAX) return UCHAR_MAX;
                                    108 ;	genCmp
      000027 A5*00            [ 3]  109 	lda	*___fs2uchar_sloc0_1_0
      000029 38               [ 2]  110 	sec
      00002A E9 FF            [ 2]  111 	sbc	#0xff
      00002C 8A               [ 2]  112 	txa
      00002D E9 00            [ 2]  113 	sbc	#0x00
      00002F A5*02            [ 3]  114 	lda	*(___fs2uchar_sloc0_1_0 + 2)
      000031 E9 00            [ 2]  115 	sbc	#0x00
      000033 A5*03            [ 3]  116 	lda	*(___fs2uchar_sloc0_1_0 + 3)
      000035 E9 00            [ 2]  117 	sbc	#0x00
      000037 90 03            [ 4]  118 	bcc	00102$
                                    119 ;	Raw cost for generated ic 5 : (21, 26.600000) count=1.000000
                                    120 ;	skipping generated iCode
                                    121 ;	Raw cost for generated ic 6 : (0, 0.000000) count=1.000000
                                    122 ;	genRet
      000039 A9 FF            [ 2]  123 	lda	#0xff
      00003B 60               [ 6]  124 	rts
                                    125 ;	Raw cost for generated ic 9 : (5, 5.000000) count=0.750000
                                    126 ;	genLabel
      00003C                        127 00102$:
                                    128 ;	Raw cost for generated ic 10 : (0, 0.000000) count=1.000000
                                    129 ;	../_fs2uchar.c: 55: return ul;
                                    130 ;	genCast
                                    131 ;	genCopy
      00003C A5*00            [ 3]  132 	lda	*___fs2uchar_sloc0_1_0
                                    133 ;	Raw cost for generated ic 11 : (2, 3.000000) count=1.000000
                                    134 ;	genRet
                                    135 ;	Raw cost for generated ic 12 : (0, 0.000000) count=1.000000
                                    136 ;	genLabel
                                    137 ;	Raw cost for generated ic 13 : (0, 0.000000) count=1.000000
                                    138 ;	../_fs2uchar.c: 56: }
                                    139 ;	genEndFunction
      00003E 60               [ 6]  140 	rts
                                    141 ;	Raw cost for generated ic 14 : (1, 6.000000) count=1.000000
                                    142 	.area CODE
                                    143 	.area RODATA
                                    144 	.area XINIT
                                    145 	.area CABS    (ABS)
