                                      1 ;--------------------------------------------------------
                                      2 ; File Created by SDCC : free open source ISO C Compiler
                                      3 ; Version 4.5.10 #15691 (Linux)
                                      4 ;--------------------------------------------------------
                                      5 	.module _fsneq
                                      6 	
                                      7 	.optsdcc -mmos6502
                                      8 
                                      9 ;--------------------------------------------------------
                                     10 ;  Ordering of segments for the linker.
                                     11 ;--------------------------------------------------------
                                     12 	.area ZP      (PAG)
                                     13 	.area OSEG    (PAG, OVR)
                                     14 	.area _CODE
                                     15 	.area GSINIT
                                     16 	.area GSFINAL
                                     17 	.area CODE
                                     18 	.area RODATA
                                     19 	.area XINIT
                                     20 	.area _DATA
                                     21 	.area DATA
                                     22 	.area BSS
                                     23 ;--------------------------------------------------------
                                     24 ; Public variables in this module
                                     25 ;--------------------------------------------------------
                                     26 	.globl ___fsneq_PARM_2
                                     27 	.globl ___fsneq_PARM_1
                                     28 	.globl ___fsneq
                                     29 ;--------------------------------------------------------
                                     30 ; ZP ram data
                                     31 ;--------------------------------------------------------
                                     32 	.area ZP      (PAG)
                                     33 ;--------------------------------------------------------
                                     34 ; overlayable items in ram
                                     35 ;--------------------------------------------------------
                                     36 	.area	OSEG    (PAG, OVR)
      000000                         37 ___fsneq_sloc0_1_0:
      000000                         38 	.ds 4
      000004                         39 ___fsneq_sloc1_1_0:
      000004                         40 	.ds 4
                                     41 ;--------------------------------------------------------
                                     42 ; uninitialized external ram data
                                     43 ;--------------------------------------------------------
                                     44 	.area BSS
      000000                         45 ___fsneq_PARM_1:
      000000                         46 	.ds 4
      000004                         47 ___fsneq_PARM_2:
      000004                         48 	.ds 4
      000008                         49 ___fsneq_fl1_10000_21:
      000008                         50 	.ds 4
      00000C                         51 ___fsneq_fl2_10000_21:
      00000C                         52 	.ds 4
                                     53 ;--------------------------------------------------------
                                     54 ; absolute external ram data
                                     55 ;--------------------------------------------------------
                                     56 	.area DABS    (ABS)
                                     57 ;--------------------------------------------------------
                                     58 ; initialized external ram data
                                     59 ;--------------------------------------------------------
                                     60 	.area DATA
                                     61 ;--------------------------------------------------------
                                     62 ; global & static initialisations
                                     63 ;--------------------------------------------------------
                                     64 	.area _CODE
                                     65 	.area GSINIT
                                     66 	.area GSFINAL
                                     67 	.area GSINIT
                                     68 ;--------------------------------------------------------
                                     69 ; Home
                                     70 ;--------------------------------------------------------
                                     71 	.area _CODE
                                     72 	.area _CODE
                                     73 ;--------------------------------------------------------
                                     74 ; code
                                     75 ;--------------------------------------------------------
                                     76 	.area CODE
                                     77 ;------------------------------------------------------------
                                     78 ;Allocation info for local variables in function '__fsneq'
                                     79 ;------------------------------------------------------------
                                     80 ;a1            Allocated with name '___fsneq_PARM_1'
                                     81 ;a2            Allocated with name '___fsneq_PARM_2'
                                     82 ;fl1           Allocated with name '___fsneq_fl1_10000_21'
                                     83 ;fl2           Allocated with name '___fsneq_fl2_10000_21'
                                     84 ;sloc0         Allocated with name '___fsneq_sloc0_1_0'
                                     85 ;sloc1         Allocated with name '___fsneq_sloc1_1_0'
                                     86 ;------------------------------------------------------------
                                     87 ;	../_fsneq.c: 80: _Bool __fsneq (float a1, float a2) __SDCC_FLOAT_NONBANKED
                                     88 ;	genLabel
                                     89 ;	Raw cost for generated ic 0 : (0, 0.000000) count=1.000000
                                     90 ;	-----------------------------------------
                                     91 ;	 function __fsneq
                                     92 ;	-----------------------------------------
                                     93 ;	Register assignment is optimal.
                                     94 ;	Stack space usage: 0 bytes.
      000000                         95 ___fsneq:
                                     96 ;	Raw cost for generated ic 1 : (0, 0.000000) count=1.000000
                                     97 ;	../_fsneq.c: 84: fl1.f = a1;
                                     98 ;	skipping iCode since result will be rematerialized
                                     99 ;	Raw cost for generated ic 2 : (0, 0.000000) count=1.000000
                                    100 ;	genPointerSet
                                    101 ;	genDataPointerSet
      000000 ADr03r00         [ 4]  102 	lda	(___fsneq_PARM_1 + 3)
      000003 8Dr0Br00         [ 4]  103 	sta	(___fsneq_fl1_10000_21 + 3)
      000006 ADr02r00         [ 4]  104 	lda	(___fsneq_PARM_1 + 2)
      000009 8Dr0Ar00         [ 4]  105 	sta	(___fsneq_fl1_10000_21 + 2)
      00000C ADr01r00         [ 4]  106 	lda	(___fsneq_PARM_1 + 1)
      00000F 8Dr09r00         [ 4]  107 	sta	(___fsneq_fl1_10000_21 + 1)
      000012 ADr00r00         [ 4]  108 	lda	___fsneq_PARM_1
      000015 8Dr08r00         [ 4]  109 	sta	___fsneq_fl1_10000_21
                                    110 ;	Raw cost for generated ic 4 : (24, 32.000000) count=1.000000
                                    111 ;	../_fsneq.c: 85: fl2.f = a2;
                                    112 ;	skipping iCode since result will be rematerialized
                                    113 ;	Raw cost for generated ic 5 : (0, 0.000000) count=1.000000
                                    114 ;	genPointerSet
                                    115 ;	genDataPointerSet
      000018 ADr07r00         [ 4]  116 	lda	(___fsneq_PARM_2 + 3)
      00001B 8Dr0Fr00         [ 4]  117 	sta	(___fsneq_fl2_10000_21 + 3)
      00001E ADr06r00         [ 4]  118 	lda	(___fsneq_PARM_2 + 2)
      000021 8Dr0Er00         [ 4]  119 	sta	(___fsneq_fl2_10000_21 + 2)
      000024 ADr05r00         [ 4]  120 	lda	(___fsneq_PARM_2 + 1)
      000027 8Dr0Dr00         [ 4]  121 	sta	(___fsneq_fl2_10000_21 + 1)
      00002A ADr04r00         [ 4]  122 	lda	___fsneq_PARM_2
      00002D 8Dr0Cr00         [ 4]  123 	sta	___fsneq_fl2_10000_21
                                    124 ;	Raw cost for generated ic 7 : (24, 32.000000) count=1.000000
                                    125 ;	../_fsneq.c: 87: if (fl1.l == fl2.l)
                                    126 ;	skipping iCode since result will be rematerialized
                                    127 ;	Raw cost for generated ic 8 : (0, 0.000000) count=1.000000
                                    128 ;	genPointerGet
                                    129 ;	genDataPointerGet
      000030 ADr0Br00         [ 4]  130 	lda	(___fsneq_fl1_10000_21 + 3)
      000033 85*03            [ 3]  131 	sta	*(___fsneq_sloc0_1_0 + 3)
      000035 ADr0Ar00         [ 4]  132 	lda	(___fsneq_fl1_10000_21 + 2)
      000038 85*02            [ 3]  133 	sta	*(___fsneq_sloc0_1_0 + 2)
      00003A ADr09r00         [ 4]  134 	lda	(___fsneq_fl1_10000_21 + 1)
      00003D 85*01            [ 3]  135 	sta	*(___fsneq_sloc0_1_0 + 1)
      00003F ADr08r00         [ 4]  136 	lda	___fsneq_fl1_10000_21
      000042 85*00            [ 3]  137 	sta	*___fsneq_sloc0_1_0
                                    138 ;	Raw cost for generated ic 10 : (20, 28.000000) count=1.000000
                                    139 ;	skipping iCode since result will be rematerialized
                                    140 ;	Raw cost for generated ic 11 : (0, 0.000000) count=1.000000
                                    141 ;	genPointerGet
                                    142 ;	genDataPointerGet
      000044 ADr0Fr00         [ 4]  143 	lda	(___fsneq_fl2_10000_21 + 3)
      000047 85*07            [ 3]  144 	sta	*(___fsneq_sloc1_1_0 + 3)
      000049 ADr0Er00         [ 4]  145 	lda	(___fsneq_fl2_10000_21 + 2)
      00004C 85*06            [ 3]  146 	sta	*(___fsneq_sloc1_1_0 + 2)
      00004E ADr0Dr00         [ 4]  147 	lda	(___fsneq_fl2_10000_21 + 1)
      000051 85*05            [ 3]  148 	sta	*(___fsneq_sloc1_1_0 + 1)
      000053 ADr0Cr00         [ 4]  149 	lda	___fsneq_fl2_10000_21
      000056 85*04            [ 3]  150 	sta	*___fsneq_sloc1_1_0
                                    151 ;	Raw cost for generated ic 13 : (20, 28.000000) count=1.000000
                                    152 ;	genCmpEQorNE
      000058 A5*00            [ 3]  153 	lda	*___fsneq_sloc0_1_0
      00005A C5*04            [ 3]  154 	cmp	*___fsneq_sloc1_1_0
      00005C D0 15            [ 4]  155 	bne	00102$
      00005E A5*01            [ 3]  156 	lda	*(___fsneq_sloc0_1_0 + 1)
      000060 C5*05            [ 3]  157 	cmp	*(___fsneq_sloc1_1_0 + 1)
      000062 D0 0F            [ 4]  158 	bne	00102$
      000064 A5*02            [ 3]  159 	lda	*(___fsneq_sloc0_1_0 + 2)
      000066 C5*06            [ 3]  160 	cmp	*(___fsneq_sloc1_1_0 + 2)
      000068 D0 09            [ 4]  161 	bne	00102$
      00006A A5*03            [ 3]  162 	lda	*(___fsneq_sloc0_1_0 + 3)
      00006C C5*07            [ 3]  163 	cmp	*(___fsneq_sloc1_1_0 + 3)
      00006E D0 03            [ 4]  164 	bne	00102$
                                    165 ;	Raw cost for generated ic 14 : (36, 46.400002) count=1.000000
                                    166 ;	skipping generated iCode
                                    167 ;	Raw cost for generated ic 15 : (0, 0.000000) count=1.000000
                                    168 ;	../_fsneq.c: 88: return (0);
                                    169 ;	genRet
      000070 A9 00            [ 2]  170 	lda	#0x00
      000072 60               [ 6]  171 	rts
                                    172 ;	Raw cost for generated ic 18 : (5, 5.000000) count=0.750000
                                    173 ;	genLabel
      000073                        174 00102$:
                                    175 ;	Raw cost for generated ic 19 : (0, 0.000000) count=1.000000
                                    176 ;	../_fsneq.c: 89: if (((fl1.l | fl2.l) & 0x7FFFFFFF) == 0)
                                    177 ;	skipping iCode since result will be rematerialized
                                    178 ;	Raw cost for generated ic 20 : (0, 0.000000) count=1.000000
                                    179 ;	genPointerGet
                                    180 ;	genDataPointerGet
      000073 ADr0Br00         [ 4]  181 	lda	(___fsneq_fl1_10000_21 + 3)
      000076 85*07            [ 3]  182 	sta	*(___fsneq_sloc1_1_0 + 3)
      000078 ADr0Ar00         [ 4]  183 	lda	(___fsneq_fl1_10000_21 + 2)
      00007B 85*06            [ 3]  184 	sta	*(___fsneq_sloc1_1_0 + 2)
      00007D ADr09r00         [ 4]  185 	lda	(___fsneq_fl1_10000_21 + 1)
      000080 85*05            [ 3]  186 	sta	*(___fsneq_sloc1_1_0 + 1)
      000082 ADr08r00         [ 4]  187 	lda	___fsneq_fl1_10000_21
      000085 85*04            [ 3]  188 	sta	*___fsneq_sloc1_1_0
                                    189 ;	Raw cost for generated ic 22 : (20, 28.000000) count=1.000000
                                    190 ;	skipping iCode since result will be rematerialized
                                    191 ;	Raw cost for generated ic 23 : (0, 0.000000) count=1.000000
                                    192 ;	genPointerGet
                                    193 ;	genDataPointerGet
      000087 ADr0Fr00         [ 4]  194 	lda	(___fsneq_fl2_10000_21 + 3)
      00008A 85*03            [ 3]  195 	sta	*(___fsneq_sloc0_1_0 + 3)
      00008C ADr0Er00         [ 4]  196 	lda	(___fsneq_fl2_10000_21 + 2)
      00008F 85*02            [ 3]  197 	sta	*(___fsneq_sloc0_1_0 + 2)
      000091 ADr0Dr00         [ 4]  198 	lda	(___fsneq_fl2_10000_21 + 1)
      000094 85*01            [ 3]  199 	sta	*(___fsneq_sloc0_1_0 + 1)
      000096 ADr0Cr00         [ 4]  200 	lda	___fsneq_fl2_10000_21
      000099 85*00            [ 3]  201 	sta	*___fsneq_sloc0_1_0
                                    202 ;	Raw cost for generated ic 25 : (20, 28.000000) count=1.000000
                                    203 ;	genOr
      00009B A5*04            [ 3]  204 	lda	*___fsneq_sloc1_1_0
      00009D 05*00            [ 3]  205 	ora	*___fsneq_sloc0_1_0
      00009F 85*04            [ 3]  206 	sta	*___fsneq_sloc1_1_0
      0000A1 A5*05            [ 3]  207 	lda	*(___fsneq_sloc1_1_0 + 1)
      0000A3 05*01            [ 3]  208 	ora	*(___fsneq_sloc0_1_0 + 1)
      0000A5 85*05            [ 3]  209 	sta	*(___fsneq_sloc1_1_0 + 1)
      0000A7 A5*06            [ 3]  210 	lda	*(___fsneq_sloc1_1_0 + 2)
      0000A9 05*02            [ 3]  211 	ora	*(___fsneq_sloc0_1_0 + 2)
      0000AB 85*06            [ 3]  212 	sta	*(___fsneq_sloc1_1_0 + 2)
      0000AD A5*07            [ 3]  213 	lda	*(___fsneq_sloc1_1_0 + 3)
      0000AF 05*03            [ 3]  214 	ora	*(___fsneq_sloc0_1_0 + 3)
      0000B1 85*07            [ 3]  215 	sta	*(___fsneq_sloc1_1_0 + 3)
                                    216 ;	Raw cost for generated ic 26 : (24, 36.000000) count=1.000000
                                    217 ;	genAnd
      0000B3 A5*04            [ 3]  218 	lda	*___fsneq_sloc1_1_0
      0000B5 D0 0C            [ 4]  219 	bne	00124$
      0000B7 A5*05            [ 3]  220 	lda	*(___fsneq_sloc1_1_0 + 1)
      0000B9 D0 08            [ 4]  221 	bne	00124$
      0000BB A5*06            [ 3]  222 	lda	*(___fsneq_sloc1_1_0 + 2)
      0000BD D0 04            [ 4]  223 	bne	00124$
      0000BF A5*07            [ 3]  224 	lda	*(___fsneq_sloc1_1_0 + 3)
      0000C1 29 7F            [ 2]  225 	and	#0x7f
      0000C3                        226 00124$:
                                    227 ;	genIfxJump : z
      0000C3 D0 03            [ 4]  228 	bne	00104$
                                    229 ;	Raw cost for generated ic 27 : (21, 27.400002) count=1.000000
                                    230 ;	skipping generated iCode
                                    231 ;	Raw cost for generated ic 28 : (0, 0.000000) count=1.000000
                                    232 ;	../_fsneq.c: 90: return (0);
                                    233 ;	genRet
      0000C5 A9 00            [ 2]  234 	lda	#0x00
      0000C7 60               [ 6]  235 	rts
                                    236 ;	Raw cost for generated ic 31 : (5, 5.000000) count=0.750000
                                    237 ;	genLabel
      0000C8                        238 00104$:
                                    239 ;	Raw cost for generated ic 32 : (0, 0.000000) count=1.000000
                                    240 ;	../_fsneq.c: 91: return (1);
                                    241 ;	genRet
      0000C8 A9 01            [ 2]  242 	lda	#0x01
                                    243 ;	Raw cost for generated ic 33 : (2, 2.000000) count=1.000000
                                    244 ;	genLabel
                                    245 ;	Raw cost for generated ic 34 : (0, 0.000000) count=1.000000
                                    246 ;	../_fsneq.c: 92: }
                                    247 ;	genEndFunction
      0000CA 60               [ 6]  248 	rts
                                    249 ;	Raw cost for generated ic 35 : (1, 6.000000) count=1.000000
                                    250 	.area CODE
                                    251 	.area RODATA
                                    252 	.area XINIT
                                    253 	.area CABS    (ABS)
