                                      1 ;--------------------------------------------------------
                                      2 ; File Created by SDCC : free open source ISO C Compiler
                                      3 ; Version 4.5.10 #15691 (Linux)
                                      4 ;--------------------------------------------------------
                                      5 	.module _modslonglong
                                      6 	
                                      7 	.optsdcc -mmos6502
                                      8 
                                      9 ;--------------------------------------------------------
                                     10 ;  Ordering of segments for the linker.
                                     11 ;--------------------------------------------------------
                                     12 	.area ZP      (PAG)
                                     13 	.area OSEG    (PAG, OVR)
                                     14 	.area _CODE
                                     15 	.area GSINIT
                                     16 	.area GSFINAL
                                     17 	.area CODE
                                     18 	.area RODATA
                                     19 	.area XINIT
                                     20 	.area _DATA
                                     21 	.area DATA
                                     22 	.area BSS
                                     23 ;--------------------------------------------------------
                                     24 ; Public variables in this module
                                     25 ;--------------------------------------------------------
                                     26 	.globl __modslonglong_PARM_2
                                     27 	.globl __modslonglong_PARM_1
                                     28 	.globl __modslonglong
                                     29 ;--------------------------------------------------------
                                     30 ; ZP ram data
                                     31 ;--------------------------------------------------------
                                     32 	.area ZP      (PAG)
      000000                         33 __modslonglong_sloc0_1_0:
      000000                         34 	.ds 8
      000008                         35 __modslonglong_sloc1_1_0:
      000008                         36 	.ds 8
                                     37 ;--------------------------------------------------------
                                     38 ; overlayable items in ram
                                     39 ;--------------------------------------------------------
                                     40 ;--------------------------------------------------------
                                     41 ; uninitialized external ram data
                                     42 ;--------------------------------------------------------
                                     43 	.area BSS
      000000                         44 __modslonglong_PARM_1:
      000000                         45 	.ds 8
      000008                         46 __modslonglong_PARM_2:
      000008                         47 	.ds 8
      000010                         48 __modslonglong_numeratorneg_10000_2:
      000010                         49 	.ds 1
                                     50 ;--------------------------------------------------------
                                     51 ; absolute external ram data
                                     52 ;--------------------------------------------------------
                                     53 	.area DABS    (ABS)
                                     54 ;--------------------------------------------------------
                                     55 ; initialized external ram data
                                     56 ;--------------------------------------------------------
                                     57 	.area DATA
                                     58 ;--------------------------------------------------------
                                     59 ; global & static initialisations
                                     60 ;--------------------------------------------------------
                                     61 	.area _CODE
                                     62 	.area GSINIT
                                     63 	.area GSFINAL
                                     64 	.area GSINIT
                                     65 ;--------------------------------------------------------
                                     66 ; Home
                                     67 ;--------------------------------------------------------
                                     68 	.area _CODE
                                     69 	.area _CODE
                                     70 ;--------------------------------------------------------
                                     71 ; code
                                     72 ;--------------------------------------------------------
                                     73 	.area CODE
                                     74 ;------------------------------------------------------------
                                     75 ;Allocation info for local variables in function '_modslonglong'
                                     76 ;------------------------------------------------------------
                                     77 ;sloc0         Allocated with name '__modslonglong_sloc0_1_0'
                                     78 ;sloc1         Allocated with name '__modslonglong_sloc1_1_0'
                                     79 ;numerator     Allocated with name '__modslonglong_PARM_1'
                                     80 ;denominator   Allocated with name '__modslonglong_PARM_2'
                                     81 ;numeratorneg  Allocated with name '__modslonglong_numeratorneg_10000_2'
                                     82 ;denominatorneg Allocated to registers x 
                                     83 ;r             Allocated with name '__modslonglong_r_10000_2'
                                     84 ;------------------------------------------------------------
                                     85 ;	../_modslonglong.c: 36: _modslonglong (long long numerator, long long denominator) __SDCC_NONBANKED
                                     86 ;	genLabel
                                     87 ;	Raw cost for generated ic 0 : (0, 0.000000) count=1.000000
                                     88 ;	-----------------------------------------
                                     89 ;	 function _modslonglong
                                     90 ;	-----------------------------------------
                                     91 ;	Register assignment is optimal.
                                     92 ;	Stack space usage: 0 bytes.
      000000                         93 __modslonglong:
                                     94 ;	Raw cost for generated ic 1 : (0, 0.000000) count=1.000000
                                     95 ;	../_modslonglong.c: 38: bool numeratorneg = (numerator < 0);
                                     96 ;	genCmp
      000000 2Cr07r00         [ 4]   97 	bit	(__modslonglong_PARM_1 + 7)
      000003 30 05            [ 4]   98 	bmi	00127$
      000005 A9 00            [ 2]   99 	lda	#0x00
      000007 4Cr0Cr00         [ 3]  100 	jmp	00128$
      00000A                        101 00127$:
      00000A A9 01            [ 2]  102 	lda	#0x01
      00000C                        103 00128$:
      00000C 8Dr10r00         [ 4]  104 	sta	__modslonglong_numeratorneg_10000_2
                                    105 ;	Raw cost for generated ic 2 : (15, 17.600000) count=1.000000
                                    106 ;	../_modslonglong.c: 39: bool denominatorneg = (denominator < 0);
                                    107 ;	genCmp
      00000F 2Cr0Fr00         [ 4]  108 	bit	(__modslonglong_PARM_2 + 7)
      000012 30 05            [ 4]  109 	bmi	00129$
      000014 A9 00            [ 2]  110 	lda	#0x00
      000016 4Cr1Br00         [ 3]  111 	jmp	00130$
      000019                        112 00129$:
      000019 A9 01            [ 2]  113 	lda	#0x01
      00001B                        114 00130$:
      00001B AA               [ 2]  115 	tax
                                    116 ;	Raw cost for generated ic 4 : (13, 15.600000) count=1.000000
                                    117 ;	../_modslonglong.c: 42: if (numeratorneg)
                                    118 ;	genIfx
      00001C ADr10r00         [ 4]  119 	lda	__modslonglong_numeratorneg_10000_2
                                    120 ;	genIfxJump : z
      00001F F0 41            [ 4]  121 	beq	00102$
                                    122 ;	Raw cost for generated ic 6 : (8, 9.600000) count=1.000000
                                    123 ;	../_modslonglong.c: 43: numerator = -numerator;
                                    124 ;	genUminus
      000021 A9 00            [ 2]  125 	lda	#0x00
      000023 38               [ 2]  126 	sec
      000024 EDr00r00         [ 4]  127 	sbc	__modslonglong_PARM_1
      000027 8Dr00r00         [ 4]  128 	sta	__modslonglong_PARM_1
      00002A A9 00            [ 2]  129 	lda	#0x00
      00002C EDr01r00         [ 4]  130 	sbc	(__modslonglong_PARM_1 + 1)
      00002F 8Dr01r00         [ 4]  131 	sta	(__modslonglong_PARM_1 + 1)
      000032 A9 00            [ 2]  132 	lda	#0x00
      000034 EDr02r00         [ 4]  133 	sbc	(__modslonglong_PARM_1 + 2)
      000037 8Dr02r00         [ 4]  134 	sta	(__modslonglong_PARM_1 + 2)
      00003A A9 00            [ 2]  135 	lda	#0x00
      00003C EDr03r00         [ 4]  136 	sbc	(__modslonglong_PARM_1 + 3)
      00003F 8Dr03r00         [ 4]  137 	sta	(__modslonglong_PARM_1 + 3)
      000042 A9 00            [ 2]  138 	lda	#0x00
      000044 EDr04r00         [ 4]  139 	sbc	(__modslonglong_PARM_1 + 4)
      000047 8Dr04r00         [ 4]  140 	sta	(__modslonglong_PARM_1 + 4)
      00004A A9 00            [ 2]  141 	lda	#0x00
      00004C EDr05r00         [ 4]  142 	sbc	(__modslonglong_PARM_1 + 5)
      00004F 8Dr05r00         [ 4]  143 	sta	(__modslonglong_PARM_1 + 5)
      000052 A9 00            [ 2]  144 	lda	#0x00
      000054 EDr06r00         [ 4]  145 	sbc	(__modslonglong_PARM_1 + 6)
      000057 8Dr06r00         [ 4]  146 	sta	(__modslonglong_PARM_1 + 6)
      00005A A9 00            [ 2]  147 	lda	#0x00
      00005C EDr07r00         [ 4]  148 	sbc	(__modslonglong_PARM_1 + 7)
      00005F 8Dr07r00         [ 4]  149 	sta	(__modslonglong_PARM_1 + 7)
                                    150 ;	Raw cost for generated ic 9 : (65, 82.000000) count=0.750000
                                    151 ;	genLabel
      000062                        152 00102$:
                                    153 ;	Raw cost for generated ic 11 : (0, 0.000000) count=1.000000
                                    154 ;	../_modslonglong.c: 44: if (denominatorneg)
                                    155 ;	genIfx
      000062 E0 00            [ 2]  156 	cpx	#0x00
                                    157 ;	genIfxJump : z
      000064 F0 41            [ 4]  158 	beq	00104$
                                    159 ;	Raw cost for generated ic 12 : (7, 7.600000) count=1.000000
                                    160 ;	../_modslonglong.c: 45: denominator = -denominator;
                                    161 ;	genUminus
      000066 A9 00            [ 2]  162 	lda	#0x00
      000068 38               [ 2]  163 	sec
      000069 EDr08r00         [ 4]  164 	sbc	__modslonglong_PARM_2
      00006C 8Dr08r00         [ 4]  165 	sta	__modslonglong_PARM_2
      00006F A9 00            [ 2]  166 	lda	#0x00
      000071 EDr09r00         [ 4]  167 	sbc	(__modslonglong_PARM_2 + 1)
      000074 8Dr09r00         [ 4]  168 	sta	(__modslonglong_PARM_2 + 1)
      000077 A9 00            [ 2]  169 	lda	#0x00
      000079 EDr0Ar00         [ 4]  170 	sbc	(__modslonglong_PARM_2 + 2)
      00007C 8Dr0Ar00         [ 4]  171 	sta	(__modslonglong_PARM_2 + 2)
      00007F A9 00            [ 2]  172 	lda	#0x00
      000081 EDr0Br00         [ 4]  173 	sbc	(__modslonglong_PARM_2 + 3)
      000084 8Dr0Br00         [ 4]  174 	sta	(__modslonglong_PARM_2 + 3)
      000087 A9 00            [ 2]  175 	lda	#0x00
      000089 EDr0Cr00         [ 4]  176 	sbc	(__modslonglong_PARM_2 + 4)
      00008C 8Dr0Cr00         [ 4]  177 	sta	(__modslonglong_PARM_2 + 4)
      00008F A9 00            [ 2]  178 	lda	#0x00
      000091 EDr0Dr00         [ 4]  179 	sbc	(__modslonglong_PARM_2 + 5)
      000094 8Dr0Dr00         [ 4]  180 	sta	(__modslonglong_PARM_2 + 5)
      000097 A9 00            [ 2]  181 	lda	#0x00
      000099 EDr0Er00         [ 4]  182 	sbc	(__modslonglong_PARM_2 + 6)
      00009C 8Dr0Er00         [ 4]  183 	sta	(__modslonglong_PARM_2 + 6)
      00009F A9 00            [ 2]  184 	lda	#0x00
      0000A1 EDr0Fr00         [ 4]  185 	sbc	(__modslonglong_PARM_2 + 7)
      0000A4 8Dr0Fr00         [ 4]  186 	sta	(__modslonglong_PARM_2 + 7)
                                    187 ;	Raw cost for generated ic 15 : (65, 82.000000) count=0.750000
                                    188 ;	genLabel
      0000A7                        189 00104$:
                                    190 ;	Raw cost for generated ic 17 : (0, 0.000000) count=1.000000
                                    191 ;	../_modslonglong.c: 47: r = (unsigned long long)numerator % (unsigned long long)denominator;
                                    192 ;	genCast
                                    193 ;	genCopy
      0000A7 ADr07r00         [ 4]  194 	lda	(__modslonglong_PARM_1 + 7)
      0000AA 8Dr07r00         [ 4]  195 	sta	(__modulonglong_PARM_1 + 7)
      0000AD ADr06r00         [ 4]  196 	lda	(__modslonglong_PARM_1 + 6)
      0000B0 8Dr06r00         [ 4]  197 	sta	(__modulonglong_PARM_1 + 6)
      0000B3 ADr05r00         [ 4]  198 	lda	(__modslonglong_PARM_1 + 5)
      0000B6 8Dr05r00         [ 4]  199 	sta	(__modulonglong_PARM_1 + 5)
      0000B9 ADr04r00         [ 4]  200 	lda	(__modslonglong_PARM_1 + 4)
      0000BC 8Dr04r00         [ 4]  201 	sta	(__modulonglong_PARM_1 + 4)
      0000BF ADr03r00         [ 4]  202 	lda	(__modslonglong_PARM_1 + 3)
      0000C2 8Dr03r00         [ 4]  203 	sta	(__modulonglong_PARM_1 + 3)
      0000C5 ADr02r00         [ 4]  204 	lda	(__modslonglong_PARM_1 + 2)
      0000C8 8Dr02r00         [ 4]  205 	sta	(__modulonglong_PARM_1 + 2)
      0000CB ADr01r00         [ 4]  206 	lda	(__modslonglong_PARM_1 + 1)
      0000CE 8Dr01r00         [ 4]  207 	sta	(__modulonglong_PARM_1 + 1)
      0000D1 ADr00r00         [ 4]  208 	lda	__modslonglong_PARM_1
      0000D4 8Dr00r00         [ 4]  209 	sta	__modulonglong_PARM_1
                                    210 ;	Raw cost for generated ic 18 : (48, 64.000000) count=1.000000
                                    211 ;	genCast
                                    212 ;	genCopy
      0000D7 ADr0Fr00         [ 4]  213 	lda	(__modslonglong_PARM_2 + 7)
      0000DA 8Dr07r00         [ 4]  214 	sta	(__modulonglong_PARM_2 + 7)
      0000DD ADr0Er00         [ 4]  215 	lda	(__modslonglong_PARM_2 + 6)
      0000E0 8Dr06r00         [ 4]  216 	sta	(__modulonglong_PARM_2 + 6)
      0000E3 ADr0Dr00         [ 4]  217 	lda	(__modslonglong_PARM_2 + 5)
      0000E6 8Dr05r00         [ 4]  218 	sta	(__modulonglong_PARM_2 + 5)
      0000E9 ADr0Cr00         [ 4]  219 	lda	(__modslonglong_PARM_2 + 4)
      0000EC 8Dr04r00         [ 4]  220 	sta	(__modulonglong_PARM_2 + 4)
      0000EF ADr0Br00         [ 4]  221 	lda	(__modslonglong_PARM_2 + 3)
      0000F2 8Dr03r00         [ 4]  222 	sta	(__modulonglong_PARM_2 + 3)
      0000F5 ADr0Ar00         [ 4]  223 	lda	(__modslonglong_PARM_2 + 2)
      0000F8 8Dr02r00         [ 4]  224 	sta	(__modulonglong_PARM_2 + 2)
      0000FB ADr09r00         [ 4]  225 	lda	(__modslonglong_PARM_2 + 1)
      0000FE 8Dr01r00         [ 4]  226 	sta	(__modulonglong_PARM_2 + 1)
      000101 ADr08r00         [ 4]  227 	lda	__modslonglong_PARM_2
      000104 8Dr00r00         [ 4]  228 	sta	__modulonglong_PARM_2
                                    229 ;	Raw cost for generated ic 19 : (48, 64.000000) count=1.000000
                                    230 ;	../_modslonglong.c: 49: return (numeratorneg ? -r : r);
                                    231 ;	genCall
      000107 20r00r00         [ 6]  232 	jsr	__modulonglong
                                    233 ;	assignResultValue
      00010A 85*00            [ 3]  234 	sta	*__modslonglong_sloc0_1_0
      00010C 86*01            [ 3]  235 	stx	*(__modslonglong_sloc0_1_0 + 1)
      00010E A5*00            [ 3]  236 	lda	*___SDCC_m6502_ret2
      000110 85*02            [ 3]  237 	sta	*(__modslonglong_sloc0_1_0 + 2)
      000112 A5*00            [ 3]  238 	lda	*___SDCC_m6502_ret3
      000114 85*03            [ 3]  239 	sta	*(__modslonglong_sloc0_1_0 + 3)
      000116 A5*00            [ 3]  240 	lda	*___SDCC_m6502_ret4
      000118 85*04            [ 3]  241 	sta	*(__modslonglong_sloc0_1_0 + 4)
      00011A A5*00            [ 3]  242 	lda	*___SDCC_m6502_ret5
      00011C 85*05            [ 3]  243 	sta	*(__modslonglong_sloc0_1_0 + 5)
      00011E A5*00            [ 3]  244 	lda	*___SDCC_m6502_ret6
      000120 85*06            [ 3]  245 	sta	*(__modslonglong_sloc0_1_0 + 6)
      000122 A5*00            [ 3]  246 	lda	*___SDCC_m6502_ret7
      000124 85*07            [ 3]  247 	sta	*(__modslonglong_sloc0_1_0 + 7)
                                    248 ;	Raw cost for generated ic 34 : (31, 48.000000) count=1.000000
                                    249 ;	genIfx
      000126 ADr10r00         [ 4]  250 	lda	__modslonglong_numeratorneg_10000_2
                                    251 ;	genIfxJump : z
      000129 F0 34            [ 4]  252 	beq	00107$
                                    253 ;	Raw cost for generated ic 22 : (8, 9.600000) count=1.000000
                                    254 ;	genUminus
      00012B A9 00            [ 2]  255 	lda	#0x00
      00012D 38               [ 2]  256 	sec
      00012E E5*00            [ 3]  257 	sbc	*__modslonglong_sloc0_1_0
      000130 85*08            [ 3]  258 	sta	*__modslonglong_sloc1_1_0
      000132 A9 00            [ 2]  259 	lda	#0x00
      000134 E5*01            [ 3]  260 	sbc	*(__modslonglong_sloc0_1_0 + 1)
      000136 85*09            [ 3]  261 	sta	*(__modslonglong_sloc1_1_0 + 1)
      000138 A9 00            [ 2]  262 	lda	#0x00
      00013A E5*02            [ 3]  263 	sbc	*(__modslonglong_sloc0_1_0 + 2)
      00013C 85*0A            [ 3]  264 	sta	*(__modslonglong_sloc1_1_0 + 2)
      00013E A9 00            [ 2]  265 	lda	#0x00
      000140 E5*03            [ 3]  266 	sbc	*(__modslonglong_sloc0_1_0 + 3)
      000142 85*0B            [ 3]  267 	sta	*(__modslonglong_sloc1_1_0 + 3)
      000144 A9 00            [ 2]  268 	lda	#0x00
      000146 E5*04            [ 3]  269 	sbc	*(__modslonglong_sloc0_1_0 + 4)
      000148 85*0C            [ 3]  270 	sta	*(__modslonglong_sloc1_1_0 + 4)
      00014A A9 00            [ 2]  271 	lda	#0x00
      00014C E5*05            [ 3]  272 	sbc	*(__modslonglong_sloc0_1_0 + 5)
      00014E 85*0D            [ 3]  273 	sta	*(__modslonglong_sloc1_1_0 + 5)
      000150 A9 00            [ 2]  274 	lda	#0x00
      000152 E5*06            [ 3]  275 	sbc	*(__modslonglong_sloc0_1_0 + 6)
      000154 85*0E            [ 3]  276 	sta	*(__modslonglong_sloc1_1_0 + 6)
      000156 A9 00            [ 2]  277 	lda	#0x00
      000158 E5*07            [ 3]  278 	sbc	*(__modslonglong_sloc0_1_0 + 7)
      00015A 85*0F            [ 3]  279 	sta	*(__modslonglong_sloc1_1_0 + 7)
                                    280 ;	Raw cost for generated ic 23 : (49, 66.000000) count=0.750000
                                    281 ;	genGoto
      00015C 4Cr7Fr01         [ 3]  282 	jmp	00108$
                                    283 ;	Raw cost for generated ic 25 : (3, 3.000000) count=0.750000
                                    284 ;	genLabel
      00015F                        285 00107$:
                                    286 ;	Raw cost for generated ic 26 : (0, 0.000000) count=0.250000
                                    287 ;	genAssign
                                    288 ;	genCopy
      00015F A5*07            [ 3]  289 	lda	*(__modslonglong_sloc0_1_0 + 7)
      000161 85*0F            [ 3]  290 	sta	*(__modslonglong_sloc1_1_0 + 7)
      000163 A5*06            [ 3]  291 	lda	*(__modslonglong_sloc0_1_0 + 6)
      000165 85*0E            [ 3]  292 	sta	*(__modslonglong_sloc1_1_0 + 6)
      000167 A5*05            [ 3]  293 	lda	*(__modslonglong_sloc0_1_0 + 5)
      000169 85*0D            [ 3]  294 	sta	*(__modslonglong_sloc1_1_0 + 5)
      00016B A5*04            [ 3]  295 	lda	*(__modslonglong_sloc0_1_0 + 4)
      00016D 85*0C            [ 3]  296 	sta	*(__modslonglong_sloc1_1_0 + 4)
      00016F A5*03            [ 3]  297 	lda	*(__modslonglong_sloc0_1_0 + 3)
      000171 85*0B            [ 3]  298 	sta	*(__modslonglong_sloc1_1_0 + 3)
      000173 A5*02            [ 3]  299 	lda	*(__modslonglong_sloc0_1_0 + 2)
      000175 85*0A            [ 3]  300 	sta	*(__modslonglong_sloc1_1_0 + 2)
      000177 A5*01            [ 3]  301 	lda	*(__modslonglong_sloc0_1_0 + 1)
      000179 85*09            [ 3]  302 	sta	*(__modslonglong_sloc1_1_0 + 1)
      00017B A5*00            [ 3]  303 	lda	*__modslonglong_sloc0_1_0
      00017D 85*08            [ 3]  304 	sta	*__modslonglong_sloc1_1_0
                                    305 ;	Raw cost for generated ic 27 : (32, 48.000000) count=0.250000
                                    306 ;	genLabel
      00017F                        307 00108$:
                                    308 ;	Raw cost for generated ic 28 : (0, 0.000000) count=1.000000
                                    309 ;	genRet
      00017F A5*0F            [ 3]  310 	lda	*(__modslonglong_sloc1_1_0 + 7)
      000181 85*00            [ 3]  311 	sta	*___SDCC_m6502_ret7
      000183 A5*0E            [ 3]  312 	lda	*(__modslonglong_sloc1_1_0 + 6)
      000185 85*00            [ 3]  313 	sta	*___SDCC_m6502_ret6
      000187 A5*0D            [ 3]  314 	lda	*(__modslonglong_sloc1_1_0 + 5)
      000189 85*00            [ 3]  315 	sta	*___SDCC_m6502_ret5
      00018B A5*0C            [ 3]  316 	lda	*(__modslonglong_sloc1_1_0 + 4)
      00018D 85*00            [ 3]  317 	sta	*___SDCC_m6502_ret4
      00018F A5*0B            [ 3]  318 	lda	*(__modslonglong_sloc1_1_0 + 3)
      000191 85*00            [ 3]  319 	sta	*___SDCC_m6502_ret3
      000193 A5*0A            [ 3]  320 	lda	*(__modslonglong_sloc1_1_0 + 2)
      000195 85*00            [ 3]  321 	sta	*___SDCC_m6502_ret2
      000197 A6*09            [ 3]  322 	ldx	*(__modslonglong_sloc1_1_0 + 1)
      000199 A5*08            [ 3]  323 	lda	*__modslonglong_sloc1_1_0
                                    324 ;	Raw cost for generated ic 29 : (28, 42.000000) count=1.000000
                                    325 ;	genLabel
                                    326 ;	Raw cost for generated ic 30 : (0, 0.000000) count=1.000000
                                    327 ;	../_modslonglong.c: 50: }
                                    328 ;	genEndFunction
      00019B 60               [ 6]  329 	rts
                                    330 ;	Raw cost for generated ic 31 : (1, 6.000000) count=1.000000
                                    331 	.area CODE
                                    332 	.area RODATA
                                    333 	.area XINIT
                                    334 	.area CABS    (ABS)
