                                      1 ;--------------------------------------------------------
                                      2 ; File Created by SDCC : free open source ISO C Compiler
                                      3 ; Version 4.5.10 #15691 (Linux)
                                      4 ;--------------------------------------------------------
                                      5 	.module _slonglong2fs
                                      6 	
                                      7 	.optsdcc -mmos6502
                                      8 
                                      9 ;--------------------------------------------------------
                                     10 ;  Ordering of segments for the linker.
                                     11 ;--------------------------------------------------------
                                     12 	.area ZP      (PAG)
                                     13 	.area OSEG    (PAG, OVR)
                                     14 	.area _CODE
                                     15 	.area GSINIT
                                     16 	.area GSFINAL
                                     17 	.area CODE
                                     18 	.area RODATA
                                     19 	.area XINIT
                                     20 	.area _DATA
                                     21 	.area DATA
                                     22 	.area BSS
                                     23 ;--------------------------------------------------------
                                     24 ; Public variables in this module
                                     25 ;--------------------------------------------------------
                                     26 	.globl ___slonglong2fs_PARM_1
                                     27 	.globl ___slonglong2fs
                                     28 ;--------------------------------------------------------
                                     29 ; ZP ram data
                                     30 ;--------------------------------------------------------
                                     31 	.area ZP      (PAG)
      000000                         32 ___slonglong2fs_sloc0_1_0:
      000000                         33 	.ds 4
                                     34 ;--------------------------------------------------------
                                     35 ; overlayable items in ram
                                     36 ;--------------------------------------------------------
                                     37 ;--------------------------------------------------------
                                     38 ; uninitialized external ram data
                                     39 ;--------------------------------------------------------
                                     40 	.area BSS
      000000                         41 ___slonglong2fs_PARM_1:
      000000                         42 	.ds 8
                                     43 ;--------------------------------------------------------
                                     44 ; absolute external ram data
                                     45 ;--------------------------------------------------------
                                     46 	.area DABS    (ABS)
                                     47 ;--------------------------------------------------------
                                     48 ; initialized external ram data
                                     49 ;--------------------------------------------------------
                                     50 	.area DATA
                                     51 ;--------------------------------------------------------
                                     52 ; global & static initialisations
                                     53 ;--------------------------------------------------------
                                     54 	.area _CODE
                                     55 	.area GSINIT
                                     56 	.area GSFINAL
                                     57 	.area GSINIT
                                     58 ;--------------------------------------------------------
                                     59 ; Home
                                     60 ;--------------------------------------------------------
                                     61 	.area _CODE
                                     62 	.area _CODE
                                     63 ;--------------------------------------------------------
                                     64 ; code
                                     65 ;--------------------------------------------------------
                                     66 	.area CODE
                                     67 ;------------------------------------------------------------
                                     68 ;Allocation info for local variables in function '__slonglong2fs'
                                     69 ;------------------------------------------------------------
                                     70 ;sloc0         Allocated with name '___slonglong2fs_sloc0_1_0'
                                     71 ;sll           Allocated with name '___slonglong2fs_PARM_1'
                                     72 ;------------------------------------------------------------
                                     73 ;	../_slonglong2fs.c: 35: float __slonglong2fs (signed long long sll) __SDCC_FLOAT_NONBANKED
                                     74 ;	genLabel
                                     75 ;	Raw cost for generated ic 0 : (0, 0.000000) count=1.000000
                                     76 ;	-----------------------------------------
                                     77 ;	 function __slonglong2fs
                                     78 ;	-----------------------------------------
                                     79 ;	Register assignment is optimal.
                                     80 ;	Stack space usage: 0 bytes.
      000000                         81 ___slonglong2fs:
                                     82 ;	Raw cost for generated ic 1 : (0, 0.000000) count=1.000000
                                     83 ;	../_slonglong2fs.c: 37: if (sll<0)
                                     84 ;	genCmp
      000000 2Cr07r00         [ 4]   85 	bit	(___slonglong2fs_PARM_1 + 7)
      000003 10 5F            [ 4]   86 	bpl	00102$
                                     87 ;	Raw cost for generated ic 2 : (8, 9.600000) count=1.000000
                                     88 ;	skipping generated iCode
                                     89 ;	Raw cost for generated ic 3 : (0, 0.000000) count=1.000000
                                     90 ;	../_slonglong2fs.c: 38: return -__ulonglong2fs(-sll);
                                     91 ;	genUminus
      000005 A9 00            [ 2]   92 	lda	#0x00
      000007 38               [ 2]   93 	sec
      000008 EDr00r00         [ 4]   94 	sbc	___slonglong2fs_PARM_1
      00000B 8Dr00r00         [ 4]   95 	sta	___ulonglong2fs_PARM_1
      00000E A9 00            [ 2]   96 	lda	#0x00
      000010 EDr01r00         [ 4]   97 	sbc	(___slonglong2fs_PARM_1 + 1)
      000013 8Dr01r00         [ 4]   98 	sta	(___ulonglong2fs_PARM_1 + 1)
      000016 A9 00            [ 2]   99 	lda	#0x00
      000018 EDr02r00         [ 4]  100 	sbc	(___slonglong2fs_PARM_1 + 2)
      00001B 8Dr02r00         [ 4]  101 	sta	(___ulonglong2fs_PARM_1 + 2)
      00001E A9 00            [ 2]  102 	lda	#0x00
      000020 EDr03r00         [ 4]  103 	sbc	(___slonglong2fs_PARM_1 + 3)
      000023 8Dr03r00         [ 4]  104 	sta	(___ulonglong2fs_PARM_1 + 3)
      000026 A9 00            [ 2]  105 	lda	#0x00
      000028 EDr04r00         [ 4]  106 	sbc	(___slonglong2fs_PARM_1 + 4)
      00002B 8Dr04r00         [ 4]  107 	sta	(___ulonglong2fs_PARM_1 + 4)
      00002E A9 00            [ 2]  108 	lda	#0x00
      000030 EDr05r00         [ 4]  109 	sbc	(___slonglong2fs_PARM_1 + 5)
      000033 8Dr05r00         [ 4]  110 	sta	(___ulonglong2fs_PARM_1 + 5)
      000036 A9 00            [ 2]  111 	lda	#0x00
      000038 EDr06r00         [ 4]  112 	sbc	(___slonglong2fs_PARM_1 + 6)
      00003B 8Dr06r00         [ 4]  113 	sta	(___ulonglong2fs_PARM_1 + 6)
      00003E A9 00            [ 2]  114 	lda	#0x00
      000040 EDr07r00         [ 4]  115 	sbc	(___slonglong2fs_PARM_1 + 7)
      000043 8Dr07r00         [ 4]  116 	sta	(___ulonglong2fs_PARM_1 + 7)
                                    117 ;	Raw cost for generated ic 6 : (65, 82.000000) count=0.750000
                                    118 ;	genCall
      000046 20r00r00         [ 6]  119 	jsr	___ulonglong2fs
                                    120 ;	assignResultValue
      000049 85*00            [ 3]  121 	sta	*___slonglong2fs_sloc0_1_0
      00004B 86*01            [ 3]  122 	stx	*(___slonglong2fs_sloc0_1_0 + 1)
      00004D A5*00            [ 3]  123 	lda	*___SDCC_m6502_ret2
      00004F 85*02            [ 3]  124 	sta	*(___slonglong2fs_sloc0_1_0 + 2)
      000051 A5*00            [ 3]  125 	lda	*___SDCC_m6502_ret3
                                    126 ;	Raw cost for generated ic 9 : (15, 24.000000) count=0.750000
                                    127 ;	genUminus
                                    128 ;	genUminusFloat
      000053 85*03            [ 3]  129 	sta	*(___slonglong2fs_sloc0_1_0 + 3)
      000055 49 80            [ 2]  130 	eor	#0x80
      000057 85*03            [ 3]  131 	sta	*(___slonglong2fs_sloc0_1_0 + 3)
                                    132 ;	Raw cost for generated ic 10 : (6, 8.000000) count=0.750000
                                    133 ;	genRet
      000059 85*00            [ 3]  134 	sta	*___SDCC_m6502_ret3
      00005B A5*02            [ 3]  135 	lda	*(___slonglong2fs_sloc0_1_0 + 2)
      00005D 85*00            [ 3]  136 	sta	*___SDCC_m6502_ret2
      00005F A6*01            [ 3]  137 	ldx	*(___slonglong2fs_sloc0_1_0 + 1)
      000061 A5*00            [ 3]  138 	lda	*___slonglong2fs_sloc0_1_0
      000063 60               [ 6]  139 	rts
                                    140 ;	Raw cost for generated ic 11 : (13, 18.000000) count=0.750000
                                    141 ;	genLabel
      000064                        142 00102$:
                                    143 ;	Raw cost for generated ic 13 : (0, 0.000000) count=1.000000
                                    144 ;	../_slonglong2fs.c: 40: return __ulonglong2fs(sll);
                                    145 ;	genAssign
                                    146 ;	genCopy
      000064 ADr07r00         [ 4]  147 	lda	(___slonglong2fs_PARM_1 + 7)
      000067 8Dr07r00         [ 4]  148 	sta	(___ulonglong2fs_PARM_1 + 7)
      00006A ADr06r00         [ 4]  149 	lda	(___slonglong2fs_PARM_1 + 6)
      00006D 8Dr06r00         [ 4]  150 	sta	(___ulonglong2fs_PARM_1 + 6)
      000070 ADr05r00         [ 4]  151 	lda	(___slonglong2fs_PARM_1 + 5)
      000073 8Dr05r00         [ 4]  152 	sta	(___ulonglong2fs_PARM_1 + 5)
      000076 ADr04r00         [ 4]  153 	lda	(___slonglong2fs_PARM_1 + 4)
      000079 8Dr04r00         [ 4]  154 	sta	(___ulonglong2fs_PARM_1 + 4)
      00007C ADr03r00         [ 4]  155 	lda	(___slonglong2fs_PARM_1 + 3)
      00007F 8Dr03r00         [ 4]  156 	sta	(___ulonglong2fs_PARM_1 + 3)
      000082 ADr02r00         [ 4]  157 	lda	(___slonglong2fs_PARM_1 + 2)
      000085 8Dr02r00         [ 4]  158 	sta	(___ulonglong2fs_PARM_1 + 2)
      000088 ADr01r00         [ 4]  159 	lda	(___slonglong2fs_PARM_1 + 1)
      00008B 8Dr01r00         [ 4]  160 	sta	(___ulonglong2fs_PARM_1 + 1)
      00008E ADr00r00         [ 4]  161 	lda	___slonglong2fs_PARM_1
      000091 8Dr00r00         [ 4]  162 	sta	___ulonglong2fs_PARM_1
                                    163 ;	Raw cost for generated ic 14 : (48, 64.000000) count=1.000000
                                    164 ;	genCall
      000094 20r00r00         [ 6]  165 	jsr	___ulonglong2fs
                                    166 ;	assignResultValue
      000097 85*00            [ 3]  167 	sta	*___slonglong2fs_sloc0_1_0
      000099 86*01            [ 3]  168 	stx	*(___slonglong2fs_sloc0_1_0 + 1)
      00009B A5*00            [ 3]  169 	lda	*___SDCC_m6502_ret2
      00009D 85*02            [ 3]  170 	sta	*(___slonglong2fs_sloc0_1_0 + 2)
      00009F A5*00            [ 3]  171 	lda	*___SDCC_m6502_ret3
      0000A1 85*03            [ 3]  172 	sta	*(___slonglong2fs_sloc0_1_0 + 3)
                                    173 ;	Raw cost for generated ic 16 : (15, 24.000000) count=1.000000
                                    174 ;	genRet
      0000A3 85*00            [ 3]  175 	sta	*___SDCC_m6502_ret3
      0000A5 A5*02            [ 3]  176 	lda	*(___slonglong2fs_sloc0_1_0 + 2)
      0000A7 85*00            [ 3]  177 	sta	*___SDCC_m6502_ret2
      0000A9 A5*00            [ 3]  178 	lda	*___slonglong2fs_sloc0_1_0
                                    179 ;	Raw cost for generated ic 17 : (8, 12.000000) count=1.000000
                                    180 ;	genLabel
                                    181 ;	Raw cost for generated ic 19 : (0, 0.000000) count=1.000000
                                    182 ;	../_slonglong2fs.c: 41: }
                                    183 ;	genEndFunction
      0000AB 60               [ 6]  184 	rts
                                    185 ;	Raw cost for generated ic 20 : (1, 6.000000) count=1.000000
                                    186 	.area CODE
                                    187 	.area RODATA
                                    188 	.area XINIT
                                    189 	.area CABS    (ABS)
