                                      1 ;--------------------------------------------------------
                                      2 ; File Created by SDCC : free open source ISO C Compiler
                                      3 ; Version 4.5.10 #15691 (Linux)
                                      4 ;--------------------------------------------------------
                                      5 	.module _slslonglong
                                      6 	
                                      7 	.optsdcc -mmos6502
                                      8 
                                      9 ;--------------------------------------------------------
                                     10 ;  Ordering of segments for the linker.
                                     11 ;--------------------------------------------------------
                                     12 	.area ZP      (PAG)
                                     13 	.area OSEG    (PAG, OVR)
                                     14 	.area _CODE
                                     15 	.area GSINIT
                                     16 	.area GSFINAL
                                     17 	.area CODE
                                     18 	.area RODATA
                                     19 	.area XINIT
                                     20 	.area _DATA
                                     21 	.area DATA
                                     22 	.area BSS
                                     23 ;--------------------------------------------------------
                                     24 ; Public variables in this module
                                     25 ;--------------------------------------------------------
                                     26 	.globl __slslonglong_PARM_2
                                     27 	.globl __slslonglong_PARM_1
                                     28 	.globl __slslonglong
                                     29 ;--------------------------------------------------------
                                     30 ; ZP ram data
                                     31 ;--------------------------------------------------------
                                     32 	.area ZP      (PAG)
      000000                         33 __slslonglong_sloc0_1_0:
      000000                         34 	.ds 8
                                     35 ;--------------------------------------------------------
                                     36 ; overlayable items in ram
                                     37 ;--------------------------------------------------------
                                     38 ;--------------------------------------------------------
                                     39 ; uninitialized external ram data
                                     40 ;--------------------------------------------------------
                                     41 	.area BSS
      000000                         42 __slslonglong_PARM_1:
      000000                         43 	.ds 8
      000008                         44 __slslonglong_PARM_2:
      000008                         45 	.ds 1
                                     46 ;--------------------------------------------------------
                                     47 ; absolute external ram data
                                     48 ;--------------------------------------------------------
                                     49 	.area DABS    (ABS)
                                     50 ;--------------------------------------------------------
                                     51 ; initialized external ram data
                                     52 ;--------------------------------------------------------
                                     53 	.area DATA
                                     54 ;--------------------------------------------------------
                                     55 ; global & static initialisations
                                     56 ;--------------------------------------------------------
                                     57 	.area _CODE
                                     58 	.area GSINIT
                                     59 	.area GSFINAL
                                     60 	.area GSINIT
                                     61 ;--------------------------------------------------------
                                     62 ; Home
                                     63 ;--------------------------------------------------------
                                     64 	.area _CODE
                                     65 	.area _CODE
                                     66 ;--------------------------------------------------------
                                     67 ; code
                                     68 ;--------------------------------------------------------
                                     69 	.area CODE
                                     70 ;------------------------------------------------------------
                                     71 ;Allocation info for local variables in function '_slslonglong'
                                     72 ;------------------------------------------------------------
                                     73 ;sloc0         Allocated with name '__slslonglong_sloc0_1_0'
                                     74 ;l             Allocated with name '__slslonglong_PARM_1'
                                     75 ;s             Allocated with name '__slslonglong_PARM_2'
                                     76 ;------------------------------------------------------------
                                     77 ;	../_slslonglong.c: 35: long long _slslonglong(long long l, char s) __SDCC_NONBANKED
                                     78 ;	genLabel
                                     79 ;	Raw cost for generated ic 0 : (0, 0.000000) count=1.000000
                                     80 ;	-----------------------------------------
                                     81 ;	 function _slslonglong
                                     82 ;	-----------------------------------------
                                     83 ;	Register assignment is optimal.
                                     84 ;	Stack space usage: 0 bytes.
      000000                         85 __slslonglong:
                                     86 ;	Raw cost for generated ic 1 : (0, 0.000000) count=1.000000
                                     87 ;	../_slslonglong.c: 37: return((unsigned long long)(l) << s);
                                     88 ;	genCast
                                     89 ;	genCopy
      000000 ADr07r00         [ 4]   90 	lda	(__slslonglong_PARM_1 + 7)
      000003 8Dr07r00         [ 4]   91 	sta	(__slulonglong_PARM_1 + 7)
      000006 ADr06r00         [ 4]   92 	lda	(__slslonglong_PARM_1 + 6)
      000009 8Dr06r00         [ 4]   93 	sta	(__slulonglong_PARM_1 + 6)
      00000C ADr05r00         [ 4]   94 	lda	(__slslonglong_PARM_1 + 5)
      00000F 8Dr05r00         [ 4]   95 	sta	(__slulonglong_PARM_1 + 5)
      000012 ADr04r00         [ 4]   96 	lda	(__slslonglong_PARM_1 + 4)
      000015 8Dr04r00         [ 4]   97 	sta	(__slulonglong_PARM_1 + 4)
      000018 ADr03r00         [ 4]   98 	lda	(__slslonglong_PARM_1 + 3)
      00001B 8Dr03r00         [ 4]   99 	sta	(__slulonglong_PARM_1 + 3)
      00001E ADr02r00         [ 4]  100 	lda	(__slslonglong_PARM_1 + 2)
      000021 8Dr02r00         [ 4]  101 	sta	(__slulonglong_PARM_1 + 2)
      000024 ADr01r00         [ 4]  102 	lda	(__slslonglong_PARM_1 + 1)
      000027 8Dr01r00         [ 4]  103 	sta	(__slulonglong_PARM_1 + 1)
      00002A ADr00r00         [ 4]  104 	lda	__slslonglong_PARM_1
      00002D 8Dr00r00         [ 4]  105 	sta	__slulonglong_PARM_1
                                    106 ;	Raw cost for generated ic 2 : (48, 64.000000) count=1.000000
                                    107 ;	genCast
                                    108 ;	genCopy
      000030 ADr08r00         [ 4]  109 	lda	__slslonglong_PARM_2
      000033 8Dr00r00         [ 4]  110 	sta	__slulonglong_PARM_2
                                    111 ;	Raw cost for generated ic 7 : (6, 8.000000) count=1.000000
                                    112 ;	genCall
      000036 20r00r00         [ 6]  113 	jsr	__slulonglong
                                    114 ;	assignResultValue
      000039 85*00            [ 3]  115 	sta	*__slslonglong_sloc0_1_0
      00003B 86*01            [ 3]  116 	stx	*(__slslonglong_sloc0_1_0 + 1)
      00003D A5*00            [ 3]  117 	lda	*___SDCC_m6502_ret2
      00003F 85*02            [ 3]  118 	sta	*(__slslonglong_sloc0_1_0 + 2)
      000041 A5*00            [ 3]  119 	lda	*___SDCC_m6502_ret3
      000043 85*03            [ 3]  120 	sta	*(__slslonglong_sloc0_1_0 + 3)
      000045 A5*00            [ 3]  121 	lda	*___SDCC_m6502_ret4
      000047 85*04            [ 3]  122 	sta	*(__slslonglong_sloc0_1_0 + 4)
      000049 A5*00            [ 3]  123 	lda	*___SDCC_m6502_ret5
      00004B 85*05            [ 3]  124 	sta	*(__slslonglong_sloc0_1_0 + 5)
      00004D A5*00            [ 3]  125 	lda	*___SDCC_m6502_ret6
      00004F 85*06            [ 3]  126 	sta	*(__slslonglong_sloc0_1_0 + 6)
      000051 A5*00            [ 3]  127 	lda	*___SDCC_m6502_ret7
      000053 85*07            [ 3]  128 	sta	*(__slslonglong_sloc0_1_0 + 7)
                                    129 ;	Raw cost for generated ic 10 : (31, 48.000000) count=1.000000
                                    130 ;	genRet
      000055 85*00            [ 3]  131 	sta	*___SDCC_m6502_ret7
      000057 A5*06            [ 3]  132 	lda	*(__slslonglong_sloc0_1_0 + 6)
      000059 85*00            [ 3]  133 	sta	*___SDCC_m6502_ret6
      00005B A5*05            [ 3]  134 	lda	*(__slslonglong_sloc0_1_0 + 5)
      00005D 85*00            [ 3]  135 	sta	*___SDCC_m6502_ret5
      00005F A5*04            [ 3]  136 	lda	*(__slslonglong_sloc0_1_0 + 4)
      000061 85*00            [ 3]  137 	sta	*___SDCC_m6502_ret4
      000063 A5*03            [ 3]  138 	lda	*(__slslonglong_sloc0_1_0 + 3)
      000065 85*00            [ 3]  139 	sta	*___SDCC_m6502_ret3
      000067 A5*02            [ 3]  140 	lda	*(__slslonglong_sloc0_1_0 + 2)
      000069 85*00            [ 3]  141 	sta	*___SDCC_m6502_ret2
      00006B A5*00            [ 3]  142 	lda	*__slslonglong_sloc0_1_0
                                    143 ;	Raw cost for generated ic 4 : (24, 36.000000) count=1.000000
                                    144 ;	genLabel
                                    145 ;	Raw cost for generated ic 5 : (0, 0.000000) count=1.000000
                                    146 ;	../_slslonglong.c: 38: }
                                    147 ;	genEndFunction
      00006D 60               [ 6]  148 	rts
                                    149 ;	Raw cost for generated ic 6 : (1, 6.000000) count=1.000000
                                    150 	.area CODE
                                    151 	.area RODATA
                                    152 	.area XINIT
                                    153 	.area CABS    (ABS)
