                                      1 ;--------------------------------------------------------
                                      2 ; File Created by SDCC : free open source ISO C Compiler
                                      3 ; Version 4.5.10 #15691 (Linux)
                                      4 ;--------------------------------------------------------
                                      5 	.module _strpbrk
                                      6 	
                                      7 	.optsdcc -mmos6502
                                      8 
                                      9 ;--------------------------------------------------------
                                     10 ;  Ordering of segments for the linker.
                                     11 ;--------------------------------------------------------
                                     12 	.area ZP      (PAG)
                                     13 	.area OSEG    (PAG, OVR)
                                     14 	.area _CODE
                                     15 	.area GSINIT
                                     16 	.area GSFINAL
                                     17 	.area CODE
                                     18 	.area RODATA
                                     19 	.area XINIT
                                     20 	.area _DATA
                                     21 	.area DATA
                                     22 	.area BSS
                                     23 ;--------------------------------------------------------
                                     24 ; Public variables in this module
                                     25 ;--------------------------------------------------------
                                     26 	.globl _strchr
                                     27 	.globl _strpbrk_PARM_2
                                     28 	.globl _strpbrk
                                     29 ;--------------------------------------------------------
                                     30 ; ZP ram data
                                     31 ;--------------------------------------------------------
                                     32 	.area ZP      (PAG)
      000000                         33 _strpbrk_sloc0_1_0:
      000000                         34 	.ds 2
                                     35 ;--------------------------------------------------------
                                     36 ; overlayable items in ram
                                     37 ;--------------------------------------------------------
                                     38 ;--------------------------------------------------------
                                     39 ; uninitialized external ram data
                                     40 ;--------------------------------------------------------
                                     41 	.area BSS
      000000                         42 _strpbrk_PARM_2:
      000000                         43 	.ds 2
      000002                         44 _strpbrk_string_10000_27:
      000002                         45 	.ds 2
      000004                         46 _strpbrk_ret_10000_28:
      000004                         47 	.ds 2
                                     48 ;--------------------------------------------------------
                                     49 ; absolute external ram data
                                     50 ;--------------------------------------------------------
                                     51 	.area DABS    (ABS)
                                     52 ;--------------------------------------------------------
                                     53 ; initialized external ram data
                                     54 ;--------------------------------------------------------
                                     55 	.area DATA
                                     56 ;--------------------------------------------------------
                                     57 ; global & static initialisations
                                     58 ;--------------------------------------------------------
                                     59 	.area _CODE
                                     60 	.area GSINIT
                                     61 	.area GSFINAL
                                     62 	.area GSINIT
                                     63 ;--------------------------------------------------------
                                     64 ; Home
                                     65 ;--------------------------------------------------------
                                     66 	.area _CODE
                                     67 	.area _CODE
                                     68 ;--------------------------------------------------------
                                     69 ; code
                                     70 ;--------------------------------------------------------
                                     71 	.area CODE
                                     72 ;------------------------------------------------------------
                                     73 ;Allocation info for local variables in function 'strpbrk'
                                     74 ;------------------------------------------------------------
                                     75 ;ch            Allocated to registers x 
                                     76 ;sloc0         Allocated with name '_strpbrk_sloc0_1_0'
                                     77 ;control       Allocated with name '_strpbrk_PARM_2'
                                     78 ;string        Allocated with name '_strpbrk_string_10000_27'
                                     79 ;ret           Allocated with name '_strpbrk_ret_10000_28'
                                     80 ;p             Allocated to registers a x 
                                     81 ;------------------------------------------------------------
                                     82 ;	../_strpbrk.c: 31: char * strpbrk ( const char * string, const char * control )
                                     83 ;	genLabel
                                     84 ;	Raw cost for generated ic 0 : (0, 0.000000) count=1.000000
                                     85 ;	-----------------------------------------
                                     86 ;	 function strpbrk
                                     87 ;	-----------------------------------------
                                     88 ;	Register assignment is optimal.
                                     89 ;	Stack space usage: 0 bytes.
      000000                         90 _strpbrk:
                                     91 ;	Raw cost for generated ic 1 : (0, 0.000000) count=1.000000
                                     92 ;	genReceive
      000000 8Dr02r00         [ 4]   93 	sta	_strpbrk_string_10000_27
      000003 8Er03r00         [ 4]   94 	stx	(_strpbrk_string_10000_27 + 1)
                                     95 ;	Raw cost for generated ic 2 : (6, 8.000000) count=1.000000
                                     96 ;	../_strpbrk.c: 33: char *ret = NULL;
                                     97 ;	genAssign
                                     98 ;	genAssignLit
      000006 A0 00            [ 2]   99 	ldy	#0x00
      000008 8Cr04r00         [ 4]  100 	sty	_strpbrk_ret_10000_28
      00000B 8Cr05r00         [ 4]  101 	sty	(_strpbrk_ret_10000_28 + 1)
                                    102 ;	Raw cost for generated ic 4 : (8, 10.000000) count=1.000000
                                    103 ;	../_strpbrk.c: 36: while (ch = *control) {
                                    104 ;	genAssign
                                    105 ;	genCopy
      00000E ADr01r00         [ 4]  106 	lda	(_strpbrk_PARM_2 + 1)
      000011 85*01            [ 3]  107 	sta	*(_strpbrk_sloc0_1_0 + 1)
      000013 ADr00r00         [ 4]  108 	lda	_strpbrk_PARM_2
      000016 85*00            [ 3]  109 	sta	*_strpbrk_sloc0_1_0
                                    110 ;	Raw cost for generated ic 37 : (10, 14.000000) count=1.000000
                                    111 ;	genLabel
      000018                        112 00105$:
                                    113 ;	Raw cost for generated ic 5 : (0, 0.000000) count=3.999983
                                    114 ;	genPointerGet
      000018 A0 00            [ 2]  115 	ldy	#0x00
      00001A B1*00            [ 6]  116 	lda	[*_strpbrk_sloc0_1_0],y
                                    117 ;	Raw cost for generated ic 7 : (4, 7.000000) count=3.999983
                                    118 ;	genAssign
                                    119 ;	genCopy
      00001C AA               [ 2]  120 	tax
                                    121 ;	Raw cost for generated ic 8 : (1, 2.000000) count=3.999983
                                    122 ;	genIfx
      00001D C9 00            [ 2]  123 	cmp	#0x00
                                    124 ;	genIfxJump : z
      00001F F0 3E            [ 4]  125 	beq	00107$
                                    126 ;	Raw cost for generated ic 9 : (7, 7.600000) count=3.999983
                                    127 ;	../_strpbrk.c: 37: char * p = strchr(string, ch);
                                    128 ;	genAssign
                                    129 ;	genCopy
      000021 86*00            [ 3]  130 	stx	*_strchr_PARM_2
                                    131 ;	Raw cost for generated ic 13 : (2, 3.000000) count=2.999987
                                    132 ;	Raw cost for generated ic 12 : (0, 0.000000) count=2.999987
                                    133 ;	genCall
                                    134 ;	genSend
      000023 AEr03r00         [ 4]  135 	ldx	(_strpbrk_string_10000_27 + 1)
      000026 ADr02r00         [ 4]  136 	lda	_strpbrk_string_10000_27
      000029 20r00r00         [ 6]  137 	jsr	_strchr
                                    138 ;	assignResultValue
                                    139 ;	Raw cost for generated ic 14 : (9, 14.000000) count=2.999987
                                    140 ;	../_strpbrk.c: 38: if (p != NULL && (ret == NULL || p < ret)) {
                                    141 ;	genIfx
      00002C C9 00            [ 2]  142 	cmp	#0x00
                                    143 ;	genIfxJump : z
      00002E D0 04            [ 4]  144 	bne	00138$
      000030 E0 00            [ 2]  145 	cpx	#0x00
      000032 F0 22            [ 4]  146 	beq	00102$
      000034                        147 00138$:
                                    148 ;	Raw cost for generated ic 16 : (11, 12.200000) count=2.999987
                                    149 ;	genIfx
      000034 85*00            [ 3]  150 	sta	*(REGTEMP+0)
      000036 ADr05r00         [ 4]  151 	lda	(_strpbrk_ret_10000_28 + 1)
      000039 0Dr04r00         [ 4]  152 	ora	_strpbrk_ret_10000_28
      00003C 08               [ 3]  153 	php
      00003D A5*00            [ 3]  154 	lda	*(REGTEMP+0)
      00003F 28               [ 4]  155 	plp
                                    156 ;	genIfxJump : z
      000040 F0 0E            [ 4]  157 	beq	00101$
                                    158 ;	Raw cost for generated ic 19 : (17, 26.600000) count=2.249990
                                    159 ;	genCmp
      000042 85*00            [ 3]  160 	sta	*(REGTEMP+0)
      000044 38               [ 2]  161 	sec
      000045 EDr04r00         [ 4]  162 	sbc	_strpbrk_ret_10000_28
      000048 8A               [ 2]  163 	txa
      000049 EDr05r00         [ 4]  164 	sbc	(_strpbrk_ret_10000_28 + 1)
      00004C A5*00            [ 3]  165 	lda	*(REGTEMP+0)
      00004E B0 06            [ 4]  166 	bcs	00102$
                                    167 ;	Raw cost for generated ic 22 : (17, 23.600000) count=1.687490
                                    168 ;	skipping generated iCode
                                    169 ;	Raw cost for generated ic 23 : (0, 0.000000) count=1.687490
                                    170 ;	genLabel
      000050                        171 00101$:
                                    172 ;	Raw cost for generated ic 25 : (0, 0.000000) count=1.828115
                                    173 ;	../_strpbrk.c: 39: ret = p;
                                    174 ;	genAssign
                                    175 ;	genCopy
      000050 8Dr04r00         [ 4]  176 	sta	_strpbrk_ret_10000_28
      000053 8Er05r00         [ 4]  177 	stx	(_strpbrk_ret_10000_28 + 1)
                                    178 ;	Raw cost for generated ic 26 : (6, 8.000000) count=1.828115
                                    179 ;	genLabel
      000056                        180 00102$:
                                    181 ;	Raw cost for generated ic 27 : (0, 0.000000) count=2.999983
                                    182 ;	../_strpbrk.c: 41: control++;
                                    183 ;	genPlus
                                    184 ;	  genPlusInc
      000056 E6*00            [ 5]  185 	inc	*_strpbrk_sloc0_1_0
      000058 D0 BE            [ 4]  186 	bne	00105$
      00005A E6*01            [ 5]  187 	inc	*(_strpbrk_sloc0_1_0 + 1)
                                    188 ;	Raw cost for generated ic 29 : (6, 12.600000) count=2.999983
                                    189 ;	genGoto
      00005C 4Cr18r00         [ 3]  190 	jmp	00105$
                                    191 ;	Raw cost for generated ic 31 : (3, 3.000000) count=2.999983
                                    192 ;	genLabel
      00005F                        193 00107$:
                                    194 ;	Raw cost for generated ic 32 : (0, 0.000000) count=0.999994
                                    195 ;	../_strpbrk.c: 44: return (ret);
                                    196 ;	genRet
      00005F AEr05r00         [ 4]  197 	ldx	(_strpbrk_ret_10000_28 + 1)
      000062 ADr04r00         [ 4]  198 	lda	_strpbrk_ret_10000_28
                                    199 ;	Raw cost for generated ic 33 : (6, 8.000000) count=0.999994
                                    200 ;	genLabel
                                    201 ;	Raw cost for generated ic 34 : (0, 0.000000) count=0.999994
                                    202 ;	../_strpbrk.c: 45: }
                                    203 ;	genEndFunction
      000065 60               [ 6]  204 	rts
                                    205 ;	Raw cost for generated ic 35 : (1, 6.000000) count=0.999994
                                    206 	.area CODE
                                    207 	.area RODATA
                                    208 	.area XINIT
                                    209 	.area CABS    (ABS)
