                                      1 ;--------------------------------------------------------
                                      2 ; File Created by SDCC : free open source ISO C Compiler
                                      3 ; Version 4.5.10 #15691 (Linux)
                                      4 ;--------------------------------------------------------
                                      5 	.module _uint2fs
                                      6 	
                                      7 	.optsdcc -mmos6502
                                      8 
                                      9 ;--------------------------------------------------------
                                     10 ;  Ordering of segments for the linker.
                                     11 ;--------------------------------------------------------
                                     12 	.area ZP      (PAG)
                                     13 	.area OSEG    (PAG, OVR)
                                     14 	.area _CODE
                                     15 	.area GSINIT
                                     16 	.area GSFINAL
                                     17 	.area CODE
                                     18 	.area RODATA
                                     19 	.area XINIT
                                     20 	.area _DATA
                                     21 	.area DATA
                                     22 	.area BSS
                                     23 ;--------------------------------------------------------
                                     24 ; Public variables in this module
                                     25 ;--------------------------------------------------------
                                     26 	.globl ___ulong2fs
                                     27 	.globl ___uint2fs
                                     28 ;--------------------------------------------------------
                                     29 ; ZP ram data
                                     30 ;--------------------------------------------------------
                                     31 	.area ZP      (PAG)
      000000                         32 ___uint2fs_sloc0_1_0:
      000000                         33 	.ds 4
                                     34 ;--------------------------------------------------------
                                     35 ; overlayable items in ram
                                     36 ;--------------------------------------------------------
                                     37 ;--------------------------------------------------------
                                     38 ; uninitialized external ram data
                                     39 ;--------------------------------------------------------
                                     40 	.area BSS
                                     41 ;--------------------------------------------------------
                                     42 ; absolute external ram data
                                     43 ;--------------------------------------------------------
                                     44 	.area DABS    (ABS)
                                     45 ;--------------------------------------------------------
                                     46 ; initialized external ram data
                                     47 ;--------------------------------------------------------
                                     48 	.area DATA
                                     49 ;--------------------------------------------------------
                                     50 ; global & static initialisations
                                     51 ;--------------------------------------------------------
                                     52 	.area _CODE
                                     53 	.area GSINIT
                                     54 	.area GSFINAL
                                     55 	.area GSINIT
                                     56 ;--------------------------------------------------------
                                     57 ; Home
                                     58 ;--------------------------------------------------------
                                     59 	.area _CODE
                                     60 	.area _CODE
                                     61 ;--------------------------------------------------------
                                     62 ; code
                                     63 ;--------------------------------------------------------
                                     64 	.area CODE
                                     65 ;------------------------------------------------------------
                                     66 ;Allocation info for local variables in function '__uint2fs'
                                     67 ;------------------------------------------------------------
                                     68 ;sloc0         Allocated with name '___uint2fs_sloc0_1_0'
                                     69 ;ui            Allocated to registers a x 
                                     70 ;------------------------------------------------------------
                                     71 ;	../_uint2fs.c: 54: float __uint2fs (unsigned int ui) __SDCC_FLOAT_NONBANKED
                                     72 ;	genLabel
                                     73 ;	Raw cost for generated ic 0 : (0, 0.000000) count=1.000000
                                     74 ;	-----------------------------------------
                                     75 ;	 function __uint2fs
                                     76 ;	-----------------------------------------
                                     77 ;	Register assignment is optimal.
                                     78 ;	Stack space usage: 0 bytes.
      000000                         79 ___uint2fs:
                                     80 ;	Raw cost for generated ic 1 : (0, 0.000000) count=1.000000
                                     81 ;	genReceive
                                     82 ;	Raw cost for generated ic 2 : (0, 0.000000) count=1.000000
                                     83 ;	../_uint2fs.c: 56: return __ulong2fs(ui);
                                     84 ;	genCast
                                     85 ;	genCopy
      000000 A0 00            [ 2]   86 	ldy	#0x00
      000002 8Cr03r00         [ 4]   87 	sty	(___ulong2fs_PARM_1 + 3)
      000005 8Cr02r00         [ 4]   88 	sty	(___ulong2fs_PARM_1 + 2)
      000008 8Er01r00         [ 4]   89 	stx	(___ulong2fs_PARM_1 + 1)
      00000B 8Dr00r00         [ 4]   90 	sta	___ulong2fs_PARM_1
                                     91 ;	Raw cost for generated ic 3 : (14, 18.000000) count=1.000000
                                     92 ;	genCall
      00000E 20r00r00         [ 6]   93 	jsr	___ulong2fs
                                     94 ;	assignResultValue
      000011 85*00            [ 3]   95 	sta	*___uint2fs_sloc0_1_0
      000013 86*01            [ 3]   96 	stx	*(___uint2fs_sloc0_1_0 + 1)
      000015 A5*00            [ 3]   97 	lda	*___SDCC_m6502_ret2
      000017 85*02            [ 3]   98 	sta	*(___uint2fs_sloc0_1_0 + 2)
      000019 A5*00            [ 3]   99 	lda	*___SDCC_m6502_ret3
      00001B 85*03            [ 3]  100 	sta	*(___uint2fs_sloc0_1_0 + 3)
                                    101 ;	Raw cost for generated ic 5 : (15, 24.000000) count=1.000000
                                    102 ;	genRet
      00001D 85*00            [ 3]  103 	sta	*___SDCC_m6502_ret3
      00001F A5*02            [ 3]  104 	lda	*(___uint2fs_sloc0_1_0 + 2)
      000021 85*00            [ 3]  105 	sta	*___SDCC_m6502_ret2
      000023 A5*00            [ 3]  106 	lda	*___uint2fs_sloc0_1_0
                                    107 ;	Raw cost for generated ic 6 : (8, 12.000000) count=1.000000
                                    108 ;	genLabel
                                    109 ;	Raw cost for generated ic 7 : (0, 0.000000) count=1.000000
                                    110 ;	../_uint2fs.c: 57: }
                                    111 ;	genEndFunction
      000025 60               [ 6]  112 	rts
                                    113 ;	Raw cost for generated ic 8 : (1, 6.000000) count=1.000000
                                    114 	.area CODE
                                    115 	.area RODATA
                                    116 	.area XINIT
                                    117 	.area CABS    (ABS)
