                                      1 ;--------------------------------------------------------
                                      2 ; File Created by SDCC : free open source ISO C Compiler
                                      3 ; Version 4.5.10 #15691 (Linux)
                                      4 ;--------------------------------------------------------
                                      5 	.module c32rtomb
                                      6 	
                                      7 	.optsdcc -mmos6502
                                      8 
                                      9 ;--------------------------------------------------------
                                     10 ;  Ordering of segments for the linker.
                                     11 ;--------------------------------------------------------
                                     12 	.area ZP      (PAG)
                                     13 	.area OSEG    (PAG, OVR)
                                     14 	.area _CODE
                                     15 	.area GSINIT
                                     16 	.area GSFINAL
                                     17 	.area CODE
                                     18 	.area RODATA
                                     19 	.area XINIT
                                     20 	.area _DATA
                                     21 	.area DATA
                                     22 	.area BSS
                                     23 ;--------------------------------------------------------
                                     24 ; Public variables in this module
                                     25 ;--------------------------------------------------------
                                     26 	.globl _wctomb
                                     27 	.globl _c32rtomb_PARM_3
                                     28 	.globl _c32rtomb_PARM_2
                                     29 	.globl _c32rtomb
                                     30 ;--------------------------------------------------------
                                     31 ; ZP ram data
                                     32 ;--------------------------------------------------------
                                     33 	.area ZP      (PAG)
                                     34 ;--------------------------------------------------------
                                     35 ; overlayable items in ram
                                     36 ;--------------------------------------------------------
                                     37 ;--------------------------------------------------------
                                     38 ; uninitialized external ram data
                                     39 ;--------------------------------------------------------
                                     40 	.area BSS
      000000                         41 _c32rtomb_PARM_2:
      000000                         42 	.ds 4
      000004                         43 _c32rtomb_PARM_3:
      000004                         44 	.ds 2
                                     45 ;--------------------------------------------------------
                                     46 ; absolute external ram data
                                     47 ;--------------------------------------------------------
                                     48 	.area DABS    (ABS)
                                     49 ;--------------------------------------------------------
                                     50 ; initialized external ram data
                                     51 ;--------------------------------------------------------
                                     52 	.area DATA
                                     53 ;--------------------------------------------------------
                                     54 ; global & static initialisations
                                     55 ;--------------------------------------------------------
                                     56 	.area _CODE
                                     57 	.area GSINIT
                                     58 	.area GSFINAL
                                     59 	.area GSINIT
                                     60 ;--------------------------------------------------------
                                     61 ; Home
                                     62 ;--------------------------------------------------------
                                     63 	.area _CODE
                                     64 	.area _CODE
                                     65 ;--------------------------------------------------------
                                     66 ; code
                                     67 ;--------------------------------------------------------
                                     68 	.area CODE
                                     69 ;------------------------------------------------------------
                                     70 ;Allocation info for local variables in function 'c32rtomb'
                                     71 ;------------------------------------------------------------
                                     72 ;c32           Allocated with name '_c32rtomb_PARM_2'
                                     73 ;ps            Allocated with name '_c32rtomb_PARM_3'
                                     74 ;s             Allocated to registers a x 
                                     75 ;------------------------------------------------------------
                                     76 ;	../c32rtomb.c: 33: size_t c32rtomb(char *restrict s, char32_t c32, mbstate_t *restrict ps)
                                     77 ;	genLabel
                                     78 ;	Raw cost for generated ic 0 : (0, 0.000000) count=1.000000
                                     79 ;	-----------------------------------------
                                     80 ;	 function c32rtomb
                                     81 ;	-----------------------------------------
                                     82 ;	Register assignment is optimal.
                                     83 ;	Stack space usage: 0 bytes.
      000000                         84 _c32rtomb:
                                     85 ;	Raw cost for generated ic 1 : (0, 0.000000) count=1.000000
                                     86 ;	genReceive
                                     87 ;	Raw cost for generated ic 2 : (0, 0.000000) count=1.000000
                                     88 ;	../c32rtomb.c: 36: return(wctomb(s, c32));
                                     89 ;	genAssign
                                     90 ;	genCopy
      000000 ACr03r00         [ 4]   91 	ldy	(_c32rtomb_PARM_2 + 3)
      000003 8Cr03r00         [ 4]   92 	sty	(_wctomb_PARM_2 + 3)
      000006 ACr02r00         [ 4]   93 	ldy	(_c32rtomb_PARM_2 + 2)
      000009 8Cr02r00         [ 4]   94 	sty	(_wctomb_PARM_2 + 2)
      00000C ACr01r00         [ 4]   95 	ldy	(_c32rtomb_PARM_2 + 1)
      00000F 8Cr01r00         [ 4]   96 	sty	(_wctomb_PARM_2 + 1)
      000012 ACr00r00         [ 4]   97 	ldy	_c32rtomb_PARM_2
      000015 8Cr00r00         [ 4]   98 	sty	_wctomb_PARM_2
                                     99 ;	Raw cost for generated ic 4 : (24, 32.000000) count=1.000000
                                    100 ;	Raw cost for generated ic 3 : (0, 0.000000) count=1.000000
                                    101 ;	genCall
                                    102 ;	genSend
                                    103 ;	assignResultValue
                                    104 ;	Raw cost for generated ic 5 : (3, 6.000000) count=1.000000
                                    105 ;	genRet
                                    106 ;	Raw cost for generated ic 6 : (0, 0.000000) count=1.000000
                                    107 ;	genLabel
                                    108 ;	Raw cost for generated ic 7 : (0, 0.000000) count=1.000000
                                    109 ;	../c32rtomb.c: 37: }
                                    110 ;	genEndFunction
      000018 4Cr00r00         [ 3]  111 	jmp	_wctomb
                                    112 ;	Raw cost for generated ic 8 : (1, 6.000000) count=1.000000
                                    113 	.area CODE
                                    114 	.area RODATA
                                    115 	.area XINIT
                                    116 	.area CABS    (ABS)
