                                      1 ;--------------------------------------------------------
                                      2 ; File Created by SDCC : free open source ISO C Compiler
                                      3 ; Version 4.5.10 #15691 (Linux)
                                      4 ;--------------------------------------------------------
                                      5 	.module call_once
                                      6 	
                                      7 	.optsdcc -mmos6502
                                      8 
                                      9 ;--------------------------------------------------------
                                     10 ;  Ordering of segments for the linker.
                                     11 ;--------------------------------------------------------
                                     12 	.area ZP      (PAG)
                                     13 	.area OSEG    (PAG, OVR)
                                     14 	.area _CODE
                                     15 	.area GSINIT
                                     16 	.area GSFINAL
                                     17 	.area CODE
                                     18 	.area RODATA
                                     19 	.area XINIT
                                     20 	.area _DATA
                                     21 	.area DATA
                                     22 	.area BSS
                                     23 ;--------------------------------------------------------
                                     24 ; Public variables in this module
                                     25 ;--------------------------------------------------------
                                     26 	.globl _call_once_PARM_2
                                     27 	.globl _call_once
                                     28 ;--------------------------------------------------------
                                     29 ; ZP ram data
                                     30 ;--------------------------------------------------------
                                     31 	.area ZP      (PAG)
                                     32 ;--------------------------------------------------------
                                     33 ; overlayable items in ram
                                     34 ;--------------------------------------------------------
                                     35 ;--------------------------------------------------------
                                     36 ; uninitialized external ram data
                                     37 ;--------------------------------------------------------
                                     38 	.area BSS
      000000                         39 _call_once_PARM_2:
      000000                         40 	.ds 2
      000002                         41 _call_once_flag_10000_42:
      000002                         42 	.ds 2
                                     43 ;--------------------------------------------------------
                                     44 ; absolute external ram data
                                     45 ;--------------------------------------------------------
                                     46 	.area DABS    (ABS)
                                     47 ;--------------------------------------------------------
                                     48 ; initialized external ram data
                                     49 ;--------------------------------------------------------
                                     50 	.area DATA
                                     51 ;--------------------------------------------------------
                                     52 ; global & static initialisations
                                     53 ;--------------------------------------------------------
                                     54 	.area _CODE
                                     55 	.area GSINIT
                                     56 	.area GSFINAL
                                     57 	.area GSINIT
                                     58 ;--------------------------------------------------------
                                     59 ; Home
                                     60 ;--------------------------------------------------------
                                     61 	.area _CODE
                                     62 	.area _CODE
                                     63 ;--------------------------------------------------------
                                     64 ; code
                                     65 ;--------------------------------------------------------
                                     66 	.area CODE
                                     67 ;------------------------------------------------------------
                                     68 ;Allocation info for local variables in function 'call_once'
                                     69 ;------------------------------------------------------------
                                     70 ;func          Allocated with name '_call_once_PARM_2'
                                     71 ;flag          Allocated with name '_call_once_flag_10000_42'
                                     72 ;------------------------------------------------------------
                                     73 ;	../call_once.c: 36: void call_once(_Bool *flag, void (*func)(void))
                                     74 ;	genLabel
                                     75 ;	Raw cost for generated ic 0 : (0, 0.000000) count=1.000000
                                     76 ;	-----------------------------------------
                                     77 ;	 function call_once
                                     78 ;	-----------------------------------------
                                     79 ;	Register assignment is optimal.
                                     80 ;	Stack space usage: 0 bytes.
      000000                         81 _call_once:
                                     82 ;	Raw cost for generated ic 1 : (0, 0.000000) count=1.000000
                                     83 ;	genReceive
      000000 8Dr02r00         [ 4]   84 	sta	_call_once_flag_10000_42
      000003 8Er03r00         [ 4]   85 	stx	(_call_once_flag_10000_42 + 1)
                                     86 ;	Raw cost for generated ic 2 : (6, 8.000000) count=1.000000
                                     87 ;	../call_once.c: 38: if (!*flag)
                                     88 ;	genPointerGet
                                     89 ;	  setupDPTR - off=0 remat=(null) savea=0
      000006 85*00            [ 3]   90 	sta	*(DPTR+0)
      000008 86*01            [ 3]   91 	stx	*(DPTR+1)
      00000A A0 00            [ 2]   92 	ldy	#0x00
      00000C B1*00            [ 6]   93 	lda	[DPTR],y
                                     94 ;	Raw cost for generated ic 4 : (8, 13.000000) count=1.000000
                                     95 ;	genIfx
                                     96 ;	genIfxJump : z
      00000E D0 1D            [ 4]   97 	bne	00103$
                                     98 ;	Raw cost for generated ic 5 : (5, 5.600000) count=1.000000
                                     99 ;	../call_once.c: 40: func();
                                    100 ;	genPcall
      000010 ADr00r00         [ 4]  101 	lda	_call_once_PARM_2
      000013 85*00            [ 3]  102 	sta	*(REGTEMP+0)
      000015 ADr01r00         [ 4]  103 	lda	(_call_once_PARM_2 + 1)
      000018 85*01            [ 3]  104 	sta	*(REGTEMP+1)
      00001A 20r00r00         [ 6]  105 	jsr	__sdcc_indirect_jsr
                                    106 ;	Raw cost for generated ic 8 : (13, 20.000000) count=0.750000
                                    107 ;	../call_once.c: 41: *flag = true;
                                    108 ;	genPointerSet
                                    109 ;	  setupDPTR - off=0 remat=(null) savea=0
      00001D AEr02r00         [ 4]  110 	ldx	_call_once_flag_10000_42
      000020 86*00            [ 3]  111 	stx	*(DPTR+0)
      000022 AEr03r00         [ 4]  112 	ldx	(_call_once_flag_10000_42 + 1)
      000025 86*01            [ 3]  113 	stx	*(DPTR+1)
      000027 A9 01            [ 2]  114 	lda	#0x01
      000029 A0 00            [ 2]  115 	ldy	#0x00
      00002B 91*00            [ 6]  116 	sta	[DPTR],y
                                    117 ;	Raw cost for generated ic 10 : (16, 24.000000) count=0.750000
                                    118 ;	genLabel
      00002D                        119 00103$:
                                    120 ;	Raw cost for generated ic 12 : (0, 0.000000) count=1.000000
                                    121 ;	../call_once.c: 43: }
                                    122 ;	genEndFunction
      00002D 60               [ 6]  123 	rts
                                    124 ;	Raw cost for generated ic 13 : (1, 6.000000) count=1.000000
                                    125 	.area CODE
                                    126 	.area RODATA
                                    127 	.area XINIT
                                    128 	.area CABS    (ABS)
