                                      1 ;--------------------------------------------------------
                                      2 ; File Created by SDCC : free open source ISO C Compiler
                                      3 ; Version 4.5.10 #15691 (Linux)
                                      4 ;--------------------------------------------------------
                                      5 	.module floorf
                                      6 	
                                      7 	.optsdcc -mmos6502
                                      8 
                                      9 ;--------------------------------------------------------
                                     10 ;  Ordering of segments for the linker.
                                     11 ;--------------------------------------------------------
                                     12 	.area ZP      (PAG)
                                     13 	.area OSEG    (PAG, OVR)
                                     14 	.area _CODE
                                     15 	.area GSINIT
                                     16 	.area GSFINAL
                                     17 	.area CODE
                                     18 	.area RODATA
                                     19 	.area XINIT
                                     20 	.area _DATA
                                     21 	.area DATA
                                     22 	.area BSS
                                     23 ;--------------------------------------------------------
                                     24 ; Public variables in this module
                                     25 ;--------------------------------------------------------
                                     26 	.globl _floorf_PARM_1
                                     27 	.globl _floorf
                                     28 ;--------------------------------------------------------
                                     29 ; ZP ram data
                                     30 ;--------------------------------------------------------
                                     31 	.area ZP      (PAG)
      000000                         32 _floorf_sloc0_1_0:
      000000                         33 	.ds 4
      000004                         34 _floorf_sloc1_1_0:
      000004                         35 	.ds 4
                                     36 ;--------------------------------------------------------
                                     37 ; overlayable items in ram
                                     38 ;--------------------------------------------------------
                                     39 ;--------------------------------------------------------
                                     40 ; uninitialized external ram data
                                     41 ;--------------------------------------------------------
                                     42 	.area BSS
      000000                         43 _floorf_PARM_1:
      000000                         44 	.ds 4
                                     45 ;--------------------------------------------------------
                                     46 ; absolute external ram data
                                     47 ;--------------------------------------------------------
                                     48 	.area DABS    (ABS)
                                     49 ;--------------------------------------------------------
                                     50 ; initialized external ram data
                                     51 ;--------------------------------------------------------
                                     52 	.area DATA
                                     53 ;--------------------------------------------------------
                                     54 ; global & static initialisations
                                     55 ;--------------------------------------------------------
                                     56 	.area _CODE
                                     57 	.area GSINIT
                                     58 	.area GSFINAL
                                     59 	.area GSINIT
                                     60 ;--------------------------------------------------------
                                     61 ; Home
                                     62 ;--------------------------------------------------------
                                     63 	.area _CODE
                                     64 	.area _CODE
                                     65 ;--------------------------------------------------------
                                     66 ; code
                                     67 ;--------------------------------------------------------
                                     68 	.area CODE
                                     69 ;------------------------------------------------------------
                                     70 ;Allocation info for local variables in function 'floorf'
                                     71 ;------------------------------------------------------------
                                     72 ;sloc0         Allocated with name '_floorf_sloc0_1_0'
                                     73 ;sloc1         Allocated with name '_floorf_sloc1_1_0'
                                     74 ;x             Allocated with name '_floorf_PARM_1'
                                     75 ;r             Allocated with name '_floorf_r_10000_26'
                                     76 ;------------------------------------------------------------
                                     77 ;	../floorf.c: 33: float floorf (float x) _FLOAT_FUNC_REENTRANT
                                     78 ;	genLabel
                                     79 ;	Raw cost for generated ic 0 : (0, 0.000000) count=1.000000
                                     80 ;	-----------------------------------------
                                     81 ;	 function floorf
                                     82 ;	-----------------------------------------
                                     83 ;	Register assignment is optimal.
                                     84 ;	Stack space usage: 0 bytes.
      000000                         85 _floorf:
                                     86 ;	Raw cost for generated ic 1 : (0, 0.000000) count=1.000000
                                     87 ;	../floorf.c: 36: r=x;
                                     88 ;	genAssign
                                     89 ;	genCopy
      000000 ADr03r00         [ 4]   90 	lda	(_floorf_PARM_1 + 3)
      000003 8Dr03r00         [ 4]   91 	sta	(___fs2slong_PARM_1 + 3)
      000006 ADr02r00         [ 4]   92 	lda	(_floorf_PARM_1 + 2)
      000009 8Dr02r00         [ 4]   93 	sta	(___fs2slong_PARM_1 + 2)
      00000C ADr01r00         [ 4]   94 	lda	(_floorf_PARM_1 + 1)
      00000F 8Dr01r00         [ 4]   95 	sta	(___fs2slong_PARM_1 + 1)
      000012 ADr00r00         [ 4]   96 	lda	_floorf_PARM_1
      000015 8Dr00r00         [ 4]   97 	sta	___fs2slong_PARM_1
                                     98 ;	Raw cost for generated ic 27 : (24, 32.000000) count=1.000000
                                     99 ;	genCall
      000018 20r00r00         [ 6]  100 	jsr	___fs2slong
                                    101 ;	assignResultValue
      00001B 85*00            [ 3]  102 	sta	*_floorf_sloc0_1_0
      00001D 86*01            [ 3]  103 	stx	*(_floorf_sloc0_1_0 + 1)
      00001F A5*00            [ 3]  104 	lda	*___SDCC_m6502_ret2
      000021 85*02            [ 3]  105 	sta	*(_floorf_sloc0_1_0 + 2)
      000023 A5*00            [ 3]  106 	lda	*___SDCC_m6502_ret3
      000025 85*03            [ 3]  107 	sta	*(_floorf_sloc0_1_0 + 3)
                                    108 ;	Raw cost for generated ic 28 : (15, 24.000000) count=1.000000
                                    109 ;	../floorf.c: 37: if (r<=0)
                                    110 ;	genCmp
      000027 A9 00            [ 2]  111 	lda	#0x00
      000029 38               [ 2]  112 	sec
      00002A E5*00            [ 3]  113 	sbc	*_floorf_sloc0_1_0
      00002C A9 00            [ 2]  114 	lda	#0x00
      00002E E5*01            [ 3]  115 	sbc	*(_floorf_sloc0_1_0 + 1)
      000030 A9 00            [ 2]  116 	lda	#0x00
      000032 E5*02            [ 3]  117 	sbc	*(_floorf_sloc0_1_0 + 2)
      000034 A9 00            [ 2]  118 	lda	#0x00
      000036 E5*03            [ 3]  119 	sbc	*(_floorf_sloc0_1_0 + 3)
      000038 70 04            [ 4]  120 	bvs	00121$
      00003A 10 07            [ 4]  121 	bpl	00120$
      00003C 30 02            [ 4]  122 	bmi	00122$
      00003E                        123 00121$:
      00003E 30 03            [ 4]  124 	bmi	00120$
      000040                        125 00122$:
      000040 4CrD3r00         [ 3]  126 	jmp	00102$
      000043                        127 00120$:
                                    128 ;	Raw cost for generated ic 4 : (28, 35.400002) count=1.000000
                                    129 ;	skipping generated iCode
                                    130 ;	Raw cost for generated ic 5 : (0, 0.000000) count=1.000000
                                    131 ;	../floorf.c: 38: return (r+((r>x)?-1:0));
                                    132 ;	genAssign
                                    133 ;	genCopy
      000043 A5*03            [ 3]  134 	lda	*(_floorf_sloc0_1_0 + 3)
      000045 8Dr03r00         [ 4]  135 	sta	(___slong2fs_PARM_1 + 3)
      000048 A5*02            [ 3]  136 	lda	*(_floorf_sloc0_1_0 + 2)
      00004A 8Dr02r00         [ 4]  137 	sta	(___slong2fs_PARM_1 + 2)
      00004D 8A               [ 2]  138 	txa
      00004E 8Dr01r00         [ 4]  139 	sta	(___slong2fs_PARM_1 + 1)
      000051 A5*00            [ 3]  140 	lda	*_floorf_sloc0_1_0
      000053 8Dr00r00         [ 4]  141 	sta	___slong2fs_PARM_1
                                    142 ;	Raw cost for generated ic 29 : (19, 27.000000) count=0.750000
                                    143 ;	genCall
      000056 20r00r00         [ 6]  144 	jsr	___slong2fs
                                    145 ;	assignResultValue
      000059 8Dr00r00         [ 4]  146 	sta	___fslt_PARM_2
      00005C 8Er01r00         [ 4]  147 	stx	(___fslt_PARM_2 + 1)
      00005F A5*00            [ 3]  148 	lda	*___SDCC_m6502_ret2
      000061 8Dr02r00         [ 4]  149 	sta	(___fslt_PARM_2 + 2)
      000064 A5*00            [ 3]  150 	lda	*___SDCC_m6502_ret3
      000066 8Dr03r00         [ 4]  151 	sta	(___fslt_PARM_2 + 3)
                                    152 ;	Raw cost for generated ic 30 : (19, 28.000000) count=0.750000
                                    153 ;	genAssign
                                    154 ;	genCopy
      000069 ADr03r00         [ 4]  155 	lda	(_floorf_PARM_1 + 3)
      00006C 8Dr03r00         [ 4]  156 	sta	(___fslt_PARM_1 + 3)
      00006F ADr02r00         [ 4]  157 	lda	(_floorf_PARM_1 + 2)
      000072 8Dr02r00         [ 4]  158 	sta	(___fslt_PARM_1 + 2)
      000075 ADr01r00         [ 4]  159 	lda	(_floorf_PARM_1 + 1)
      000078 8Dr01r00         [ 4]  160 	sta	(___fslt_PARM_1 + 1)
      00007B ADr00r00         [ 4]  161 	lda	_floorf_PARM_1
      00007E 8Dr00r00         [ 4]  162 	sta	___fslt_PARM_1
                                    163 ;	Raw cost for generated ic 31 : (24, 32.000000) count=0.750000
                                    164 ;	genCall
      000081 20r00r00         [ 6]  165 	jsr	___fslt
                                    166 ;	assignResultValue
                                    167 ;	Raw cost for generated ic 33 : (3, 6.000000) count=0.750000
                                    168 ;	genIfx
      000084 C9 00            [ 2]  169 	cmp	#0x00
                                    170 ;	genIfxJump : z
      000086 F0 05            [ 4]  171 	beq	00106$
                                    172 ;	Raw cost for generated ic 10 : (7, 7.600000) count=0.750000
                                    173 ;	genAssign
                                    174 ;	genCopy
      000088 A9 FF            [ 2]  175 	lda	#0xff
                                    176 ;	Raw cost for generated ic 11 : (2, 2.000000) count=0.562500
                                    177 ;	genGoto
      00008A 4Cr8Fr00         [ 3]  178 	jmp	00107$
                                    179 ;	Raw cost for generated ic 12 : (3, 3.000000) count=0.562500
                                    180 ;	genLabel
      00008D                        181 00106$:
                                    182 ;	Raw cost for generated ic 13 : (0, 0.000000) count=0.187500
                                    183 ;	genAssign
                                    184 ;	genCopy
      00008D A9 00            [ 2]  185 	lda	#0x00
                                    186 ;	Raw cost for generated ic 14 : (2, 2.000000) count=0.187500
                                    187 ;	genLabel
      00008F                        188 00107$:
                                    189 ;	Raw cost for generated ic 15 : (0, 0.000000) count=0.750000
                                    190 ;	genCast
      00008F 85*04            [ 3]  191 	sta	*_floorf_sloc1_1_0
      000091 0A               [ 2]  192 	asl	a
      000092 A9 00            [ 2]  193 	lda	#0x00
      000094 69 FF            [ 2]  194 	adc	#0xff
      000096 49 FF            [ 2]  195 	eor	#0xff
      000098 85*05            [ 3]  196 	sta	*(_floorf_sloc1_1_0 + 1)
      00009A 85*06            [ 3]  197 	sta	*(_floorf_sloc1_1_0 + 2)
      00009C 85*07            [ 3]  198 	sta	*(_floorf_sloc1_1_0 + 3)
                                    199 ;	Raw cost for generated ic 16 : (15, 20.000000) count=0.750000
                                    200 ;	genPlus
      00009E A5*00            [ 3]  201 	lda	*_floorf_sloc0_1_0
      0000A0 18               [ 2]  202 	clc
      0000A1 65*04            [ 3]  203 	adc	*_floorf_sloc1_1_0
      0000A3 8Dr00r00         [ 4]  204 	sta	___slong2fs_PARM_1
      0000A6 A5*01            [ 3]  205 	lda	*(_floorf_sloc0_1_0 + 1)
      0000A8 65*05            [ 3]  206 	adc	*(_floorf_sloc1_1_0 + 1)
      0000AA 8Dr01r00         [ 4]  207 	sta	(___slong2fs_PARM_1 + 1)
      0000AD A5*02            [ 3]  208 	lda	*(_floorf_sloc0_1_0 + 2)
      0000AF 65*06            [ 3]  209 	adc	*(_floorf_sloc1_1_0 + 2)
      0000B1 8Dr02r00         [ 4]  210 	sta	(___slong2fs_PARM_1 + 2)
      0000B4 A5*03            [ 3]  211 	lda	*(_floorf_sloc0_1_0 + 3)
      0000B6 65*07            [ 3]  212 	adc	*(_floorf_sloc1_1_0 + 3)
      0000B8 8Dr03r00         [ 4]  213 	sta	(___slong2fs_PARM_1 + 3)
                                    214 ;	Raw cost for generated ic 17 : (29, 42.000000) count=0.750000
                                    215 ;	genCall
      0000BB 20r00r00         [ 6]  216 	jsr	___slong2fs
                                    217 ;	assignResultValue
      0000BE 85*04            [ 3]  218 	sta	*_floorf_sloc1_1_0
      0000C0 86*05            [ 3]  219 	stx	*(_floorf_sloc1_1_0 + 1)
      0000C2 A5*00            [ 3]  220 	lda	*___SDCC_m6502_ret2
      0000C4 85*06            [ 3]  221 	sta	*(_floorf_sloc1_1_0 + 2)
      0000C6 A5*00            [ 3]  222 	lda	*___SDCC_m6502_ret3
      0000C8 85*07            [ 3]  223 	sta	*(_floorf_sloc1_1_0 + 3)
                                    224 ;	Raw cost for generated ic 35 : (15, 24.000000) count=0.750000
                                    225 ;	genRet
      0000CA 85*00            [ 3]  226 	sta	*___SDCC_m6502_ret3
      0000CC A5*06            [ 3]  227 	lda	*(_floorf_sloc1_1_0 + 2)
      0000CE 85*00            [ 3]  228 	sta	*___SDCC_m6502_ret2
      0000D0 A5*04            [ 3]  229 	lda	*_floorf_sloc1_1_0
      0000D2 60               [ 6]  230 	rts
                                    231 ;	Raw cost for generated ic 19 : (11, 15.000000) count=0.750000
                                    232 ;	genLabel
      0000D3                        233 00102$:
                                    234 ;	Raw cost for generated ic 21 : (0, 0.000000) count=1.000000
                                    235 ;	../floorf.c: 40: return r;
                                    236 ;	genAssign
                                    237 ;	genCopy
      0000D3 A5*03            [ 3]  238 	lda	*(_floorf_sloc0_1_0 + 3)
      0000D5 8Dr03r00         [ 4]  239 	sta	(___slong2fs_PARM_1 + 3)
      0000D8 A5*02            [ 3]  240 	lda	*(_floorf_sloc0_1_0 + 2)
      0000DA 8Dr02r00         [ 4]  241 	sta	(___slong2fs_PARM_1 + 2)
      0000DD A5*01            [ 3]  242 	lda	*(_floorf_sloc0_1_0 + 1)
      0000DF 8Dr01r00         [ 4]  243 	sta	(___slong2fs_PARM_1 + 1)
      0000E2 A5*00            [ 3]  244 	lda	*_floorf_sloc0_1_0
      0000E4 8Dr00r00         [ 4]  245 	sta	___slong2fs_PARM_1
                                    246 ;	Raw cost for generated ic 36 : (20, 28.000000) count=1.000000
                                    247 ;	genCall
      0000E7 20r00r00         [ 6]  248 	jsr	___slong2fs
                                    249 ;	assignResultValue
      0000EA 85*04            [ 3]  250 	sta	*_floorf_sloc1_1_0
      0000EC 86*05            [ 3]  251 	stx	*(_floorf_sloc1_1_0 + 1)
      0000EE A5*00            [ 3]  252 	lda	*___SDCC_m6502_ret2
      0000F0 85*06            [ 3]  253 	sta	*(_floorf_sloc1_1_0 + 2)
      0000F2 A5*00            [ 3]  254 	lda	*___SDCC_m6502_ret3
      0000F4 85*07            [ 3]  255 	sta	*(_floorf_sloc1_1_0 + 3)
                                    256 ;	Raw cost for generated ic 37 : (15, 24.000000) count=1.000000
                                    257 ;	genRet
      0000F6 85*00            [ 3]  258 	sta	*___SDCC_m6502_ret3
      0000F8 A5*06            [ 3]  259 	lda	*(_floorf_sloc1_1_0 + 2)
      0000FA 85*00            [ 3]  260 	sta	*___SDCC_m6502_ret2
      0000FC A5*04            [ 3]  261 	lda	*_floorf_sloc1_1_0
                                    262 ;	Raw cost for generated ic 23 : (8, 12.000000) count=1.000000
                                    263 ;	genLabel
                                    264 ;	Raw cost for generated ic 25 : (0, 0.000000) count=1.000000
                                    265 ;	../floorf.c: 41: }
                                    266 ;	genEndFunction
      0000FE 60               [ 6]  267 	rts
                                    268 ;	Raw cost for generated ic 26 : (1, 6.000000) count=1.000000
                                    269 	.area CODE
                                    270 	.area RODATA
                                    271 	.area XINIT
                                    272 	.area CABS    (ABS)
