                                      1 ;--------------------------------------------------------
                                      2 ; File Created by SDCC : free open source ISO C Compiler
                                      3 ; Version 4.5.10 #15691 (Linux)
                                      4 ;--------------------------------------------------------
                                      5 	.module isalnum
                                      6 	
                                      7 	.optsdcc -mmos6502
                                      8 
                                      9 ;--------------------------------------------------------
                                     10 ;  Ordering of segments for the linker.
                                     11 ;--------------------------------------------------------
                                     12 	.area ZP      (PAG)
                                     13 	.area OSEG    (PAG, OVR)
                                     14 	.area _CODE
                                     15 	.area GSINIT
                                     16 	.area GSFINAL
                                     17 	.area CODE
                                     18 	.area RODATA
                                     19 	.area XINIT
                                     20 	.area _DATA
                                     21 	.area DATA
                                     22 	.area BSS
                                     23 ;--------------------------------------------------------
                                     24 ; Public variables in this module
                                     25 ;--------------------------------------------------------
                                     26 	.globl _isalpha
                                     27 	.globl _isalnum
                                     28 ;--------------------------------------------------------
                                     29 ; ZP ram data
                                     30 ;--------------------------------------------------------
                                     31 	.area ZP      (PAG)
                                     32 ;--------------------------------------------------------
                                     33 ; overlayable items in ram
                                     34 ;--------------------------------------------------------
                                     35 ;--------------------------------------------------------
                                     36 ; uninitialized external ram data
                                     37 ;--------------------------------------------------------
                                     38 	.area BSS
      000000                         39 _isalnum_c_10000_21:
      000000                         40 	.ds 2
                                     41 ;--------------------------------------------------------
                                     42 ; absolute external ram data
                                     43 ;--------------------------------------------------------
                                     44 	.area DABS    (ABS)
                                     45 ;--------------------------------------------------------
                                     46 ; initialized external ram data
                                     47 ;--------------------------------------------------------
                                     48 	.area DATA
                                     49 ;--------------------------------------------------------
                                     50 ; global & static initialisations
                                     51 ;--------------------------------------------------------
                                     52 	.area _CODE
                                     53 	.area GSINIT
                                     54 	.area GSFINAL
                                     55 	.area GSINIT
                                     56 ;--------------------------------------------------------
                                     57 ; Home
                                     58 ;--------------------------------------------------------
                                     59 	.area _CODE
                                     60 	.area _CODE
                                     61 ;--------------------------------------------------------
                                     62 ; code
                                     63 ;--------------------------------------------------------
                                     64 	.area CODE
                                     65 ;------------------------------------------------------------
                                     66 ;Allocation info for local variables in function 'isalnum'
                                     67 ;------------------------------------------------------------
                                     68 ;c             Allocated with name '_isalnum_c_10000_21'
                                     69 ;__200000001   Allocated to registers 
                                     70 ;__200000002   Allocated to registers 
                                     71 ;c             Allocated to registers 
                                     72 ;------------------------------------------------------------
                                     73 ;	../isalnum.c: 37: int isalnum (int c)
                                     74 ;	genLabel
                                     75 ;	Raw cost for generated ic 0 : (0, 0.000000) count=1.000000
                                     76 ;	-----------------------------------------
                                     77 ;	 function isalnum
                                     78 ;	-----------------------------------------
                                     79 ;	Register assignment is optimal.
                                     80 ;	Stack space usage: 0 bytes.
      000000                         81 _isalnum:
                                     82 ;	Raw cost for generated ic 1 : (0, 0.000000) count=1.000000
                                     83 ;	genReceive
      000000 8Dr00r00         [ 4]   84 	sta	_isalnum_c_10000_21
      000003 8Er01r00         [ 4]   85 	stx	(_isalnum_c_10000_21 + 1)
                                     86 ;	Raw cost for generated ic 2 : (6, 8.000000) count=1.000000
                                     87 ;	../isalnum.c: 39: return (isalpha (c) || isdigit (c));
                                     88 ;	Raw cost for generated ic 3 : (0, 0.000000) count=1.000000
                                     89 ;	genCall
                                     90 ;	genSend
      000006 20r00r00         [ 6]   91 	jsr	_isalpha
                                     92 ;	assignResultValue
                                     93 ;	Raw cost for generated ic 4 : (3, 6.000000) count=1.000000
                                     94 ;	genIfx
      000009 C9 00            [ 2]   95 	cmp	#0x00
                                     96 ;	genIfxJump : z
      00000B D0 16            [ 4]   97 	bne	00105$
      00000D E0 00            [ 2]   98 	cpx	#0x00
      00000F D0 12            [ 4]   99 	bne	00105$
                                    100 ;	Raw cost for generated ic 5 : (11, 12.200000) count=1.000000
                                    101 ;	./../../include/ctype.h: 62: return ((unsigned char)c >= '0' && (unsigned char)c <= '9');
                                    102 ;	genCast
                                    103 ;	genCopy
      000011 ADr00r00         [ 4]  104 	lda	_isalnum_c_10000_21
                                    105 ;	Raw cost for generated ic 8 : (3, 4.000000) count=0.750000
                                    106 ;	genCmp
      000014 C9 30            [ 2]  107 	cmp	#0x30
      000016 90 06            [ 4]  108 	bcc	00109$
                                    109 ;	Raw cost for generated ic 9 : (7, 7.600000) count=0.750000
                                    110 ;	skipping generated iCode
                                    111 ;	Raw cost for generated ic 11 : (0, 0.000000) count=0.750000
                                    112 ;	genCmp
      000018 C9 39            [ 2]  113 	cmp	#0x39
      00001A F0 07            [ 4]  114 	beq	00105$
      00001C 90 05            [ 4]  115 	bcc	00105$
                                    116 ;	Raw cost for generated ic 13 : (9, 10.200000) count=0.562500
                                    117 ;	skipping generated iCode
                                    118 ;	Raw cost for generated ic 15 : (0, 0.000000) count=0.562500
                                    119 ;	genLabel
      00001E                        120 00109$:
                                    121 ;	Raw cost for generated ic 21 : (0, 0.000000) count=0.609375
                                    122 ;	../isalnum.c: 39: return (isalpha (c) || isdigit (c));
                                    123 ;	genAssign
                                    124 ;	genCopy
      00001E A9 00            [ 2]  125 	lda	#0x00
                                    126 ;	Raw cost for generated ic 28 : (2, 2.000000) count=0.609375
                                    127 ;	genGoto
      000020 4Cr25r00         [ 3]  128 	jmp	00106$
                                    129 ;	Raw cost for generated ic 29 : (3, 3.000000) count=0.609375
                                    130 ;	genLabel
      000023                        131 00105$:
                                    132 ;	Raw cost for generated ic 30 : (0, 0.000000) count=0.390625
                                    133 ;	genAssign
                                    134 ;	genCopy
      000023 A9 01            [ 2]  135 	lda	#0x01
                                    136 ;	Raw cost for generated ic 31 : (2, 2.000000) count=0.390625
                                    137 ;	genLabel
      000025                        138 00106$:
                                    139 ;	Raw cost for generated ic 32 : (0, 0.000000) count=1.000000
                                    140 ;	genCast
                                    141 ;	genCopy
      000025 A2 00            [ 2]  142 	ldx	#0x00
                                    143 ;	Raw cost for generated ic 33 : (2, 2.000000) count=1.000000
                                    144 ;	genRet
                                    145 ;	Raw cost for generated ic 34 : (0, 0.000000) count=1.000000
                                    146 ;	genLabel
                                    147 ;	Raw cost for generated ic 35 : (0, 0.000000) count=1.000000
                                    148 ;	../isalnum.c: 40: }
                                    149 ;	genEndFunction
      000027 60               [ 6]  150 	rts
                                    151 ;	Raw cost for generated ic 36 : (1, 6.000000) count=1.000000
                                    152 	.area CODE
                                    153 	.area RODATA
                                    154 	.area XINIT
                                    155 	.area CABS    (ABS)
