                                      1 ;--------------------------------------------------------
                                      2 ; File Created by SDCC : free open source ISO C Compiler
                                      3 ; Version 4.5.10 #15691 (Linux)
                                      4 ;--------------------------------------------------------
                                      5 	.module isgraph
                                      6 	
                                      7 	.optsdcc -mmos6502
                                      8 
                                      9 ;--------------------------------------------------------
                                     10 ;  Ordering of segments for the linker.
                                     11 ;--------------------------------------------------------
                                     12 	.area ZP      (PAG)
                                     13 	.area OSEG    (PAG, OVR)
                                     14 	.area _CODE
                                     15 	.area GSINIT
                                     16 	.area GSFINAL
                                     17 	.area CODE
                                     18 	.area RODATA
                                     19 	.area XINIT
                                     20 	.area _DATA
                                     21 	.area DATA
                                     22 	.area BSS
                                     23 ;--------------------------------------------------------
                                     24 ; Public variables in this module
                                     25 ;--------------------------------------------------------
                                     26 	.globl _isgraph
                                     27 ;--------------------------------------------------------
                                     28 ; ZP ram data
                                     29 ;--------------------------------------------------------
                                     30 	.area ZP      (PAG)
                                     31 ;--------------------------------------------------------
                                     32 ; overlayable items in ram
                                     33 ;--------------------------------------------------------
                                     34 ;--------------------------------------------------------
                                     35 ; uninitialized external ram data
                                     36 ;--------------------------------------------------------
                                     37 	.area BSS
      000000                         38 _isgraph_c_10000_21:
      000000                         39 	.ds 2
                                     40 ;--------------------------------------------------------
                                     41 ; absolute external ram data
                                     42 ;--------------------------------------------------------
                                     43 	.area DABS    (ABS)
                                     44 ;--------------------------------------------------------
                                     45 ; initialized external ram data
                                     46 ;--------------------------------------------------------
                                     47 	.area DATA
                                     48 ;--------------------------------------------------------
                                     49 ; global & static initialisations
                                     50 ;--------------------------------------------------------
                                     51 	.area _CODE
                                     52 	.area GSINIT
                                     53 	.area GSFINAL
                                     54 	.area GSINIT
                                     55 ;--------------------------------------------------------
                                     56 ; Home
                                     57 ;--------------------------------------------------------
                                     58 	.area _CODE
                                     59 	.area _CODE
                                     60 ;--------------------------------------------------------
                                     61 ; code
                                     62 ;--------------------------------------------------------
                                     63 	.area CODE
                                     64 ;------------------------------------------------------------
                                     65 ;Allocation info for local variables in function 'isgraph'
                                     66 ;------------------------------------------------------------
                                     67 ;c             Allocated with name '_isgraph_c_10000_21'
                                     68 ;------------------------------------------------------------
                                     69 ;	../isgraph.c: 33: int isgraph (int c)
                                     70 ;	genLabel
                                     71 ;	Raw cost for generated ic 0 : (0, 0.000000) count=1.000000
                                     72 ;	-----------------------------------------
                                     73 ;	 function isgraph
                                     74 ;	-----------------------------------------
                                     75 ;	Register assignment is optimal.
                                     76 ;	Stack space usage: 0 bytes.
      000000                         77 _isgraph:
                                     78 ;	Raw cost for generated ic 1 : (0, 0.000000) count=1.000000
                                     79 ;	genReceive
      000000 8Dr00r00         [ 4]   80 	sta	_isgraph_c_10000_21
      000003 8Er01r00         [ 4]   81 	stx	(_isgraph_c_10000_21 + 1)
                                     82 ;	Raw cost for generated ic 2 : (6, 8.000000) count=1.000000
                                     83 ;	../isgraph.c: 35: return (c > ' ' && c <= '~');
                                     84 ;	genCmp
      000006 A9 20            [ 2]   85 	lda	#0x20
      000008 38               [ 2]   86 	sec
      000009 EDr00r00         [ 4]   87 	sbc	_isgraph_c_10000_21
      00000C A9 00            [ 2]   88 	lda	#0x00
      00000E EDr01r00         [ 4]   89 	sbc	(_isgraph_c_10000_21 + 1)
      000011 50 04            [ 4]   90 	bvc	00113$
      000013 10 04            [ 4]   91 	bpl	00112$
      000015 30 15            [ 4]   92 	bmi	00103$
      000017                         93 00113$:
      000017 10 13            [ 4]   94 	bpl	00103$
      000019                         95 00112$:
                                     96 ;	Raw cost for generated ic 3 : (22, 27.400002) count=1.000000
                                     97 ;	skipping generated iCode
                                     98 ;	Raw cost for generated ic 4 : (0, 0.000000) count=1.000000
                                     99 ;	genCmp
      000019 A9 7E            [ 2]  100 	lda	#0x7e
      00001B 38               [ 2]  101 	sec
      00001C EDr00r00         [ 4]  102 	sbc	_isgraph_c_10000_21
      00001F A9 00            [ 2]  103 	lda	#0x00
      000021 EDr01r00         [ 4]  104 	sbc	(_isgraph_c_10000_21 + 1)
      000024 50 04            [ 4]  105 	bvc	00116$
      000026 10 04            [ 4]  106 	bpl	00115$
      000028 30 07            [ 4]  107 	bmi	00104$
      00002A                        108 00116$:
      00002A 10 05            [ 4]  109 	bpl	00104$
      00002C                        110 00115$:
                                    111 ;	Raw cost for generated ic 5 : (22, 27.400002) count=0.750000
                                    112 ;	skipping generated iCode
                                    113 ;	Raw cost for generated ic 7 : (0, 0.000000) count=0.750000
                                    114 ;	genLabel
      00002C                        115 00103$:
                                    116 ;	Raw cost for generated ic 8 : (0, 0.000000) count=0.812500
                                    117 ;	genAssign
                                    118 ;	genCopy
      00002C A9 00            [ 2]  119 	lda	#0x00
                                    120 ;	Raw cost for generated ic 9 : (2, 2.000000) count=0.812500
                                    121 ;	genGoto
      00002E 4Cr33r00         [ 3]  122 	jmp	00105$
                                    123 ;	Raw cost for generated ic 10 : (3, 3.000000) count=0.812500
                                    124 ;	genLabel
      000031                        125 00104$:
                                    126 ;	Raw cost for generated ic 11 : (0, 0.000000) count=0.187500
                                    127 ;	genAssign
                                    128 ;	genCopy
      000031 A9 01            [ 2]  129 	lda	#0x01
                                    130 ;	Raw cost for generated ic 12 : (2, 2.000000) count=0.187500
                                    131 ;	genLabel
      000033                        132 00105$:
                                    133 ;	Raw cost for generated ic 13 : (0, 0.000000) count=1.000000
                                    134 ;	genCast
                                    135 ;	genCopy
      000033 A2 00            [ 2]  136 	ldx	#0x00
                                    137 ;	Raw cost for generated ic 14 : (2, 2.000000) count=1.000000
                                    138 ;	genRet
                                    139 ;	Raw cost for generated ic 15 : (0, 0.000000) count=1.000000
                                    140 ;	genLabel
                                    141 ;	Raw cost for generated ic 16 : (0, 0.000000) count=1.000000
                                    142 ;	../isgraph.c: 36: }
                                    143 ;	genEndFunction
      000035 60               [ 6]  144 	rts
                                    145 ;	Raw cost for generated ic 17 : (1, 6.000000) count=1.000000
                                    146 	.area CODE
                                    147 	.area RODATA
                                    148 	.area XINIT
                                    149 	.area CABS    (ABS)
