                                      1 ;--------------------------------------------------------
                                      2 ; File Created by SDCC : free open source ISO C Compiler
                                      3 ; Version 4.5.10 #15691 (Linux)
                                      4 ;--------------------------------------------------------
                                      5 	.module isinf
                                      6 	
                                      7 	.optsdcc -mmos6502
                                      8 
                                      9 ;--------------------------------------------------------
                                     10 ;  Ordering of segments for the linker.
                                     11 ;--------------------------------------------------------
                                     12 	.area ZP      (PAG)
                                     13 	.area OSEG    (PAG, OVR)
                                     14 	.area _CODE
                                     15 	.area GSINIT
                                     16 	.area GSFINAL
                                     17 	.area CODE
                                     18 	.area RODATA
                                     19 	.area XINIT
                                     20 	.area _DATA
                                     21 	.area DATA
                                     22 	.area BSS
                                     23 ;--------------------------------------------------------
                                     24 ; Public variables in this module
                                     25 ;--------------------------------------------------------
                                     26 	.globl _isinf_PARM_1
                                     27 	.globl _isinf
                                     28 ;--------------------------------------------------------
                                     29 ; ZP ram data
                                     30 ;--------------------------------------------------------
                                     31 	.area ZP      (PAG)
                                     32 ;--------------------------------------------------------
                                     33 ; overlayable items in ram
                                     34 ;--------------------------------------------------------
                                     35 	.area	OSEG    (PAG, OVR)
      000000                         36 _isinf_sloc0_1_0:
      000000                         37 	.ds 4
                                     38 ;--------------------------------------------------------
                                     39 ; uninitialized external ram data
                                     40 ;--------------------------------------------------------
                                     41 	.area BSS
      000000                         42 _isinf_PARM_1:
      000000                         43 	.ds 4
                                     44 ;--------------------------------------------------------
                                     45 ; absolute external ram data
                                     46 ;--------------------------------------------------------
                                     47 	.area DABS    (ABS)
                                     48 ;--------------------------------------------------------
                                     49 ; initialized external ram data
                                     50 ;--------------------------------------------------------
                                     51 	.area DATA
                                     52 ;--------------------------------------------------------
                                     53 ; global & static initialisations
                                     54 ;--------------------------------------------------------
                                     55 	.area _CODE
                                     56 	.area GSINIT
                                     57 	.area GSFINAL
                                     58 	.area GSINIT
                                     59 ;--------------------------------------------------------
                                     60 ; Home
                                     61 ;--------------------------------------------------------
                                     62 	.area _CODE
                                     63 	.area _CODE
                                     64 ;--------------------------------------------------------
                                     65 ; code
                                     66 ;--------------------------------------------------------
                                     67 	.area CODE
                                     68 ;------------------------------------------------------------
                                     69 ;Allocation info for local variables in function 'isinf'
                                     70 ;------------------------------------------------------------
                                     71 ;f             Allocated with name '_isinf_PARM_1'
                                     72 ;pl            Allocated to registers 
                                     73 ;sloc0         Allocated with name '_isinf_sloc0_1_0'
                                     74 ;------------------------------------------------------------
                                     75 ;	../isinf.c: 33: int isinf (float f)
                                     76 ;	genLabel
                                     77 ;	Raw cost for generated ic 0 : (0, 0.000000) count=1.000000
                                     78 ;	-----------------------------------------
                                     79 ;	 function isinf
                                     80 ;	-----------------------------------------
                                     81 ;	Register assignment is optimal.
                                     82 ;	Stack space usage: 0 bytes.
      000000                         83 _isinf:
                                     84 ;	Raw cost for generated ic 1 : (0, 0.000000) count=1.000000
                                     85 ;	../isinf.c: 35: unsigned long *pl = (unsigned long *) &f;
                                     86 ;	skipping iCode since result will be rematerialized
                                     87 ;	Raw cost for generated ic 2 : (0, 0.000000) count=1.000000
                                     88 ;	skipping iCode since result will be rematerialized
                                     89 ;	Raw cost for generated ic 4 : (0, 0.000000) count=1.000000
                                     90 ;	../isinf.c: 36: return *pl == 0x7f800000 || *pl == 0xff800000;
                                     91 ;	genPointerGet
                                     92 ;	genDataPointerGet
      000000 ADr03r00         [ 4]   93 	lda	(_isinf_PARM_1 + 3)
      000003 85*03            [ 3]   94 	sta	*(_isinf_sloc0_1_0 + 3)
      000005 ADr02r00         [ 4]   95 	lda	(_isinf_PARM_1 + 2)
      000008 85*02            [ 3]   96 	sta	*(_isinf_sloc0_1_0 + 2)
      00000A ADr01r00         [ 4]   97 	lda	(_isinf_PARM_1 + 1)
      00000D 85*01            [ 3]   98 	sta	*(_isinf_sloc0_1_0 + 1)
      00000F ADr00r00         [ 4]   99 	lda	_isinf_PARM_1
      000012 85*00            [ 3]  100 	sta	*_isinf_sloc0_1_0
                                    101 ;	Raw cost for generated ic 7 : (20, 28.000000) count=1.000000
                                    102 ;	genCmpEQorNE
      000014 D0 10            [ 4]  103 	bne	00119$
      000016 A5*01            [ 3]  104 	lda	*(_isinf_sloc0_1_0 + 1)
      000018 D0 0C            [ 4]  105 	bne	00119$
      00001A A5*02            [ 3]  106 	lda	*(_isinf_sloc0_1_0 + 2)
      00001C C9 80            [ 2]  107 	cmp	#0x80
      00001E D0 06            [ 4]  108 	bne	00119$
      000020 A5*03            [ 3]  109 	lda	*(_isinf_sloc0_1_0 + 3)
      000022 C9 7F            [ 2]  110 	cmp	#0x7f
      000024 F0 19            [ 4]  111 	beq	00104$
      000026                        112 00119$:
                                    113 ;	Raw cost for generated ic 8 : (30, 35.400002) count=1.000000
                                    114 ;	skipping generated iCode
                                    115 ;	Raw cost for generated ic 9 : (0, 0.000000) count=1.000000
                                    116 ;	genCmpEQorNE
      000026 A5*00            [ 3]  117 	lda	*_isinf_sloc0_1_0
      000028 D0 10            [ 4]  118 	bne	00123$
      00002A A5*01            [ 3]  119 	lda	*(_isinf_sloc0_1_0 + 1)
      00002C D0 0C            [ 4]  120 	bne	00123$
      00002E A5*02            [ 3]  121 	lda	*(_isinf_sloc0_1_0 + 2)
      000030 C9 80            [ 2]  122 	cmp	#0x80
      000032 D0 06            [ 4]  123 	bne	00123$
      000034 A5*03            [ 3]  124 	lda	*(_isinf_sloc0_1_0 + 3)
      000036 C9 FF            [ 2]  125 	cmp	#0xff
      000038 F0 05            [ 4]  126 	beq	00104$
      00003A                        127 00123$:
                                    128 ;	Raw cost for generated ic 12 : (32, 38.400002) count=0.750000
                                    129 ;	skipping generated iCode
                                    130 ;	Raw cost for generated ic 13 : (0, 0.000000) count=0.750000
                                    131 ;	genAssign
                                    132 ;	genCopy
      00003A A9 00            [ 2]  133 	lda	#0x00
                                    134 ;	Raw cost for generated ic 15 : (2, 2.000000) count=0.562500
                                    135 ;	genGoto
      00003C 4Cr41r00         [ 3]  136 	jmp	00105$
                                    137 ;	Raw cost for generated ic 16 : (3, 3.000000) count=0.562500
                                    138 ;	genLabel
      00003F                        139 00104$:
                                    140 ;	Raw cost for generated ic 17 : (0, 0.000000) count=0.437500
                                    141 ;	genAssign
                                    142 ;	genCopy
      00003F A9 01            [ 2]  143 	lda	#0x01
                                    144 ;	Raw cost for generated ic 18 : (2, 2.000000) count=0.437500
                                    145 ;	genLabel
      000041                        146 00105$:
                                    147 ;	Raw cost for generated ic 19 : (0, 0.000000) count=1.000000
                                    148 ;	genCast
                                    149 ;	genCopy
      000041 A2 00            [ 2]  150 	ldx	#0x00
                                    151 ;	Raw cost for generated ic 20 : (2, 2.000000) count=1.000000
                                    152 ;	genRet
                                    153 ;	Raw cost for generated ic 21 : (0, 0.000000) count=1.000000
                                    154 ;	genLabel
                                    155 ;	Raw cost for generated ic 22 : (0, 0.000000) count=1.000000
                                    156 ;	../isinf.c: 37: }
                                    157 ;	genEndFunction
      000043 60               [ 6]  158 	rts
                                    159 ;	Raw cost for generated ic 23 : (1, 6.000000) count=1.000000
                                    160 	.area CODE
                                    161 	.area RODATA
                                    162 	.area XINIT
                                    163 	.area CABS    (ABS)
