                                      1 ;--------------------------------------------------------
                                      2 ; File Created by SDCC : free open source ISO C Compiler
                                      3 ; Version 4.5.10 #15691 (Linux)
                                      4 ;--------------------------------------------------------
                                      5 	.module ldexpf
                                      6 	
                                      7 	.optsdcc -mmos6502
                                      8 
                                      9 ;--------------------------------------------------------
                                     10 ;  Ordering of segments for the linker.
                                     11 ;--------------------------------------------------------
                                     12 	.area ZP      (PAG)
                                     13 	.area OSEG    (PAG, OVR)
                                     14 	.area _CODE
                                     15 	.area GSINIT
                                     16 	.area GSFINAL
                                     17 	.area CODE
                                     18 	.area RODATA
                                     19 	.area XINIT
                                     20 	.area _DATA
                                     21 	.area DATA
                                     22 	.area BSS
                                     23 ;--------------------------------------------------------
                                     24 ; Public variables in this module
                                     25 ;--------------------------------------------------------
                                     26 	.globl _ldexpf_PARM_2
                                     27 	.globl _ldexpf_PARM_1
                                     28 	.globl _ldexpf
                                     29 ;--------------------------------------------------------
                                     30 ; ZP ram data
                                     31 ;--------------------------------------------------------
                                     32 	.area ZP      (PAG)
                                     33 ;--------------------------------------------------------
                                     34 ; overlayable items in ram
                                     35 ;--------------------------------------------------------
                                     36 	.area	OSEG    (PAG, OVR)
      000000                         37 _ldexpf_sloc0_1_0:
      000000                         38 	.ds 4
      000004                         39 _ldexpf_sloc1_1_0:
      000004                         40 	.ds 4
                                     41 ;--------------------------------------------------------
                                     42 ; uninitialized external ram data
                                     43 ;--------------------------------------------------------
                                     44 	.area BSS
      000000                         45 _ldexpf_PARM_1:
      000000                         46 	.ds 4
      000004                         47 _ldexpf_PARM_2:
      000004                         48 	.ds 2
      000006                         49 _ldexpf_fl_10000_26:
      000006                         50 	.ds 4
                                     51 ;--------------------------------------------------------
                                     52 ; absolute external ram data
                                     53 ;--------------------------------------------------------
                                     54 	.area DABS    (ABS)
                                     55 ;--------------------------------------------------------
                                     56 ; initialized external ram data
                                     57 ;--------------------------------------------------------
                                     58 	.area DATA
                                     59 ;--------------------------------------------------------
                                     60 ; global & static initialisations
                                     61 ;--------------------------------------------------------
                                     62 	.area _CODE
                                     63 	.area GSINIT
                                     64 	.area GSFINAL
                                     65 	.area GSINIT
                                     66 ;--------------------------------------------------------
                                     67 ; Home
                                     68 ;--------------------------------------------------------
                                     69 	.area _CODE
                                     70 	.area _CODE
                                     71 ;--------------------------------------------------------
                                     72 ; code
                                     73 ;--------------------------------------------------------
                                     74 	.area CODE
                                     75 ;------------------------------------------------------------
                                     76 ;Allocation info for local variables in function 'ldexpf'
                                     77 ;------------------------------------------------------------
                                     78 ;x             Allocated with name '_ldexpf_PARM_1'
                                     79 ;pw2           Allocated with name '_ldexpf_PARM_2'
                                     80 ;fl            Allocated with name '_ldexpf_fl_10000_26'
                                     81 ;e             Allocated with name '_ldexpf_e_10000_26'
                                     82 ;sloc0         Allocated with name '_ldexpf_sloc0_1_0'
                                     83 ;sloc1         Allocated with name '_ldexpf_sloc1_1_0'
                                     84 ;------------------------------------------------------------
                                     85 ;	../ldexpf.c: 34: float ldexpf(float x, int pw2)
                                     86 ;	genLabel
                                     87 ;	Raw cost for generated ic 0 : (0, 0.000000) count=1.000000
                                     88 ;	-----------------------------------------
                                     89 ;	 function ldexpf
                                     90 ;	-----------------------------------------
                                     91 ;	Register assignment is optimal.
                                     92 ;	Stack space usage: 0 bytes.
      000000                         93 _ldexpf:
                                     94 ;	Raw cost for generated ic 1 : (0, 0.000000) count=1.000000
                                     95 ;	../ldexpf.c: 39: fl.f = x;
                                     96 ;	skipping iCode since result will be rematerialized
                                     97 ;	Raw cost for generated ic 2 : (0, 0.000000) count=1.000000
                                     98 ;	skipping iCode since result will be rematerialized
                                     99 ;	Raw cost for generated ic 3 : (0, 0.000000) count=1.000000
                                    100 ;	genPointerSet
                                    101 ;	genDataPointerSet
      000000 ADr03r00         [ 4]  102 	lda	(_ldexpf_PARM_1 + 3)
      000003 8Dr09r00         [ 4]  103 	sta	(_ldexpf_fl_10000_26 + 3)
      000006 ADr02r00         [ 4]  104 	lda	(_ldexpf_PARM_1 + 2)
      000009 8Dr08r00         [ 4]  105 	sta	(_ldexpf_fl_10000_26 + 2)
      00000C ADr01r00         [ 4]  106 	lda	(_ldexpf_PARM_1 + 1)
      00000F 8Dr07r00         [ 4]  107 	sta	(_ldexpf_fl_10000_26 + 1)
      000012 ADr00r00         [ 4]  108 	lda	_ldexpf_PARM_1
      000015 8Dr06r00         [ 4]  109 	sta	_ldexpf_fl_10000_26
                                    110 ;	Raw cost for generated ic 4 : (24, 32.000000) count=1.000000
                                    111 ;	../ldexpf.c: 41: e=(fl.l >> 23) & 0x000000ff;
                                    112 ;	skipping iCode since result will be rematerialized
                                    113 ;	Raw cost for generated ic 6 : (0, 0.000000) count=1.000000
                                    114 ;	genPointerGet
                                    115 ;	genDataPointerGet
      000018 ADr09r00         [ 4]  116 	lda	(_ldexpf_fl_10000_26 + 3)
      00001B 85*03            [ 3]  117 	sta	*(_ldexpf_sloc0_1_0 + 3)
      00001D ADr08r00         [ 4]  118 	lda	(_ldexpf_fl_10000_26 + 2)
      000020 85*02            [ 3]  119 	sta	*(_ldexpf_sloc0_1_0 + 2)
      000022 ADr07r00         [ 4]  120 	lda	(_ldexpf_fl_10000_26 + 1)
      000025 85*01            [ 3]  121 	sta	*(_ldexpf_sloc0_1_0 + 1)
      000027 ADr06r00         [ 4]  122 	lda	_ldexpf_fl_10000_26
      00002A 85*00            [ 3]  123 	sta	*_ldexpf_sloc0_1_0
                                    124 ;	Raw cost for generated ic 7 : (20, 28.000000) count=1.000000
                                    125 ;	genRightShift
                                    126 ;	genRightShiftLiteral
                                    127 ;	  genrsh32 - shift=23
      00002C A5*02            [ 3]  128 	lda	*(_ldexpf_sloc0_1_0 + 2)
      00002E 2A               [ 2]  129 	rol	a
      00002F A5*03            [ 3]  130 	lda	*(_ldexpf_sloc0_1_0 + 3)
      000031 2A               [ 2]  131 	rol	a
      000032 85*00            [ 3]  132 	sta	*_ldexpf_sloc0_1_0
      000034 A9 00            [ 2]  133 	lda	#0x00
      000036 69 FF            [ 2]  134 	adc	#0xff
      000038 49 FF            [ 2]  135 	eor	#0xff
      00003A 85*01            [ 3]  136 	sta	*(_ldexpf_sloc0_1_0 + 1)
      00003C 85*02            [ 3]  137 	sta	*(_ldexpf_sloc0_1_0 + 2)
      00003E 85*03            [ 3]  138 	sta	*(_ldexpf_sloc0_1_0 + 3)
                                    139 ;	Raw cost for generated ic 8 : (20, 28.000000) count=1.000000
                                    140 ;	genAnd
      000040 A0 00            [ 2]  141 	ldy	#0x00
      000042 84*01            [ 3]  142 	sty	*(_ldexpf_sloc0_1_0 + 1)
      000044 84*02            [ 3]  143 	sty	*(_ldexpf_sloc0_1_0 + 2)
      000046 84*03            [ 3]  144 	sty	*(_ldexpf_sloc0_1_0 + 3)
                                    145 ;	Raw cost for generated ic 9 : (8, 11.000000) count=1.000000
                                    146 ;	../ldexpf.c: 42: e+=pw2;
                                    147 ;	genCast
      000048 ADr04r00         [ 4]  148 	lda	_ldexpf_PARM_2
      00004B 85*04            [ 3]  149 	sta	*_ldexpf_sloc1_1_0
      00004D ADr05r00         [ 4]  150 	lda	(_ldexpf_PARM_2 + 1)
      000050 85*05            [ 3]  151 	sta	*(_ldexpf_sloc1_1_0 + 1)
      000052 0A               [ 2]  152 	asl	a
      000053 98               [ 2]  153 	tya
      000054 69 FF            [ 2]  154 	adc	#0xff
      000056 49 FF            [ 2]  155 	eor	#0xff
      000058 85*06            [ 3]  156 	sta	*(_ldexpf_sloc1_1_0 + 2)
      00005A 85*07            [ 3]  157 	sta	*(_ldexpf_sloc1_1_0 + 3)
                                    158 ;	Raw cost for generated ic 11 : (20, 28.000000) count=1.000000
                                    159 ;	genPlus
      00005C A5*00            [ 3]  160 	lda	*_ldexpf_sloc0_1_0
      00005E 18               [ 2]  161 	clc
      00005F 65*04            [ 3]  162 	adc	*_ldexpf_sloc1_1_0
      000061 85*04            [ 3]  163 	sta	*_ldexpf_sloc1_1_0
      000063 A5*01            [ 3]  164 	lda	*(_ldexpf_sloc0_1_0 + 1)
      000065 65*05            [ 3]  165 	adc	*(_ldexpf_sloc1_1_0 + 1)
      000067 85*05            [ 3]  166 	sta	*(_ldexpf_sloc1_1_0 + 1)
      000069 A5*02            [ 3]  167 	lda	*(_ldexpf_sloc0_1_0 + 2)
      00006B 65*06            [ 3]  168 	adc	*(_ldexpf_sloc1_1_0 + 2)
      00006D 85*06            [ 3]  169 	sta	*(_ldexpf_sloc1_1_0 + 2)
      00006F A5*03            [ 3]  170 	lda	*(_ldexpf_sloc0_1_0 + 3)
      000071 65*07            [ 3]  171 	adc	*(_ldexpf_sloc1_1_0 + 3)
      000073 85*07            [ 3]  172 	sta	*(_ldexpf_sloc1_1_0 + 3)
                                    173 ;	Raw cost for generated ic 12 : (25, 38.000000) count=1.000000
                                    174 ;	../ldexpf.c: 43: fl.l= ((e & 0xff) << 23) | (fl.l & 0x807fffff);
                                    175 ;	genAnd
      000075 84*05            [ 3]  176 	sty	*(_ldexpf_sloc1_1_0 + 1)
      000077 84*06            [ 3]  177 	sty	*(_ldexpf_sloc1_1_0 + 2)
      000079 84*07            [ 3]  178 	sty	*(_ldexpf_sloc1_1_0 + 3)
                                    179 ;	Raw cost for generated ic 16 : (6, 9.000000) count=1.000000
                                    180 ;	genLeftShift
                                    181 ;	genLeftShiftLiteral
                                    182 ;	  genlsh32 - shift=23
      00007B A5*05            [ 3]  183 	lda	*(_ldexpf_sloc1_1_0 + 1)
      00007D 4A               [ 2]  184 	lsr	a
      00007E A5*04            [ 3]  185 	lda	*_ldexpf_sloc1_1_0
      000080 6A               [ 2]  186 	ror	a
      000081 85*07            [ 3]  187 	sta	*(_ldexpf_sloc1_1_0 + 3)
      000083 98               [ 2]  188 	tya
      000084 85*05            [ 3]  189 	sta	*(_ldexpf_sloc1_1_0 + 1)
      000086 85*04            [ 3]  190 	sta	*_ldexpf_sloc1_1_0
      000088 6A               [ 2]  191 	ror	a
      000089 85*06            [ 3]  192 	sta	*(_ldexpf_sloc1_1_0 + 2)
                                    193 ;	Raw cost for generated ic 17 : (16, 26.000000) count=1.000000
                                    194 ;	genPointerGet
                                    195 ;	genDataPointerGet
      00008B ADr09r00         [ 4]  196 	lda	(_ldexpf_fl_10000_26 + 3)
      00008E 85*03            [ 3]  197 	sta	*(_ldexpf_sloc0_1_0 + 3)
      000090 ADr08r00         [ 4]  198 	lda	(_ldexpf_fl_10000_26 + 2)
      000093 85*02            [ 3]  199 	sta	*(_ldexpf_sloc0_1_0 + 2)
      000095 ADr07r00         [ 4]  200 	lda	(_ldexpf_fl_10000_26 + 1)
      000098 85*01            [ 3]  201 	sta	*(_ldexpf_sloc0_1_0 + 1)
      00009A ADr06r00         [ 4]  202 	lda	_ldexpf_fl_10000_26
      00009D 85*00            [ 3]  203 	sta	*_ldexpf_sloc0_1_0
                                    204 ;	Raw cost for generated ic 20 : (20, 28.000000) count=1.000000
                                    205 ;	genAnd
      00009F A5*02            [ 3]  206 	lda	*(_ldexpf_sloc0_1_0 + 2)
      0000A1 29 7F            [ 2]  207 	and	#0x7f
      0000A3 85*02            [ 3]  208 	sta	*(_ldexpf_sloc0_1_0 + 2)
      0000A5 A5*03            [ 3]  209 	lda	*(_ldexpf_sloc0_1_0 + 3)
      0000A7 29 80            [ 2]  210 	and	#0x80
      0000A9 85*03            [ 3]  211 	sta	*(_ldexpf_sloc0_1_0 + 3)
                                    212 ;	Raw cost for generated ic 21 : (12, 16.000000) count=1.000000
                                    213 ;	genOr
      0000AB A5*04            [ 3]  214 	lda	*_ldexpf_sloc1_1_0
      0000AD 05*00            [ 3]  215 	ora	*_ldexpf_sloc0_1_0
      0000AF 85*04            [ 3]  216 	sta	*_ldexpf_sloc1_1_0
      0000B1 A5*05            [ 3]  217 	lda	*(_ldexpf_sloc1_1_0 + 1)
      0000B3 05*01            [ 3]  218 	ora	*(_ldexpf_sloc0_1_0 + 1)
      0000B5 85*05            [ 3]  219 	sta	*(_ldexpf_sloc1_1_0 + 1)
      0000B7 A5*06            [ 3]  220 	lda	*(_ldexpf_sloc1_1_0 + 2)
      0000B9 05*02            [ 3]  221 	ora	*(_ldexpf_sloc0_1_0 + 2)
      0000BB 85*06            [ 3]  222 	sta	*(_ldexpf_sloc1_1_0 + 2)
      0000BD A5*07            [ 3]  223 	lda	*(_ldexpf_sloc1_1_0 + 3)
      0000BF 05*03            [ 3]  224 	ora	*(_ldexpf_sloc0_1_0 + 3)
      0000C1 85*07            [ 3]  225 	sta	*(_ldexpf_sloc1_1_0 + 3)
                                    226 ;	Raw cost for generated ic 22 : (24, 36.000000) count=1.000000
                                    227 ;	genPointerSet
                                    228 ;	genDataPointerSet
      0000C3 8Dr09r00         [ 4]  229 	sta	(_ldexpf_fl_10000_26 + 3)
      0000C6 A5*06            [ 3]  230 	lda	*(_ldexpf_sloc1_1_0 + 2)
      0000C8 8Dr08r00         [ 4]  231 	sta	(_ldexpf_fl_10000_26 + 2)
      0000CB A5*05            [ 3]  232 	lda	*(_ldexpf_sloc1_1_0 + 1)
      0000CD 8Dr07r00         [ 4]  233 	sta	(_ldexpf_fl_10000_26 + 1)
      0000D0 A5*04            [ 3]  234 	lda	*_ldexpf_sloc1_1_0
      0000D2 8Dr06r00         [ 4]  235 	sta	_ldexpf_fl_10000_26
                                    236 ;	Raw cost for generated ic 23 : (18, 25.000000) count=1.000000
                                    237 ;	../ldexpf.c: 45: return(fl.f);
                                    238 ;	genPointerGet
                                    239 ;	genDataPointerGet
      0000D5 ADr09r00         [ 4]  240 	lda	(_ldexpf_fl_10000_26 + 3)
      0000D8 85*07            [ 3]  241 	sta	*(_ldexpf_sloc1_1_0 + 3)
      0000DA ADr08r00         [ 4]  242 	lda	(_ldexpf_fl_10000_26 + 2)
      0000DD 85*06            [ 3]  243 	sta	*(_ldexpf_sloc1_1_0 + 2)
      0000DF ADr07r00         [ 4]  244 	lda	(_ldexpf_fl_10000_26 + 1)
      0000E2 85*05            [ 3]  245 	sta	*(_ldexpf_sloc1_1_0 + 1)
      0000E4 ADr06r00         [ 4]  246 	lda	_ldexpf_fl_10000_26
      0000E7 85*04            [ 3]  247 	sta	*_ldexpf_sloc1_1_0
                                    248 ;	Raw cost for generated ic 26 : (20, 28.000000) count=1.000000
                                    249 ;	genRet
      0000E9 A5*07            [ 3]  250 	lda	*(_ldexpf_sloc1_1_0 + 3)
      0000EB 85*00            [ 3]  251 	sta	*___SDCC_m6502_ret3
      0000ED A5*06            [ 3]  252 	lda	*(_ldexpf_sloc1_1_0 + 2)
      0000EF 85*00            [ 3]  253 	sta	*___SDCC_m6502_ret2
      0000F1 A6*05            [ 3]  254 	ldx	*(_ldexpf_sloc1_1_0 + 1)
      0000F3 A5*04            [ 3]  255 	lda	*_ldexpf_sloc1_1_0
                                    256 ;	Raw cost for generated ic 27 : (12, 18.000000) count=1.000000
                                    257 ;	genLabel
                                    258 ;	Raw cost for generated ic 28 : (0, 0.000000) count=1.000000
                                    259 ;	../ldexpf.c: 46: }
                                    260 ;	genEndFunction
      0000F5 60               [ 6]  261 	rts
                                    262 ;	Raw cost for generated ic 29 : (1, 6.000000) count=1.000000
                                    263 	.area CODE
                                    264 	.area RODATA
                                    265 	.area XINIT
                                    266 	.area CABS    (ABS)
