                                      1 ;--------------------------------------------------------
                                      2 ; File Created by SDCC : free open source ISO C Compiler
                                      3 ; Version 4.5.10 #15691 (Linux)
                                      4 ;--------------------------------------------------------
                                      5 	.module mbrtowc
                                      6 	
                                      7 	.optsdcc -mmos6502
                                      8 
                                      9 ;--------------------------------------------------------
                                     10 ;  Ordering of segments for the linker.
                                     11 ;--------------------------------------------------------
                                     12 	.area ZP      (PAG)
                                     13 	.area OSEG    (PAG, OVR)
                                     14 	.area _CODE
                                     15 	.area GSINIT
                                     16 	.area GSFINAL
                                     17 	.area CODE
                                     18 	.area RODATA
                                     19 	.area XINIT
                                     20 	.area _DATA
                                     21 	.area DATA
                                     22 	.area BSS
                                     23 ;--------------------------------------------------------
                                     24 ; Public variables in this module
                                     25 ;--------------------------------------------------------
                                     26 	.globl _mbrtowc_PARM_4
                                     27 	.globl _mbrtowc_PARM_3
                                     28 	.globl _mbrtowc_PARM_2
                                     29 	.globl _mbrtowc
                                     30 ;--------------------------------------------------------
                                     31 ; ZP ram data
                                     32 ;--------------------------------------------------------
                                     33 	.area ZP      (PAG)
      000000                         34 _mbrtowc_sloc0_1_0:
      000000                         35 	.ds 2
      000002                         36 _mbrtowc_sloc1_1_0:
      000002                         37 	.ds 2
      000004                         38 _mbrtowc_sloc2_1_0:
      000004                         39 	.ds 2
      000006                         40 _mbrtowc_sloc3_1_0:
      000006                         41 	.ds 1
      000007                         42 _mbrtowc_sloc4_1_0:
      000007                         43 	.ds 2
      000009                         44 _mbrtowc_sloc5_1_0:
      000009                         45 	.ds 2
      00000B                         46 _mbrtowc_sloc6_1_0:
      00000B                         47 	.ds 4
                                     48 ;--------------------------------------------------------
                                     49 ; overlayable items in ram
                                     50 ;--------------------------------------------------------
                                     51 ;--------------------------------------------------------
                                     52 ; uninitialized external ram data
                                     53 ;--------------------------------------------------------
                                     54 	.area BSS
      000000                         55 _mbrtowc_PARM_2:
      000000                         56 	.ds 2
      000002                         57 _mbrtowc_PARM_3:
      000002                         58 	.ds 2
      000004                         59 _mbrtowc_PARM_4:
      000004                         60 	.ds 2
      000006                         61 _mbrtowc_pwc_10000_15:
      000006                         62 	.ds 2
      000008                         63 _mbrtowc_first_byte_10000_16:
      000008                         64 	.ds 1
      000009                         65 _mbrtowc_mbseq_10000_16:
      000009                         66 	.ds 4
      00000D                         67 _mbrtowc_codepoint_10000_16:
      00000D                         68 	.ds 4
      000011                         69 _mbrtowc_i_10000_16:
      000011                         70 	.ds 1
      000012                         71 _mbrtowc_sps_10000_16:
      000012                         72 	.ds 3
                                     73 ;--------------------------------------------------------
                                     74 ; absolute external ram data
                                     75 ;--------------------------------------------------------
                                     76 	.area DABS    (ABS)
                                     77 ;--------------------------------------------------------
                                     78 ; initialized external ram data
                                     79 ;--------------------------------------------------------
                                     80 	.area DATA
                                     81 ;--------------------------------------------------------
                                     82 ; global & static initialisations
                                     83 ;--------------------------------------------------------
                                     84 	.area _CODE
                                     85 	.area GSINIT
                                     86 	.area GSFINAL
                                     87 	.area GSINIT
                                     88 ;--------------------------------------------------------
                                     89 ; Home
                                     90 ;--------------------------------------------------------
                                     91 	.area _CODE
                                     92 	.area _CODE
                                     93 ;--------------------------------------------------------
                                     94 ; code
                                     95 ;--------------------------------------------------------
                                     96 	.area CODE
                                     97 ;------------------------------------------------------------
                                     98 ;Allocation info for local variables in function 'mbrtowc'
                                     99 ;------------------------------------------------------------
                                    100 ;sloc0         Allocated with name '_mbrtowc_sloc0_1_0'
                                    101 ;sloc1         Allocated with name '_mbrtowc_sloc1_1_0'
                                    102 ;sloc2         Allocated with name '_mbrtowc_sloc2_1_0'
                                    103 ;sloc3         Allocated with name '_mbrtowc_sloc3_1_0'
                                    104 ;sloc4         Allocated with name '_mbrtowc_sloc4_1_0'
                                    105 ;sloc5         Allocated with name '_mbrtowc_sloc5_1_0'
                                    106 ;sloc6         Allocated with name '_mbrtowc_sloc6_1_0'
                                    107 ;s             Allocated with name '_mbrtowc_PARM_2'
                                    108 ;n             Allocated with name '_mbrtowc_PARM_3'
                                    109 ;ps            Allocated with name '_mbrtowc_PARM_4'
                                    110 ;pwc           Allocated with name '_mbrtowc_pwc_10000_15'
                                    111 ;first_byte    Allocated with name '_mbrtowc_first_byte_10000_16'
                                    112 ;seqlen        Allocated to registers 
                                    113 ;mbseq         Allocated with name '_mbrtowc_mbseq_10000_16'
                                    114 ;codepoint     Allocated with name '_mbrtowc_codepoint_10000_16'
                                    115 ;i             Allocated with name '_mbrtowc_i_10000_16'
                                    116 ;j             Allocated to registers 
                                    117 ;sps           Allocated with name '_mbrtowc_sps_10000_16'
                                    118 ;------------------------------------------------------------
                                    119 ;	../mbrtowc.c: 32: size_t mbrtowc(wchar_t *restrict pwc, const char *restrict s, size_t n, mbstate_t *restrict ps)
                                    120 ;	genLabel
                                    121 ;	Raw cost for generated ic 0 : (0, 0.000000) count=1.000000
                                    122 ;	-----------------------------------------
                                    123 ;	 function mbrtowc
                                    124 ;	-----------------------------------------
                                    125 ;	Register assignment is optimal.
                                    126 ;	Stack space usage: 0 bytes.
      000000                        127 _mbrtowc:
                                    128 ;	Raw cost for generated ic 1 : (0, 0.000000) count=1.000000
                                    129 ;	genReceive
      000000 8Dr06r00         [ 4]  130 	sta	_mbrtowc_pwc_10000_15
      000003 8Er07r00         [ 4]  131 	stx	(_mbrtowc_pwc_10000_15 + 1)
                                    132 ;	Raw cost for generated ic 2 : (6, 8.000000) count=1.000000
                                    133 ;	../mbrtowc.c: 41: if(!s)
                                    134 ;	genIfx
      000006 ADr01r00         [ 4]  135 	lda	(_mbrtowc_PARM_2 + 1)
      000009 0Dr00r00         [ 4]  136 	ora	_mbrtowc_PARM_2
                                    137 ;	genIfxJump : z
      00000C D0 19            [ 4]  138 	bne	00102$
                                    139 ;	Raw cost for generated ic 3 : (11, 13.600000) count=1.000000
                                    140 ;	../mbrtowc.c: 42: return(mbrtowc(0, "", 1, ps));
                                    141 ;	skipping iCode since result will be rematerialized
                                    142 ;	Raw cost for generated ic 6 : (0, 0.000000) count=0.750000
                                    143 ;	genCast
                                    144 ;	genCopy
      00000E A9s00            [ 2]  145 	lda	#>___str_0
      000010 8Dr01r00         [ 4]  146 	sta	(_mbrtowc_PARM_2 + 1)
      000013 A9r00            [ 2]  147 	lda	#___str_0
      000015 8Dr00r00         [ 4]  148 	sta	_mbrtowc_PARM_2
                                    149 ;	Raw cost for generated ic 7 : (10, 12.000000) count=0.750000
                                    150 ;	genAssign
                                    151 ;	genAssignLit
      000018 A2 01            [ 2]  152 	ldx	#0x01
      00001A 8Er02r00         [ 4]  153 	stx	_mbrtowc_PARM_3
      00001D A0 00            [ 2]  154 	ldy	#0x00
      00001F 8Cr03r00         [ 4]  155 	sty	(_mbrtowc_PARM_3 + 1)
                                    156 ;	Raw cost for generated ic 10 : (10, 12.000000) count=0.750000
                                    157 ;	Raw cost for generated ic 8 : (0, 0.000000) count=0.750000
                                    158 ;	genCall
                                    159 ;	genSend
      000022 CA               [ 2]  160 	dex
      000023 98               [ 2]  161 	tya
                                    162 ;	assignResultValue
                                    163 ;	Raw cost for generated ic 12 : (5, 10.000000) count=0.750000
                                    164 ;	genRet
      000024 4Cr00r00         [ 3]  165 	jmp	_mbrtowc
                                    166 ;	Raw cost for generated ic 13 : (3, 3.000000) count=0.750000
                                    167 ;	genLabel
      000027                        168 00102$:
                                    169 ;	Raw cost for generated ic 14 : (0, 0.000000) count=1.000000
                                    170 ;	../mbrtowc.c: 43: if(!n)
                                    171 ;	genIfx
      000027 ADr03r00         [ 4]  172 	lda	(_mbrtowc_PARM_3 + 1)
      00002A 0Dr02r00         [ 4]  173 	ora	_mbrtowc_PARM_3
                                    174 ;	genIfxJump : z
      00002D D0 03            [ 4]  175 	bne	00341$
      00002F 4CrF9r02         [ 3]  176 	jmp	00128$
      000032                        177 00341$:
                                    178 ;	Raw cost for generated ic 15 : (11, 13.600000) count=1.000000
                                    179 ;	../mbrtowc.c: 45: if(!ps)
                                    180 ;	genIfx
      000032 ADr05r00         [ 4]  181 	lda	(_mbrtowc_PARM_4 + 1)
      000035 0Dr04r00         [ 4]  182 	ora	_mbrtowc_PARM_4
                                    183 ;	genIfxJump : z
      000038 D0 0A            [ 4]  184 	bne	00106$
                                    185 ;	Raw cost for generated ic 20 : (11, 13.600000) count=0.750000
                                    186 ;	../mbrtowc.c: 47: ps = &sps;
                                    187 ;	skipping iCode since result will be rematerialized
                                    188 ;	Raw cost for generated ic 23 : (0, 0.000000) count=0.562500
                                    189 ;	genCast
                                    190 ;	genCopy
      00003A A9s00            [ 2]  191 	lda	#>_mbrtowc_sps_10000_16
      00003C 8Dr05r00         [ 4]  192 	sta	(_mbrtowc_PARM_4 + 1)
      00003F A9r12            [ 2]  193 	lda	#_mbrtowc_sps_10000_16
      000041 8Dr04r00         [ 4]  194 	sta	_mbrtowc_PARM_4
                                    195 ;	Raw cost for generated ic 24 : (10, 12.000000) count=0.562500
                                    196 ;	genLabel
      000044                        197 00106$:
                                    198 ;	Raw cost for generated ic 26 : (0, 0.000000) count=0.750000
                                    199 ;	../mbrtowc.c: 50: for(i = 0; ps->c[i] && i < 3; i++)
                                    200 ;	skipping iCode since result will be rematerialized
                                    201 ;	Raw cost for generated ic 41 : (0, 0.000000) count=0.750000
                                    202 ;	genAssign
                                    203 ;	genCopy
      000044 ADr05r00         [ 4]  204 	lda	(_mbrtowc_PARM_4 + 1)
      000047 85*01            [ 3]  205 	sta	*(_mbrtowc_sloc0_1_0 + 1)
      000049 ADr04r00         [ 4]  206 	lda	_mbrtowc_PARM_4
      00004C 85*00            [ 3]  207 	sta	*_mbrtowc_sloc0_1_0
                                    208 ;	Raw cost for generated ic 29 : (10, 14.000000) count=0.750000
                                    209 ;	genAssign
                                    210 ;	genCopy
      00004E A2 00            [ 2]  211 	ldx	#0x00
                                    212 ;	Raw cost for generated ic 264 : (2, 2.000000) count=0.750000
                                    213 ;	genLabel
      000050                        214 00131$:
                                    215 ;	Raw cost for generated ic 28 : (0, 0.000000) count=1.714280
                                    216 ;	genPlus
      000050 8A               [ 2]  217 	txa
      000051 18               [ 2]  218 	clc
      000052 65*00            [ 3]  219 	adc	*_mbrtowc_sloc0_1_0
      000054 85*02            [ 3]  220 	sta	*_mbrtowc_sloc1_1_0
      000056 A9 00            [ 2]  221 	lda	#0x00
      000058 65*01            [ 3]  222 	adc	*(_mbrtowc_sloc0_1_0 + 1)
      00005A 85*03            [ 3]  223 	sta	*(_mbrtowc_sloc1_1_0 + 1)
                                    224 ;	Raw cost for generated ic 32 : (12, 18.000000) count=1.714280
                                    225 ;	genPointerGet
      00005C A0 00            [ 2]  226 	ldy	#0x00
      00005E B1*02            [ 6]  227 	lda	[*_mbrtowc_sloc1_1_0],y
                                    228 ;	Raw cost for generated ic 33 : (4, 7.000000) count=1.714280
                                    229 ;	genIfx
                                    230 ;	genIfxJump : z
      000060 F0 20            [ 4]  231 	beq	00177$
                                    232 ;	Raw cost for generated ic 34 : (5, 5.600000) count=1.714280
                                    233 ;	genCmp
      000062 E0 03            [ 2]  234 	cpx	#0x03
      000064 B0 1C            [ 4]  235 	bcs	00177$
                                    236 ;	Raw cost for generated ic 37 : (7, 7.600000) count=1.285710
                                    237 ;	skipping generated iCode
                                    238 ;	Raw cost for generated ic 38 : (0, 0.000000) count=1.285710
                                    239 ;	../mbrtowc.c: 51: mbseq[i] = ps->c[i];
                                    240 ;	genAssign
                                    241 ;	genCopy
      000066 84*03            [ 3]  242 	sty	*(_mbrtowc_sloc1_1_0 + 1)
      000068 86*02            [ 3]  243 	stx	*_mbrtowc_sloc1_1_0
                                    244 ;	Raw cost for generated ic 42 : (4, 6.000000) count=0.964280
                                    245 ;	genPointerSet
      00006A 85*00            [ 3]  246 	sta	*(REGTEMP+0)
                                    247 ;	  setupDPTR - off=0 remat=_mbrtowc_mbseq_10000_16 savea=0
      00006C 18               [ 2]  248 	clc
      00006D 8A               [ 2]  249 	txa
      00006E 69r09            [ 2]  250 	adc	#<(_mbrtowc_mbseq_10000_16+0)
      000070 85*00            [ 3]  251 	sta	*(DPTR+0)
      000072 A5*03            [ 3]  252 	lda	*(_mbrtowc_sloc1_1_0 + 1)
      000074 69s00            [ 2]  253 	adc	#>(_mbrtowc_mbseq_10000_16+0)
      000076 85*01            [ 3]  254 	sta	*(DPTR+1)
      000078 A5*00            [ 3]  255 	lda	*(REGTEMP+0)
      00007A 91*00            [ 6]  256 	sta	[DPTR],y
      00007C A6*02            [ 3]  257 	ldx	*(_mbrtowc_sloc1_1_0+0)
                                    258 ;	Raw cost for generated ic 48 : (21, 33.000000) count=0.964280
                                    259 ;	../mbrtowc.c: 50: for(i = 0; ps->c[i] && i < 3; i++)
                                    260 ;	genPlus
                                    261 ;	  genPlusInc
      00007E E8               [ 2]  262 	inx
                                    263 ;	Raw cost for generated ic 51 : (1, 2.000000) count=0.964280
                                    264 ;	genGoto
      00007F 4Cr50r00         [ 3]  265 	jmp	00131$
                                    266 ;	Raw cost for generated ic 53 : (3, 3.000000) count=0.964280
                                    267 ;	genLabel
      000082                        268 00177$:
                                    269 ;	Raw cost for generated ic 265 : (0, 0.000000) count=0.749996
                                    270 ;	genAssign
                                    271 ;	genCopy
      000082 8Er11r00         [ 4]  272 	stx	_mbrtowc_i_10000_16
                                    273 ;	Raw cost for generated ic 266 : (3, 4.000000) count=0.749996
                                    274 ;	../mbrtowc.c: 53: seqlen = 1;
                                    275 ;	genAssign
                                    276 ;	genAssignLit
      000085 A2 01            [ 2]  277 	ldx	#0x01
      000087 86*02            [ 3]  278 	stx	*_mbrtowc_sloc1_1_0
                                    279 ;	Raw cost for generated ic 55 : (4, 5.000000) count=0.749996
                                    280 ;	../mbrtowc.c: 54: first_byte = ps->c[0] ? ps->c[0] : *s;
                                    281 ;	genPointerGet
                                    282 ;	  setupDPTR - off=0 remat=(null) savea=0
      000089 AEr04r00         [ 4]  283 	ldx	_mbrtowc_PARM_4
      00008C 86*00            [ 3]  284 	stx	*(DPTR+0)
      00008E AEr05r00         [ 4]  285 	ldx	(_mbrtowc_PARM_4 + 1)
      000091 86*01            [ 3]  286 	stx	*(DPTR+1)
      000093 A0 00            [ 2]  287 	ldy	#0x00
      000095 B1*00            [ 6]  288 	lda	[DPTR],y
                                    289 ;	Raw cost for generated ic 59 : (14, 21.000000) count=0.749996
                                    290 ;	genIfx
                                    291 ;	genIfxJump : z
                                    292 ;	Raw cost for generated ic 60 : (5, 5.600000) count=0.749996
                                    293 ;	genAssign
                                    294 ;	genCopy
                                    295 ;	Raw cost for generated ic 65 : (0, 0.000000) count=0.562494
                                    296 ;	genGoto
                                    297 ;	Raw cost for generated ic 66 : (3, 3.000000) count=0.562494
                                    298 ;	genLabel
      000097 D0 0E            [ 4]  299 	bne	00148$
                                    300 ;	Raw cost for generated ic 67 : (0, 0.000000) count=0.187498
                                    301 ;	genPointerGet
                                    302 ;	  setupDPTR - off=0 remat=(null) savea=0
      000099 AEr00r00         [ 4]  303 	ldx	_mbrtowc_PARM_2
      00009C 86*00            [ 3]  304 	stx	*(DPTR+0)
      00009E AEr01r00         [ 4]  305 	ldx	(_mbrtowc_PARM_2 + 1)
      0000A1 86*01            [ 3]  306 	stx	*(DPTR+1)
      0000A3 A0 00            [ 2]  307 	ldy	#0x00
      0000A5 B1*00            [ 6]  308 	lda	[DPTR],y
                                    309 ;	Raw cost for generated ic 69 : (14, 21.000000) count=0.187498
                                    310 ;	genLabel
      0000A7                        311 00148$:
                                    312 ;	Raw cost for generated ic 71 : (0, 0.000000) count=0.749992
                                    313 ;	genCast
                                    314 ;	genCopy
      0000A7 8Dr08r00         [ 4]  315 	sta	_mbrtowc_first_byte_10000_16
                                    316 ;	Raw cost for generated ic 72 : (3, 4.000000) count=0.749992
                                    317 ;	../mbrtowc.c: 56: if(first_byte & 0x80)
                                    318 ;	genAnd
      0000AA 2Cr08r00         [ 4]  319 	bit	_mbrtowc_first_byte_10000_16
                                    320 ;	genIfxJump : n
      0000AD 10 47            [ 4]  321 	bpl	00112$
                                    322 ;	Raw cost for generated ic 74 : (8, 9.600000) count=0.749992
                                    323 ;	skipping generated iCode
                                    324 ;	Raw cost for generated ic 75 : (0, 0.000000) count=0.749992
                                    325 ;	../mbrtowc.c: 58: while (first_byte & (0x80 >> seqlen))
                                    326 ;	genAssign
                                    327 ;	genCopy
      0000AF A0 01            [ 2]  328 	ldy	#0x01
                                    329 ;	Raw cost for generated ic 267 : (2, 2.000000) count=0.562494
                                    330 ;	genLabel
      0000B1                        331 00108$:
                                    332 ;	Raw cost for generated ic 78 : (0, 0.000000) count=2.249943
                                    333 ;	genRightShift
      0000B1 A2 80            [ 2]  334 	ldx	#0x80
      0000B3 86*00            [ 3]  335 	stx	*_mbrtowc_sloc0_1_0
      0000B5 A9 00            [ 2]  336 	lda	#0x00
      0000B7 85*01            [ 3]  337 	sta	*(_mbrtowc_sloc0_1_0 + 1)
      0000B9 98               [ 2]  338 	tya
      0000BA AA               [ 2]  339 	tax
      0000BB F0 0C            [ 4]  340 	beq	00351$
      0000BD A5*01            [ 3]  341 	lda	*(_mbrtowc_sloc0_1_0 + 1)
      0000BF                        342 00350$:
      0000BF C9 80            [ 2]  343 	cmp	#0x80
      0000C1 6A               [ 2]  344 	ror	a
      0000C2 66*00            [ 5]  345 	ror	*_mbrtowc_sloc0_1_0
      0000C4 CA               [ 2]  346 	dex
      0000C5 D0 F8            [ 4]  347 	bne	00350$
      0000C7 85*01            [ 3]  348 	sta	*(_mbrtowc_sloc0_1_0 + 1)
      0000C9                        349 00351$:
                                    350 ;	Raw cost for generated ic 79 : (24, 36.200001) count=2.249943
                                    351 ;	genCast
                                    352 ;	genCopy
      0000C9 ADr08r00         [ 4]  353 	lda	_mbrtowc_first_byte_10000_16
                                    354 ;	Raw cost for generated ic 80 : (3, 4.000000) count=2.249943
                                    355 ;	genAnd
      0000CC 25*00            [ 3]  356 	and	*_mbrtowc_sloc0_1_0
      0000CE D0 03            [ 4]  357 	bne	00352$
      0000D0 8A               [ 2]  358 	txa
      0000D1 25*01            [ 3]  359 	and	*(_mbrtowc_sloc0_1_0 + 1)
      0000D3                        360 00352$:
                                    361 ;	genIfxJump : z
      0000D3 F0 04            [ 4]  362 	beq	00178$
                                    363 ;	Raw cost for generated ic 81 : (12, 16.200001) count=2.249943
                                    364 ;	skipping generated iCode
                                    365 ;	Raw cost for generated ic 82 : (0, 0.000000) count=2.249943
                                    366 ;	../mbrtowc.c: 59: seqlen++;
                                    367 ;	genPlus
                                    368 ;	  genPlusInc
      0000D5 C8               [ 2]  369 	iny
                                    370 ;	Raw cost for generated ic 86 : (1, 2.000000) count=1.687449
                                    371 ;	genGoto
      0000D6 4CrB1r00         [ 3]  372 	jmp	00108$
                                    373 ;	Raw cost for generated ic 88 : (3, 3.000000) count=1.687449
                                    374 ;	genLabel
      0000D9                        375 00178$:
                                    376 ;	Raw cost for generated ic 268 : (0, 0.000000) count=0.562486
                                    377 ;	genAssign
                                    378 ;	genCopy
      0000D9 84*02            [ 3]  379 	sty	*_mbrtowc_sloc1_1_0
                                    380 ;	Raw cost for generated ic 269 : (2, 3.000000) count=0.562486
                                    381 ;	../mbrtowc.c: 60: first_byte &= (0xff >> (seqlen + 1));
                                    382 ;	genPlus
                                    383 ;	  genPlusInc
      0000DB C8               [ 2]  384 	iny
                                    385 ;	Raw cost for generated ic 91 : (1, 2.000000) count=0.562486
                                    386 ;	genRightShift
      0000DC A9 FF            [ 2]  387 	lda	#0xff
      0000DE A2 00            [ 2]  388 	ldx	#0x00
      0000E0 C0 00            [ 2]  389 	cpy	#0x00
      0000E2 F0 0C            [ 4]  390 	beq	00355$
      0000E4 86*00            [ 3]  391 	stx	*(REGTEMP+0)
      0000E6                        392 00354$:
      0000E6 E0 80            [ 2]  393 	cpx	#0x80
      0000E8 66*00            [ 5]  394 	ror	*(REGTEMP+0)
      0000EA 6A               [ 2]  395 	ror	a
      0000EB 88               [ 2]  396 	dey
      0000EC D0 F8            [ 4]  397 	bne	00354$
      0000EE A6*00            [ 3]  398 	ldx	*(REGTEMP+0)
      0000F0                        399 00355$:
                                    400 ;	Raw cost for generated ic 92 : (20, 28.200001) count=0.562486
                                    401 ;	genCast
                                    402 ;	genCopy
                                    403 ;	Raw cost for generated ic 263 : (0, 0.000000) count=0.562486
                                    404 ;	genAnd
      0000F0 2Dr08r00         [ 4]  405 	and	_mbrtowc_first_byte_10000_16
      0000F3 8Dr08r00         [ 4]  406 	sta	_mbrtowc_first_byte_10000_16
                                    407 ;	Raw cost for generated ic 94 : (6, 8.000000) count=0.562486
                                    408 ;	genLabel
      0000F6                        409 00112$:
                                    410 ;	Raw cost for generated ic 97 : (0, 0.000000) count=0.749984
                                    411 ;	../mbrtowc.c: 63: if(seqlen > 4)
                                    412 ;	genCmp
      0000F6 A5*02            [ 3]  413 	lda	*_mbrtowc_sloc1_1_0
      0000F8 C9 04            [ 2]  414 	cmp	#0x04
      0000FA F0 05            [ 4]  415 	beq	00356$
      0000FC 90 03            [ 4]  416 	bcc	00356$
      0000FE 4CrF9r02         [ 3]  417 	jmp	00128$
      000101                        418 00356$:
                                    419 ;	Raw cost for generated ic 98 : (11, 13.200000) count=0.749984
                                    420 ;	skipping generated iCode
                                    421 ;	Raw cost for generated ic 99 : (0, 0.000000) count=0.749984
                                    422 ;	../mbrtowc.c: 66: if(i + n < seqlen) // Incomplete multibyte character
                                    423 ;	genCast
                                    424 ;	genCopy
      000101 ADr11r00         [ 4]  425 	lda	_mbrtowc_i_10000_16
      000104 85*00            [ 3]  426 	sta	*_mbrtowc_sloc0_1_0
                                    427 ;	Raw cost for generated ic 104 : (5, 7.000000) count=0.562479
                                    428 ;	genCast
                                    429 ;	genCopy
      000106 A2 00            [ 2]  430 	ldx	#0x00
                                    431 ;	Raw cost for generated ic 105 : (2, 2.000000) count=0.562479
                                    432 ;	genPlus
      000108 18               [ 2]  433 	clc
      000109 6Dr02r00         [ 4]  434 	adc	_mbrtowc_PARM_3
      00010C 48               [ 3]  435 	pha
      00010D 8A               [ 2]  436 	txa
      00010E 6Dr03r00         [ 4]  437 	adc	(_mbrtowc_PARM_3 + 1)
      000111 AA               [ 2]  438 	tax
      000112 68               [ 4]  439 	pla
                                    440 ;	Raw cost for generated ic 106 : (11, 21.000000) count=0.562479
                                    441 ;	genCast
                                    442 ;	genCopy
      000113 A0 00            [ 2]  443 	ldy	#0x00
      000115 84*05            [ 3]  444 	sty	*(_mbrtowc_sloc2_1_0 + 1)
      000117 A4*02            [ 3]  445 	ldy	*_mbrtowc_sloc1_1_0
      000119 84*04            [ 3]  446 	sty	*_mbrtowc_sloc2_1_0
                                    447 ;	Raw cost for generated ic 107 : (8, 11.000000) count=0.562479
                                    448 ;	genCmp
      00011B 38               [ 2]  449 	sec
      00011C E5*04            [ 3]  450 	sbc	*_mbrtowc_sloc2_1_0
      00011E 8A               [ 2]  451 	txa
      00011F E5*05            [ 3]  452 	sbc	*(_mbrtowc_sloc2_1_0 + 1)
      000121 B0 52            [ 4]  453 	bcs	00166$
                                    454 ;	Raw cost for generated ic 108 : (11, 15.600000) count=0.562479
                                    455 ;	skipping generated iCode
                                    456 ;	Raw cost for generated ic 109 : (0, 0.000000) count=0.562479
                                    457 ;	../mbrtowc.c: 70: return(-2);
                                    458 ;	genAssign
                                    459 ;	genCopy
      000123 ADr01r00         [ 4]  460 	lda	(_mbrtowc_PARM_2 + 1)
      000126 85*05            [ 3]  461 	sta	*(_mbrtowc_sloc2_1_0 + 1)
      000128 ADr00r00         [ 4]  462 	lda	_mbrtowc_PARM_2
      00012B 85*04            [ 3]  463 	sta	*_mbrtowc_sloc2_1_0
                                    464 ;	Raw cost for generated ic 270 : (10, 14.000000) count=0.421859
                                    465 ;	genAssign
                                    466 ;	genCopy
      00012D ADr11r00         [ 4]  467 	lda	_mbrtowc_i_10000_16
      000130 85*06            [ 3]  468 	sta	*_mbrtowc_sloc3_1_0
                                    469 ;	Raw cost for generated ic 273 : (5, 7.000000) count=0.421859
                                    470 ;	genAssign
                                    471 ;	genCopy
      000132 ADr03r00         [ 4]  472 	lda	(_mbrtowc_PARM_3 + 1)
      000135 85*08            [ 3]  473 	sta	*(_mbrtowc_sloc4_1_0 + 1)
      000137 ADr02r00         [ 4]  474 	lda	_mbrtowc_PARM_3
      00013A 85*07            [ 3]  475 	sta	*_mbrtowc_sloc4_1_0
                                    476 ;	Raw cost for generated ic 275 : (10, 14.000000) count=0.421859
                                    477 ;	genLabel
      00013C                        478 00134$:
                                    479 ;	Raw cost for generated ic 112 : (0, 0.000000) count=1.687450
                                    480 ;	../mbrtowc.c: 68: for(;n-- ; i++)
                                    481 ;	genAssign
                                    482 ;	genCopy
      00013C A6*08            [ 3]  483 	ldx	*(_mbrtowc_sloc4_1_0 + 1)
      00013E A5*07            [ 3]  484 	lda	*_mbrtowc_sloc4_1_0
                                    485 ;	Raw cost for generated ic 113 : (4, 6.000000) count=1.687450
                                    486 ;	genMinus
                                    487 ;	  genMinusDec - size=2  icount=1
      000140 A4*07            [ 3]  488 	ldy	*_mbrtowc_sloc4_1_0
      000142 D0 02            [ 4]  489 	bne	00359$
      000144 C6*08            [ 5]  490 	dec	*(_mbrtowc_sloc4_1_0 + 1)
      000146                        491 00359$:
      000146 C6*07            [ 5]  492 	dec	*_mbrtowc_sloc4_1_0
                                    493 ;	Raw cost for generated ic 114 : (8, 15.600000) count=1.687450
                                    494 ;	genIfx
      000148 C9 00            [ 2]  495 	cmp	#0x00
                                    496 ;	genIfxJump : z
      00014A D0 04            [ 4]  497 	bne	00361$
      00014C E0 00            [ 2]  498 	cpx	#0x00
      00014E F0 20            [ 4]  499 	beq	00115$
      000150                        500 00361$:
                                    501 ;	Raw cost for generated ic 116 : (11, 12.200000) count=1.687450
                                    502 ;	../mbrtowc.c: 69: ps->c[i] = *s++;
                                    503 ;	genPlus
      000150 ADr04r00         [ 4]  504 	lda	_mbrtowc_PARM_4
      000153 18               [ 2]  505 	clc
      000154 65*06            [ 3]  506 	adc	*_mbrtowc_sloc3_1_0
      000156 85*09            [ 3]  507 	sta	*_mbrtowc_sloc5_1_0
      000158 ADr05r00         [ 4]  508 	lda	(_mbrtowc_PARM_4 + 1)
      00015B 69 00            [ 2]  509 	adc	#0x00
      00015D 85*0A            [ 3]  510 	sta	*(_mbrtowc_sloc5_1_0 + 1)
                                    511 ;	Raw cost for generated ic 122 : (15, 21.000000) count=1.265590
                                    512 ;	genPointerGet
      00015F A0 00            [ 2]  513 	ldy	#0x00
      000161 B1*04            [ 6]  514 	lda	[*_mbrtowc_sloc2_1_0],y
                                    515 ;	Raw cost for generated ic 126 : (4, 7.000000) count=1.265590
                                    516 ;	genPlus
                                    517 ;	  genPlusInc
      000163 E6*04            [ 5]  518 	inc	*_mbrtowc_sloc2_1_0
      000165 D0 02            [ 4]  519 	bne	00362$
      000167 E6*05            [ 5]  520 	inc	*(_mbrtowc_sloc2_1_0 + 1)
      000169                        521 00362$:
                                    522 ;	Raw cost for generated ic 124 : (6, 12.600000) count=1.265590
                                    523 ;	genPointerSet
      000169 91*09            [ 6]  524 	sta	[*_mbrtowc_sloc5_1_0],y
                                    525 ;	Raw cost for generated ic 127 : (2, 6.000000) count=1.265590
                                    526 ;	../mbrtowc.c: 68: for(;n-- ; i++)
                                    527 ;	genPlus
                                    528 ;	  genPlusInc
      00016B E6*06            [ 5]  529 	inc	*_mbrtowc_sloc3_1_0
                                    530 ;	Raw cost for generated ic 130 : (2, 5.000000) count=1.265590
                                    531 ;	genGoto
      00016D 4Cr3Cr01         [ 3]  532 	jmp	00134$
                                    533 ;	Raw cost for generated ic 132 : (3, 3.000000) count=1.265590
                                    534 ;	genLabel
      000170                        535 00115$:
                                    536 ;	Raw cost for generated ic 133 : (0, 0.000000) count=0.421862
                                    537 ;	../mbrtowc.c: 70: return(-2);
                                    538 ;	genRet
      000170 A9 FE            [ 2]  539 	lda	#0xfe
      000172 A2 FF            [ 2]  540 	ldx	#0xff
      000174 60               [ 6]  541 	rts
                                    542 ;	Raw cost for generated ic 134 : (7, 7.000000) count=0.421862
                                    543 ;	../mbrtowc.c: 73: for(j = 0; j < i; j++)
                                    544 ;	genLabel
      000175                        545 00166$:
                                    546 ;	Raw cost for generated ic 258 : (0, 0.000000) count=0.562482
                                    547 ;	genAssign
                                    548 ;	genCopy
      000175 A2 00            [ 2]  549 	ldx	#0x00
                                    550 ;	Raw cost for generated ic 277 : (2, 2.000000) count=0.562482
                                    551 ;	genLabel
      000177                        552 00137$:
                                    553 ;	Raw cost for generated ic 137 : (0, 0.000000) count=2.249993
                                    554 ;	genCmp
      000177 ECr11r00         [ 4]  555 	cpx	_mbrtowc_i_10000_16
      00017A B0 17            [ 4]  556 	bcs	00118$
                                    557 ;	Raw cost for generated ic 138 : (8, 9.600000) count=2.249993
                                    558 ;	skipping generated iCode
                                    559 ;	Raw cost for generated ic 139 : (0, 0.000000) count=2.249993
                                    560 ;	../mbrtowc.c: 74: ps->c[j] = 0;
                                    561 ;	genPlus
      00017C 8A               [ 2]  562 	txa
      00017D 18               [ 2]  563 	clc
      00017E 6Dr04r00         [ 4]  564 	adc	_mbrtowc_PARM_4
      000181 85*09            [ 3]  565 	sta	*_mbrtowc_sloc5_1_0
      000183 A9 00            [ 2]  566 	lda	#0x00
      000185 6Dr05r00         [ 4]  567 	adc	(_mbrtowc_PARM_4 + 1)
      000188 85*0A            [ 3]  568 	sta	*(_mbrtowc_sloc5_1_0 + 1)
                                    569 ;	Raw cost for generated ic 145 : (14, 20.000000) count=1.687511
                                    570 ;	genPointerSet
      00018A A9 00            [ 2]  571 	lda	#0x00
      00018C A8               [ 2]  572 	tay
      00018D 91*09            [ 6]  573 	sta	[*_mbrtowc_sloc5_1_0],y
                                    574 ;	Raw cost for generated ic 146 : (5, 10.000000) count=1.687511
                                    575 ;	../mbrtowc.c: 73: for(j = 0; j < i; j++)
                                    576 ;	genPlus
                                    577 ;	  genPlusInc
      00018F E8               [ 2]  578 	inx
                                    579 ;	Raw cost for generated ic 149 : (1, 2.000000) count=1.687511
                                    580 ;	genGoto
      000190 4Cr77r01         [ 3]  581 	jmp	00137$
                                    582 ;	Raw cost for generated ic 151 : (3, 3.000000) count=1.687511
                                    583 ;	genLabel
      000193                        584 00118$:
                                    585 ;	Raw cost for generated ic 152 : (0, 0.000000) count=0.562511
                                    586 ;	../mbrtowc.c: 76: for(n = 1, i = i ? i : 1; i < seqlen; i++, n++)
                                    587 ;	genAssign
                                    588 ;	genAssignLit
      000193 A2 01            [ 2]  589 	ldx	#0x01
      000195 8Er02r00         [ 4]  590 	stx	_mbrtowc_PARM_3
      000198 A0 00            [ 2]  591 	ldy	#0x00
      00019A 8Cr03r00         [ 4]  592 	sty	(_mbrtowc_PARM_3 + 1)
                                    593 ;	Raw cost for generated ic 153 : (10, 12.000000) count=0.562511
                                    594 ;	genIfx
      00019D ADr11r00         [ 4]  595 	lda	_mbrtowc_i_10000_16
                                    596 ;	genIfxJump : z
      0001A0 F0 05            [ 4]  597 	beq	00149$
                                    598 ;	Raw cost for generated ic 154 : (8, 9.600000) count=0.562511
                                    599 ;	genCast
                                    600 ;	genCopy
      0001A2 A6*00            [ 3]  601 	ldx	*_mbrtowc_sloc0_1_0
                                    602 ;	Raw cost for generated ic 156 : (2, 3.000000) count=0.421900
                                    603 ;	genGoto
      0001A4 4CrA9r01         [ 3]  604 	jmp	00150$
                                    605 ;	Raw cost for generated ic 157 : (3, 3.000000) count=0.421900
                                    606 ;	genLabel
      0001A7                        607 00149$:
                                    608 ;	Raw cost for generated ic 158 : (0, 0.000000) count=0.140628
                                    609 ;	genAssign
                                    610 ;	genCopy
      0001A7 A2 01            [ 2]  611 	ldx	#0x01
                                    612 ;	Raw cost for generated ic 159 : (2, 2.000000) count=0.140628
                                    613 ;	genLabel
      0001A9                        614 00150$:
                                    615 ;	Raw cost for generated ic 160 : (0, 0.000000) count=0.562527
                                    616 ;	genCast
                                    617 ;	genCopy
                                    618 ;	Raw cost for generated ic 161 : (0, 0.000000) count=0.562527
                                    619 ;	skipping iCode since result will be rematerialized
                                    620 ;	Raw cost for generated ic 168 : (0, 0.000000) count=0.562527
                                    621 ;	genAssign
                                    622 ;	genCopy
      0001A9 ADr01r00         [ 4]  623 	lda	(_mbrtowc_PARM_2 + 1)
      0001AC 85*0A            [ 3]  624 	sta	*(_mbrtowc_sloc5_1_0 + 1)
      0001AE ADr00r00         [ 4]  625 	lda	_mbrtowc_PARM_2
      0001B1 85*09            [ 3]  626 	sta	*_mbrtowc_sloc5_1_0
                                    627 ;	Raw cost for generated ic 280 : (10, 14.000000) count=0.562527
                                    628 ;	genAssign
                                    629 ;	genAssignLit
      0001B3 A0 01            [ 2]  630 	ldy	#0x01
      0001B5 84*07            [ 3]  631 	sty	*_mbrtowc_sloc4_1_0
      0001B7 88               [ 2]  632 	dey
      0001B8 84*08            [ 3]  633 	sty	*(_mbrtowc_sloc4_1_0 + 1)
                                    634 ;	Raw cost for generated ic 282 : (7, 10.000000) count=0.562527
                                    635 ;	genLabel
      0001BA                        636 00140$:
                                    637 ;	Raw cost for generated ic 163 : (0, 0.000000) count=1.285815
                                    638 ;	genCmp
      0001BA E4*02            [ 3]  639 	cpx	*_mbrtowc_sloc1_1_0
      0001BC B0 41            [ 4]  640 	bcs	00121$
                                    641 ;	Raw cost for generated ic 164 : (7, 8.600000) count=1.285815
                                    642 ;	skipping generated iCode
                                    643 ;	Raw cost for generated ic 165 : (0, 0.000000) count=1.285815
                                    644 ;	../mbrtowc.c: 78: mbseq[i] = *s++;
                                    645 ;	genAssign
                                    646 ;	genCopy
      0001BE A0 00            [ 2]  647 	ldy	#0x00
      0001C0 84*05            [ 3]  648 	sty	*(_mbrtowc_sloc2_1_0 + 1)
      0001C2 86*04            [ 3]  649 	stx	*_mbrtowc_sloc2_1_0
                                    650 ;	Raw cost for generated ic 169 : (6, 8.000000) count=0.964384
                                    651 ;	genPointerGet
      0001C4 B1*09            [ 6]  652 	lda	[*_mbrtowc_sloc5_1_0],y
                                    653 ;	Raw cost for generated ic 173 : (2, 5.000000) count=0.964384
                                    654 ;	genPlus
                                    655 ;	  genPlusInc
      0001C6 E6*09            [ 5]  656 	inc	*_mbrtowc_sloc5_1_0
      0001C8 D0 02            [ 4]  657 	bne	00367$
      0001CA E6*0A            [ 5]  658 	inc	*(_mbrtowc_sloc5_1_0 + 1)
      0001CC                        659 00367$:
                                    660 ;	Raw cost for generated ic 171 : (6, 12.600000) count=0.964384
                                    661 ;	genPointerSet
      0001CC 85*00            [ 3]  662 	sta	*(REGTEMP+0)
                                    663 ;	  setupDPTR - off=0 remat=_mbrtowc_mbseq_10000_16 savea=0
      0001CE 18               [ 2]  664 	clc
      0001CF 8A               [ 2]  665 	txa
      0001D0 69r09            [ 2]  666 	adc	#<(_mbrtowc_mbseq_10000_16+0)
      0001D2 85*00            [ 3]  667 	sta	*(DPTR+0)
      0001D4 A5*05            [ 3]  668 	lda	*(_mbrtowc_sloc2_1_0 + 1)
      0001D6 69s00            [ 2]  669 	adc	#>(_mbrtowc_mbseq_10000_16+0)
      0001D8 85*01            [ 3]  670 	sta	*(DPTR+1)
      0001DA A5*00            [ 3]  671 	lda	*(REGTEMP+0)
      0001DC 91*00            [ 6]  672 	sta	[DPTR],y
      0001DE A6*04            [ 3]  673 	ldx	*(_mbrtowc_sloc2_1_0+0)
      0001E0 A5*00            [ 3]  674 	lda	*(REGTEMP+0)
                                    675 ;	Raw cost for generated ic 174 : (23, 36.000000) count=0.964384
                                    676 ;	../mbrtowc.c: 79: if((mbseq[i] & 0xc0) != 0x80)
                                    677 ;	genCast
                                    678 ;	genCopy
                                    679 ;	Raw cost for generated ic 178 : (0, 0.000000) count=0.964384
                                    680 ;	genAnd
      0001E2 29 C0            [ 2]  681 	and	#0xc0
                                    682 ;	Raw cost for generated ic 179 : (2, 2.000000) count=0.964384
                                    683 ;	genCmpEQorNE
      0001E4 C9 80            [ 2]  684 	cmp	#0x80
      0001E6 F0 03            [ 4]  685 	beq	00368$
      0001E8 4CrF9r02         [ 3]  686 	jmp	00128$
      0001EB                        687 00368$:
                                    688 ;	Raw cost for generated ic 180 : (7, 7.600000) count=0.964384
                                    689 ;	skipping generated iCode
                                    690 ;	Raw cost for generated ic 181 : (0, 0.000000) count=0.964384
                                    691 ;	../mbrtowc.c: 76: for(n = 1, i = i ? i : 1; i < seqlen; i++, n++)
                                    692 ;	genPlus
                                    693 ;	  genPlusInc
      0001EB E8               [ 2]  694 	inx
                                    695 ;	Raw cost for generated ic 188 : (1, 2.000000) count=0.723288
                                    696 ;	genPlus
                                    697 ;	  genPlusInc
      0001EC E6*07            [ 5]  698 	inc	*_mbrtowc_sloc4_1_0
      0001EE D0 02            [ 4]  699 	bne	00369$
      0001F0 E6*08            [ 5]  700 	inc	*(_mbrtowc_sloc4_1_0 + 1)
      0001F2                        701 00369$:
                                    702 ;	Raw cost for generated ic 191 : (6, 12.600000) count=0.723288
                                    703 ;	genAssign
                                    704 ;	genCopy
      0001F2 A5*08            [ 3]  705 	lda	*(_mbrtowc_sloc4_1_0 + 1)
      0001F4 8Dr03r00         [ 4]  706 	sta	(_mbrtowc_PARM_3 + 1)
      0001F7 A5*07            [ 3]  707 	lda	*_mbrtowc_sloc4_1_0
      0001F9 8Dr02r00         [ 4]  708 	sta	_mbrtowc_PARM_3
                                    709 ;	Raw cost for generated ic 192 : (10, 14.000000) count=0.723288
                                    710 ;	genGoto
      0001FC 4CrBAr01         [ 3]  711 	jmp	00140$
                                    712 ;	Raw cost for generated ic 193 : (3, 3.000000) count=0.723288
                                    713 ;	genLabel
      0001FF                        714 00121$:
                                    715 ;	Raw cost for generated ic 194 : (0, 0.000000) count=0.321475
                                    716 ;	../mbrtowc.c: 83: codepoint = first_byte;
                                    717 ;	genCast
                                    718 ;	genCopy
      0001FF A0 00            [ 2]  719 	ldy	#0x00
      000201 8Cr10r00         [ 4]  720 	sty	(_mbrtowc_codepoint_10000_16 + 3)
      000204 8Cr0Fr00         [ 4]  721 	sty	(_mbrtowc_codepoint_10000_16 + 2)
      000207 8Cr0Er00         [ 4]  722 	sty	(_mbrtowc_codepoint_10000_16 + 1)
      00020A ADr08r00         [ 4]  723 	lda	_mbrtowc_first_byte_10000_16
      00020D 8Dr0Dr00         [ 4]  724 	sta	_mbrtowc_codepoint_10000_16
                                    725 ;	Raw cost for generated ic 195 : (17, 22.000000) count=0.321475
                                    726 ;	../mbrtowc.c: 85: for(s = mbseq + 1, seqlen--; seqlen; seqlen--)
                                    727 ;	skipping iCode since result will be rematerialized
                                    728 ;	Raw cost for generated ic 198 : (0, 0.000000) count=0.321475
                                    729 ;	genCast
                                    730 ;	genCopy
      000210 A9s00            [ 2]  731 	lda	#>(_mbrtowc_mbseq_10000_16 + 0x0001)
      000212 85*0A            [ 3]  732 	sta	*(_mbrtowc_sloc5_1_0 + 1)
      000214 A9r0A            [ 2]  733 	lda	#(_mbrtowc_mbseq_10000_16 + 0x0001)
      000216 85*09            [ 3]  734 	sta	*_mbrtowc_sloc5_1_0
                                    735 ;	Raw cost for generated ic 199 : (8, 10.000000) count=0.321475
                                    736 ;	genMinus
                                    737 ;	  genMinusDec - size=1  icount=1
      000218 A5*02            [ 3]  738 	lda	*_mbrtowc_sloc1_1_0
      00021A 38               [ 2]  739 	sec
      00021B E9 01            [ 2]  740 	sbc	#0x01
      00021D AA               [ 2]  741 	tax
                                    742 ;	Raw cost for generated ic 202 : (6, 9.000000) count=0.321475
                                    743 ;	genLabel
      00021E                        744 00143$:
                                    745 ;	Raw cost for generated ic 204 : (0, 0.000000) count=1.286052
                                    746 ;	genIfx
      00021E E0 00            [ 2]  747 	cpx	#0x00
                                    748 ;	genIfxJump : z
      000220 F0 66            [ 4]  749 	beq	00122$
                                    750 ;	Raw cost for generated ic 205 : (7, 7.600000) count=1.286052
                                    751 ;	../mbrtowc.c: 87: codepoint <<= 6;
                                    752 ;	genLeftShift
                                    753 ;	genLeftShiftLiteral
                                    754 ;	  genlsh32 - shift=6
      000222 ADr10r00         [ 4]  755 	lda	(_mbrtowc_codepoint_10000_16 + 3)
      000225 4A               [ 2]  756 	lsr	a
      000226 48               [ 3]  757 	pha
      000227 ADr0Fr00         [ 4]  758 	lda	(_mbrtowc_codepoint_10000_16 + 2)
      00022A 6A               [ 2]  759 	ror	a
      00022B 8Dr10r00         [ 4]  760 	sta	(_mbrtowc_codepoint_10000_16 + 3)
      00022E ADr0Er00         [ 4]  761 	lda	(_mbrtowc_codepoint_10000_16 + 1)
      000231 6A               [ 2]  762 	ror	a
      000232 8Dr0Fr00         [ 4]  763 	sta	(_mbrtowc_codepoint_10000_16 + 2)
      000235 ADr0Dr00         [ 4]  764 	lda	_mbrtowc_codepoint_10000_16
      000238 6A               [ 2]  765 	ror	a
      000239 8Dr0Er00         [ 4]  766 	sta	(_mbrtowc_codepoint_10000_16 + 1)
      00023C A9 00            [ 2]  767 	lda	#0x00
      00023E 6A               [ 2]  768 	ror	a
      00023F 8Dr0Dr00         [ 4]  769 	sta	_mbrtowc_codepoint_10000_16
      000242 68               [ 4]  770 	pla
      000243 4A               [ 2]  771 	lsr	a
      000244 6Er10r00         [ 6]  772 	ror	(_mbrtowc_codepoint_10000_16 + 3)
      000247 6Er0Fr00         [ 6]  773 	ror	(_mbrtowc_codepoint_10000_16 + 2)
      00024A 6Er0Er00         [ 6]  774 	ror	(_mbrtowc_codepoint_10000_16 + 1)
      00024D 6Er0Dr00         [ 6]  775 	ror	_mbrtowc_codepoint_10000_16
                                    776 ;	Raw cost for generated ic 208 : (46, 77.000000) count=0.964577
                                    777 ;	../mbrtowc.c: 88: codepoint |= (*s & 0x3f);
                                    778 ;	genPointerGet
      000250 A0 00            [ 2]  779 	ldy	#0x00
      000252 B1*09            [ 6]  780 	lda	[*_mbrtowc_sloc5_1_0],y
                                    781 ;	Raw cost for generated ic 211 : (4, 7.000000) count=0.964577
                                    782 ;	genCast
                                    783 ;	genCopy
                                    784 ;	Raw cost for generated ic 212 : (0, 0.000000) count=0.964577
                                    785 ;	genAnd
      000254 29 3F            [ 2]  786 	and	#0x3f
                                    787 ;	Raw cost for generated ic 213 : (2, 2.000000) count=0.964577
                                    788 ;	genCast
      000256 85*0B            [ 3]  789 	sta	*_mbrtowc_sloc6_1_0
      000258 84*0C            [ 3]  790 	sty	*(_mbrtowc_sloc6_1_0 + 1)
      00025A 84*0D            [ 3]  791 	sty	*(_mbrtowc_sloc6_1_0 + 2)
      00025C 84*0E            [ 3]  792 	sty	*(_mbrtowc_sloc6_1_0 + 3)
                                    793 ;	Raw cost for generated ic 214 : (8, 12.000000) count=0.964577
                                    794 ;	genOr
      00025E ADr0Dr00         [ 4]  795 	lda	_mbrtowc_codepoint_10000_16
      000261 05*0B            [ 3]  796 	ora	*_mbrtowc_sloc6_1_0
      000263 8Dr0Dr00         [ 4]  797 	sta	_mbrtowc_codepoint_10000_16
      000266 ADr0Er00         [ 4]  798 	lda	(_mbrtowc_codepoint_10000_16 + 1)
      000269 05*0C            [ 3]  799 	ora	*(_mbrtowc_sloc6_1_0 + 1)
      00026B 8Dr0Er00         [ 4]  800 	sta	(_mbrtowc_codepoint_10000_16 + 1)
      00026E ADr0Fr00         [ 4]  801 	lda	(_mbrtowc_codepoint_10000_16 + 2)
      000271 05*0D            [ 3]  802 	ora	*(_mbrtowc_sloc6_1_0 + 2)
      000273 8Dr0Fr00         [ 4]  803 	sta	(_mbrtowc_codepoint_10000_16 + 2)
      000276 ADr10r00         [ 4]  804 	lda	(_mbrtowc_codepoint_10000_16 + 3)
      000279 05*0E            [ 3]  805 	ora	*(_mbrtowc_sloc6_1_0 + 3)
      00027B 8Dr10r00         [ 4]  806 	sta	(_mbrtowc_codepoint_10000_16 + 3)
                                    807 ;	Raw cost for generated ic 215 : (32, 44.000000) count=0.964577
                                    808 ;	../mbrtowc.c: 89: s++;
                                    809 ;	genPlus
                                    810 ;	  genPlusInc
      00027E E6*09            [ 5]  811 	inc	*_mbrtowc_sloc5_1_0
      000280 D0 02            [ 4]  812 	bne	00372$
      000282 E6*0A            [ 5]  813 	inc	*(_mbrtowc_sloc5_1_0 + 1)
      000284                        814 00372$:
                                    815 ;	Raw cost for generated ic 218 : (6, 12.600000) count=0.964577
                                    816 ;	../mbrtowc.c: 85: for(s = mbseq + 1, seqlen--; seqlen; seqlen--)
                                    817 ;	genMinus
                                    818 ;	  genMinusDec - size=1  icount=1
      000284 CA               [ 2]  819 	dex
                                    820 ;	Raw cost for generated ic 222 : (1, 2.000000) count=0.964577
                                    821 ;	genGoto
      000285 4Cr1Er02         [ 3]  822 	jmp	00143$
                                    823 ;	Raw cost for generated ic 224 : (3, 3.000000) count=0.964577
                                    824 ;	genLabel
      000288                        825 00122$:
                                    826 ;	Raw cost for generated ic 225 : (0, 0.000000) count=0.321543
                                    827 ;	../mbrtowc.c: 92: if(codepoint >= 0xd800 && codepoint <= 0xdfff) // UTF-16 surrogate.
                                    828 ;	genCmp
      000288 ADr0Er00         [ 4]  829 	lda	(_mbrtowc_codepoint_10000_16 + 1)
      00028B 38               [ 2]  830 	sec
      00028C E9 D8            [ 2]  831 	sbc	#0xd8
      00028E ADr0Fr00         [ 4]  832 	lda	(_mbrtowc_codepoint_10000_16 + 2)
      000291 E9 00            [ 2]  833 	sbc	#0x00
      000293 ADr10r00         [ 4]  834 	lda	(_mbrtowc_codepoint_10000_16 + 3)
      000296 E9 00            [ 2]  835 	sbc	#0x00
      000298 90 1B            [ 4]  836 	bcc	00124$
                                    837 ;	Raw cost for generated ic 226 : (21, 25.600000) count=0.321543
                                    838 ;	skipping generated iCode
                                    839 ;	Raw cost for generated ic 227 : (0, 0.000000) count=0.321543
                                    840 ;	genCmp
      00029A A9 FF            [ 2]  841 	lda	#0xff
      00029C 38               [ 2]  842 	sec
      00029D EDr0Dr00         [ 4]  843 	sbc	_mbrtowc_codepoint_10000_16
      0002A0 A9 DF            [ 2]  844 	lda	#0xdf
      0002A2 EDr0Er00         [ 4]  845 	sbc	(_mbrtowc_codepoint_10000_16 + 1)
      0002A5 A9 00            [ 2]  846 	lda	#0x00
      0002A7 EDr0Fr00         [ 4]  847 	sbc	(_mbrtowc_codepoint_10000_16 + 2)
      0002AA A9 00            [ 2]  848 	lda	#0x00
      0002AC EDr10r00         [ 4]  849 	sbc	(_mbrtowc_codepoint_10000_16 + 3)
      0002AF 90 04            [ 4]  850 	bcc	00124$
                                    851 ;	Raw cost for generated ic 230 : (26, 31.600000) count=0.241196
                                    852 ;	skipping generated iCode
                                    853 ;	Raw cost for generated ic 231 : (0, 0.000000) count=0.241196
                                    854 ;	../mbrtowc.c: 93: return(-1);
                                    855 ;	genRet
      0002B1 A9 FF            [ 2]  856 	lda	#0xff
      0002B3 AA               [ 2]  857 	tax
      0002B4 60               [ 6]  858 	rts
                                    859 ;	Raw cost for generated ic 234 : (6, 7.000000) count=0.180945
                                    860 ;	genLabel
      0002B5                        861 00124$:
                                    862 ;	Raw cost for generated ic 235 : (0, 0.000000) count=0.321630
                                    863 ;	../mbrtowc.c: 95: if(pwc)
                                    864 ;	genIfx
      0002B5 ADr07r00         [ 4]  865 	lda	(_mbrtowc_pwc_10000_15 + 1)
      0002B8 0Dr06r00         [ 4]  866 	ora	_mbrtowc_pwc_10000_15
                                    867 ;	genIfxJump : z
      0002BB F0 23            [ 4]  868 	beq	00127$
                                    869 ;	Raw cost for generated ic 236 : (11, 13.600000) count=0.321630
                                    870 ;	../mbrtowc.c: 96: *pwc = codepoint;
                                    871 ;	genPointerSet
                                    872 ;	  setupDPTR - off=0 remat=(null) savea=0
      0002BD AEr06r00         [ 4]  873 	ldx	_mbrtowc_pwc_10000_15
      0002C0 86*00            [ 3]  874 	stx	*(DPTR+0)
      0002C2 AEr07r00         [ 4]  875 	ldx	(_mbrtowc_pwc_10000_15 + 1)
      0002C5 86*01            [ 3]  876 	stx	*(DPTR+1)
      0002C7 ADr0Dr00         [ 4]  877 	lda	_mbrtowc_codepoint_10000_16
      0002CA A0 00            [ 2]  878 	ldy	#0x00
      0002CC 91*00            [ 6]  879 	sta	[DPTR],y
      0002CE ADr0Er00         [ 4]  880 	lda	(_mbrtowc_codepoint_10000_16 + 1)
      0002D1 C8               [ 2]  881 	iny
      0002D2 91*00            [ 6]  882 	sta	[DPTR],y
      0002D4 ADr0Fr00         [ 4]  883 	lda	(_mbrtowc_codepoint_10000_16 + 2)
      0002D7 C8               [ 2]  884 	iny
      0002D8 91*00            [ 6]  885 	sta	[DPTR],y
      0002DA ADr10r00         [ 4]  886 	lda	(_mbrtowc_codepoint_10000_16 + 3)
      0002DD C8               [ 2]  887 	iny
      0002DE 91*00            [ 6]  888 	sta	[DPTR],y
                                    889 ;	Raw cost for generated ic 240 : (35, 62.000000) count=0.241260
                                    890 ;	genLabel
      0002E0                        891 00127$:
                                    892 ;	Raw cost for generated ic 241 : (0, 0.000000) count=0.321680
                                    893 ;	../mbrtowc.c: 97: return(codepoint ? n : 0);
                                    894 ;	genIfx
      0002E0 ADr10r00         [ 4]  895 	lda	(_mbrtowc_codepoint_10000_16 + 3)
      0002E3 0Dr0Fr00         [ 4]  896 	ora	(_mbrtowc_codepoint_10000_16 + 2)
      0002E6 0Dr0Er00         [ 4]  897 	ora	(_mbrtowc_codepoint_10000_16 + 1)
      0002E9 0Dr0Dr00         [ 4]  898 	ora	_mbrtowc_codepoint_10000_16
                                    899 ;	genIfxJump : z
      0002EC F0 07            [ 4]  900 	beq	00151$
                                    901 ;	Raw cost for generated ic 242 : (17, 21.600000) count=0.321680
                                    902 ;	genAssign
                                    903 ;	genCopy
      0002EE AEr03r00         [ 4]  904 	ldx	(_mbrtowc_PARM_3 + 1)
      0002F1 ADr02r00         [ 4]  905 	lda	_mbrtowc_PARM_3
                                    906 ;	Raw cost for generated ic 243 : (6, 8.000000) count=0.241260
                                    907 ;	genGoto
      0002F4 60               [ 6]  908 	rts
                                    909 ;	Raw cost for generated ic 244 : (3, 3.000000) count=0.241260
                                    910 ;	genLabel
      0002F5                        911 00151$:
                                    912 ;	Raw cost for generated ic 245 : (0, 0.000000) count=0.080452
                                    913 ;	genAssign
                                    914 ;	genCopy
      0002F5 A2 00            [ 2]  915 	ldx	#0x00
      0002F7 8A               [ 2]  916 	txa
                                    917 ;	Raw cost for generated ic 246 : (3, 4.000000) count=0.080452
                                    918 ;	genLabel
                                    919 ;	Raw cost for generated ic 247 : (0, 0.000000) count=0.321712
                                    920 ;	genRet
      0002F8 60               [ 6]  921 	rts
                                    922 ;	Raw cost for generated ic 248 : (3, 3.000000) count=0.321712
                                    923 ;	../mbrtowc.c: 99: eilseq:
                                    924 ;	genLabel
      0002F9                        925 00128$:
                                    926 ;	Raw cost for generated ic 249 : (0, 0.000000) count=1.000304
                                    927 ;	../mbrtowc.c: 100: errno = EILSEQ;
                                    928 ;	genAssign
                                    929 ;	genAssignLit
      0002F9 A2 54            [ 2]  930 	ldx	#0x54
      0002FB 8Er00r00         [ 4]  931 	stx	_errno
      0002FE A0 00            [ 2]  932 	ldy	#0x00
      000300 8Cr01r00         [ 4]  933 	sty	(_errno + 1)
                                    934 ;	Raw cost for generated ic 251 : (10, 12.000000) count=1.000304
                                    935 ;	../mbrtowc.c: 101: return(-1);
                                    936 ;	genRet
      000303 A9 FF            [ 2]  937 	lda	#0xff
      000305 AA               [ 2]  938 	tax
                                    939 ;	Raw cost for generated ic 252 : (3, 4.000000) count=1.000304
                                    940 ;	genLabel
                                    941 ;	Raw cost for generated ic 253 : (0, 0.000000) count=1.000304
                                    942 ;	../mbrtowc.c: 102: }
                                    943 ;	genEndFunction
      000306 60               [ 6]  944 	rts
                                    945 ;	Raw cost for generated ic 254 : (1, 6.000000) count=1.000304
                                    946 	.area CODE
                                    947 	.area RODATA
                                    948 	.area RODATA
      000000                        949 ___str_0:
      000000 00                     950 	.db 0x00
                                    951 	.area CODE
                                    952 	.area XINIT
                                    953 	.area CABS    (ABS)
