                                      1 ;--------------------------------------------------------
                                      2 ; File Created by SDCC : free open source ISO C Compiler
                                      3 ; Version 4.5.10 #15691 (Linux)
                                      4 ;--------------------------------------------------------
                                      5 	.module memalignment
                                      6 	
                                      7 	.optsdcc -mmos6502
                                      8 
                                      9 ;--------------------------------------------------------
                                     10 ;  Ordering of segments for the linker.
                                     11 ;--------------------------------------------------------
                                     12 	.area ZP      (PAG)
                                     13 	.area OSEG    (PAG, OVR)
                                     14 	.area _CODE
                                     15 	.area GSINIT
                                     16 	.area GSFINAL
                                     17 	.area CODE
                                     18 	.area RODATA
                                     19 	.area XINIT
                                     20 	.area _DATA
                                     21 	.area DATA
                                     22 	.area BSS
                                     23 ;--------------------------------------------------------
                                     24 ; Public variables in this module
                                     25 ;--------------------------------------------------------
                                     26 	.globl _memalignment
                                     27 ;--------------------------------------------------------
                                     28 ; ZP ram data
                                     29 ;--------------------------------------------------------
                                     30 	.area ZP      (PAG)
                                     31 ;--------------------------------------------------------
                                     32 ; overlayable items in ram
                                     33 ;--------------------------------------------------------
                                     34 	.area	OSEG    (PAG, OVR)
      000000                         35 _memalignment_sloc0_1_0:
      000000                         36 	.ds 2
                                     37 ;--------------------------------------------------------
                                     38 ; uninitialized external ram data
                                     39 ;--------------------------------------------------------
                                     40 	.area BSS
                                     41 ;--------------------------------------------------------
                                     42 ; absolute external ram data
                                     43 ;--------------------------------------------------------
                                     44 	.area DABS    (ABS)
                                     45 ;--------------------------------------------------------
                                     46 ; initialized external ram data
                                     47 ;--------------------------------------------------------
                                     48 	.area DATA
                                     49 ;--------------------------------------------------------
                                     50 ; global & static initialisations
                                     51 ;--------------------------------------------------------
                                     52 	.area _CODE
                                     53 	.area GSINIT
                                     54 	.area GSFINAL
                                     55 	.area GSINIT
                                     56 ;--------------------------------------------------------
                                     57 ; Home
                                     58 ;--------------------------------------------------------
                                     59 	.area _CODE
                                     60 	.area _CODE
                                     61 ;--------------------------------------------------------
                                     62 ; code
                                     63 ;--------------------------------------------------------
                                     64 	.area CODE
                                     65 ;------------------------------------------------------------
                                     66 ;Allocation info for local variables in function 'memalignment'
                                     67 ;------------------------------------------------------------
                                     68 ;p             Allocated to registers a x 
                                     69 ;ip            Allocated to registers a x 
                                     70 ;sloc0         Allocated with name '_memalignment_sloc0_1_0'
                                     71 ;------------------------------------------------------------
                                     72 ;	../memalignment.c: 33: size_t memalignment(const void *p)
                                     73 ;	genLabel
                                     74 ;	Raw cost for generated ic 0 : (0, 0.000000) count=1.000000
                                     75 ;	-----------------------------------------
                                     76 ;	 function memalignment
                                     77 ;	-----------------------------------------
                                     78 ;	Register assignment is optimal.
                                     79 ;	Stack space usage: 0 bytes.
      000000                         80 _memalignment:
                                     81 ;	Raw cost for generated ic 1 : (0, 0.000000) count=1.000000
                                     82 ;	genReceive
                                     83 ;	Raw cost for generated ic 2 : (0, 0.000000) count=1.000000
                                     84 ;	../memalignment.c: 35: intptr_t ip = (intptr_t)p;
                                     85 ;	genCast
                                     86 ;	genCopy
                                     87 ;	Raw cost for generated ic 3 : (0, 0.000000) count=1.000000
                                     88 ;	../memalignment.c: 36: return(ip & -ip);
                                     89 ;	genUminus
      000000 48               [ 3]   90 	pha
      000001 49 FF            [ 2]   91 	eor	#0xff
      000003 18               [ 2]   92 	clc
      000004 69 01            [ 2]   93 	adc	#0x01
      000006 85*00            [ 3]   94 	sta	*_memalignment_sloc0_1_0
      000008 A9 00            [ 2]   95 	lda	#0x00
      00000A 86*00            [ 3]   96 	stx	*(REGTEMP+0)
      00000C E5*00            [ 3]   97 	sbc	*(REGTEMP+0)
      00000E 85*01            [ 3]   98 	sta	*(_memalignment_sloc0_1_0 + 1)
      000010 68               [ 4]   99 	pla
                                    100 ;	Raw cost for generated ic 5 : (17, 27.000000) count=1.000000
                                    101 ;	genAnd
      000011 25*00            [ 3]  102 	and	*_memalignment_sloc0_1_0
      000013 85*00            [ 3]  103 	sta	*(REGTEMP+0)
      000015 8A               [ 2]  104 	txa
      000016 25*01            [ 3]  105 	and	*(_memalignment_sloc0_1_0 + 1)
      000018 AA               [ 2]  106 	tax
      000019 A5*00            [ 3]  107 	lda	*(REGTEMP+0)
                                    108 ;	Raw cost for generated ic 6 : (10, 16.000000) count=1.000000
                                    109 ;	genRet
                                    110 ;	Raw cost for generated ic 7 : (0, 0.000000) count=1.000000
                                    111 ;	genLabel
                                    112 ;	Raw cost for generated ic 8 : (0, 0.000000) count=1.000000
                                    113 ;	../memalignment.c: 37: }
                                    114 ;	genEndFunction
      00001B 60               [ 6]  115 	rts
                                    116 ;	Raw cost for generated ic 9 : (1, 6.000000) count=1.000000
                                    117 	.area CODE
                                    118 	.area RODATA
                                    119 	.area XINIT
                                    120 	.area CABS    (ABS)
