                                      1 ;--------------------------------------------------------
                                      2 ; File Created by SDCC : free open source ISO C Compiler
                                      3 ; Version 4.5.10 #15691 (Linux)
                                      4 ;--------------------------------------------------------
                                      5 	.module memset_explicit
                                      6 	
                                      7 	.optsdcc -mmos6502
                                      8 
                                      9 ;--------------------------------------------------------
                                     10 ;  Ordering of segments for the linker.
                                     11 ;--------------------------------------------------------
                                     12 	.area ZP      (PAG)
                                     13 	.area OSEG    (PAG, OVR)
                                     14 	.area _CODE
                                     15 	.area GSINIT
                                     16 	.area GSFINAL
                                     17 	.area CODE
                                     18 	.area RODATA
                                     19 	.area XINIT
                                     20 	.area _DATA
                                     21 	.area DATA
                                     22 	.area BSS
                                     23 ;--------------------------------------------------------
                                     24 ; Public variables in this module
                                     25 ;--------------------------------------------------------
                                     26 	.globl _memset_explcit
                                     27 	.globl _memset
                                     28 	.globl _memset_explcit_PARM_3
                                     29 	.globl _memset_explcit_PARM_2
                                     30 ;--------------------------------------------------------
                                     31 ; ZP ram data
                                     32 ;--------------------------------------------------------
                                     33 	.area ZP      (PAG)
                                     34 ;--------------------------------------------------------
                                     35 ; overlayable items in ram
                                     36 ;--------------------------------------------------------
                                     37 ;--------------------------------------------------------
                                     38 ; uninitialized external ram data
                                     39 ;--------------------------------------------------------
                                     40 	.area BSS
      000000                         41 _memset_explcit_PARM_2:
      000000                         42 	.ds 2
      000002                         43 _memset_explcit_PARM_3:
      000002                         44 	.ds 2
                                     45 ;--------------------------------------------------------
                                     46 ; absolute external ram data
                                     47 ;--------------------------------------------------------
                                     48 	.area DABS    (ABS)
                                     49 ;--------------------------------------------------------
                                     50 ; initialized external ram data
                                     51 ;--------------------------------------------------------
                                     52 	.area DATA
                                     53 ;--------------------------------------------------------
                                     54 ; global & static initialisations
                                     55 ;--------------------------------------------------------
                                     56 	.area _CODE
                                     57 	.area GSINIT
                                     58 	.area GSFINAL
                                     59 	.area GSINIT
                                     60 ;--------------------------------------------------------
                                     61 ; Home
                                     62 ;--------------------------------------------------------
                                     63 	.area _CODE
                                     64 	.area _CODE
                                     65 ;--------------------------------------------------------
                                     66 ; code
                                     67 ;--------------------------------------------------------
                                     68 	.area CODE
                                     69 ;------------------------------------------------------------
                                     70 ;Allocation info for local variables in function 'memset_explcit'
                                     71 ;------------------------------------------------------------
                                     72 ;c             Allocated with name '_memset_explcit_PARM_2'
                                     73 ;n             Allocated with name '_memset_explcit_PARM_3'
                                     74 ;s             Allocated to registers a x 
                                     75 ;------------------------------------------------------------
                                     76 ;	../memset_explicit.c: 32: void *memset_explcit (void *s, int c, size_t n)
                                     77 ;	genLabel
                                     78 ;	Raw cost for generated ic 0 : (0, 0.000000) count=1.000000
                                     79 ;	-----------------------------------------
                                     80 ;	 function memset_explcit
                                     81 ;	-----------------------------------------
                                     82 ;	Register assignment is optimal.
                                     83 ;	Stack space usage: 0 bytes.
      000000                         84 _memset_explcit:
                                     85 ;	Raw cost for generated ic 1 : (0, 0.000000) count=1.000000
                                     86 ;	genReceive
                                     87 ;	Raw cost for generated ic 2 : (0, 0.000000) count=1.000000
                                     88 ;	../memset_explicit.c: 34: return(memset(s, c, n));
                                     89 ;	genCast
                                     90 ;	genCopy
      000000 ACr00r00         [ 4]   91 	ldy	_memset_explcit_PARM_2
      000003 84*00            [ 3]   92 	sty	*_memset_PARM_2
                                     93 ;	Raw cost for generated ic 3 : (5, 7.000000) count=1.000000
                                     94 ;	genAssign
                                     95 ;	genCopy
      000005 ACr03r00         [ 4]   96 	ldy	(_memset_explcit_PARM_3 + 1)
      000008 84*01            [ 3]   97 	sty	*(_memset_PARM_3 + 1)
      00000A ACr02r00         [ 4]   98 	ldy	_memset_explcit_PARM_3
      00000D 84*00            [ 3]   99 	sty	*_memset_PARM_3
                                    100 ;	Raw cost for generated ic 6 : (10, 14.000000) count=1.000000
                                    101 ;	Raw cost for generated ic 4 : (0, 0.000000) count=1.000000
                                    102 ;	genCall
                                    103 ;	genSend
                                    104 ;	assignResultValue
                                    105 ;	Raw cost for generated ic 7 : (3, 6.000000) count=1.000000
                                    106 ;	genRet
                                    107 ;	Raw cost for generated ic 8 : (0, 0.000000) count=1.000000
                                    108 ;	genLabel
                                    109 ;	Raw cost for generated ic 9 : (0, 0.000000) count=1.000000
                                    110 ;	../memset_explicit.c: 35: }
                                    111 ;	genEndFunction
      00000F 4Cr00r00         [ 3]  112 	jmp	_memset
                                    113 ;	Raw cost for generated ic 10 : (1, 6.000000) count=1.000000
                                    114 	.area CODE
                                    115 	.area RODATA
                                    116 	.area XINIT
                                    117 	.area CABS    (ABS)
