                                      1 ;--------------------------------------------------------
                                      2 ; File Created by SDCC : free open source ISO C Compiler
                                      3 ; Version 4.5.10 #15691 (Linux)
                                      4 ;--------------------------------------------------------
                                      5 	.module sinf
                                      6 	
                                      7 	.optsdcc -mmos6502
                                      8 
                                      9 ;--------------------------------------------------------
                                     10 ;  Ordering of segments for the linker.
                                     11 ;--------------------------------------------------------
                                     12 	.area ZP      (PAG)
                                     13 	.area OSEG    (PAG, OVR)
                                     14 	.area _CODE
                                     15 	.area GSINIT
                                     16 	.area GSFINAL
                                     17 	.area CODE
                                     18 	.area RODATA
                                     19 	.area XINIT
                                     20 	.area _DATA
                                     21 	.area DATA
                                     22 	.area BSS
                                     23 ;--------------------------------------------------------
                                     24 ; Public variables in this module
                                     25 ;--------------------------------------------------------
                                     26 	.globl _sincosf
                                     27 	.globl _sinf_PARM_1
                                     28 	.globl _sinf
                                     29 ;--------------------------------------------------------
                                     30 ; ZP ram data
                                     31 ;--------------------------------------------------------
                                     32 	.area ZP      (PAG)
      000000                         33 _sinf_sloc0_1_0:
      000000                         34 	.ds 4
                                     35 ;--------------------------------------------------------
                                     36 ; overlayable items in ram
                                     37 ;--------------------------------------------------------
                                     38 ;--------------------------------------------------------
                                     39 ; uninitialized external ram data
                                     40 ;--------------------------------------------------------
                                     41 	.area BSS
      000000                         42 _sinf_PARM_1:
      000000                         43 	.ds 4
                                     44 ;--------------------------------------------------------
                                     45 ; absolute external ram data
                                     46 ;--------------------------------------------------------
                                     47 	.area DABS    (ABS)
                                     48 ;--------------------------------------------------------
                                     49 ; initialized external ram data
                                     50 ;--------------------------------------------------------
                                     51 	.area DATA
                                     52 ;--------------------------------------------------------
                                     53 ; global & static initialisations
                                     54 ;--------------------------------------------------------
                                     55 	.area _CODE
                                     56 	.area GSINIT
                                     57 	.area GSFINAL
                                     58 	.area GSINIT
                                     59 ;--------------------------------------------------------
                                     60 ; Home
                                     61 ;--------------------------------------------------------
                                     62 	.area _CODE
                                     63 	.area _CODE
                                     64 ;--------------------------------------------------------
                                     65 ; code
                                     66 ;--------------------------------------------------------
                                     67 	.area CODE
                                     68 ;------------------------------------------------------------
                                     69 ;Allocation info for local variables in function 'sinf'
                                     70 ;------------------------------------------------------------
                                     71 ;sloc0         Allocated with name '_sinf_sloc0_1_0'
                                     72 ;x             Allocated with name '_sinf_PARM_1'
                                     73 ;------------------------------------------------------------
                                     74 ;	../sinf.c: 36: float sinf(float x) _FLOAT_FUNC_REENTRANT
                                     75 ;	genLabel
                                     76 ;	Raw cost for generated ic 0 : (0, 0.000000) count=1.000000
                                     77 ;	-----------------------------------------
                                     78 ;	 function sinf
                                     79 ;	-----------------------------------------
                                     80 ;	Register assignment is optimal.
                                     81 ;	Stack space usage: 0 bytes.
      000000                         82 _sinf:
                                     83 ;	Raw cost for generated ic 1 : (0, 0.000000) count=1.000000
                                     84 ;	../sinf.c: 38: if (x==0.0) return 0.0;
                                     85 ;	genIfx
      000000 ADr03r00         [ 4]   86 	lda	(_sinf_PARM_1 + 3)
      000003 29 7F            [ 2]   87 	and	#0x7F
      000005 0Dr02r00         [ 4]   88 	ora	(_sinf_PARM_1 + 2)
      000008 0Dr01r00         [ 4]   89 	ora	(_sinf_PARM_1 + 1)
      00000B 0Dr00r00         [ 4]   90 	ora	_sinf_PARM_1
                                     91 ;	genIfxJump : z
      00000E D0 08            [ 4]   92 	bne	00102$
                                     93 ;	Raw cost for generated ic 2 : (19, 23.600000) count=1.000000
                                     94 ;	genRet
      000010 A9 00            [ 2]   95 	lda	#0x00
      000012 AA               [ 2]   96 	tax
      000013 85*00            [ 3]   97 	sta	*___SDCC_m6502_ret2
      000015 85*00            [ 3]   98 	sta	*___SDCC_m6502_ret3
      000017 60               [ 6]   99 	rts
                                    100 ;	Raw cost for generated ic 5 : (10, 13.000000) count=0.750000
                                    101 ;	genLabel
      000018                        102 00102$:
                                    103 ;	Raw cost for generated ic 6 : (0, 0.000000) count=1.000000
                                    104 ;	../sinf.c: 39: return sincosf(x, 0);
                                    105 ;	genAssign
                                    106 ;	genCopy
      000018 ADr03r00         [ 4]  107 	lda	(_sinf_PARM_1 + 3)
      00001B 8Dr03r00         [ 4]  108 	sta	(_sincosf_PARM_1 + 3)
      00001E ADr02r00         [ 4]  109 	lda	(_sinf_PARM_1 + 2)
      000021 8Dr02r00         [ 4]  110 	sta	(_sincosf_PARM_1 + 2)
      000024 ADr01r00         [ 4]  111 	lda	(_sinf_PARM_1 + 1)
      000027 8Dr01r00         [ 4]  112 	sta	(_sincosf_PARM_1 + 1)
      00002A ADr00r00         [ 4]  113 	lda	_sinf_PARM_1
      00002D 8Dr00r00         [ 4]  114 	sta	_sincosf_PARM_1
                                    115 ;	Raw cost for generated ic 7 : (24, 32.000000) count=1.000000
                                    116 ;	genAssign
                                    117 ;	genAssignLit
      000030 A0 00            [ 2]  118 	ldy	#0x00
      000032 8Cr00r00         [ 4]  119 	sty	_sincosf_PARM_2
                                    120 ;	Raw cost for generated ic 8 : (5, 6.000000) count=1.000000
                                    121 ;	genCall
      000035 20r00r00         [ 6]  122 	jsr	_sincosf
                                    123 ;	assignResultValue
      000038 85*00            [ 3]  124 	sta	*_sinf_sloc0_1_0
      00003A 86*01            [ 3]  125 	stx	*(_sinf_sloc0_1_0 + 1)
      00003C A5*00            [ 3]  126 	lda	*___SDCC_m6502_ret2
      00003E 85*02            [ 3]  127 	sta	*(_sinf_sloc0_1_0 + 2)
      000040 A5*00            [ 3]  128 	lda	*___SDCC_m6502_ret3
      000042 85*03            [ 3]  129 	sta	*(_sinf_sloc0_1_0 + 3)
                                    130 ;	Raw cost for generated ic 9 : (15, 24.000000) count=1.000000
                                    131 ;	genRet
      000044 85*00            [ 3]  132 	sta	*___SDCC_m6502_ret3
      000046 A5*02            [ 3]  133 	lda	*(_sinf_sloc0_1_0 + 2)
      000048 85*00            [ 3]  134 	sta	*___SDCC_m6502_ret2
      00004A A5*00            [ 3]  135 	lda	*_sinf_sloc0_1_0
                                    136 ;	Raw cost for generated ic 10 : (8, 12.000000) count=1.000000
                                    137 ;	genLabel
                                    138 ;	Raw cost for generated ic 11 : (0, 0.000000) count=1.000000
                                    139 ;	../sinf.c: 40: }
                                    140 ;	genEndFunction
      00004C 60               [ 6]  141 	rts
                                    142 ;	Raw cost for generated ic 12 : (1, 6.000000) count=1.000000
                                    143 	.area CODE
                                    144 	.area RODATA
                                    145 	.area XINIT
                                    146 	.area CABS    (ABS)
