                                      1 ;--------------------------------------------------------
                                      2 ; File Created by SDCC : free open source ISO C Compiler
                                      3 ; Version 4.5.10 #15691 (Linux)
                                      4 ;--------------------------------------------------------
                                      5 	.module tanf
                                      6 	
                                      7 	.optsdcc -mmos6502
                                      8 
                                      9 ;--------------------------------------------------------
                                     10 ;  Ordering of segments for the linker.
                                     11 ;--------------------------------------------------------
                                     12 	.area ZP      (PAG)
                                     13 	.area OSEG    (PAG, OVR)
                                     14 	.area _CODE
                                     15 	.area GSINIT
                                     16 	.area GSFINAL
                                     17 	.area CODE
                                     18 	.area RODATA
                                     19 	.area XINIT
                                     20 	.area _DATA
                                     21 	.area DATA
                                     22 	.area BSS
                                     23 ;--------------------------------------------------------
                                     24 ; Public variables in this module
                                     25 ;--------------------------------------------------------
                                     26 	.globl _tancotf
                                     27 	.globl _tanf_PARM_1
                                     28 	.globl _tanf
                                     29 ;--------------------------------------------------------
                                     30 ; ZP ram data
                                     31 ;--------------------------------------------------------
                                     32 	.area ZP      (PAG)
      000000                         33 _tanf_sloc0_1_0:
      000000                         34 	.ds 4
                                     35 ;--------------------------------------------------------
                                     36 ; overlayable items in ram
                                     37 ;--------------------------------------------------------
                                     38 ;--------------------------------------------------------
                                     39 ; uninitialized external ram data
                                     40 ;--------------------------------------------------------
                                     41 	.area BSS
      000000                         42 _tanf_PARM_1:
      000000                         43 	.ds 4
                                     44 ;--------------------------------------------------------
                                     45 ; absolute external ram data
                                     46 ;--------------------------------------------------------
                                     47 	.area DABS    (ABS)
                                     48 ;--------------------------------------------------------
                                     49 ; initialized external ram data
                                     50 ;--------------------------------------------------------
                                     51 	.area DATA
                                     52 ;--------------------------------------------------------
                                     53 ; global & static initialisations
                                     54 ;--------------------------------------------------------
                                     55 	.area _CODE
                                     56 	.area GSINIT
                                     57 	.area GSFINAL
                                     58 	.area GSINIT
                                     59 ;--------------------------------------------------------
                                     60 ; Home
                                     61 ;--------------------------------------------------------
                                     62 	.area _CODE
                                     63 	.area _CODE
                                     64 ;--------------------------------------------------------
                                     65 ; code
                                     66 ;--------------------------------------------------------
                                     67 	.area CODE
                                     68 ;------------------------------------------------------------
                                     69 ;Allocation info for local variables in function 'tanf'
                                     70 ;------------------------------------------------------------
                                     71 ;sloc0         Allocated with name '_tanf_sloc0_1_0'
                                     72 ;x             Allocated with name '_tanf_PARM_1'
                                     73 ;------------------------------------------------------------
                                     74 ;	../tanf.c: 36: float tanf(float x) _FLOAT_FUNC_REENTRANT
                                     75 ;	genLabel
                                     76 ;	Raw cost for generated ic 0 : (0, 0.000000) count=1.000000
                                     77 ;	-----------------------------------------
                                     78 ;	 function tanf
                                     79 ;	-----------------------------------------
                                     80 ;	Register assignment is optimal.
                                     81 ;	Stack space usage: 0 bytes.
      000000                         82 _tanf:
                                     83 ;	Raw cost for generated ic 1 : (0, 0.000000) count=1.000000
                                     84 ;	../tanf.c: 38: return tancotf(x, 0);
                                     85 ;	genAssign
                                     86 ;	genCopy
      000000 ADr03r00         [ 4]   87 	lda	(_tanf_PARM_1 + 3)
      000003 8Dr03r00         [ 4]   88 	sta	(_tancotf_PARM_1 + 3)
      000006 ADr02r00         [ 4]   89 	lda	(_tanf_PARM_1 + 2)
      000009 8Dr02r00         [ 4]   90 	sta	(_tancotf_PARM_1 + 2)
      00000C ADr01r00         [ 4]   91 	lda	(_tanf_PARM_1 + 1)
      00000F 8Dr01r00         [ 4]   92 	sta	(_tancotf_PARM_1 + 1)
      000012 ADr00r00         [ 4]   93 	lda	_tanf_PARM_1
      000015 8Dr00r00         [ 4]   94 	sta	_tancotf_PARM_1
                                     95 ;	Raw cost for generated ic 2 : (24, 32.000000) count=1.000000
                                     96 ;	genAssign
                                     97 ;	genAssignLit
      000018 A0 00            [ 2]   98 	ldy	#0x00
      00001A 8Cr00r00         [ 4]   99 	sty	_tancotf_PARM_2
                                    100 ;	Raw cost for generated ic 3 : (5, 6.000000) count=1.000000
                                    101 ;	genCall
      00001D 20r00r00         [ 6]  102 	jsr	_tancotf
                                    103 ;	assignResultValue
      000020 85*00            [ 3]  104 	sta	*_tanf_sloc0_1_0
      000022 86*01            [ 3]  105 	stx	*(_tanf_sloc0_1_0 + 1)
      000024 A5*00            [ 3]  106 	lda	*___SDCC_m6502_ret2
      000026 85*02            [ 3]  107 	sta	*(_tanf_sloc0_1_0 + 2)
      000028 A5*00            [ 3]  108 	lda	*___SDCC_m6502_ret3
      00002A 85*03            [ 3]  109 	sta	*(_tanf_sloc0_1_0 + 3)
                                    110 ;	Raw cost for generated ic 4 : (15, 24.000000) count=1.000000
                                    111 ;	genRet
      00002C 85*00            [ 3]  112 	sta	*___SDCC_m6502_ret3
      00002E A5*02            [ 3]  113 	lda	*(_tanf_sloc0_1_0 + 2)
      000030 85*00            [ 3]  114 	sta	*___SDCC_m6502_ret2
      000032 A5*00            [ 3]  115 	lda	*_tanf_sloc0_1_0
                                    116 ;	Raw cost for generated ic 5 : (8, 12.000000) count=1.000000
                                    117 ;	genLabel
                                    118 ;	Raw cost for generated ic 6 : (0, 0.000000) count=1.000000
                                    119 ;	../tanf.c: 39: }
                                    120 ;	genEndFunction
      000034 60               [ 6]  121 	rts
                                    122 ;	Raw cost for generated ic 7 : (1, 6.000000) count=1.000000
                                    123 	.area CODE
                                    124 	.area RODATA
                                    125 	.area XINIT
                                    126 	.area CABS    (ABS)
