This file contains any messages produced by compilers while
running configure, to aid debugging if configure makes a mistake.

It was created by configure, which was
generated by GNU Autoconf 2.72.  Invocation command line was

  $ ./configure --disable-z80-port --disable-pic14-port --disable-pic16-port --disable-ds390-port --disable-ds400-port --disable-hc08-port --disable-s08-port --disable-r2k-port --disable-pdk13-port --disable-pdk14-port --disable-pdk15-port --disable-stm8-port --disable-sm83-port --disable-z180-port --disable-f8-port --disable-r2ka-port --disable-r3ka-port --disable-ez80_z80-port --disable-tlcs90-port --disable-r800-port --disable-mcs51-port --disable-z80n-port

## --------- ##
## Platform. ##
## --------- ##

hostname = loan-asus
uname -m = x86_64
uname -r = 6.14.0-27-generic
uname -s = Linux
uname -v = #27~24.04.1-Ubuntu SMP PREEMPT_DYNAMIC Tue Jul 22 17:38:49 UTC 2

/usr/bin/uname -p = x86_64
/bin/uname -X     = unknown

/bin/arch              = x86_64
/usr/bin/arch -k       = unknown
/usr/convex/getsysinfo = unknown
/usr/bin/hostinfo      = unknown
/bin/machine           = unknown
/usr/bin/oslevel       = unknown
/bin/universe          = unknown

PATH: /usr/local/sbin/
PATH: /usr/local/bin/
PATH: /usr/sbin/
PATH: /usr/bin/
PATH: /sbin/
PATH: /bin/
PATH: /usr/games/
PATH: /usr/local/games/
PATH: /snap/bin/
PATH: /snap/bin/


## ----------- ##
## Core tests. ##
## ----------- ##

configure:3044: looking for aux files: install-sh config.guess config.sub
configure:3057:  trying ./
configure:3068:   ./install-sh found
configure:3086:   ./config.guess found
configure:3086:   ./config.sub found
configure:3210: checking build system type
configure:3226: result: x86_64-pc-linux-gnu
configure:3246: checking host system type
configure:3261: result: x86_64-pc-linux-gnu
configure:3289: checking for gawk
configure:3325: result: no
configure:3289: checking for mawk
configure:3310: found /usr/bin/mawk
configure:3322: result: mawk
configure:3334: checking version of the package
configure:3338: result: 4.5.10
configure:3452: checking for gcc
configure:3473: found /usr/bin/gcc
configure:3485: result: gcc
configure:3844: checking for C compiler version
configure:3853: gcc --version >&5
gcc (Ubuntu 13.3.0-6ubuntu2~24.04) 13.3.0
Copyright (C) 2023 Free Software Foundation, Inc.
This is free software; see the source for copying conditions.  There is NO
warranty; not even for MERCHANTABILITY or FITNESS FOR A PARTICULAR PURPOSE.

configure:3864: $? = 0
configure:3853: gcc -v >&5
Using built-in specs.
COLLECT_GCC=gcc
COLLECT_LTO_WRAPPER=/usr/libexec/gcc/x86_64-linux-gnu/13/lto-wrapper
OFFLOAD_TARGET_NAMES=nvptx-none:amdgcn-amdhsa
OFFLOAD_TARGET_DEFAULT=1
Target: x86_64-linux-gnu
Configured with: ../src/configure -v --with-pkgversion='Ubuntu 13.3.0-6ubuntu2~24.04' --with-bugurl=file:///usr/share/doc/gcc-13/README.Bugs --enable-languages=c,ada,c++,go,d,fortran,objc,obj-c++,m2 --prefix=/usr --with-gcc-major-version-only --program-suffix=-13 --program-prefix=x86_64-linux-gnu- --enable-shared --enable-linker-build-id --libexecdir=/usr/libexec --without-included-gettext --enable-threads=posix --libdir=/usr/lib --enable-nls --enable-bootstrap --enable-clocale=gnu --enable-libstdcxx-debug --enable-libstdcxx-time=yes --with-default-libstdcxx-abi=new --enable-libstdcxx-backtrace --enable-gnu-unique-object --disable-vtable-verify --enable-plugin --enable-default-pie --with-system-zlib --enable-libphobos-checking=release --with-target-system-zlib=auto --enable-objc-gc=auto --enable-multiarch --disable-werror --enable-cet --with-arch-32=i686 --with-abi=m64 --with-multilib-list=m32,m64,mx32 --enable-multilib --with-tune=generic --enable-offload-targets=nvptx-none=/build/gcc-13-fG75Ri/gcc-13-13.3.0/debian/tmp-nvptx/usr,amdgcn-amdhsa=/build/gcc-13-fG75Ri/gcc-13-13.3.0/debian/tmp-gcn/usr --enable-offload-defaulted --without-cuda-driver --enable-checking=release --build=x86_64-linux-gnu --host=x86_64-linux-gnu --target=x86_64-linux-gnu --with-build-config=bootstrap-lto-lean --enable-link-serialization=2
Thread model: posix
Supported LTO compression algorithms: zlib zstd
gcc version 13.3.0 (Ubuntu 13.3.0-6ubuntu2~24.04) 
... rest of stderr output deleted ...
configure:3864: $? = 0
configure:3853: gcc -V >&5
gcc: error: unrecognized command-line option '-V'
gcc: fatal error: no input files
compilation terminated.
configure:3864: $? = 1
configure:3853: gcc -qversion >&5
gcc: error: unrecognized command-line option '-qversion'; did you mean '--version'?
gcc: fatal error: no input files
compilation terminated.
configure:3864: $? = 1
configure:3853: gcc -version >&5
gcc: error: unrecognized command-line option '-version'
gcc: fatal error: no input files
compilation terminated.
configure:3864: $? = 1
configure:3884: checking whether the C compiler works
configure:3906: gcc -I /usr/include/   conftest.c  >&5
configure:3910: $? = 0
configure:3961: result: yes
configure:3965: checking for C compiler default output file name
configure:3967: result: a.out
configure:3973: checking for suffix of executables
configure:3980: gcc -o conftest -I /usr/include/   conftest.c  >&5
configure:3984: $? = 0
configure:4008: result: 
configure:4032: checking whether we are cross compiling
configure:4040: gcc -o conftest -I /usr/include/   conftest.c  >&5
configure:4044: $? = 0
configure:4051: ./conftest
configure:4055: $? = 0
configure:4070: result: no
configure:4076: checking for suffix of object files
configure:4099: gcc -c -I /usr/include/  conftest.c >&5
configure:4103: $? = 0
configure:4127: result: o
configure:4131: checking whether the compiler supports GNU C
configure:4151: gcc -c -I /usr/include/  conftest.c >&5
configure:4151: $? = 0
configure:4163: result: yes
configure:4174: checking whether gcc accepts -g
configure:4195: gcc -c -g  conftest.c >&5
configure:4195: $? = 0
configure:4242: result: yes
configure:4262: checking for gcc option to enable C11 features
configure:4277: gcc  -c -I /usr/include/  conftest.c >&5
configure:4277: $? = 0
configure:4296: result: none needed
configure:4419: checking how to run the C preprocessor
configure:4445: gcc -E  conftest.c
configure:4445: $? = 0
configure:4461: gcc -E  conftest.c
conftest.c:13:10: fatal error: ac_nonexistent.h: No such file or directory
   13 | #include <ac_nonexistent.h>
      |          ^~~~~~~~~~~~~~~~~~
compilation terminated.
configure:4461: $? = 1
configure: failed program was:
| /* confdefs.h */
| #define PACKAGE_NAME ""
| #define PACKAGE_TARNAME ""
| #define PACKAGE_VERSION ""
| #define PACKAGE_STRING ""
| #define PACKAGE_BUGREPORT ""
| #define PACKAGE_URL ""
| #define SDCC_VERSION_LO 5
| #define SDCC_VERSION_HI 4
| #define SDCC_VERSION_P 10
| #define SDCC_VERSION_STR "4.5.10"
| /* end confdefs.h.  */
| #include <ac_nonexistent.h>
configure:4490: result: gcc -E
configure:4504: gcc -E  conftest.c
configure:4504: $? = 0
configure:4520: gcc -E  conftest.c
conftest.c:13:10: fatal error: ac_nonexistent.h: No such file or directory
   13 | #include <ac_nonexistent.h>
      |          ^~~~~~~~~~~~~~~~~~
compilation terminated.
configure:4520: $? = 1
configure: failed program was:
| /* confdefs.h */
| #define PACKAGE_NAME ""
| #define PACKAGE_TARNAME ""
| #define PACKAGE_VERSION ""
| #define PACKAGE_STRING ""
| #define PACKAGE_BUGREPORT ""
| #define PACKAGE_URL ""
| #define SDCC_VERSION_LO 5
| #define SDCC_VERSION_HI 4
| #define SDCC_VERSION_P 10
| #define SDCC_VERSION_STR "4.5.10"
| /* end confdefs.h.  */
| #include <ac_nonexistent.h>
configure:4622: checking for g++
configure:4643: found /usr/bin/g++
configure:4655: result: g++
configure:4682: checking for C++ compiler version
configure:4691: g++ --version >&5
g++ (Ubuntu 13.3.0-6ubuntu2~24.04) 13.3.0
Copyright (C) 2023 Free Software Foundation, Inc.
This is free software; see the source for copying conditions.  There is NO
warranty; not even for MERCHANTABILITY or FITNESS FOR A PARTICULAR PURPOSE.

configure:4702: $? = 0
configure:4691: g++ -v >&5
Using built-in specs.
COLLECT_GCC=g++
COLLECT_LTO_WRAPPER=/usr/libexec/gcc/x86_64-linux-gnu/13/lto-wrapper
OFFLOAD_TARGET_NAMES=nvptx-none:amdgcn-amdhsa
OFFLOAD_TARGET_DEFAULT=1
Target: x86_64-linux-gnu
Configured with: ../src/configure -v --with-pkgversion='Ubuntu 13.3.0-6ubuntu2~24.04' --with-bugurl=file:///usr/share/doc/gcc-13/README.Bugs --enable-languages=c,ada,c++,go,d,fortran,objc,obj-c++,m2 --prefix=/usr --with-gcc-major-version-only --program-suffix=-13 --program-prefix=x86_64-linux-gnu- --enable-shared --enable-linker-build-id --libexecdir=/usr/libexec --without-included-gettext --enable-threads=posix --libdir=/usr/lib --enable-nls --enable-bootstrap --enable-clocale=gnu --enable-libstdcxx-debug --enable-libstdcxx-time=yes --with-default-libstdcxx-abi=new --enable-libstdcxx-backtrace --enable-gnu-unique-object --disable-vtable-verify --enable-plugin --enable-default-pie --with-system-zlib --enable-libphobos-checking=release --with-target-system-zlib=auto --enable-objc-gc=auto --enable-multiarch --disable-werror --enable-cet --with-arch-32=i686 --with-abi=m64 --with-multilib-list=m32,m64,mx32 --enable-multilib --with-tune=generic --enable-offload-targets=nvptx-none=/build/gcc-13-fG75Ri/gcc-13-13.3.0/debian/tmp-nvptx/usr,amdgcn-amdhsa=/build/gcc-13-fG75Ri/gcc-13-13.3.0/debian/tmp-gcn/usr --enable-offload-defaulted --without-cuda-driver --enable-checking=release --build=x86_64-linux-gnu --host=x86_64-linux-gnu --target=x86_64-linux-gnu --with-build-config=bootstrap-lto-lean --enable-link-serialization=2
Thread model: posix
Supported LTO compression algorithms: zlib zstd
gcc version 13.3.0 (Ubuntu 13.3.0-6ubuntu2~24.04) 
... rest of stderr output deleted ...
configure:4702: $? = 0
configure:4691: g++ -V >&5
g++: error: unrecognized command-line option '-V'
g++: fatal error: no input files
compilation terminated.
configure:4702: $? = 1
configure:4691: g++ -qversion >&5
g++: error: unrecognized command-line option '-qversion'; did you mean '--version'?
g++: fatal error: no input files
compilation terminated.
configure:4702: $? = 1
configure:4706: checking whether the compiler supports GNU C++
configure:4726: g++ -c   conftest.cpp >&5
configure:4726: $? = 0
configure:4738: result: yes
configure:4749: checking whether g++ accepts -g
configure:4770: g++ -c -g  conftest.cpp >&5
configure:4770: $? = 0
configure:4817: result: yes
configure:4837: checking for g++ option to enable C++11 features
configure:4852: g++  -c -g -O2  conftest.cpp >&5
conftest.cpp: In function 'int main(int, char**)':
conftest.cpp:179:25: warning: empty parentheses were disambiguated as a function declaration [-Wvexing-parse]
  179 |   cxx11test::delegate d2();
      |                         ^~
conftest.cpp:179:25: note: remove parentheses to default-initialize a variable
  179 |   cxx11test::delegate d2();
      |                         ^~
      |                         --
conftest.cpp:179:25: note: or replace parentheses with braces to value-initialize a variable
configure:4852: $? = 0
configure:4871: result: none needed
configure:4955: checking for a BSD-compatible install
configure:5029: result: /usr/bin/install -c
configure:5089: checking for ranlib
configure:5110: found /usr/bin/ranlib
configure:5122: result: ranlib
configure:5146: checking for autoconf
configure:5167: found /usr/bin/autoconf
configure:5180: result: autoconf
configure:5190: checking for strip
configure:5211: found /usr/bin/strip
configure:5224: result: strip
configure:5234: checking for as
configure:5255: found /usr/bin/as
configure:5268: result: as
configure:5278: checking for cp
configure:5299: found /usr/bin/cp
configure:5312: result: cp
configure:5322: checking for ar
configure:5343: found /usr/bin/ar
configure:5356: result: ar
configure:5366: checking for gm4
configure:5400: result: m4
configure:5413: checking for flex
configure:5434: found /usr/bin/flex
configure:5446: result: flex
configure:5463: checking for bison
configure:5484: found /usr/bin/bison
configure:5496: result: bison -y
configure:5547: checking for a Python interpreter with version >= 2.7
configure:5565: python -c import sys # split strings by '.' and convert to numeric. Append some zeros # because we need at least 4 digits for the hex conversion. # map returns an iterator in Python 3.0 and a list in 2.x minver = list(map(int, '2.7'.split('.'))) + [0, 0, 0] minverhex = 0 # xrange is not present in Python 3.0 and range returns an iterator for i in list(range(0, 4)): minverhex = (minverhex << 8) + minver[i] sys.exit(sys.hexversion < minverhex)
./configure: line 5566: python: command not found
configure:5568: $? = 127
configure:5565: python2 -c import sys # split strings by '.' and convert to numeric. Append some zeros # because we need at least 4 digits for the hex conversion. # map returns an iterator in Python 3.0 and a list in 2.x minver = list(map(int, '2.7'.split('.'))) + [0, 0, 0] minverhex = 0 # xrange is not present in Python 3.0 and range returns an iterator for i in list(range(0, 4)): minverhex = (minverhex << 8) + minver[i] sys.exit(sys.hexversion < minverhex)
./configure: line 5566: python2: command not found
configure:5568: $? = 127
configure:5565: python3 -c import sys # split strings by '.' and convert to numeric. Append some zeros # because we need at least 4 digits for the hex conversion. # map returns an iterator in Python 3.0 and a list in 2.x minver = list(map(int, '2.7'.split('.'))) + [0, 0, 0] minverhex = 0 # xrange is not present in Python 3.0 and range returns an iterator for i in list(range(0, 4)): minverhex = (minverhex << 8) + minver[i] sys.exit(sys.hexversion < minverhex)
configure:5568: $? = 0
configure:5576: result: python3
configure:5584: checking for python3
configure:5607: found /usr/bin/python3
configure:5620: result: /usr/bin/python3
configure:5637: checking for python3 version
configure:5646: result: 3.12
configure:5651: checking for python3 platform
configure:5660: result: linux
configure:5723: checking for GNU default python3 prefix
configure:5725: result: ${prefix}
configure:5793: checking for GNU default python3 exec_prefix
configure:5795: result: ${exec_prefix}
configure:5828: checking for python3 script directory (pythondir)
configure:5871: result: ${PYTHON_PREFIX}/lib/python3.12/site-packages
configure:5879: checking for python3 extension module directory (pyexecdir)
configure:5922: result: ${PYTHON_EXEC_PREFIX}/lib/python3.12/site-packages
configure:5957: checking for stdio.h
configure:5957: gcc -c -I /usr/include/  conftest.c >&5
configure:5957: $? = 0
configure:5957: result: yes
configure:5957: checking for stdlib.h
configure:5957: gcc -c -I /usr/include/  conftest.c >&5
configure:5957: $? = 0
configure:5957: result: yes
configure:5957: checking for string.h
configure:5957: gcc -c -I /usr/include/  conftest.c >&5
configure:5957: $? = 0
configure:5957: result: yes
configure:5957: checking for inttypes.h
configure:5957: gcc -c -I /usr/include/  conftest.c >&5
configure:5957: $? = 0
configure:5957: result: yes
configure:5957: checking for stdint.h
configure:5957: gcc -c -I /usr/include/  conftest.c >&5
configure:5957: $? = 0
configure:5957: result: yes
configure:5957: checking for strings.h
configure:5957: gcc -c -I /usr/include/  conftest.c >&5
configure:5957: $? = 0
configure:5957: result: yes
configure:5957: checking for sys/stat.h
configure:5957: gcc -c -I /usr/include/  conftest.c >&5
configure:5957: $? = 0
configure:5957: result: yes
configure:5957: checking for sys/types.h
configure:5957: gcc -c -I /usr/include/  conftest.c >&5
configure:5957: $? = 0
configure:5957: result: yes
configure:5957: checking for unistd.h
configure:5957: gcc -c -I /usr/include/  conftest.c >&5
configure:5957: $? = 0
configure:5957: result: yes
configure:5982: checking for endian.h
configure:5982: gcc -c -I /usr/include/  conftest.c >&5
configure:5982: $? = 0
configure:5982: result: yes
configure:5988: checking for sys/endian.h
configure:5988: gcc -c -I /usr/include/  conftest.c >&5
conftest.c:52:10: fatal error: sys/endian.h: No such file or directory
   52 | #include <sys/endian.h>
      |          ^~~~~~~~~~~~~~
compilation terminated.
configure:5988: $? = 1
configure: failed program was:
| /* confdefs.h */
| #define PACKAGE_NAME ""
| #define PACKAGE_TARNAME ""
| #define PACKAGE_VERSION ""
| #define PACKAGE_STRING ""
| #define PACKAGE_BUGREPORT ""
| #define PACKAGE_URL ""
| #define SDCC_VERSION_LO 5
| #define SDCC_VERSION_HI 4
| #define SDCC_VERSION_P 10
| #define SDCC_VERSION_STR "4.5.10"
| #define HAVE_STDIO_H 1
| #define HAVE_STDLIB_H 1
| #define HAVE_STRING_H 1
| #define HAVE_INTTYPES_H 1
| #define HAVE_STDINT_H 1
| #define HAVE_STRINGS_H 1
| #define HAVE_SYS_STAT_H 1
| #define HAVE_SYS_TYPES_H 1
| #define HAVE_UNISTD_H 1
| #define STDC_HEADERS 1
| #define HAVE_ENDIAN_H 1
| /* end confdefs.h.  */
| #include <stddef.h>
| #ifdef HAVE_STDIO_H
| # include <stdio.h>
| #endif
| #ifdef HAVE_STDLIB_H
| # include <stdlib.h>
| #endif
| #ifdef HAVE_STRING_H
| # include <string.h>
| #endif
| #ifdef HAVE_INTTYPES_H
| # include <inttypes.h>
| #endif
| #ifdef HAVE_STDINT_H
| # include <stdint.h>
| #endif
| #ifdef HAVE_STRINGS_H
| # include <strings.h>
| #endif
| #ifdef HAVE_SYS_TYPES_H
| # include <sys/types.h>
| #endif
| #ifdef HAVE_SYS_STAT_H
| # include <sys/stat.h>
| #endif
| #ifdef HAVE_UNISTD_H
| # include <unistd.h>
| #endif
| #include <sys/endian.h>
configure:5988: result: no
configure:5994: checking for machine/endian.h
configure:5994: gcc -c -I /usr/include/  conftest.c >&5
conftest.c:52:10: fatal error: machine/endian.h: No such file or directory
   52 | #include <machine/endian.h>
      |          ^~~~~~~~~~~~~~~~~~
compilation terminated.
configure:5994: $? = 1
configure: failed program was:
| /* confdefs.h */
| #define PACKAGE_NAME ""
| #define PACKAGE_TARNAME ""
| #define PACKAGE_VERSION ""
| #define PACKAGE_STRING ""
| #define PACKAGE_BUGREPORT ""
| #define PACKAGE_URL ""
| #define SDCC_VERSION_LO 5
| #define SDCC_VERSION_HI 4
| #define SDCC_VERSION_P 10
| #define SDCC_VERSION_STR "4.5.10"
| #define HAVE_STDIO_H 1
| #define HAVE_STDLIB_H 1
| #define HAVE_STRING_H 1
| #define HAVE_INTTYPES_H 1
| #define HAVE_STDINT_H 1
| #define HAVE_STRINGS_H 1
| #define HAVE_SYS_STAT_H 1
| #define HAVE_SYS_TYPES_H 1
| #define HAVE_UNISTD_H 1
| #define STDC_HEADERS 1
| #define HAVE_ENDIAN_H 1
| /* end confdefs.h.  */
| #include <stddef.h>
| #ifdef HAVE_STDIO_H
| # include <stdio.h>
| #endif
| #ifdef HAVE_STDLIB_H
| # include <stdlib.h>
| #endif
| #ifdef HAVE_STRING_H
| # include <string.h>
| #endif
| #ifdef HAVE_INTTYPES_H
| # include <inttypes.h>
| #endif
| #ifdef HAVE_STDINT_H
| # include <stdint.h>
| #endif
| #ifdef HAVE_STRINGS_H
| # include <strings.h>
| #endif
| #ifdef HAVE_SYS_TYPES_H
| # include <sys/types.h>
| #endif
| #ifdef HAVE_SYS_STAT_H
| # include <sys/stat.h>
| #endif
| #ifdef HAVE_UNISTD_H
| # include <unistd.h>
| #endif
| #include <machine/endian.h>
configure:5994: result: no
configure:6000: checking for sys/isa_defs.h
configure:6000: gcc -c -I /usr/include/  conftest.c >&5
conftest.c:52:10: fatal error: sys/isa_defs.h: No such file or directory
   52 | #include <sys/isa_defs.h>
      |          ^~~~~~~~~~~~~~~~
compilation terminated.
configure:6000: $? = 1
configure: failed program was:
| /* confdefs.h */
| #define PACKAGE_NAME ""
| #define PACKAGE_TARNAME ""
| #define PACKAGE_VERSION ""
| #define PACKAGE_STRING ""
| #define PACKAGE_BUGREPORT ""
| #define PACKAGE_URL ""
| #define SDCC_VERSION_LO 5
| #define SDCC_VERSION_HI 4
| #define SDCC_VERSION_P 10
| #define SDCC_VERSION_STR "4.5.10"
| #define HAVE_STDIO_H 1
| #define HAVE_STDLIB_H 1
| #define HAVE_STRING_H 1
| #define HAVE_INTTYPES_H 1
| #define HAVE_STDINT_H 1
| #define HAVE_STRINGS_H 1
| #define HAVE_SYS_STAT_H 1
| #define HAVE_SYS_TYPES_H 1
| #define HAVE_UNISTD_H 1
| #define STDC_HEADERS 1
| #define HAVE_ENDIAN_H 1
| /* end confdefs.h.  */
| #include <stddef.h>
| #ifdef HAVE_STDIO_H
| # include <stdio.h>
| #endif
| #ifdef HAVE_STDLIB_H
| # include <stdlib.h>
| #endif
| #ifdef HAVE_STRING_H
| # include <string.h>
| #endif
| #ifdef HAVE_INTTYPES_H
| # include <inttypes.h>
| #endif
| #ifdef HAVE_STDINT_H
| # include <stdint.h>
| #endif
| #ifdef HAVE_STRINGS_H
| # include <strings.h>
| #endif
| #ifdef HAVE_SYS_TYPES_H
| # include <sys/types.h>
| #endif
| #ifdef HAVE_SYS_STAT_H
| # include <sys/stat.h>
| #endif
| #ifdef HAVE_UNISTD_H
| # include <unistd.h>
| #endif
| #include <sys/isa_defs.h>
configure:6000: result: no
configure:6007: checking for uchar.h
configure:6007: gcc -c -I /usr/include/  conftest.c >&5
configure:6007: $? = 0
configure:6007: result: yes
configure:6017: checking for zlib.h
configure:6017: gcc -c -I /usr/include/  conftest.c >&5
configure:6017: $? = 0
configure:6017: result: yes
configure:6037: checking for treedec/combinations.hpp
configure:6037: g++ -c -g -O2  conftest.cpp >&5
conftest.cpp:54:10: fatal error: treedec/combinations.hpp: No such file or directory
   54 | #include <treedec/combinations.hpp>
      |          ^~~~~~~~~~~~~~~~~~~~~~~~~~
compilation terminated.
configure:6037: $? = 1
configure: failed program was:
| /* confdefs.h */
| #define PACKAGE_NAME ""
| #define PACKAGE_TARNAME ""
| #define PACKAGE_VERSION ""
| #define PACKAGE_STRING ""
| #define PACKAGE_BUGREPORT ""
| #define PACKAGE_URL ""
| #define SDCC_VERSION_LO 5
| #define SDCC_VERSION_HI 4
| #define SDCC_VERSION_P 10
| #define SDCC_VERSION_STR "4.5.10"
| #define HAVE_STDIO_H 1
| #define HAVE_STDLIB_H 1
| #define HAVE_STRING_H 1
| #define HAVE_INTTYPES_H 1
| #define HAVE_STDINT_H 1
| #define HAVE_STRINGS_H 1
| #define HAVE_SYS_STAT_H 1
| #define HAVE_SYS_TYPES_H 1
| #define HAVE_UNISTD_H 1
| #define STDC_HEADERS 1
| #define HAVE_ENDIAN_H 1
| #define HAVE_UCHAR_H 1
| #define HAVE_ZLIB_H 1
| /* end confdefs.h.  */
| #include <stddef.h>
| #ifdef HAVE_STDIO_H
| # include <stdio.h>
| #endif
| #ifdef HAVE_STDLIB_H
| # include <stdlib.h>
| #endif
| #ifdef HAVE_STRING_H
| # include <string.h>
| #endif
| #ifdef HAVE_INTTYPES_H
| # include <inttypes.h>
| #endif
| #ifdef HAVE_STDINT_H
| # include <stdint.h>
| #endif
| #ifdef HAVE_STRINGS_H
| # include <strings.h>
| #endif
| #ifdef HAVE_SYS_TYPES_H
| # include <sys/types.h>
| #endif
| #ifdef HAVE_SYS_STAT_H
| # include <sys/stat.h>
| #endif
| #ifdef HAVE_UNISTD_H
| # include <unistd.h>
| #endif
| #include <treedec/combinations.hpp>
configure:6037: result: no
configure:6043: treedec library missing, falling back to Thorup.
configure:6049: checking for gala/graph.h
configure:6049: g++ -c -g -O2  conftest.cpp >&5
conftest.cpp:54:10: fatal error: gala/graph.h: No such file or directory
   54 | #include <gala/graph.h>
      |          ^~~~~~~~~~~~~~
compilation terminated.
configure:6049: $? = 1
configure: failed program was:
| /* confdefs.h */
| #define PACKAGE_NAME ""
| #define PACKAGE_TARNAME ""
| #define PACKAGE_VERSION ""
| #define PACKAGE_STRING ""
| #define PACKAGE_BUGREPORT ""
| #define PACKAGE_URL ""
| #define SDCC_VERSION_LO 5
| #define SDCC_VERSION_HI 4
| #define SDCC_VERSION_P 10
| #define SDCC_VERSION_STR "4.5.10"
| #define HAVE_STDIO_H 1
| #define HAVE_STDLIB_H 1
| #define HAVE_STRING_H 1
| #define HAVE_INTTYPES_H 1
| #define HAVE_STDINT_H 1
| #define HAVE_STRINGS_H 1
| #define HAVE_SYS_STAT_H 1
| #define HAVE_SYS_TYPES_H 1
| #define HAVE_UNISTD_H 1
| #define STDC_HEADERS 1
| #define HAVE_ENDIAN_H 1
| #define HAVE_UCHAR_H 1
| #define HAVE_ZLIB_H 1
| /* end confdefs.h.  */
| #include <stddef.h>
| #ifdef HAVE_STDIO_H
| # include <stdio.h>
| #endif
| #ifdef HAVE_STDLIB_H
| # include <stdlib.h>
| #endif
| #ifdef HAVE_STRING_H
| # include <string.h>
| #endif
| #ifdef HAVE_INTTYPES_H
| # include <inttypes.h>
| #endif
| #ifdef HAVE_STDINT_H
| # include <stdint.h>
| #endif
| #ifdef HAVE_STRINGS_H
| # include <strings.h>
| #endif
| #ifdef HAVE_SYS_TYPES_H
| # include <sys/types.h>
| #endif
| #ifdef HAVE_SYS_STAT_H
| # include <sys/stat.h>
| #endif
| #ifdef HAVE_UNISTD_H
| # include <unistd.h>
| #endif
| #include <gala/graph.h>
configure:6049: result: no
configure:6058: checking for boost/graph/adjacency_list.hpp
configure:6058: g++ -c -g -O2  conftest.cpp >&5
configure:6058: $? = 0
configure:6058: result: yes
configure:6086: checking for ccache
configure:6122: result: no
configure:6135: checking for mkstemp
configure:6135: gcc -o conftest -I /usr/include/   conftest.c  >&5
configure:6135: $? = 0
configure:6135: result: yes
configure:6141: checking for strndup
configure:6141: gcc -o conftest -I /usr/include/   conftest.c  >&5
conftest.c:44:6: warning: conflicting types for built-in function 'strndup'; expected 'char *(const char *, long unsigned int)' [-Wbuiltin-declaration-mismatch]
   44 | char strndup (void);
      |      ^~~~~~~
configure:6141: $? = 0
configure:6141: result: yes
configure:6147: checking for setrlimit
configure:6147: gcc -o conftest -I /usr/include/   conftest.c  >&5
configure:6147: $? = 0
configure:6147: result: yes
configure:6153: checking for backtrace_symbols_fd
configure:6153: gcc -o conftest -I /usr/include/   conftest.c  >&5
configure:6153: $? = 0
configure:6153: result: yes
configure:6255: checking whether g++ supports C++11 features by default
configure:6556: g++ -c -g -O2  conftest.cpp >&5
configure:6556: $? = 0
configure:6566: result: yes
configure:7266: checking whether preprocessor accepts -MM or -M
Using built-in specs.
COLLECT_GCC=gcc
OFFLOAD_TARGET_NAMES=nvptx-none:amdgcn-amdhsa
OFFLOAD_TARGET_DEFAULT=1
Target: x86_64-linux-gnu
Configured with: ../src/configure -v --with-pkgversion='Ubuntu 13.3.0-6ubuntu2~24.04' --with-bugurl=file:///usr/share/doc/gcc-13/README.Bugs --enable-languages=c,ada,c++,go,d,fortran,objc,obj-c++,m2 --prefix=/usr --with-gcc-major-version-only --program-suffix=-13 --program-prefix=x86_64-linux-gnu- --enable-shared --enable-linker-build-id --libexecdir=/usr/libexec --without-included-gettext --enable-threads=posix --libdir=/usr/lib --enable-nls --enable-bootstrap --enable-clocale=gnu --enable-libstdcxx-debug --enable-libstdcxx-time=yes --with-default-libstdcxx-abi=new --enable-libstdcxx-backtrace --enable-gnu-unique-object --disable-vtable-verify --enable-plugin --enable-default-pie --with-system-zlib --enable-libphobos-checking=release --with-target-system-zlib=auto --enable-objc-gc=auto --enable-multiarch --disable-werror --enable-cet --with-arch-32=i686 --with-abi=m64 --with-multilib-list=m32,m64,mx32 --enable-multilib --with-tune=generic --enable-offload-targets=nvptx-none=/build/gcc-13-fG75Ri/gcc-13-13.3.0/debian/tmp-nvptx/usr,amdgcn-amdhsa=/build/gcc-13-fG75Ri/gcc-13-13.3.0/debian/tmp-gcn/usr --enable-offload-defaulted --without-cuda-driver --enable-checking=release --build=x86_64-linux-gnu --host=x86_64-linux-gnu --target=x86_64-linux-gnu --with-build-config=bootstrap-lto-lean --enable-link-serialization=2
Thread model: posix
Supported LTO compression algorithms: zlib zstd
gcc version 13.3.0 (Ubuntu 13.3.0-6ubuntu2~24.04) 
COLLECT_GCC_OPTIONS='-E' '-v' '-MM' '-mtune=generic' '-march=x86-64'
 /usr/libexec/gcc/x86_64-linux-gnu/13/cc1 -E -quiet -v -imultiarch x86_64-linux-gnu -MM _test_.c -mtune=generic -march=x86-64 -fasynchronous-unwind-tables -fstack-protector-strong -Wformat -Wformat-security -fstack-clash-protection -fcf-protection -dumpbase _test_.c -dumpbase-ext .c
ignoring nonexistent directory "/usr/local/include/x86_64-linux-gnu"
ignoring nonexistent directory "/usr/lib/gcc/x86_64-linux-gnu/13/include-fixed/x86_64-linux-gnu"
ignoring nonexistent directory "/usr/lib/gcc/x86_64-linux-gnu/13/include-fixed"
ignoring nonexistent directory "/usr/lib/gcc/x86_64-linux-gnu/13/../../../../x86_64-linux-gnu/include"
#include "..." search starts here:
#include <...> search starts here:
 /usr/lib/gcc/x86_64-linux-gnu/13/include
 /usr/local/include
 /usr/include/x86_64-linux-gnu
 /usr/include
End of search list.
_test_.o: _test_.c
COMPILER_PATH=/usr/libexec/gcc/x86_64-linux-gnu/13/:/usr/libexec/gcc/x86_64-linux-gnu/13/:/usr/libexec/gcc/x86_64-linux-gnu/:/usr/lib/gcc/x86_64-linux-gnu/13/:/usr/lib/gcc/x86_64-linux-gnu/
LIBRARY_PATH=/usr/lib/gcc/x86_64-linux-gnu/13/:/usr/lib/gcc/x86_64-linux-gnu/13/../../../x86_64-linux-gnu/:/usr/lib/gcc/x86_64-linux-gnu/13/../../../../lib/:/lib/x86_64-linux-gnu/:/lib/../lib/:/usr/lib/x86_64-linux-gnu/:/usr/lib/../lib/:/usr/lib/gcc/x86_64-linux-gnu/13/../../../:/lib/:/usr/lib/
COLLECT_GCC_OPTIONS='-E' '-v' '-MM' '-mtune=generic' '-march=x86-64'
configure:7283: result: -MM
configure:7290: checking whether C accepts -ggdb
configure:7311: gcc -c -ggdb  conftest.c >&5
configure:7311: $? = 0
configure:7323: result: yes
configure:7335: checking whether C accepts -pipe
configure:7356: gcc -c -pipe  conftest.c >&5
configure:7356: $? = 0
configure:7368: result: yes
configure:7438: checking size of char
configure:7444: gcc -o conftest -pipe -ggdb -I /usr/include/   conftest.c  >&5
configure:7444: $? = 0
configure:7444: ./conftest
configure:7444: $? = 0
configure:7461: result: 1
configure:7473: checking size of short
configure:7479: gcc -o conftest -pipe -ggdb -I /usr/include/   conftest.c  >&5
configure:7479: $? = 0
configure:7479: ./conftest
configure:7479: $? = 0
configure:7496: result: 2
configure:7508: checking size of int
configure:7514: gcc -o conftest -pipe -ggdb -I /usr/include/   conftest.c  >&5
configure:7514: $? = 0
configure:7514: ./conftest
configure:7514: $? = 0
configure:7531: result: 4
configure:7543: checking size of long
configure:7549: gcc -o conftest -pipe -ggdb -I /usr/include/   conftest.c  >&5
configure:7549: $? = 0
configure:7549: ./conftest
configure:7549: $? = 0
configure:7566: result: 8
configure:7578: checking size of long long
configure:7584: gcc -o conftest -pipe -ggdb -I /usr/include/   conftest.c  >&5
configure:7584: $? = 0
configure:7584: ./conftest
configure:7584: $? = 0
configure:7601: result: 8
configure:7609: checking whether char is unsigned
configure:7629: gcc -c -pipe -ggdb -I /usr/include/  conftest.c >&5
configure:7629: $? = 0
configure:7639: result: no
configure:7672: checking type name for byte
configure:7680: result: char
configure:7682: checking type name for word
configure:7685: result: short
configure:7687: checking type name for dword
configure:7690: result: int
configure:7692: checking type name for qword
configure:7695: result: long
configure:7735: checking whether byte ordering is bigendian
configure:7751: gcc -c -pipe -ggdb -I /usr/include/  conftest.c >&5
conftest.c:46:16: error: unknown type name 'not'
   46 |                not a universal capable compiler
      |                ^~~
conftest.c:46:22: error: expected '=', ',', ';', 'asm' or '__attribute__' before 'universal'
   46 |                not a universal capable compiler
      |                      ^~~~~~~~~
conftest.c:46:22: error: unknown type name 'universal'
configure:7751: $? = 1
configure: failed program was:
| /* confdefs.h */
| #define PACKAGE_NAME ""
| #define PACKAGE_TARNAME ""
| #define PACKAGE_VERSION ""
| #define PACKAGE_STRING ""
| #define PACKAGE_BUGREPORT ""
| #define PACKAGE_URL ""
| #define SDCC_VERSION_LO 5
| #define SDCC_VERSION_HI 4
| #define SDCC_VERSION_P 10
| #define SDCC_VERSION_STR "4.5.10"
| #define HAVE_STDIO_H 1
| #define HAVE_STDLIB_H 1
| #define HAVE_STRING_H 1
| #define HAVE_INTTYPES_H 1
| #define HAVE_STDINT_H 1
| #define HAVE_STRINGS_H 1
| #define HAVE_SYS_STAT_H 1
| #define HAVE_SYS_TYPES_H 1
| #define HAVE_UNISTD_H 1
| #define STDC_HEADERS 1
| #define HAVE_ENDIAN_H 1
| #define HAVE_UCHAR_H 1
| #define HAVE_ZLIB_H 1
| #define HAVE_BOOST_GRAPH_ADJACENCY_LIST_HPP 1
| #define HAVE_MKSTEMP 1
| #define HAVE_STRNDUP 1
| #define HAVE_SETRLIMIT 1
| #define HAVE_BACKTRACE_SYMBOLS_FD 1
| #define HAVE_CXX11 1
| #define SIZEOF_CHAR 1
| #define SIZEOF_SHORT 2
| #define SIZEOF_INT 4
| #define SIZEOF_LONG 8
| #define SIZEOF_LONG_LONG 8
| #define TYPE_BYTE char
| #define TYPE_WORD short
| #define TYPE_DWORD int
| #define TYPE_QWORD long
| #define TYPE_UBYTE unsigned char
| #define TYPE_UWORD unsigned short
| #define TYPE_UDWORD unsigned int
| #define TYPE_UQWORD unsigned long
| /* end confdefs.h.  */
| #ifndef __APPLE_CC__
| 	       not a universal capable compiler
| 	     #endif
| 	     typedef int dummy;
| 
configure:7797: gcc -c -pipe -ggdb -I /usr/include/  conftest.c >&5
configure:7797: $? = 0
configure:7816: gcc -c -pipe -ggdb -I /usr/include/  conftest.c >&5
conftest.c: In function 'main':
conftest.c:52:18: error: unknown type name 'not'; did you mean 'ino_t'?
   52 |                  not big endian
      |                  ^~~
      |                  ino_t
conftest.c:52:26: error: expected '=', ',', ';', 'asm' or '__attribute__' before 'endian'
   52 |                  not big endian
      |                          ^~~~~~
configure:7816: $? = 1
configure: failed program was:
| /* confdefs.h */
| #define PACKAGE_NAME ""
| #define PACKAGE_TARNAME ""
| #define PACKAGE_VERSION ""
| #define PACKAGE_STRING ""
| #define PACKAGE_BUGREPORT ""
| #define PACKAGE_URL ""
| #define SDCC_VERSION_LO 5
| #define SDCC_VERSION_HI 4
| #define SDCC_VERSION_P 10
| #define SDCC_VERSION_STR "4.5.10"
| #define HAVE_STDIO_H 1
| #define HAVE_STDLIB_H 1
| #define HAVE_STRING_H 1
| #define HAVE_INTTYPES_H 1
| #define HAVE_STDINT_H 1
| #define HAVE_STRINGS_H 1
| #define HAVE_SYS_STAT_H 1
| #define HAVE_SYS_TYPES_H 1
| #define HAVE_UNISTD_H 1
| #define STDC_HEADERS 1
| #define HAVE_ENDIAN_H 1
| #define HAVE_UCHAR_H 1
| #define HAVE_ZLIB_H 1
| #define HAVE_BOOST_GRAPH_ADJACENCY_LIST_HPP 1
| #define HAVE_MKSTEMP 1
| #define HAVE_STRNDUP 1
| #define HAVE_SETRLIMIT 1
| #define HAVE_BACKTRACE_SYMBOLS_FD 1
| #define HAVE_CXX11 1
| #define SIZEOF_CHAR 1
| #define SIZEOF_SHORT 2
| #define SIZEOF_INT 4
| #define SIZEOF_LONG 8
| #define SIZEOF_LONG_LONG 8
| #define TYPE_BYTE char
| #define TYPE_WORD short
| #define TYPE_DWORD int
| #define TYPE_QWORD long
| #define TYPE_UBYTE unsigned char
| #define TYPE_UWORD unsigned short
| #define TYPE_UDWORD unsigned int
| #define TYPE_UQWORD unsigned long
| /* end confdefs.h.  */
| #include <sys/types.h>
| 		#include <sys/param.h>
| 
| int
| main (void)
| {
| #if BYTE_ORDER != BIG_ENDIAN
| 		 not big endian
| 		#endif
| 
|   ;
|   return 0;
| }
configure:7957: result: no
configure:9478: checking for lyx
configure:9512: result: :
configure:9522: checking for latex2html
configure:9556: result: :
configure:9566: checking for latex
configure:9600: result: :
configure:9610: checking for dvipdfm
configure:9644: result: :
configure:9654: checking for pdflatex
configure:9688: result: :
configure:9698: checking for makeindex
configure:9732: result: :
configure:10130: creating ./config.status

## ---------------------- ##
## Running config.status. ##
## ---------------------- ##

This file was extended by config.status, which was
generated by GNU Autoconf 2.72.  Invocation command line was

  CONFIG_FILES    = 
  CONFIG_HEADERS  = 
  CONFIG_LINKS    = 
  CONFIG_COMMANDS = 
  $ ./config.status 

on loan-asus

config.status:1053: creating doc/Makefile
config.status:1053: creating src/ds390/Makefile
config.status:1053: creating sdas/as8xcxxx/Makefile
config.status:1053: creating device/lib/ds390/Makefile
config.status:1053: creating device/lib/ds400/Makefile
config.status:1053: creating src/mos6502/Makefile
config.status:1053: creating sdas/as6500/Makefile
config.status:1053: creating device/lib/mos6502/Makefile
config.status:1053: creating device/lib/mos6502-stack-auto/Makefile
config.status:1053: creating device/lib/mos65c02/Makefile
config.status:1053: creating src/f8/Makefile
config.status:1053: creating sdas/asf8/Makefile
config.status:1053: creating device/lib/f8l/Makefile
config.status:1053: creating device/lib/Makefile
config.status:1053: creating device/non-free/lib/Makefile
config.status:1053: creating main.mk
config.status:1053: creating bin/Makefile
config.status:1053: creating src/Makefile
config.status:1053: creating device/include/Makefile
config.status:1053: creating sdas/linksrc/Makefile
config.status:1053: creating support/makebin/Makefile
config.status:1053: creating support/regression/Makefile
config.status:1053: creating support/regression/cases/Makefile
config.status:1053: creating support/valdiag/Makefile
config.status:1053: creating support/scripts/Makefile
config.status:1053: creating support/regression/ports/host/spec.mk
config.status:1053: creating Makefile
config.status:1053: creating Makefile.common
config.status:1053: creating bin/sdcc
config.status:1053: creating bin/sdcpp
config.status:1053: creating bin/sdar
config.status:1053: creating bin/sdnm
config.status:1053: creating bin/sdranlib
config.status:1053: creating bin/sdobjcopy
config.status:1053: creating device/non-free/include/Makefile
config.status:1053: creating sdccconf.h
config.status:1228: sdccconf.h is unchanged
config.status:1053: creating sdas/linksrc/asxxxx_config.h
config.status:1228: sdas/linksrc/asxxxx_config.h is unchanged
configure:11447: === configuring in support/cpp (/home/loan/punxa_6502/sdcc/support/cpp)
configure:11508: running /bin/bash ./configure --disable-option-checking '--prefix=/usr/local'  '--disable-z80-port' '--disable-pic14-port' '--disable-pic16-port' '--disable-ds390-port' '--disable-ds400-port' '--disable-hc08-port' '--disable-s08-port' '--disable-r2k-port' '--disable-pdk13-port' '--disable-pdk14-port' '--disable-pdk15-port' '--disable-stm8-port' '--disable-sm83-port' '--disable-z180-port' '--disable-f8-port' '--disable-r2ka-port' '--disable-r3ka-port' '--disable-ez80_z80-port' '--disable-tlcs90-port' '--disable-r800-port' '--disable-mcs51-port' '--disable-z80n-port' 'CFLAGS=-I /usr/include/' 'docdir=${datarootdir}/doc/${PACKAGE}' --cache-file=/dev/null --srcdir=.
configure:11447: === configuring in support/packihx (/home/loan/punxa_6502/sdcc/support/packihx)
configure:11508: running /bin/bash ./configure --disable-option-checking '--prefix=/usr/local'  '--disable-z80-port' '--disable-pic14-port' '--disable-pic16-port' '--disable-ds390-port' '--disable-ds400-port' '--disable-hc08-port' '--disable-s08-port' '--disable-r2k-port' '--disable-pdk13-port' '--disable-pdk14-port' '--disable-pdk15-port' '--disable-stm8-port' '--disable-sm83-port' '--disable-z180-port' '--disable-f8-port' '--disable-r2ka-port' '--disable-r3ka-port' '--disable-ez80_z80-port' '--disable-tlcs90-port' '--disable-r800-port' '--disable-mcs51-port' '--disable-z80n-port' 'CFLAGS=-I /usr/include/' 'docdir=${datarootdir}/doc/${PACKAGE}' --cache-file=/dev/null --srcdir=.
configure:11447: === configuring in sim/ucsim (/home/loan/punxa_6502/sdcc/sim/ucsim)
configure:11508: running /bin/bash ./configure --disable-option-checking '--prefix=/usr/local'  '--disable-z80-port' '--disable-pic14-port' '--disable-pic16-port' '--disable-ds390-port' '--disable-ds400-port' '--disable-hc08-port' '--disable-s08-port' '--disable-r2k-port' '--disable-pdk13-port' '--disable-pdk14-port' '--disable-pdk15-port' '--disable-stm8-port' '--disable-sm83-port' '--disable-z180-port' '--disable-f8-port' '--disable-r2ka-port' '--disable-r3ka-port' '--disable-ez80_z80-port' '--disable-tlcs90-port' '--disable-r800-port' '--disable-mcs51-port' '--disable-z80n-port' 'CFLAGS=-I /usr/include/' 'docdir=${datarootdir}/doc/${PACKAGE}' --cache-file=/dev/null --srcdir=.
configure:11447: === configuring in debugger/mcs51 (/home/loan/punxa_6502/sdcc/debugger/mcs51)
configure:11508: running /bin/bash ./configure --disable-option-checking '--prefix=/usr/local'  '--disable-z80-port' '--disable-pic14-port' '--disable-pic16-port' '--disable-ds390-port' '--disable-ds400-port' '--disable-hc08-port' '--disable-s08-port' '--disable-r2k-port' '--disable-pdk13-port' '--disable-pdk14-port' '--disable-pdk15-port' '--disable-stm8-port' '--disable-sm83-port' '--disable-z180-port' '--disable-f8-port' '--disable-r2ka-port' '--disable-r3ka-port' '--disable-ez80_z80-port' '--disable-tlcs90-port' '--disable-r800-port' '--disable-mcs51-port' '--disable-z80n-port' 'CFLAGS=-I /usr/include/' 'docdir=${datarootdir}/doc/${PACKAGE}' --cache-file=/dev/null --srcdir=.
configure:11447: === configuring in support/sdbinutils (/home/loan/punxa_6502/sdcc/support/sdbinutils)
configure:11508: running /bin/bash ./configure --disable-option-checking '--prefix=/usr/local'  '--disable-z80-port' '--disable-pic14-port' '--disable-pic16-port' '--disable-ds390-port' '--disable-ds400-port' '--disable-hc08-port' '--disable-s08-port' '--disable-r2k-port' '--disable-pdk13-port' '--disable-pdk14-port' '--disable-pdk15-port' '--disable-stm8-port' '--disable-sm83-port' '--disable-z180-port' '--disable-f8-port' '--disable-r2ka-port' '--disable-r3ka-port' '--disable-ez80_z80-port' '--disable-tlcs90-port' '--disable-r800-port' '--disable-mcs51-port' '--disable-z80n-port' 'CFLAGS=-I /usr/include/' 'docdir=${datarootdir}/doc/${PACKAGE}' --cache-file=/dev/null --srcdir=.
configure:11746: result:
sdcc 4.5.10 is now configured for

  Build:                x86_64-pc-linux-gnu
  Host:                 x86_64-pc-linux-gnu
  Source directory:     .
  Yacc:                 bison -y
  C compiler:           gcc
  CFLAGS:               -pipe -ggdb -I /usr/include/
  C++ compiler:         g++
  CXXFLAGS:             -pipe -ggdb -g -O2
  CPPFLAGS:             
  LDFLAGS:              
  MAKEDEP:              gcc -MM
  MAKEDEP_CXX:          g++ -MM

  ENABLED Ports:
    ds390               no
    ds400               no
    hc08                no
    s08                 no
    mcs51               no
    pic14               no
    pic16               no
    z80                 no
    z180                no
    r2k                 no
    r2ka                no
    r3ka                no
    sm83                no
    tlcs90              no
    ez80_z80            no
    z80n                no
    r800                no
    stm8                no
    pdk13               no
    pdk14               no
    pdk15               no
    pdk16               no
    mos6502             yes
    mos65c02            yes
    f8                  no
    f8l                 yes

  Disable non-free lib: 0
  Disable packihx:      0
  Disable ucsim:        0
  Disable device lib:   0
  Disable sdcpp:        0
  Disable sdcdb:        0
  Disable sdbinutil:    0
  Enable documentation: 0
  Enable libgc:         0

  Install paths:
    binary files:           ${prefix}
    include/library files:  ${datarootdir}/sdcc
    include files:          ${datarootdir}/sdcc/include
    library files:          ${datarootdir}/sdcc/lib
    non-free files:         ${datarootdir}/sdcc/non-free
    non-free include files: ${datarootdir}/sdcc/non-free/include
    non-free library files: ${datarootdir}/sdcc/non-free/lib
    documentation:          ${datarootdir}/doc/${PACKAGE}

    prefix:             /usr/local
    datadir:            ${datarootdir}
    datarootdir:        ${prefix}/share

  Search paths (incomplete, see manual for all search paths):
    binary files:       $SDCC_HOME/bin
    include files:      /share/sdcc/include
                        path(argv[0])/../share/sdcc/include
                        /usr/local/share/sdcc/include
                        /share/sdcc/non-free/include
                        path(argv[0])/../share/sdcc/non-free/include
                        /usr/local/share/sdcc/non-free/include
    library files:      $SDCC_HOME/share/sdcc/lib/<model>
                        path(argv[0])/../share/sdcc/lib/<model>
                        /usr/local/share/sdcc/lib/<model>
                        $SDCC_HOME/share/sdcc/non-free/lib/<model>
                        path(argv[0])/../share/sdcc/non-free/lib/<model>
                        /usr/local/share/sdcc/non-free/lib/<model>


## ---------------- ##
## Cache variables. ##
## ---------------- ##

ac_cv_build=x86_64-pc-linux-gnu
ac_cv_c_bigendian=no
ac_cv_c_char_unsigned=no
ac_cv_c_compiler_gnu=yes
ac_cv_cxx_compiler_gnu=yes
ac_cv_env_CCC_set=
ac_cv_env_CCC_value=
ac_cv_env_CC_set=
ac_cv_env_CC_value=
ac_cv_env_CFLAGS_set=set
ac_cv_env_CFLAGS_value='-I /usr/include/'
ac_cv_env_CPPFLAGS_set=
ac_cv_env_CPPFLAGS_value=
ac_cv_env_CPP_set=
ac_cv_env_CPP_value=
ac_cv_env_CXXFLAGS_set=
ac_cv_env_CXXFLAGS_value=
ac_cv_env_CXX_set=
ac_cv_env_CXX_value=
ac_cv_env_LDFLAGS_set=
ac_cv_env_LDFLAGS_value=
ac_cv_env_LIBS_set=
ac_cv_env_LIBS_value=
ac_cv_env_LIB_TYPE_set=
ac_cv_env_LIB_TYPE_value=
ac_cv_env_PYTHON_set=
ac_cv_env_PYTHON_value=
ac_cv_env_build_alias_set=
ac_cv_env_build_alias_value=
ac_cv_env_docdir_set=set
ac_cv_env_docdir_value='${datarootdir}/doc/${PACKAGE}'
ac_cv_env_host_alias_set=
ac_cv_env_host_alias_value=
ac_cv_env_inclib_dir_suffix_set=
ac_cv_env_inclib_dir_suffix_value=
ac_cv_env_include_dir_suffix_set=
ac_cv_env_include_dir_suffix_value=
ac_cv_env_lib_dir_suffix_set=
ac_cv_env_lib_dir_suffix_value=
ac_cv_env_non_free_inclib_dir_suffix_set=
ac_cv_env_non_free_inclib_dir_suffix_value=
ac_cv_env_non_free_include_dir_suffix_set=
ac_cv_env_non_free_include_dir_suffix_value=
ac_cv_env_non_free_lib_dir_suffix_set=
ac_cv_env_non_free_lib_dir_suffix_value=
ac_cv_env_sdccconf_h_dir_separator_set=
ac_cv_env_sdccconf_h_dir_separator_value=
ac_cv_env_target_alias_set=
ac_cv_env_target_alias_value=
ac_cv_func_backtrace_symbols_fd=yes
ac_cv_func_mkstemp=yes
ac_cv_func_setrlimit=yes
ac_cv_func_strndup=yes
ac_cv_header_boost_graph_adjacency_list_hpp=yes
ac_cv_header_endian_h=yes
ac_cv_header_gala_graph_h=no
ac_cv_header_inttypes_h=yes
ac_cv_header_machine_endian_h=no
ac_cv_header_stdint_h=yes
ac_cv_header_stdio_h=yes
ac_cv_header_stdlib_h=yes
ac_cv_header_string_h=yes
ac_cv_header_strings_h=yes
ac_cv_header_sys_endian_h=no
ac_cv_header_sys_isa_defs_h=no
ac_cv_header_sys_stat_h=yes
ac_cv_header_sys_types_h=yes
ac_cv_header_treedec_combinations_hpp=no
ac_cv_header_uchar_h=yes
ac_cv_header_unistd_h=yes
ac_cv_header_zlib_h=yes
ac_cv_host=x86_64-pc-linux-gnu
ac_cv_objext=o
ac_cv_path_PYTHON=/usr/bin/python3
ac_cv_path_install='/usr/bin/install -c'
ac_cv_prog_AR=ar
ac_cv_prog_AS=as
ac_cv_prog_AUTOCONF=autoconf
ac_cv_prog_AWK=mawk
ac_cv_prog_CP=cp
ac_cv_prog_CPP='gcc -E'
ac_cv_prog_DVIPDFM=:
ac_cv_prog_LATEX2HTML=:
ac_cv_prog_LATEX=:
ac_cv_prog_LEX=flex
ac_cv_prog_LYX=:
ac_cv_prog_M4=m4
ac_cv_prog_MAKEINDEX=:
ac_cv_prog_PDFLATEX=:
ac_cv_prog_STRIP=strip
ac_cv_prog_YACC='bison -y'
ac_cv_prog_ac_ct_CC=gcc
ac_cv_prog_ac_ct_CXX=g++
ac_cv_prog_ac_ct_RANLIB=ranlib
ac_cv_prog_cc_c11=
ac_cv_prog_cc_g=yes
ac_cv_prog_cc_stdc=
ac_cv_prog_cxx_cxx11=
ac_cv_prog_cxx_g=yes
ac_cv_prog_cxx_stdcxx=
ac_cv_sizeof_char=1
ac_cv_sizeof_int=4
ac_cv_sizeof_long=8
ac_cv_sizeof_long_long=8
ac_cv_sizeof_short=2
am_cv_pathless_PYTHON=python3
am_cv_python_platform=linux
am_cv_python_pyexecdir='${PYTHON_EXEC_PREFIX}/lib/python3.12/site-packages'
am_cv_python_pythondir='${PYTHON_PREFIX}/lib/python3.12/site-packages'
am_cv_python_version=3.12
ax_cv_cxx_compile_cxx11=yes
sdcc_cv_MM=-MM
sdcc_cv_c_ggdb=yes
sdcc_cv_c_pipe=yes
sdcc_cv_version=4.5.10
sdcc_cv_versionhi=4
sdcc_cv_versionlo=5
sdcc_cv_versionp=10

## ----------------- ##
## Output variables. ##
## ----------------- ##

AR='ar'
AS='as'
AUTOCONF='autoconf'
AWK='mawk'
CC='gcc'
CCACHE=''
CFLAGS='-pipe -ggdb -I /usr/include/'
CP='cp'
CPP='gcc -E'
CPPFLAGS=''
CXX='g++'
CXXFLAGS='-pipe -ggdb -g -O2'
DEFS='-DHAVE_CONFIG_H'
DVIPDFM=':'
ECHO_C=''
ECHO_N='-n'
ECHO_T=''
EXEEXT=''
GIT_REVISION=''
HAVE_CXX11='1'
INSTALL_DATA='${INSTALL} -m 644'
INSTALL_PROGRAM='${INSTALL}'
INSTALL_SCRIPT='${INSTALL}'
LATEX2HTML=':'
LATEX=':'
LDFLAGS=''
LEX='flex'
LIBOBJS=''
LIBS=''
LIB_TYPE='RANLIB'
LTLIBOBJS=''
LYX=':'
M4='m4'
MAKEDEP='gcc -MM'
MAKEDEP_CXX='g++ -MM'
MAKEINDEX=':'
OBJEXT='o'
OPT_DISABLE_AVR='1'
OPT_DISABLE_DEVICE_LIB='0'
OPT_DISABLE_DS390='1'
OPT_DISABLE_DS400='1'
OPT_DISABLE_EZ80_Z80='1'
OPT_DISABLE_F8='1'
OPT_DISABLE_F8L='0'
OPT_DISABLE_HC08='1'
OPT_DISABLE_MCS51='1'
OPT_DISABLE_MOS6502='0'
OPT_DISABLE_MOS65C02='0'
OPT_DISABLE_NON_FREE='0'
OPT_DISABLE_PACKIHX='0'
OPT_DISABLE_PDK13='1'
OPT_DISABLE_PDK14='1'
OPT_DISABLE_PDK15='1'
OPT_DISABLE_PDK16='1'
OPT_DISABLE_PIC14='1'
OPT_DISABLE_PIC16='1'
OPT_DISABLE_R2K='1'
OPT_DISABLE_R2KA='1'
OPT_DISABLE_R3KA='1'
OPT_DISABLE_R800='1'
OPT_DISABLE_S08='1'
OPT_DISABLE_SDBINUTILS='0'
OPT_DISABLE_SDCDB='0'
OPT_DISABLE_SDCPP='0'
OPT_DISABLE_SM83='1'
OPT_DISABLE_STM8='1'
OPT_DISABLE_TLCS90='1'
OPT_DISABLE_UCSIM='0'
OPT_DISABLE_Z180='1'
OPT_DISABLE_Z80='1'
OPT_DISABLE_Z80N='1'
OPT_ENABLE_DOC='0'
OPT_ENABLE_LIBGC='0'
PACKAGE='sdcc'
PACKAGE_BUGREPORT=''
PACKAGE_NAME=''
PACKAGE_STRING=''
PACKAGE_TARNAME=''
PACKAGE_URL=''
PACKAGE_VERSION=''
PATH_SEPARATOR=':'
PDFLATEX=':'
PYTHON='/usr/bin/python3'
PYTHON_EXEC_PREFIX='${exec_prefix}'
PYTHON_PLATFORM='linux'
PYTHON_PREFIX='${prefix}'
PYTHON_VERSION='3.12'
RANLIB='ranlib'
SHELL='/bin/bash'
STRIP='strip'
SVN_REVISION='unknown'
VERSION='4.5.10'
VERSIONHI='4'
VERSIONLO='5'
VERSIONP='10'
WALL_FLAG='-Wall -Wno-parentheses'
YACC='bison -y'
ac_ct_CC='gcc'
ac_ct_CXX='g++'
bindir='${exec_prefix}/bin'
build='x86_64-pc-linux-gnu'
build_alias=''
build_cpu='x86_64'
build_os='linux-gnu'
build_vendor='pc'
datadir='${datarootdir}'
datarootdir='${prefix}/share'
docdir='${datarootdir}/doc/${PACKAGE}'
dvidir='${docdir}'
exec_prefix='${prefix}'
host='x86_64-pc-linux-gnu'
host_alias=''
host_cpu='x86_64'
host_os='linux-gnu'
host_vendor='pc'
htmldir='${docdir}'
inclib_dir_suffix='sdcc'
include_dir_suffix='sdcc/include'
includedir='${prefix}/include'
infodir='${datarootdir}/info'
lib_dir_suffix='sdcc/lib'
libdir='${exec_prefix}/lib'
libexecdir='${exec_prefix}/libexec'
localedir='${datarootdir}/locale'
localstatedir='${prefix}/var'
mandir='${datarootdir}/man'
non_free_inclib_dir_suffix='sdcc/non-free'
non_free_include_dir_suffix='sdcc/non-free/include'
non_free_lib_dir_suffix='sdcc/non-free/lib'
oldincludedir='/usr/include'
pdfdir='${docdir}'
pkgpyexecdir='${pyexecdir}/sdcc'
pkgpythondir='${pythondir}/sdcc'
prefix='/usr/local'
program_transform_name='s,x,x,'
psdir='${docdir}'
pyexecdir='${PYTHON_EXEC_PREFIX}/lib/python3.12/site-packages'
pythondir='${PYTHON_PREFIX}/lib/python3.12/site-packages'
runstatedir='${localstatedir}/run'
sbindir='${exec_prefix}/sbin'
sdccconf_h_dir_separator='/'
sharedstatedir='${prefix}/com'
subdirs=' support/cpp support/packihx sim/ucsim debugger/mcs51 support/sdbinutils'
sysconfdir='${prefix}/etc'
target_alias=''

## ----------- ##
## confdefs.h. ##
## ----------- ##

/* confdefs.h */
#define PACKAGE_NAME ""
#define PACKAGE_TARNAME ""
#define PACKAGE_VERSION ""
#define PACKAGE_STRING ""
#define PACKAGE_BUGREPORT ""
#define PACKAGE_URL ""
#define SDCC_VERSION_LO 5
#define SDCC_VERSION_HI 4
#define SDCC_VERSION_P 10
#define SDCC_VERSION_STR "4.5.10"
#define HAVE_STDIO_H 1
#define HAVE_STDLIB_H 1
#define HAVE_STRING_H 1
#define HAVE_INTTYPES_H 1
#define HAVE_STDINT_H 1
#define HAVE_STRINGS_H 1
#define HAVE_SYS_STAT_H 1
#define HAVE_SYS_TYPES_H 1
#define HAVE_UNISTD_H 1
#define STDC_HEADERS 1
#define HAVE_ENDIAN_H 1
#define HAVE_UCHAR_H 1
#define HAVE_ZLIB_H 1
#define HAVE_BOOST_GRAPH_ADJACENCY_LIST_HPP 1
#define HAVE_MKSTEMP 1
#define HAVE_STRNDUP 1
#define HAVE_SETRLIMIT 1
#define HAVE_BACKTRACE_SYMBOLS_FD 1
#define HAVE_CXX11 1
#define SIZEOF_CHAR 1
#define SIZEOF_SHORT 2
#define SIZEOF_INT 4
#define SIZEOF_LONG 8
#define SIZEOF_LONG_LONG 8
#define TYPE_BYTE char
#define TYPE_WORD short
#define TYPE_DWORD int
#define TYPE_QWORD long
#define TYPE_UBYTE unsigned char
#define TYPE_UWORD unsigned short
#define TYPE_UDWORD unsigned int
#define TYPE_UQWORD unsigned long
#define DIR_SEPARATOR_STRING "/"
#define DIR_SEPARATOR_CHAR '/'
#define PREFIX "/usr/local"
#define EXEC_PREFIX "/usr/local"
#define BINDIR "/usr/local/bin"
#define DATADIR "/usr/local/share"
#define INCLUDE_DIR_SUFFIX DIR_SEPARATOR_STRING "sdcc/include"
#define NON_FREE_INCLUDE_DIR_SUFFIX DIR_SEPARATOR_STRING "sdcc/non-free/include"
#define LIB_DIR_SUFFIX DIR_SEPARATOR_STRING "sdcc/lib"
#define NON_FREE_LIB_DIR_SUFFIX DIR_SEPARATOR_STRING "sdcc/non-free/lib"
#define BIN2DATA_DIR DIR_SEPARATOR_STRING "../share"
#define PREFIX2BIN_DIR DIR_SEPARATOR_STRING "bin"
#define PREFIX2DATA_DIR DIR_SEPARATOR_STRING "share"
#define STD_LIB "libsdcc"
#define STD_INT_LIB "libint"
#define STD_LONG_LIB "liblong"
#define STD_FP_LIB "libfloat"
#define STD_DS390_LIB "libds390"
#define STD_DS400_LIB "libds400"
#define SDCC_DIR_NAME "SDCC_HOME"
#define SDCC_INCLUDE_NAME "SDCC_INCLUDE"
#define SDCC_LIB_NAME "SDCC_LIB"
#define OPT_DISABLE_MCS51 1
#define OPT_DISABLE_Z80 1
#define OPT_DISABLE_Z180 1
#define OPT_DISABLE_R2K 1
#define OPT_DISABLE_R2KA 1
#define OPT_DISABLE_R3KA 1
#define OPT_DISABLE_SM83 1
#define OPT_DISABLE_TLCS90 1
#define OPT_DISABLE_EZ80_Z80 1
#define OPT_DISABLE_Z80N 1
#define OPT_DISABLE_R800 1
#define OPT_DISABLE_DS390 1
#define OPT_DISABLE_TININative 1
#define OPT_DISABLE_DS400 1
#define OPT_DISABLE_PIC14 1
#define OPT_DISABLE_PIC16 1
#define OPT_DISABLE_HC08 1
#define OPT_DISABLE_S08 1
#define OPT_DISABLE_STM8 1
#define OPT_DISABLE_PDK13 1
#define OPT_DISABLE_PDK14 1
#define OPT_DISABLE_PDK15 1
#define OPT_DISABLE_PDK16 1
#define OPT_DISABLE_MOS6502 0
#define OPT_DISABLE_MOS65C02 0
#define OPT_DISABLE_F8 1
#define OPT_DISABLE_F8L 0
#define OPT_DISABLE_AVR 1
#define OPT_DISABLE_UCSIM 0
#define OPT_DISABLE_DEVICE_LIB 0
#define OPT_DISABLE_PACKIHX 0
#define OPT_DISABLE_SDCPP 0
#define OPT_DISABLE_SDCDB 0
#define OPT_DISABLE_SDBINUTILS 0
#define OPT_DISABLE_NON_FREE 0
#define OPT_ENABLE_DOC 0
#define OPT_ENABLE_LIBGC 0

configure: exit 0
