                                      1 ;--------------------------------------------------------
                                      2 ; File Created by SDCC : free open source ISO C Compiler
                                      3 ; Version 4.5.10 #15691 (Linux)
                                      4 ;--------------------------------------------------------
                                      5 	.module _atof
                                      6 	
      000000                          7 	.r65c02
                                      8 	.optsdcc -mmos65c02
                                      9 
                                     10 ;--------------------------------------------------------
                                     11 ;  Ordering of segments for the linker.
                                     12 ;--------------------------------------------------------
                                     13 	.area ZP      (PAG)
                                     14 	.area OSEG    (PAG, OVR)
                                     15 	.area _CODE
                                     16 	.area GSINIT
                                     17 	.area GSFINAL
                                     18 	.area CODE
                                     19 	.area RODATA
                                     20 	.area XINIT
                                     21 	.area _DATA
                                     22 	.area DATA
                                     23 	.area BSS
                                     24 ;--------------------------------------------------------
                                     25 ; Public variables in this module
                                     26 ;--------------------------------------------------------
                                     27 	.globl _atoi
                                     28 	.globl _toupper
                                     29 	.globl _isspace
                                     30 	.globl _atof
                                     31 ;--------------------------------------------------------
                                     32 ; ZP ram data
                                     33 ;--------------------------------------------------------
                                     34 	.area ZP      (PAG)
      000000                         35 _atof_sloc0_1_0:
      000000                         36 	.ds 2
      000002                         37 _atof_sloc1_1_0:
      000002                         38 	.ds 4
                                     39 ;--------------------------------------------------------
                                     40 ; overlayable items in ram
                                     41 ;--------------------------------------------------------
                                     42 ;--------------------------------------------------------
                                     43 ; uninitialized external ram data
                                     44 ;--------------------------------------------------------
                                     45 	.area BSS
      000000                         46 _atof_value_10000_63:
      000000                         47 	.ds 4
      000004                         48 _atof_fraction_10000_63:
      000004                         49 	.ds 4
      000008                         50 _atof_iexp_10000_63:
      000008                         51 	.ds 1
      000009                         52 _atof_sign_10000_63:
      000009                         53 	.ds 1
                                     54 ;--------------------------------------------------------
                                     55 ; absolute external ram data
                                     56 ;--------------------------------------------------------
                                     57 	.area DABS    (ABS)
                                     58 ;--------------------------------------------------------
                                     59 ; initialized external ram data
                                     60 ;--------------------------------------------------------
                                     61 	.area DATA
                                     62 ;--------------------------------------------------------
                                     63 ; global & static initialisations
                                     64 ;--------------------------------------------------------
                                     65 	.area _CODE
                                     66 	.area GSINIT
                                     67 	.area GSFINAL
                                     68 	.area GSINIT
                                     69 ;--------------------------------------------------------
                                     70 ; Home
                                     71 ;--------------------------------------------------------
                                     72 	.area _CODE
                                     73 	.area _CODE
                                     74 ;--------------------------------------------------------
                                     75 ; code
                                     76 ;--------------------------------------------------------
                                     77 	.area CODE
                                     78 ;------------------------------------------------------------
                                     79 ;Allocation info for local variables in function 'atof'
                                     80 ;------------------------------------------------------------
                                     81 ;sloc0         Allocated with name '_atof_sloc0_1_0'
                                     82 ;sloc1         Allocated with name '_atof_sloc1_1_0'
                                     83 ;s             Allocated to registers a x 
                                     84 ;__200000004   Allocated to registers 
                                     85 ;value         Allocated with name '_atof_value_10000_63'
                                     86 ;fraction      Allocated with name '_atof_fraction_10000_63'
                                     87 ;iexp          Allocated with name '_atof_iexp_10000_63'
                                     88 ;sign          Allocated with name '_atof_sign_10000_63'
                                     89 ;__300000005   Allocated to registers 
                                     90 ;c             Allocated to registers 
                                     91 ;__400000007   Allocated to registers 
                                     92 ;__500000008   Allocated to registers 
                                     93 ;c             Allocated to registers 
                                     94 ;------------------------------------------------------------
                                     95 ;	../_atof.c: 33: float atof(const char * s)
                                     96 ;	genLabel
                                     97 ;	Raw cost for generated ic 0 : (0, 0.000000) count=1.000000
                                     98 ;	-----------------------------------------
                                     99 ;	 function atof
                                    100 ;	-----------------------------------------
                                    101 ;	Register assignment is optimal.
                                    102 ;	Stack space usage: 0 bytes.
      000000                        103 _atof:
                                    104 ;	Raw cost for generated ic 1 : (0, 0.000000) count=1.000000
                                    105 ;	genReceive
      000000 85*00            [ 3]  106 	sta	*_atof_sloc0_1_0
      000002 86*01            [ 3]  107 	stx	*(_atof_sloc0_1_0 + 1)
                                    108 ;	Raw cost for generated ic 2 : (4, 6.000000) count=1.000000
                                    109 ;	../_atof.c: 40: while (isspace(*s)) s++;
                                    110 ;	genLabel
      000004                        111 00101$:
                                    112 ;	Raw cost for generated ic 3 : (0, 0.000000) count=3.999997
                                    113 ;	genPointerGet
      000004 A0 00            [ 2]  114 	ldy	#0x00
      000006 B1*00            [ 6]  115 	lda	[*_atof_sloc0_1_0],y
                                    116 ;	Raw cost for generated ic 5 : (4, 7.000000) count=3.999997
                                    117 ;	genCast
                                    118 ;	genCopy
      000008 A2 00            [ 2]  119 	ldx	#0x00
                                    120 ;	Raw cost for generated ic 6 : (2, 2.000000) count=3.999997
                                    121 ;	Raw cost for generated ic 7 : (0, 0.000000) count=3.999997
                                    122 ;	genCall
                                    123 ;	genSend
      00000A 20r00r00         [ 6]  124 	jsr	_isspace
                                    125 ;	assignResultValue
                                    126 ;	Raw cost for generated ic 8 : (3, 6.000000) count=3.999997
                                    127 ;	genIfx
      00000D C9 00            [ 2]  128 	cmp	#0x00
                                    129 ;	genIfxJump : z
      00000F D0 04            [ 4]  130 	bne	00253$
      000011 E0 00            [ 2]  131 	cpx	#0x00
      000013 F0 09            [ 4]  132 	beq	00155$
      000015                        133 00253$:
                                    134 ;	Raw cost for generated ic 9 : (11, 12.200000) count=3.999997
                                    135 ;	genPlus
                                    136 ;	  genPlusInc
      000015 E6*00            [ 5]  137 	inc	*_atof_sloc0_1_0
      000017 D0 EB            [ 4]  138 	bne	00101$
      000019 E6*01            [ 5]  139 	inc	*(_atof_sloc0_1_0 + 1)
                                    140 ;	Raw cost for generated ic 13 : (6, 12.600000) count=2.999997
                                    141 ;	genGoto
      00001B 4Cr04r00         [ 3]  142 	jmp	00101$
                                    143 ;	Raw cost for generated ic 15 : (3, 3.000000) count=2.999997
                                    144 ;	genLabel
      00001E                        145 00155$:
                                    146 ;	Raw cost for generated ic 191 : (0, 0.000000) count=0.999999
                                    147 ;	genAssign
                                    148 ;	genCopy
      00001E A6*01            [ 3]  149 	ldx	*(_atof_sloc0_1_0 + 1)
      000020 A5*00            [ 3]  150 	lda	*_atof_sloc0_1_0
                                    151 ;	Raw cost for generated ic 192 : (4, 6.000000) count=0.999999
                                    152 ;	../_atof.c: 43: if (*s == '-')
                                    153 ;	genPointerGet
      000022 85*00            [ 3]  154 	sta	*(REGTEMP+0)
      000024 A0 00            [ 2]  155 	ldy	#0x00
      000026 B1*00            [ 6]  156 	lda	[*_atof_sloc0_1_0],y
      000028 A8               [ 2]  157 	tay
      000029 A5*00            [ 3]  158 	lda	*(REGTEMP+0)
                                    159 ;	Raw cost for generated ic 18 : (9, 15.000000) count=0.999999
                                    160 ;	genCmpEQorNE
      00002B C0 2D            [ 2]  161 	cpy	#0x2d
      00002D D0 12            [ 4]  162 	bne	00107$
                                    163 ;	Raw cost for generated ic 19 : (7, 7.600000) count=0.999999
                                    164 ;	skipping generated iCode
                                    165 ;	Raw cost for generated ic 20 : (0, 0.000000) count=0.999999
                                    166 ;	../_atof.c: 45: sign=1;
                                    167 ;	genAssign
                                    168 ;	genAssignLit
      00002F A2 01            [ 2]  169 	ldx	#0x01
      000031 8Er09r00         [ 4]  170 	stx	_atof_sign_10000_63
                                    171 ;	Raw cost for generated ic 23 : (5, 6.000000) count=0.749999
                                    172 ;	../_atof.c: 46: s++;
                                    173 ;	genPlus
                                    174 ;	  genPlusInc
      000034 A6*01            [ 3]  175 	ldx	*(_atof_sloc0_1_0 + 1)
      000036 A5*00            [ 3]  176 	lda	*_atof_sloc0_1_0
      000038 18               [ 2]  177 	clc
      000039 69 01            [ 3]  178 	adc	#0x01
      00003B 90 15            [ 4]  179 	bcc	00108$
      00003D E8               [ 2]  180 	inx
                                    181 ;	Raw cost for generated ic 25 : (10, 14.600000) count=0.749999
                                    182 ;	genGoto
      00003E 4Cr52r00         [ 3]  183 	jmp	00108$
                                    184 ;	Raw cost for generated ic 27 : (3, 3.000000) count=0.749999
                                    185 ;	genLabel
      000041                        186 00107$:
                                    187 ;	Raw cost for generated ic 28 : (0, 0.000000) count=0.249999
                                    188 ;	../_atof.c: 50: sign=0;
                                    189 ;	genAssign
                                    190 ;	genAssignLit
      000041 9Cr09r00         [ 4]  191 	stz	_atof_sign_10000_63
                                    192 ;	Raw cost for generated ic 29 : (3, 4.000000) count=0.249999
                                    193 ;	../_atof.c: 51: if (*s == '+') s++;
                                    194 ;	genCmpEQorNE
      000044 C0 2B            [ 2]  195 	cpy	#0x2b
      000046 D0 0A            [ 4]  196 	bne	00108$
                                    197 ;	Raw cost for generated ic 32 : (7, 7.600000) count=0.249999
                                    198 ;	skipping generated iCode
                                    199 ;	Raw cost for generated ic 33 : (0, 0.000000) count=0.249999
                                    200 ;	genPlus
                                    201 ;	  genPlusInc
      000048 A6*01            [ 3]  202 	ldx	*(_atof_sloc0_1_0 + 1)
      00004A A5*00            [ 3]  203 	lda	*_atof_sloc0_1_0
      00004C 18               [ 2]  204 	clc
      00004D 69 01            [ 3]  205 	adc	#0x01
      00004F 90 01            [ 4]  206 	bcc	00258$
      000051 E8               [ 2]  207 	inx
      000052                        208 00258$:
                                    209 ;	Raw cost for generated ic 37 : (10, 14.600000) count=0.187499
                                    210 ;	genLabel
      000052                        211 00108$:
                                    212 ;	Raw cost for generated ic 40 : (0, 0.000000) count=0.999997
                                    213 ;	../_atof.c: 55: for (value=0.0; isdigit(*s); s++)
                                    214 ;	genAssign
                                    215 ;	genAssignLit
      000052 9Cr00r00         [ 4]  216 	stz	_atof_value_10000_63
      000055 9Cr01r00         [ 4]  217 	stz	(_atof_value_10000_63 + 1)
      000058 9Cr02r00         [ 4]  218 	stz	(_atof_value_10000_63 + 2)
      00005B 9Cr03r00         [ 4]  219 	stz	(_atof_value_10000_63 + 3)
                                    220 ;	Raw cost for generated ic 41 : (12, 16.000000) count=0.999997
                                    221 ;	genAssign
                                    222 ;	genCopy
      00005E 85*00            [ 3]  223 	sta	*_atof_sloc0_1_0
      000060 86*01            [ 3]  224 	stx	*(_atof_sloc0_1_0 + 1)
                                    225 ;	Raw cost for generated ic 193 : (4, 6.000000) count=0.999997
                                    226 ;	genLabel
      000062                        227 00126$:
                                    228 ;	Raw cost for generated ic 42 : (0, 0.000000) count=2.285706
                                    229 ;	genPointerGet
      000062 A0 00            [ 2]  230 	ldy	#0x00
      000064 B1*00            [ 6]  231 	lda	[*_atof_sloc0_1_0],y
                                    232 ;	Raw cost for generated ic 44 : (4, 7.000000) count=2.285706
                                    233 ;	./../../include/ctype.h: 62: return ((unsigned char)c >= '0' && (unsigned char)c <= '9');
                                    234 ;	genCast
                                    235 ;	genCopy
                                    236 ;	Raw cost for generated ic 48 : (0, 0.000000) count=2.285706
                                    237 ;	genCmp
      000066 C9 30            [ 2]  238 	cmp	#0x30
      000068 B0 03            [ 4]  239 	bcs	00259$
      00006A 4CrFCr00         [ 3]  240 	jmp	00156$
      00006D                        241 00259$:
                                    242 ;	Raw cost for generated ic 49 : (7, 7.600000) count=2.285706
                                    243 ;	skipping generated iCode
                                    244 ;	Raw cost for generated ic 51 : (0, 0.000000) count=2.285706
                                    245 ;	genCmp
      00006D C9 39            [ 2]  246 	cmp	#0x39
      00006F F0 05            [ 4]  247 	beq	00260$
      000071 90 03            [ 4]  248 	bcc	00260$
      000073 4CrFCr00         [ 3]  249 	jmp	00156$
      000076                        250 00260$:
                                    251 ;	Raw cost for generated ic 53 : (9, 10.200000) count=1.714278
                                    252 ;	skipping generated iCode
                                    253 ;	Raw cost for generated ic 55 : (0, 0.000000) count=1.714278
                                    254 ;	../_atof.c: 57: value=10.0*value+(*s-'0');
                                    255 ;	genAssign
                                    256 ;	genAssignLit
      000076 8Cr00r00         [ 4]  257 	sty	___fsmul_PARM_1
      000079 8Cr01r00         [ 4]  258 	sty	(___fsmul_PARM_1 + 1)
      00007C A2 20            [ 2]  259 	ldx	#0x20
      00007E 8Er02r00         [ 4]  260 	stx	(___fsmul_PARM_1 + 2)
      000081 A2 41            [ 2]  261 	ldx	#0x41
      000083 8Er03r00         [ 4]  262 	stx	(___fsmul_PARM_1 + 3)
                                    263 ;	Raw cost for generated ic 211 : (16, 20.000000) count=1.285709
                                    264 ;	genAssign
                                    265 ;	genCopy
      000086 ADr03r00         [ 4]  266 	lda	(_atof_value_10000_63 + 3)
      000089 8Dr03r00         [ 4]  267 	sta	(___fsmul_PARM_2 + 3)
      00008C ADr02r00         [ 4]  268 	lda	(_atof_value_10000_63 + 2)
      00008F 8Dr02r00         [ 4]  269 	sta	(___fsmul_PARM_2 + 2)
      000092 ADr01r00         [ 4]  270 	lda	(_atof_value_10000_63 + 1)
      000095 8Dr01r00         [ 4]  271 	sta	(___fsmul_PARM_2 + 1)
      000098 ADr00r00         [ 4]  272 	lda	_atof_value_10000_63
      00009B 8Dr00r00         [ 4]  273 	sta	___fsmul_PARM_2
                                    274 ;	Raw cost for generated ic 212 : (24, 32.000000) count=1.285709
                                    275 ;	genCall
      00009E 20r00r00         [ 6]  276 	jsr	___fsmul
                                    277 ;	assignResultValue
      0000A1 85*02            [ 3]  278 	sta	*_atof_sloc1_1_0
      0000A3 86*03            [ 3]  279 	stx	*(_atof_sloc1_1_0 + 1)
      0000A5 A5*00            [ 3]  280 	lda	*___SDCC_m6502_ret2
      0000A7 85*04            [ 3]  281 	sta	*(_atof_sloc1_1_0 + 2)
      0000A9 A5*00            [ 3]  282 	lda	*___SDCC_m6502_ret3
      0000AB 85*05            [ 3]  283 	sta	*(_atof_sloc1_1_0 + 3)
                                    284 ;	Raw cost for generated ic 213 : (15, 24.000000) count=1.285709
                                    285 ;	genPointerGet
      0000AD A0 00            [ 2]  286 	ldy	#0x00
      0000AF B1*00            [ 6]  287 	lda	[*_atof_sloc0_1_0],y
                                    288 ;	Raw cost for generated ic 71 : (4, 7.000000) count=1.285709
                                    289 ;	genCast
                                    290 ;	genCopy
      0000B1 A2 00            [ 2]  291 	ldx	#0x00
                                    292 ;	Raw cost for generated ic 72 : (2, 2.000000) count=1.285709
                                    293 ;	genMinus
                                    294 ;	  genMinusDec - size=2  icount=48
      0000B3 38               [ 2]  295 	sec
      0000B4 E9 30            [ 3]  296 	sbc	#0x30
      0000B6 B0 01            [ 4]  297 	bcs	00262$
      0000B8 CA               [ 2]  298 	dex
      0000B9                        299 00262$:
                                    300 ;	Raw cost for generated ic 73 : (6, 8.600000) count=1.285709
                                    301 ;	Raw cost for generated ic 214 : (0, 0.000000) count=1.285709
                                    302 ;	genCall
                                    303 ;	genSend
      0000B9 20r00r00         [ 6]  304 	jsr	___sint2fs
                                    305 ;	assignResultValue
      0000BC 8Dr00r00         [ 4]  306 	sta	___fsadd_PARM_2
      0000BF 8Er01r00         [ 4]  307 	stx	(___fsadd_PARM_2 + 1)
      0000C2 A5*00            [ 3]  308 	lda	*___SDCC_m6502_ret2
      0000C4 8Dr02r00         [ 4]  309 	sta	(___fsadd_PARM_2 + 2)
      0000C7 A5*00            [ 3]  310 	lda	*___SDCC_m6502_ret3
      0000C9 8Dr03r00         [ 4]  311 	sta	(___fsadd_PARM_2 + 3)
                                    312 ;	Raw cost for generated ic 215 : (19, 28.000000) count=1.285709
                                    313 ;	genAssign
                                    314 ;	genCopy
      0000CC A5*05            [ 3]  315 	lda	*(_atof_sloc1_1_0 + 3)
      0000CE 8Dr03r00         [ 4]  316 	sta	(___fsadd_PARM_1 + 3)
      0000D1 A5*04            [ 3]  317 	lda	*(_atof_sloc1_1_0 + 2)
      0000D3 8Dr02r00         [ 4]  318 	sta	(___fsadd_PARM_1 + 2)
      0000D6 A5*03            [ 3]  319 	lda	*(_atof_sloc1_1_0 + 1)
      0000D8 8Dr01r00         [ 4]  320 	sta	(___fsadd_PARM_1 + 1)
      0000DB A5*02            [ 3]  321 	lda	*_atof_sloc1_1_0
      0000DD 8Dr00r00         [ 4]  322 	sta	___fsadd_PARM_1
                                    323 ;	Raw cost for generated ic 216 : (20, 28.000000) count=1.285709
                                    324 ;	genCall
      0000E0 20r00r00         [ 6]  325 	jsr	___fsadd
                                    326 ;	assignResultValue
      0000E3 8Dr00r00         [ 4]  327 	sta	_atof_value_10000_63
      0000E6 8Er01r00         [ 4]  328 	stx	(_atof_value_10000_63 + 1)
      0000E9 A5*00            [ 3]  329 	lda	*___SDCC_m6502_ret2
      0000EB 8Dr02r00         [ 4]  330 	sta	(_atof_value_10000_63 + 2)
      0000EE A5*00            [ 3]  331 	lda	*___SDCC_m6502_ret3
      0000F0 8Dr03r00         [ 4]  332 	sta	(_atof_value_10000_63 + 3)
                                    333 ;	Raw cost for generated ic 218 : (19, 28.000000) count=1.285709
                                    334 ;	../_atof.c: 55: for (value=0.0; isdigit(*s); s++)
                                    335 ;	genPlus
                                    336 ;	  genPlusInc
      0000F3 E6*00            [ 5]  337 	inc	*_atof_sloc0_1_0
      0000F5 D0 02            [ 4]  338 	bne	00263$
      0000F7 E6*01            [ 5]  339 	inc	*(_atof_sloc0_1_0 + 1)
      0000F9                        340 00263$:
                                    341 ;	Raw cost for generated ic 79 : (6, 12.600000) count=1.285709
                                    342 ;	genGoto
      0000F9 4Cr62r00         [ 3]  343 	jmp	00126$
                                    344 ;	Raw cost for generated ic 81 : (3, 3.000000) count=1.285709
                                    345 ;	genLabel
      0000FC                        346 00156$:
                                    347 ;	Raw cost for generated ic 194 : (0, 0.000000) count=0.999996
                                    348 ;	genAssign
                                    349 ;	genCopy
      0000FC A5*01            [ 3]  350 	lda	*(_atof_sloc0_1_0 + 1)
      0000FE 85*03            [ 3]  351 	sta	*(_atof_sloc1_1_0 + 1)
      000100 A5*00            [ 3]  352 	lda	*_atof_sloc0_1_0
      000102 85*02            [ 3]  353 	sta	*_atof_sloc1_1_0
                                    354 ;	Raw cost for generated ic 195 : (8, 12.000000) count=0.999996
                                    355 ;	../_atof.c: 61: if (*s == '.')
                                    356 ;	genPointerGet
      000104 A0 00            [ 2]  357 	ldy	#0x00
      000106 B1*00            [ 6]  358 	lda	[*_atof_sloc0_1_0],y
                                    359 ;	Raw cost for generated ic 84 : (4, 7.000000) count=0.999996
                                    360 ;	genCmpEQorNE
      000108 C9 2E            [ 2]  361 	cmp	#0x2e
      00010A F0 03            [ 4]  362 	beq	00264$
      00010C 4Cr07r02         [ 3]  363 	jmp	00112$
      00010F                        364 00264$:
                                    365 ;	Raw cost for generated ic 85 : (7, 7.600000) count=0.999996
                                    366 ;	skipping generated iCode
                                    367 ;	Raw cost for generated ic 86 : (0, 0.000000) count=0.999996
                                    368 ;	../_atof.c: 63: s++;
                                    369 ;	genPlus
                                    370 ;	  genPlusInc
      00010F A5*00            [ 3]  371 	lda	*_atof_sloc0_1_0
      000111 18               [ 2]  372 	clc
      000112 69 01            [ 3]  373 	adc	#0x01
      000114 85*02            [ 3]  374 	sta	*_atof_sloc1_1_0
      000116 A5*01            [ 3]  375 	lda	*(_atof_sloc0_1_0 + 1)
      000118 69 00            [ 3]  376 	adc	#0x00
      00011A 85*03            [ 3]  377 	sta	*(_atof_sloc1_1_0 + 1)
                                    378 ;	Raw cost for generated ic 90 : (13, 18.000000) count=0.749996
                                    379 ;	../_atof.c: 64: for (fraction=0.1; isdigit(*s); s++)
                                    380 ;	genAssign
                                    381 ;	genAssignLit
      00011C A2 CD            [ 2]  382 	ldx	#0xcd
      00011E 8Er04r00         [ 4]  383 	stx	_atof_fraction_10000_63
      000121 CA               [ 2]  384 	dex
      000122 8Er05r00         [ 4]  385 	stx	(_atof_fraction_10000_63 + 1)
      000125 8Er06r00         [ 4]  386 	stx	(_atof_fraction_10000_63 + 2)
      000128 A2 3D            [ 2]  387 	ldx	#0x3d
      00012A 8Er07r00         [ 4]  388 	stx	(_atof_fraction_10000_63 + 3)
                                    389 ;	Raw cost for generated ic 92 : (17, 22.000000) count=0.749996
                                    390 ;	genAssign
                                    391 ;	genCopy
      00012D 85*01            [ 3]  392 	sta	*(_atof_sloc0_1_0 + 1)
      00012F A5*02            [ 3]  393 	lda	*_atof_sloc1_1_0
      000131 85*00            [ 3]  394 	sta	*_atof_sloc0_1_0
                                    395 ;	Raw cost for generated ic 196 : (6, 9.000000) count=0.749996
                                    396 ;	genLabel
      000133                        397 00129$:
                                    398 ;	Raw cost for generated ic 93 : (0, 0.000000) count=1.714275
                                    399 ;	genPointerGet
      000133 A0 00            [ 2]  400 	ldy	#0x00
      000135 B1*00            [ 6]  401 	lda	[*_atof_sloc0_1_0],y
                                    402 ;	Raw cost for generated ic 95 : (4, 7.000000) count=1.714275
                                    403 ;	./../../include/ctype.h: 62: return ((unsigned char)c >= '0' && (unsigned char)c <= '9');
                                    404 ;	genCast
                                    405 ;	genCopy
                                    406 ;	Raw cost for generated ic 99 : (0, 0.000000) count=1.714275
                                    407 ;	genCmp
      000137 C9 30            [ 2]  408 	cmp	#0x30
      000139 B0 03            [ 4]  409 	bcs	00265$
      00013B 4CrFFr01         [ 3]  410 	jmp	00157$
      00013E                        411 00265$:
                                    412 ;	Raw cost for generated ic 100 : (7, 7.600000) count=1.714275
                                    413 ;	skipping generated iCode
                                    414 ;	Raw cost for generated ic 102 : (0, 0.000000) count=1.714275
                                    415 ;	genCmp
      00013E C9 39            [ 2]  416 	cmp	#0x39
      000140 F0 05            [ 4]  417 	beq	00266$
      000142 90 03            [ 4]  418 	bcc	00266$
      000144 4CrFFr01         [ 3]  419 	jmp	00157$
      000147                        420 00266$:
                                    421 ;	Raw cost for generated ic 104 : (9, 10.200000) count=1.285705
                                    422 ;	skipping generated iCode
                                    423 ;	Raw cost for generated ic 106 : (0, 0.000000) count=1.285705
                                    424 ;	../_atof.c: 66: value+=(*s-'0')*fraction;
                                    425 ;	genPointerGet
      000147 B1*00            [ 6]  426 	lda	[*_atof_sloc0_1_0],y
                                    427 ;	Raw cost for generated ic 121 : (2, 5.000000) count=0.964279
                                    428 ;	genCast
                                    429 ;	genCopy
      000149 A2 00            [ 2]  430 	ldx	#0x00
                                    431 ;	Raw cost for generated ic 122 : (2, 2.000000) count=0.964279
                                    432 ;	genMinus
                                    433 ;	  genMinusDec - size=2  icount=48
      00014B 38               [ 2]  434 	sec
      00014C E9 30            [ 3]  435 	sbc	#0x30
      00014E B0 01            [ 4]  436 	bcs	00268$
      000150 CA               [ 2]  437 	dex
      000151                        438 00268$:
                                    439 ;	Raw cost for generated ic 123 : (6, 8.600000) count=0.964279
                                    440 ;	Raw cost for generated ic 219 : (0, 0.000000) count=0.964279
                                    441 ;	genCall
                                    442 ;	genSend
      000151 20r00r00         [ 6]  443 	jsr	___sint2fs
                                    444 ;	assignResultValue
      000154 8Dr00r00         [ 4]  445 	sta	___fsmul_PARM_1
      000157 8Er01r00         [ 4]  446 	stx	(___fsmul_PARM_1 + 1)
      00015A A5*00            [ 3]  447 	lda	*___SDCC_m6502_ret2
      00015C 8Dr02r00         [ 4]  448 	sta	(___fsmul_PARM_1 + 2)
      00015F A5*00            [ 3]  449 	lda	*___SDCC_m6502_ret3
      000161 8Dr03r00         [ 4]  450 	sta	(___fsmul_PARM_1 + 3)
                                    451 ;	Raw cost for generated ic 220 : (19, 28.000000) count=0.964279
                                    452 ;	genAssign
                                    453 ;	genCopy
      000164 ADr07r00         [ 4]  454 	lda	(_atof_fraction_10000_63 + 3)
      000167 8Dr03r00         [ 4]  455 	sta	(___fsmul_PARM_2 + 3)
      00016A ADr06r00         [ 4]  456 	lda	(_atof_fraction_10000_63 + 2)
      00016D 8Dr02r00         [ 4]  457 	sta	(___fsmul_PARM_2 + 2)
      000170 ADr05r00         [ 4]  458 	lda	(_atof_fraction_10000_63 + 1)
      000173 8Dr01r00         [ 4]  459 	sta	(___fsmul_PARM_2 + 1)
      000176 ADr04r00         [ 4]  460 	lda	_atof_fraction_10000_63
      000179 8Dr00r00         [ 4]  461 	sta	___fsmul_PARM_2
                                    462 ;	Raw cost for generated ic 222 : (24, 32.000000) count=0.964279
                                    463 ;	genCall
      00017C 20r00r00         [ 6]  464 	jsr	___fsmul
                                    465 ;	assignResultValue
      00017F 8Dr00r00         [ 4]  466 	sta	___fsadd_PARM_2
      000182 8Er01r00         [ 4]  467 	stx	(___fsadd_PARM_2 + 1)
      000185 A5*00            [ 3]  468 	lda	*___SDCC_m6502_ret2
      000187 8Dr02r00         [ 4]  469 	sta	(___fsadd_PARM_2 + 2)
      00018A A5*00            [ 3]  470 	lda	*___SDCC_m6502_ret3
      00018C 8Dr03r00         [ 4]  471 	sta	(___fsadd_PARM_2 + 3)
                                    472 ;	Raw cost for generated ic 223 : (19, 28.000000) count=0.964279
                                    473 ;	genAssign
                                    474 ;	genCopy
      00018F ADr03r00         [ 4]  475 	lda	(_atof_value_10000_63 + 3)
      000192 8Dr03r00         [ 4]  476 	sta	(___fsadd_PARM_1 + 3)
      000195 ADr02r00         [ 4]  477 	lda	(_atof_value_10000_63 + 2)
      000198 8Dr02r00         [ 4]  478 	sta	(___fsadd_PARM_1 + 2)
      00019B ADr01r00         [ 4]  479 	lda	(_atof_value_10000_63 + 1)
      00019E 8Dr01r00         [ 4]  480 	sta	(___fsadd_PARM_1 + 1)
      0001A1 ADr00r00         [ 4]  481 	lda	_atof_value_10000_63
      0001A4 8Dr00r00         [ 4]  482 	sta	___fsadd_PARM_1
                                    483 ;	Raw cost for generated ic 224 : (24, 32.000000) count=0.964279
                                    484 ;	genCall
      0001A7 20r00r00         [ 6]  485 	jsr	___fsadd
                                    486 ;	assignResultValue
      0001AA 8Dr00r00         [ 4]  487 	sta	_atof_value_10000_63
      0001AD 8Er01r00         [ 4]  488 	stx	(_atof_value_10000_63 + 1)
      0001B0 A5*00            [ 3]  489 	lda	*___SDCC_m6502_ret2
      0001B2 8Dr02r00         [ 4]  490 	sta	(_atof_value_10000_63 + 2)
      0001B5 A5*00            [ 3]  491 	lda	*___SDCC_m6502_ret3
      0001B7 8Dr03r00         [ 4]  492 	sta	(_atof_value_10000_63 + 3)
                                    493 ;	Raw cost for generated ic 226 : (19, 28.000000) count=0.964279
                                    494 ;	../_atof.c: 67: fraction*=0.1;
                                    495 ;	genAssign
                                    496 ;	genAssignLit
      0001BA A2 CD            [ 2]  497 	ldx	#0xcd
      0001BC 8Er00r00         [ 4]  498 	stx	___fsmul_PARM_1
      0001BF CA               [ 2]  499 	dex
      0001C0 8Er01r00         [ 4]  500 	stx	(___fsmul_PARM_1 + 1)
      0001C3 8Er02r00         [ 4]  501 	stx	(___fsmul_PARM_1 + 2)
      0001C6 A2 3D            [ 2]  502 	ldx	#0x3d
      0001C8 8Er03r00         [ 4]  503 	stx	(___fsmul_PARM_1 + 3)
                                    504 ;	Raw cost for generated ic 227 : (17, 22.000000) count=0.964279
                                    505 ;	genAssign
                                    506 ;	genCopy
      0001CB ADr07r00         [ 4]  507 	lda	(_atof_fraction_10000_63 + 3)
      0001CE 8Dr03r00         [ 4]  508 	sta	(___fsmul_PARM_2 + 3)
      0001D1 ADr06r00         [ 4]  509 	lda	(_atof_fraction_10000_63 + 2)
      0001D4 8Dr02r00         [ 4]  510 	sta	(___fsmul_PARM_2 + 2)
      0001D7 ADr05r00         [ 4]  511 	lda	(_atof_fraction_10000_63 + 1)
      0001DA 8Dr01r00         [ 4]  512 	sta	(___fsmul_PARM_2 + 1)
      0001DD ADr04r00         [ 4]  513 	lda	_atof_fraction_10000_63
      0001E0 8Dr00r00         [ 4]  514 	sta	___fsmul_PARM_2
                                    515 ;	Raw cost for generated ic 228 : (24, 32.000000) count=0.964279
                                    516 ;	genCall
      0001E3 20r00r00         [ 6]  517 	jsr	___fsmul
                                    518 ;	assignResultValue
      0001E6 8Dr04r00         [ 4]  519 	sta	_atof_fraction_10000_63
      0001E9 8Er05r00         [ 4]  520 	stx	(_atof_fraction_10000_63 + 1)
      0001EC A5*00            [ 3]  521 	lda	*___SDCC_m6502_ret2
      0001EE 8Dr06r00         [ 4]  522 	sta	(_atof_fraction_10000_63 + 2)
      0001F1 A5*00            [ 3]  523 	lda	*___SDCC_m6502_ret3
      0001F3 8Dr07r00         [ 4]  524 	sta	(_atof_fraction_10000_63 + 3)
                                    525 ;	Raw cost for generated ic 229 : (19, 28.000000) count=0.964279
                                    526 ;	../_atof.c: 64: for (fraction=0.1; isdigit(*s); s++)
                                    527 ;	genPlus
                                    528 ;	  genPlusInc
      0001F6 E6*00            [ 5]  529 	inc	*_atof_sloc0_1_0
      0001F8 D0 02            [ 4]  530 	bne	00269$
      0001FA E6*01            [ 5]  531 	inc	*(_atof_sloc0_1_0 + 1)
      0001FC                        532 00269$:
                                    533 ;	Raw cost for generated ic 132 : (6, 12.600000) count=0.964279
                                    534 ;	genGoto
      0001FC 4Cr33r01         [ 3]  535 	jmp	00129$
                                    536 ;	Raw cost for generated ic 134 : (3, 3.000000) count=0.964279
                                    537 ;	genLabel
      0001FF                        538 00157$:
                                    539 ;	Raw cost for generated ic 197 : (0, 0.000000) count=0.749995
                                    540 ;	genAssign
                                    541 ;	genCopy
      0001FF A5*01            [ 3]  542 	lda	*(_atof_sloc0_1_0 + 1)
      000201 85*03            [ 3]  543 	sta	*(_atof_sloc1_1_0 + 1)
      000203 A5*00            [ 3]  544 	lda	*_atof_sloc0_1_0
      000205 85*02            [ 3]  545 	sta	*_atof_sloc1_1_0
                                    546 ;	Raw cost for generated ic 198 : (8, 12.000000) count=0.749995
                                    547 ;	genLabel
      000207                        548 00112$:
                                    549 ;	Raw cost for generated ic 136 : (0, 0.000000) count=0.999994
                                    550 ;	../_atof.c: 72: if (toupper(*s)=='E')
                                    551 ;	genPointerGet
      000207 A0 00            [ 2]  552 	ldy	#0x00
      000209 B1*02            [ 6]  553 	lda	[*_atof_sloc1_1_0],y
                                    554 ;	Raw cost for generated ic 138 : (4, 7.000000) count=0.999994
                                    555 ;	genCast
                                    556 ;	genCopy
      00020B A2 00            [ 2]  557 	ldx	#0x00
                                    558 ;	Raw cost for generated ic 139 : (2, 2.000000) count=0.999994
                                    559 ;	Raw cost for generated ic 140 : (0, 0.000000) count=0.999994
                                    560 ;	genCall
                                    561 ;	genSend
      00020D 20r00r00         [ 6]  562 	jsr	_toupper
                                    563 ;	assignResultValue
                                    564 ;	Raw cost for generated ic 141 : (3, 6.000000) count=0.999994
                                    565 ;	genCmpEQorNE
      000210 C9 45            [ 2]  566 	cmp	#0x45
      000212 D0 04            [ 4]  567 	bne	00271$
      000214 E0 00            [ 2]  568 	cpx	#0x00
      000216 F0 03            [ 4]  569 	beq	00272$
      000218                        570 00271$:
      000218 4CrBBr02         [ 3]  571 	jmp	00120$
      00021B                        572 00272$:
                                    573 ;	Raw cost for generated ic 142 : (14, 15.200001) count=0.999994
                                    574 ;	skipping generated iCode
                                    575 ;	Raw cost for generated ic 143 : (0, 0.000000) count=0.999994
                                    576 ;	../_atof.c: 74: s++;
                                    577 ;	genPlus
                                    578 ;	  genPlusInc
      00021B E6*02            [ 5]  579 	inc	*_atof_sloc1_1_0
      00021D D0 02            [ 4]  580 	bne	00273$
      00021F E6*03            [ 5]  581 	inc	*(_atof_sloc1_1_0 + 1)
      000221                        582 00273$:
                                    583 ;	Raw cost for generated ic 147 : (6, 12.600000) count=0.749996
                                    584 ;	../_atof.c: 75: iexp=(signed char)atoi(s);
                                    585 ;	Raw cost for generated ic 149 : (0, 0.000000) count=0.749996
                                    586 ;	genCall
                                    587 ;	genSend
      000221 A6*03            [ 3]  588 	ldx	*(_atof_sloc1_1_0 + 1)
      000223 A5*02            [ 3]  589 	lda	*_atof_sloc1_1_0
      000225 20r00r00         [ 6]  590 	jsr	_atoi
                                    591 ;	assignResultValue
                                    592 ;	Raw cost for generated ic 150 : (7, 12.000000) count=0.749996
                                    593 ;	genCast
                                    594 ;	genCopy
      000228 8Dr08r00         [ 4]  595 	sta	_atof_iexp_10000_63
                                    596 ;	Raw cost for generated ic 151 : (3, 4.000000) count=0.749996
                                    597 ;	../_atof.c: 77: while(iexp!=0)
                                    598 ;	genLabel
      00022B                        599 00116$:
                                    600 ;	Raw cost for generated ic 153 : (0, 0.000000) count=2.999760
                                    601 ;	genIfx
      00022B ADr08r00         [ 4]  602 	lda	_atof_iexp_10000_63
                                    603 ;	genIfxJump : z
      00022E D0 03            [ 4]  604 	bne	00275$
      000230 4CrBBr02         [ 3]  605 	jmp	00120$
      000233                        606 00275$:
                                    607 ;	Raw cost for generated ic 154 : (8, 9.600000) count=2.999760
                                    608 ;	../_atof.c: 79: if(iexp<0)
                                    609 ;	genCmp
      000233 2Cr08r00         [ 4]  610 	bit	_atof_iexp_10000_63
      000236 10 42            [ 4]  611 	bpl	00114$
                                    612 ;	Raw cost for generated ic 157 : (8, 9.600000) count=2.249820
                                    613 ;	skipping generated iCode
                                    614 ;	Raw cost for generated ic 158 : (0, 0.000000) count=2.249820
                                    615 ;	../_atof.c: 81: value*=0.1;
                                    616 ;	genAssign
                                    617 ;	genAssignLit
      000238 A2 CD            [ 2]  618 	ldx	#0xcd
      00023A 8Er00r00         [ 4]  619 	stx	___fsmul_PARM_1
      00023D CA               [ 2]  620 	dex
      00023E 8Er01r00         [ 4]  621 	stx	(___fsmul_PARM_1 + 1)
      000241 8Er02r00         [ 4]  622 	stx	(___fsmul_PARM_1 + 2)
      000244 A2 3D            [ 2]  623 	ldx	#0x3d
      000246 8Er03r00         [ 4]  624 	stx	(___fsmul_PARM_1 + 3)
                                    625 ;	Raw cost for generated ic 230 : (17, 22.000000) count=1.687337
                                    626 ;	genAssign
                                    627 ;	genCopy
      000249 ADr03r00         [ 4]  628 	lda	(_atof_value_10000_63 + 3)
      00024C 8Dr03r00         [ 4]  629 	sta	(___fsmul_PARM_2 + 3)
      00024F ADr02r00         [ 4]  630 	lda	(_atof_value_10000_63 + 2)
      000252 8Dr02r00         [ 4]  631 	sta	(___fsmul_PARM_2 + 2)
      000255 ADr01r00         [ 4]  632 	lda	(_atof_value_10000_63 + 1)
      000258 8Dr01r00         [ 4]  633 	sta	(___fsmul_PARM_2 + 1)
      00025B ADr00r00         [ 4]  634 	lda	_atof_value_10000_63
      00025E 8Dr00r00         [ 4]  635 	sta	___fsmul_PARM_2
                                    636 ;	Raw cost for generated ic 231 : (24, 32.000000) count=1.687337
                                    637 ;	genCall
      000261 20r00r00         [ 6]  638 	jsr	___fsmul
                                    639 ;	assignResultValue
      000264 8Dr00r00         [ 4]  640 	sta	_atof_value_10000_63
      000267 8Er01r00         [ 4]  641 	stx	(_atof_value_10000_63 + 1)
      00026A A5*00            [ 3]  642 	lda	*___SDCC_m6502_ret2
      00026C 8Dr02r00         [ 4]  643 	sta	(_atof_value_10000_63 + 2)
      00026F A5*00            [ 3]  644 	lda	*___SDCC_m6502_ret3
      000271 8Dr03r00         [ 4]  645 	sta	(_atof_value_10000_63 + 3)
                                    646 ;	Raw cost for generated ic 232 : (19, 28.000000) count=1.687337
                                    647 ;	../_atof.c: 82: iexp++;
                                    648 ;	genPlus
                                    649 ;	  genPlusInc
      000274 EEr08r00         [ 6]  650 	inc	_atof_iexp_10000_63
                                    651 ;	Raw cost for generated ic 164 : (3, 6.000000) count=1.687337
                                    652 ;	genGoto
      000277 4Cr2Br02         [ 3]  653 	jmp	00116$
                                    654 ;	Raw cost for generated ic 166 : (3, 3.000000) count=1.687337
                                    655 ;	genLabel
      00027A                        656 00114$:
                                    657 ;	Raw cost for generated ic 167 : (0, 0.000000) count=0.562428
                                    658 ;	../_atof.c: 86: value*=10.0;
                                    659 ;	genAssign
                                    660 ;	genAssignLit
      00027A 9Cr00r00         [ 4]  661 	stz	___fsmul_PARM_1
      00027D 9Cr01r00         [ 4]  662 	stz	(___fsmul_PARM_1 + 1)
      000280 A2 20            [ 2]  663 	ldx	#0x20
      000282 8Er02r00         [ 4]  664 	stx	(___fsmul_PARM_1 + 2)
      000285 A2 41            [ 2]  665 	ldx	#0x41
      000287 8Er03r00         [ 4]  666 	stx	(___fsmul_PARM_1 + 3)
                                    667 ;	Raw cost for generated ic 233 : (16, 20.000000) count=0.562428
                                    668 ;	genAssign
                                    669 ;	genCopy
      00028A ADr03r00         [ 4]  670 	lda	(_atof_value_10000_63 + 3)
      00028D 8Dr03r00         [ 4]  671 	sta	(___fsmul_PARM_2 + 3)
      000290 ADr02r00         [ 4]  672 	lda	(_atof_value_10000_63 + 2)
      000293 8Dr02r00         [ 4]  673 	sta	(___fsmul_PARM_2 + 2)
      000296 ADr01r00         [ 4]  674 	lda	(_atof_value_10000_63 + 1)
      000299 8Dr01r00         [ 4]  675 	sta	(___fsmul_PARM_2 + 1)
      00029C ADr00r00         [ 4]  676 	lda	_atof_value_10000_63
      00029F 8Dr00r00         [ 4]  677 	sta	___fsmul_PARM_2
                                    678 ;	Raw cost for generated ic 234 : (24, 32.000000) count=0.562428
                                    679 ;	genCall
      0002A2 20r00r00         [ 6]  680 	jsr	___fsmul
                                    681 ;	assignResultValue
      0002A5 8Dr00r00         [ 4]  682 	sta	_atof_value_10000_63
      0002A8 8Er01r00         [ 4]  683 	stx	(_atof_value_10000_63 + 1)
      0002AB A5*00            [ 3]  684 	lda	*___SDCC_m6502_ret2
      0002AD 8Dr02r00         [ 4]  685 	sta	(_atof_value_10000_63 + 2)
      0002B0 A5*00            [ 3]  686 	lda	*___SDCC_m6502_ret3
      0002B2 8Dr03r00         [ 4]  687 	sta	(_atof_value_10000_63 + 3)
                                    688 ;	Raw cost for generated ic 235 : (19, 28.000000) count=0.562428
                                    689 ;	../_atof.c: 87: iexp--;
                                    690 ;	genMinus
                                    691 ;	  genMinusDec - size=1  icount=1
      0002B5 CEr08r00         [ 6]  692 	dec	_atof_iexp_10000_63
                                    693 ;	Raw cost for generated ic 171 : (3, 6.000000) count=0.562428
                                    694 ;	genGoto
      0002B8 4Cr2Br02         [ 3]  695 	jmp	00116$
                                    696 ;	Raw cost for generated ic 174 : (3, 3.000000) count=0.562428
                                    697 ;	genLabel
      0002BB                        698 00120$:
                                    699 ;	Raw cost for generated ic 176 : (0, 0.000000) count=0.999926
                                    700 ;	../_atof.c: 93: if(sign) value*=-1.0;
                                    701 ;	genIfx
      0002BB ADr09r00         [ 4]  702 	lda	_atof_sign_10000_63
                                    703 ;	genIfxJump : z
      0002BE F0 08            [ 4]  704 	beq	00122$
                                    705 ;	Raw cost for generated ic 177 : (8, 9.600000) count=0.999926
                                    706 ;	genUminus
                                    707 ;	genUminusFloat
      0002C0 ADr03r00         [ 4]  708 	lda	(_atof_value_10000_63 + 3)
      0002C3 49 80            [ 2]  709 	eor	#0x80
      0002C5 8Dr03r00         [ 4]  710 	sta	(_atof_value_10000_63 + 3)
                                    711 ;	Raw cost for generated ic 180 : (8, 10.000000) count=0.749944
                                    712 ;	genLabel
      0002C8                        713 00122$:
                                    714 ;	Raw cost for generated ic 182 : (0, 0.000000) count=0.999926
                                    715 ;	../_atof.c: 94: return (value);
                                    716 ;	genRet
      0002C8 ADr03r00         [ 4]  717 	lda	(_atof_value_10000_63 + 3)
      0002CB 85*00            [ 3]  718 	sta	*___SDCC_m6502_ret3
      0002CD ADr02r00         [ 4]  719 	lda	(_atof_value_10000_63 + 2)
      0002D0 85*00            [ 3]  720 	sta	*___SDCC_m6502_ret2
      0002D2 AEr01r00         [ 4]  721 	ldx	(_atof_value_10000_63 + 1)
      0002D5 ADr00r00         [ 4]  722 	lda	_atof_value_10000_63
                                    723 ;	Raw cost for generated ic 183 : (16, 22.000000) count=0.999926
                                    724 ;	genLabel
                                    725 ;	Raw cost for generated ic 184 : (0, 0.000000) count=0.999926
                                    726 ;	../_atof.c: 95: }
                                    727 ;	genEndFunction
      0002D8 60               [ 6]  728 	rts
                                    729 ;	Raw cost for generated ic 185 : (1, 6.000000) count=0.999926
                                    730 	.area CODE
                                    731 	.area RODATA
                                    732 	.area XINIT
                                    733 	.area CABS    (ABS)
