                                      1 ;--------------------------------------------------------
                                      2 ; File Created by SDCC : free open source ISO C Compiler
                                      3 ; Version 4.5.10 #15691 (Linux)
                                      4 ;--------------------------------------------------------
                                      5 	.module _divulonglong
                                      6 	
      000000                          7 	.r65c02
                                      8 	.optsdcc -mmos65c02
                                      9 
                                     10 ;--------------------------------------------------------
                                     11 ;  Ordering of segments for the linker.
                                     12 ;--------------------------------------------------------
                                     13 	.area ZP      (PAG)
                                     14 	.area OSEG    (PAG, OVR)
                                     15 	.area _CODE
                                     16 	.area GSINIT
                                     17 	.area GSFINAL
                                     18 	.area CODE
                                     19 	.area RODATA
                                     20 	.area XINIT
                                     21 	.area _DATA
                                     22 	.area DATA
                                     23 	.area BSS
                                     24 ;--------------------------------------------------------
                                     25 ; Public variables in this module
                                     26 ;--------------------------------------------------------
                                     27 	.globl __divulonglong_PARM_2
                                     28 	.globl __divulonglong_PARM_1
                                     29 	.globl __divulonglong
                                     30 ;--------------------------------------------------------
                                     31 ; ZP ram data
                                     32 ;--------------------------------------------------------
                                     33 	.area ZP      (PAG)
      000000                         34 __divulonglong_sloc0_1_0:
      000000                         35 	.ds 1
      000001                         36 __divulonglong_sloc1_1_0:
      000001                         37 	.ds 8
                                     38 ;--------------------------------------------------------
                                     39 ; overlayable items in ram
                                     40 ;--------------------------------------------------------
                                     41 ;--------------------------------------------------------
                                     42 ; uninitialized external ram data
                                     43 ;--------------------------------------------------------
                                     44 	.area BSS
      000000                         45 __divulonglong_PARM_1:
      000000                         46 	.ds 8
      000008                         47 __divulonglong_PARM_2:
      000008                         48 	.ds 8
      000010                         49 __divulonglong_reste_10000_2:
      000010                         50 	.ds 8
      000018                         51 __divulonglong_c_10000_2:
      000018                         52 	.ds 1
                                     53 ;--------------------------------------------------------
                                     54 ; absolute external ram data
                                     55 ;--------------------------------------------------------
                                     56 	.area DABS    (ABS)
                                     57 ;--------------------------------------------------------
                                     58 ; initialized external ram data
                                     59 ;--------------------------------------------------------
                                     60 	.area DATA
                                     61 ;--------------------------------------------------------
                                     62 ; global & static initialisations
                                     63 ;--------------------------------------------------------
                                     64 	.area _CODE
                                     65 	.area GSINIT
                                     66 	.area GSFINAL
                                     67 	.area GSINIT
                                     68 ;--------------------------------------------------------
                                     69 ; Home
                                     70 ;--------------------------------------------------------
                                     71 	.area _CODE
                                     72 	.area _CODE
                                     73 ;--------------------------------------------------------
                                     74 ; code
                                     75 ;--------------------------------------------------------
                                     76 	.area CODE
                                     77 ;------------------------------------------------------------
                                     78 ;Allocation info for local variables in function '_divulonglong'
                                     79 ;------------------------------------------------------------
                                     80 ;sloc0         Allocated with name '__divulonglong_sloc0_1_0'
                                     81 ;sloc1         Allocated with name '__divulonglong_sloc1_1_0'
                                     82 ;x             Allocated with name '__divulonglong_PARM_1'
                                     83 ;y             Allocated with name '__divulonglong_PARM_2'
                                     84 ;reste         Allocated with name '__divulonglong_reste_10000_2'
                                     85 ;count         Allocated to registers 
                                     86 ;c             Allocated with name '__divulonglong_c_10000_2'
                                     87 ;------------------------------------------------------------
                                     88 ;	../_divulonglong.c: 39: _divulonglong (unsigned long long x, unsigned long long y) __SDCC_NONBANKED
                                     89 ;	genLabel
                                     90 ;	Raw cost for generated ic 0 : (0, 0.000000) count=1.000000
                                     91 ;	-----------------------------------------
                                     92 ;	 function _divulonglong
                                     93 ;	-----------------------------------------
                                     94 ;	Register assignment is optimal.
                                     95 ;	Stack space usage: 0 bytes.
      000000                         96 __divulonglong:
                                     97 ;	Raw cost for generated ic 1 : (0, 0.000000) count=1.000000
                                     98 ;	../_divulonglong.c: 41: unsigned long long reste = 0L;
                                     99 ;	genAssign
                                    100 ;	genAssignLit
      000000 9Cr10r00         [ 4]  101 	stz	__divulonglong_reste_10000_2
      000003 9Cr11r00         [ 4]  102 	stz	(__divulonglong_reste_10000_2 + 1)
      000006 9Cr12r00         [ 4]  103 	stz	(__divulonglong_reste_10000_2 + 2)
      000009 9Cr13r00         [ 4]  104 	stz	(__divulonglong_reste_10000_2 + 3)
      00000C 9Cr14r00         [ 4]  105 	stz	(__divulonglong_reste_10000_2 + 4)
      00000F 9Cr15r00         [ 4]  106 	stz	(__divulonglong_reste_10000_2 + 5)
      000012 9Cr16r00         [ 4]  107 	stz	(__divulonglong_reste_10000_2 + 6)
      000015 9Cr17r00         [ 4]  108 	stz	(__divulonglong_reste_10000_2 + 7)
                                    109 ;	Raw cost for generated ic 2 : (24, 32.000000) count=1.000000
                                    110 ;	../_divulonglong.c: 45: do
                                    111 ;	genAssign
                                    112 ;	genAssignLit
      000018 A2 40            [ 2]  113 	ldx	#0x40
      00001A 86*00            [ 3]  114 	stx	*__divulonglong_sloc0_1_0
                                    115 ;	Raw cost for generated ic 38 : (4, 5.000000) count=1.000000
                                    116 ;	genLabel
      00001C                        117 00105$:
                                    118 ;	Raw cost for generated ic 4 : (0, 0.000000) count=3.999997
                                    119 ;	../_divulonglong.c: 48: c = MSB_SET(x);
                                    120 ;	genAssign
                                    121 ;	genCopy
      00001C ADr07r00         [ 4]  122 	lda	(__divulonglong_PARM_1 + 7)
      00001F 8Dr07r00         [ 4]  123 	sta	(__srulonglong_PARM_1 + 7)
      000022 ADr06r00         [ 4]  124 	lda	(__divulonglong_PARM_1 + 6)
      000025 8Dr06r00         [ 4]  125 	sta	(__srulonglong_PARM_1 + 6)
      000028 ADr05r00         [ 4]  126 	lda	(__divulonglong_PARM_1 + 5)
      00002B 8Dr05r00         [ 4]  127 	sta	(__srulonglong_PARM_1 + 5)
      00002E ADr04r00         [ 4]  128 	lda	(__divulonglong_PARM_1 + 4)
      000031 8Dr04r00         [ 4]  129 	sta	(__srulonglong_PARM_1 + 4)
      000034 ADr03r00         [ 4]  130 	lda	(__divulonglong_PARM_1 + 3)
      000037 8Dr03r00         [ 4]  131 	sta	(__srulonglong_PARM_1 + 3)
      00003A ADr02r00         [ 4]  132 	lda	(__divulonglong_PARM_1 + 2)
      00003D 8Dr02r00         [ 4]  133 	sta	(__srulonglong_PARM_1 + 2)
      000040 ADr01r00         [ 4]  134 	lda	(__divulonglong_PARM_1 + 1)
      000043 8Dr01r00         [ 4]  135 	sta	(__srulonglong_PARM_1 + 1)
      000046 ADr00r00         [ 4]  136 	lda	__divulonglong_PARM_1
      000049 8Dr00r00         [ 4]  137 	sta	__srulonglong_PARM_1
                                    138 ;	Raw cost for generated ic 44 : (48, 64.000000) count=3.999997
                                    139 ;	genAssign
                                    140 ;	genAssignLit
      00004C A2 3F            [ 2]  141 	ldx	#0x3f
      00004E 8Er00r00         [ 4]  142 	stx	__srulonglong_PARM_2
                                    143 ;	Raw cost for generated ic 45 : (5, 6.000000) count=3.999997
                                    144 ;	genCall
      000051 20r00r00         [ 6]  145 	jsr	__srulonglong
                                    146 ;	assignResultValue
      000054 85*01            [ 3]  147 	sta	*__divulonglong_sloc1_1_0
      000056 86*02            [ 3]  148 	stx	*(__divulonglong_sloc1_1_0 + 1)
      000058 A5*00            [ 3]  149 	lda	*___SDCC_m6502_ret2
      00005A 85*03            [ 3]  150 	sta	*(__divulonglong_sloc1_1_0 + 2)
      00005C A5*00            [ 3]  151 	lda	*___SDCC_m6502_ret3
      00005E 85*04            [ 3]  152 	sta	*(__divulonglong_sloc1_1_0 + 3)
      000060 A5*00            [ 3]  153 	lda	*___SDCC_m6502_ret4
      000062 85*05            [ 3]  154 	sta	*(__divulonglong_sloc1_1_0 + 4)
      000064 A5*00            [ 3]  155 	lda	*___SDCC_m6502_ret5
      000066 85*06            [ 3]  156 	sta	*(__divulonglong_sloc1_1_0 + 5)
      000068 A5*00            [ 3]  157 	lda	*___SDCC_m6502_ret6
      00006A 85*07            [ 3]  158 	sta	*(__divulonglong_sloc1_1_0 + 6)
      00006C A5*00            [ 3]  159 	lda	*___SDCC_m6502_ret7
      00006E 85*08            [ 3]  160 	sta	*(__divulonglong_sloc1_1_0 + 7)
                                    161 ;	Raw cost for generated ic 46 : (31, 48.000000) count=3.999997
                                    162 ;	genAnd
      000070 A5*01            [ 3]  163 	lda	*__divulonglong_sloc1_1_0
      000072 29 01            [ 2]  164 	and	#0x01
      000074 8Dr18r00         [ 4]  165 	sta	__divulonglong_c_10000_2
                                    166 ;	Raw cost for generated ic 6 : (7, 9.000000) count=3.999997
                                    167 ;	../_divulonglong.c: 49: x <<= 1;
                                    168 ;	genAssign
                                    169 ;	genCopy
      000077 ADr07r00         [ 4]  170 	lda	(__divulonglong_PARM_1 + 7)
      00007A 8Dr07r00         [ 4]  171 	sta	(__slulonglong_PARM_1 + 7)
      00007D ADr06r00         [ 4]  172 	lda	(__divulonglong_PARM_1 + 6)
      000080 8Dr06r00         [ 4]  173 	sta	(__slulonglong_PARM_1 + 6)
      000083 ADr05r00         [ 4]  174 	lda	(__divulonglong_PARM_1 + 5)
      000086 8Dr05r00         [ 4]  175 	sta	(__slulonglong_PARM_1 + 5)
      000089 ADr04r00         [ 4]  176 	lda	(__divulonglong_PARM_1 + 4)
      00008C 8Dr04r00         [ 4]  177 	sta	(__slulonglong_PARM_1 + 4)
      00008F ADr03r00         [ 4]  178 	lda	(__divulonglong_PARM_1 + 3)
      000092 8Dr03r00         [ 4]  179 	sta	(__slulonglong_PARM_1 + 3)
      000095 ADr02r00         [ 4]  180 	lda	(__divulonglong_PARM_1 + 2)
      000098 8Dr02r00         [ 4]  181 	sta	(__slulonglong_PARM_1 + 2)
      00009B ADr01r00         [ 4]  182 	lda	(__divulonglong_PARM_1 + 1)
      00009E 8Dr01r00         [ 4]  183 	sta	(__slulonglong_PARM_1 + 1)
      0000A1 ADr00r00         [ 4]  184 	lda	__divulonglong_PARM_1
      0000A4 8Dr00r00         [ 4]  185 	sta	__slulonglong_PARM_1
                                    186 ;	Raw cost for generated ic 47 : (48, 64.000000) count=3.999997
                                    187 ;	genAssign
                                    188 ;	genAssignLit
      0000A7 A2 01            [ 2]  189 	ldx	#0x01
      0000A9 8Er00r00         [ 4]  190 	stx	__slulonglong_PARM_2
                                    191 ;	Raw cost for generated ic 48 : (5, 6.000000) count=3.999997
                                    192 ;	genCall
      0000AC 20r00r00         [ 6]  193 	jsr	__slulonglong
                                    194 ;	assignResultValue
      0000AF 8Dr00r00         [ 4]  195 	sta	__divulonglong_PARM_1
      0000B2 8Er01r00         [ 4]  196 	stx	(__divulonglong_PARM_1 + 1)
      0000B5 A5*00            [ 3]  197 	lda	*___SDCC_m6502_ret2
      0000B7 8Dr02r00         [ 4]  198 	sta	(__divulonglong_PARM_1 + 2)
      0000BA A5*00            [ 3]  199 	lda	*___SDCC_m6502_ret3
      0000BC 8Dr03r00         [ 4]  200 	sta	(__divulonglong_PARM_1 + 3)
      0000BF A5*00            [ 3]  201 	lda	*___SDCC_m6502_ret4
      0000C1 8Dr04r00         [ 4]  202 	sta	(__divulonglong_PARM_1 + 4)
      0000C4 A5*00            [ 3]  203 	lda	*___SDCC_m6502_ret5
      0000C6 8Dr05r00         [ 4]  204 	sta	(__divulonglong_PARM_1 + 5)
      0000C9 A5*00            [ 3]  205 	lda	*___SDCC_m6502_ret6
      0000CB 8Dr06r00         [ 4]  206 	sta	(__divulonglong_PARM_1 + 6)
      0000CE A5*00            [ 3]  207 	lda	*___SDCC_m6502_ret7
      0000D0 8Dr07r00         [ 4]  208 	sta	(__divulonglong_PARM_1 + 7)
                                    209 ;	Raw cost for generated ic 49 : (39, 56.000000) count=3.999997
                                    210 ;	../_divulonglong.c: 50: reste <<= 1;
                                    211 ;	genAssign
                                    212 ;	genCopy
      0000D3 ADr17r00         [ 4]  213 	lda	(__divulonglong_reste_10000_2 + 7)
      0000D6 8Dr07r00         [ 4]  214 	sta	(__slulonglong_PARM_1 + 7)
      0000D9 ADr16r00         [ 4]  215 	lda	(__divulonglong_reste_10000_2 + 6)
      0000DC 8Dr06r00         [ 4]  216 	sta	(__slulonglong_PARM_1 + 6)
      0000DF ADr15r00         [ 4]  217 	lda	(__divulonglong_reste_10000_2 + 5)
      0000E2 8Dr05r00         [ 4]  218 	sta	(__slulonglong_PARM_1 + 5)
      0000E5 ADr14r00         [ 4]  219 	lda	(__divulonglong_reste_10000_2 + 4)
      0000E8 8Dr04r00         [ 4]  220 	sta	(__slulonglong_PARM_1 + 4)
      0000EB ADr13r00         [ 4]  221 	lda	(__divulonglong_reste_10000_2 + 3)
      0000EE 8Dr03r00         [ 4]  222 	sta	(__slulonglong_PARM_1 + 3)
      0000F1 ADr12r00         [ 4]  223 	lda	(__divulonglong_reste_10000_2 + 2)
      0000F4 8Dr02r00         [ 4]  224 	sta	(__slulonglong_PARM_1 + 2)
      0000F7 ADr11r00         [ 4]  225 	lda	(__divulonglong_reste_10000_2 + 1)
      0000FA 8Dr01r00         [ 4]  226 	sta	(__slulonglong_PARM_1 + 1)
      0000FD ADr10r00         [ 4]  227 	lda	__divulonglong_reste_10000_2
      000100 8Dr00r00         [ 4]  228 	sta	__slulonglong_PARM_1
                                    229 ;	Raw cost for generated ic 50 : (48, 64.000000) count=3.999997
                                    230 ;	genAssign
                                    231 ;	genAssignLit
      000103 A2 01            [ 2]  232 	ldx	#0x01
      000105 8Er00r00         [ 4]  233 	stx	__slulonglong_PARM_2
                                    234 ;	Raw cost for generated ic 51 : (5, 6.000000) count=3.999997
                                    235 ;	genCall
      000108 20r00r00         [ 6]  236 	jsr	__slulonglong
                                    237 ;	assignResultValue
      00010B 8Dr10r00         [ 4]  238 	sta	__divulonglong_reste_10000_2
      00010E 8Er11r00         [ 4]  239 	stx	(__divulonglong_reste_10000_2 + 1)
      000111 A5*00            [ 3]  240 	lda	*___SDCC_m6502_ret2
      000113 8Dr12r00         [ 4]  241 	sta	(__divulonglong_reste_10000_2 + 2)
      000116 A5*00            [ 3]  242 	lda	*___SDCC_m6502_ret3
      000118 8Dr13r00         [ 4]  243 	sta	(__divulonglong_reste_10000_2 + 3)
      00011B A5*00            [ 3]  244 	lda	*___SDCC_m6502_ret4
      00011D 8Dr14r00         [ 4]  245 	sta	(__divulonglong_reste_10000_2 + 4)
      000120 A5*00            [ 3]  246 	lda	*___SDCC_m6502_ret5
      000122 8Dr15r00         [ 4]  247 	sta	(__divulonglong_reste_10000_2 + 5)
      000125 A5*00            [ 3]  248 	lda	*___SDCC_m6502_ret6
      000127 8Dr16r00         [ 4]  249 	sta	(__divulonglong_reste_10000_2 + 6)
      00012A A5*00            [ 3]  250 	lda	*___SDCC_m6502_ret7
      00012C 8Dr17r00         [ 4]  251 	sta	(__divulonglong_reste_10000_2 + 7)
                                    252 ;	Raw cost for generated ic 52 : (39, 56.000000) count=3.999997
                                    253 ;	../_divulonglong.c: 51: if (c)
                                    254 ;	genIfx
      00012F ADr18r00         [ 4]  255 	lda	__divulonglong_c_10000_2
                                    256 ;	genIfxJump : z
      000132 F0 08            [ 4]  257 	beq	00102$
                                    258 ;	Raw cost for generated ic 13 : (8, 9.600000) count=3.999997
                                    259 ;	../_divulonglong.c: 52: reste |= 1L;
                                    260 ;	genOr
      000134 ADr10r00         [ 4]  261 	lda	__divulonglong_reste_10000_2
      000137 09 01            [ 2]  262 	ora	#0x01
      000139 8Dr10r00         [ 4]  263 	sta	__divulonglong_reste_10000_2
                                    264 ;	Raw cost for generated ic 16 : (8, 10.000000) count=2.999997
                                    265 ;	genLabel
      00013C                        266 00102$:
                                    267 ;	Raw cost for generated ic 18 : (0, 0.000000) count=3.999996
                                    268 ;	../_divulonglong.c: 54: if (reste >= y)
                                    269 ;	genCmp
      00013C ADr10r00         [ 4]  270 	lda	__divulonglong_reste_10000_2
      00013F 38               [ 2]  271 	sec
      000140 EDr08r00         [ 5]  272 	sbc	__divulonglong_PARM_2
      000143 ADr11r00         [ 4]  273 	lda	(__divulonglong_reste_10000_2 + 1)
      000146 EDr09r00         [ 5]  274 	sbc	(__divulonglong_PARM_2 + 1)
      000149 ADr12r00         [ 4]  275 	lda	(__divulonglong_reste_10000_2 + 2)
      00014C EDr0Ar00         [ 5]  276 	sbc	(__divulonglong_PARM_2 + 2)
      00014F ADr13r00         [ 4]  277 	lda	(__divulonglong_reste_10000_2 + 3)
      000152 EDr0Br00         [ 5]  278 	sbc	(__divulonglong_PARM_2 + 3)
      000155 ADr14r00         [ 4]  279 	lda	(__divulonglong_reste_10000_2 + 4)
      000158 EDr0Cr00         [ 5]  280 	sbc	(__divulonglong_PARM_2 + 4)
      00015B ADr15r00         [ 4]  281 	lda	(__divulonglong_reste_10000_2 + 5)
      00015E EDr0Dr00         [ 5]  282 	sbc	(__divulonglong_PARM_2 + 5)
      000161 ADr16r00         [ 4]  283 	lda	(__divulonglong_reste_10000_2 + 6)
      000164 EDr0Er00         [ 5]  284 	sbc	(__divulonglong_PARM_2 + 6)
      000167 ADr17r00         [ 4]  285 	lda	(__divulonglong_reste_10000_2 + 7)
      00016A EDr0Fr00         [ 5]  286 	sbc	(__divulonglong_PARM_2 + 7)
      00016D 90 51            [ 4]  287 	bcc	00106$
                                    288 ;	Raw cost for generated ic 19 : (54, 71.599998) count=3.999996
                                    289 ;	skipping generated iCode
                                    290 ;	Raw cost for generated ic 20 : (0, 0.000000) count=3.999996
                                    291 ;	../_divulonglong.c: 56: reste -= y;
                                    292 ;	genMinus
      00016F ADr10r00         [ 4]  293 	lda	__divulonglong_reste_10000_2
      000172 38               [ 2]  294 	sec
      000173 EDr08r00         [ 5]  295 	sbc	__divulonglong_PARM_2
      000176 8Dr10r00         [ 4]  296 	sta	__divulonglong_reste_10000_2
      000179 ADr11r00         [ 4]  297 	lda	(__divulonglong_reste_10000_2 + 1)
      00017C EDr09r00         [ 5]  298 	sbc	(__divulonglong_PARM_2 + 1)
      00017F 8Dr11r00         [ 4]  299 	sta	(__divulonglong_reste_10000_2 + 1)
      000182 ADr12r00         [ 4]  300 	lda	(__divulonglong_reste_10000_2 + 2)
      000185 EDr0Ar00         [ 5]  301 	sbc	(__divulonglong_PARM_2 + 2)
      000188 8Dr12r00         [ 4]  302 	sta	(__divulonglong_reste_10000_2 + 2)
      00018B ADr13r00         [ 4]  303 	lda	(__divulonglong_reste_10000_2 + 3)
      00018E EDr0Br00         [ 5]  304 	sbc	(__divulonglong_PARM_2 + 3)
      000191 8Dr13r00         [ 4]  305 	sta	(__divulonglong_reste_10000_2 + 3)
      000194 ADr14r00         [ 4]  306 	lda	(__divulonglong_reste_10000_2 + 4)
      000197 EDr0Cr00         [ 5]  307 	sbc	(__divulonglong_PARM_2 + 4)
      00019A 8Dr14r00         [ 4]  308 	sta	(__divulonglong_reste_10000_2 + 4)
      00019D ADr15r00         [ 4]  309 	lda	(__divulonglong_reste_10000_2 + 5)
      0001A0 EDr0Dr00         [ 5]  310 	sbc	(__divulonglong_PARM_2 + 5)
      0001A3 8Dr15r00         [ 4]  311 	sta	(__divulonglong_reste_10000_2 + 5)
      0001A6 ADr16r00         [ 4]  312 	lda	(__divulonglong_reste_10000_2 + 6)
      0001A9 EDr0Er00         [ 5]  313 	sbc	(__divulonglong_PARM_2 + 6)
      0001AC 8Dr16r00         [ 4]  314 	sta	(__divulonglong_reste_10000_2 + 6)
      0001AF ADr17r00         [ 4]  315 	lda	(__divulonglong_reste_10000_2 + 7)
      0001B2 EDr0Fr00         [ 5]  316 	sbc	(__divulonglong_PARM_2 + 7)
      0001B5 8Dr17r00         [ 4]  317 	sta	(__divulonglong_reste_10000_2 + 7)
                                    318 ;	Raw cost for generated ic 23 : (73, 98.000000) count=2.999997
                                    319 ;	../_divulonglong.c: 58: x |= 1L;
                                    320 ;	genOr
      0001B8 ADr00r00         [ 4]  321 	lda	__divulonglong_PARM_1
      0001BB 09 01            [ 2]  322 	ora	#0x01
      0001BD 8Dr00r00         [ 4]  323 	sta	__divulonglong_PARM_1
                                    324 ;	Raw cost for generated ic 25 : (8, 10.000000) count=2.999997
                                    325 ;	genLabel
      0001C0                        326 00106$:
                                    327 ;	Raw cost for generated ic 28 : (0, 0.000000) count=3.999996
                                    328 ;	../_divulonglong.c: 61: while (--count);
                                    329 ;	genMinus
                                    330 ;	  genMinusDec - size=1  icount=1
      0001C0 C6*00            [ 5]  331 	dec	*__divulonglong_sloc0_1_0
                                    332 ;	Raw cost for generated ic 29 : (2, 5.000000) count=3.999996
                                    333 ;	genIfx
      0001C2 A5*00            [ 3]  334 	lda	*__divulonglong_sloc0_1_0
                                    335 ;	genIfxJump : z
      0001C4 F0 03            [ 4]  336 	beq	00139$
      0001C6 4Cr1Cr00         [ 3]  337 	jmp	00105$
      0001C9                        338 00139$:
                                    339 ;	Raw cost for generated ic 31 : (7, 8.600000) count=3.999996
                                    340 ;	../_divulonglong.c: 62: return x;
                                    341 ;	genRet
      0001C9 ADr07r00         [ 4]  342 	lda	(__divulonglong_PARM_1 + 7)
      0001CC 85*00            [ 3]  343 	sta	*___SDCC_m6502_ret7
      0001CE ADr06r00         [ 4]  344 	lda	(__divulonglong_PARM_1 + 6)
      0001D1 85*00            [ 3]  345 	sta	*___SDCC_m6502_ret6
      0001D3 ADr05r00         [ 4]  346 	lda	(__divulonglong_PARM_1 + 5)
      0001D6 85*00            [ 3]  347 	sta	*___SDCC_m6502_ret5
      0001D8 ADr04r00         [ 4]  348 	lda	(__divulonglong_PARM_1 + 4)
      0001DB 85*00            [ 3]  349 	sta	*___SDCC_m6502_ret4
      0001DD ADr03r00         [ 4]  350 	lda	(__divulonglong_PARM_1 + 3)
      0001E0 85*00            [ 3]  351 	sta	*___SDCC_m6502_ret3
      0001E2 ADr02r00         [ 4]  352 	lda	(__divulonglong_PARM_1 + 2)
      0001E5 85*00            [ 3]  353 	sta	*___SDCC_m6502_ret2
      0001E7 AEr01r00         [ 4]  354 	ldx	(__divulonglong_PARM_1 + 1)
      0001EA ADr00r00         [ 4]  355 	lda	__divulonglong_PARM_1
                                    356 ;	Raw cost for generated ic 34 : (36, 50.000000) count=0.999998
                                    357 ;	genLabel
                                    358 ;	Raw cost for generated ic 35 : (0, 0.000000) count=0.999998
                                    359 ;	../_divulonglong.c: 63: }
                                    360 ;	genEndFunction
      0001ED 60               [ 6]  361 	rts
                                    362 ;	Raw cost for generated ic 36 : (1, 6.000000) count=0.999998
                                    363 	.area CODE
                                    364 	.area RODATA
                                    365 	.area XINIT
                                    366 	.area CABS    (ABS)
