                                      1 ;--------------------------------------------------------
                                      2 ; File Created by SDCC : free open source ISO C Compiler
                                      3 ; Version 4.5.10 #15691 (Linux)
                                      4 ;--------------------------------------------------------
                                      5 	.module _divschar
                                      6 	
      000000                          7 	.r65c02
                                      8 	.optsdcc -mmos65c02
                                      9 
                                     10 ;--------------------------------------------------------
                                     11 ;  Ordering of segments for the linker.
                                     12 ;--------------------------------------------------------
                                     13 	.area ZP      (PAG)
                                     14 	.area OSEG    (PAG, OVR)
                                     15 	.area _CODE
                                     16 	.area GSINIT
                                     17 	.area GSFINAL
                                     18 	.area CODE
                                     19 	.area RODATA
                                     20 	.area XINIT
                                     21 	.area _DATA
                                     22 	.area DATA
                                     23 	.area BSS
                                     24 ;--------------------------------------------------------
                                     25 ; Public variables in this module
                                     26 ;--------------------------------------------------------
                                     27 	.globl __divschar
                                     28 	.globl __divuschar
                                     29 	.globl __divsuchar
                                     30 ;--------------------------------------------------------
                                     31 ; ZP ram data
                                     32 ;--------------------------------------------------------
                                     33 	.area ZP      (PAG)
                                     34 ;--------------------------------------------------------
                                     35 ; overlayable items in ram
                                     36 ;--------------------------------------------------------
                                     37 ;--------------------------------------------------------
                                     38 ; uninitialized external ram data
                                     39 ;--------------------------------------------------------
                                     40 	.area BSS
                                     41 ;--------------------------------------------------------
                                     42 ; absolute external ram data
                                     43 ;--------------------------------------------------------
                                     44 	.area DABS    (ABS)
                                     45 ;--------------------------------------------------------
                                     46 ; initialized external ram data
                                     47 ;--------------------------------------------------------
                                     48 	.area DATA
                                     49 ;--------------------------------------------------------
                                     50 ; global & static initialisations
                                     51 ;--------------------------------------------------------
                                     52 	.area _CODE
                                     53 	.area GSINIT
                                     54 	.area GSFINAL
                                     55 	.area GSINIT
                                     56 ;--------------------------------------------------------
                                     57 ; Home
                                     58 ;--------------------------------------------------------
                                     59 	.area _CODE
                                     60 	.area _CODE
                                     61 ;--------------------------------------------------------
                                     62 ; code
                                     63 ;--------------------------------------------------------
                                     64 	.area CODE
                                     65 ;------------------------------------------------------------
                                     66 ;Allocation info for local variables in function '_divschar'
                                     67 ;------------------------------------------------------------
                                     68 ;y             Allocated to registers y 
                                     69 ;x             Allocated to registers a 
                                     70 ;------------------------------------------------------------
                                     71 ;	../_divschar.c: 31: _divschar (signed char x, signed char y)
                                     72 ;	genLabel
                                     73 ;	Raw cost for generated ic 0 : (0, 0.000000) count=1.000000
                                     74 ;	-----------------------------------------
                                     75 ;	 function _divschar
                                     76 ;	-----------------------------------------
                                     77 ;	Register assignment is optimal.
                                     78 ;	Stack space usage: 0 bytes.
      000000                         79 __divschar:
                                     80 ;	Raw cost for generated ic 1 : (0, 0.000000) count=1.000000
                                     81 ;	genReceive
                                     82 ;	Raw cost for generated ic 2 : (0, 0.000000) count=1.000000
                                     83 ;	genReceive
      000000 DA               [ 3]   84 	phx
      000001 7A               [ 4]   85 	ply
                                     86 ;	Raw cost for generated ic 3 : (2, 7.000000) count=1.000000
                                     87 ;	../_divschar.c: 33: return ((int)x / (int)y);
                                     88 ;	genCast
                                     89 ;	genCopy
      000002 A2 00            [ 2]   90 	ldx	#0x00
      000004 C9 00            [ 2]   91 	cmp	#0x00
      000006 10 01            [ 4]   92 	bpl	00103$
      000008 CA               [ 2]   93 	dex
      000009                         94 00103$:
                                     95 ;	Raw cost for generated ic 4 : (7, 8.600000) count=1.000000
                                     96 ;	genCast
      000009 48               [ 3]   97 	pha
      00000A 98               [ 2]   98 	tya
      00000B 8Dr00r00         [ 4]   99 	sta	__divsint_PARM_2
      00000E 0A               [ 2]  100 	asl	a
      00000F A9 00            [ 2]  101 	lda	#0x00
      000011 69 FF            [ 3]  102 	adc	#0xff
      000013 49 FF            [ 2]  103 	eor	#0xff
      000015 8Dr01r00         [ 4]  104 	sta	(__divsint_PARM_2 + 1)
      000018 68               [ 4]  105 	pla
                                    106 ;	Raw cost for generated ic 5 : (16, 25.000000) count=1.000000
                                    107 ;	Raw cost for generated ic 10 : (0, 0.000000) count=1.000000
                                    108 ;	genCall
                                    109 ;	genSend
                                    110 ;	assignResultValue
                                    111 ;	Raw cost for generated ic 12 : (3, 6.000000) count=1.000000
                                    112 ;	genRet
                                    113 ;	Raw cost for generated ic 7 : (0, 0.000000) count=1.000000
                                    114 ;	genLabel
                                    115 ;	Raw cost for generated ic 8 : (0, 0.000000) count=1.000000
                                    116 ;	../_divschar.c: 34: }
                                    117 ;	genEndFunction
      000019 4Cr00r00         [ 3]  118 	jmp	__divsint
                                    119 ;	Raw cost for generated ic 9 : (1, 6.000000) count=1.000000
                                    120 ;------------------------------------------------------------
                                    121 ;Allocation info for local variables in function '_divuschar'
                                    122 ;------------------------------------------------------------
                                    123 ;y             Allocated to registers y 
                                    124 ;x             Allocated to registers a 
                                    125 ;------------------------------------------------------------
                                    126 ;	../_divschar.c: 37: _divuschar (unsigned char x, unsigned char y)
                                    127 ;	genLabel
                                    128 ;	Raw cost for generated ic 0 : (0, 0.000000) count=1.000000
                                    129 ;	-----------------------------------------
                                    130 ;	 function _divuschar
                                    131 ;	-----------------------------------------
                                    132 ;	Register assignment is optimal.
                                    133 ;	Stack space usage: 0 bytes.
      00001C                        134 __divuschar:
                                    135 ;	Raw cost for generated ic 1 : (0, 0.000000) count=1.000000
                                    136 ;	genReceive
                                    137 ;	Raw cost for generated ic 2 : (0, 0.000000) count=1.000000
                                    138 ;	genReceive
      00001C DA               [ 3]  139 	phx
      00001D 7A               [ 4]  140 	ply
                                    141 ;	Raw cost for generated ic 3 : (2, 7.000000) count=1.000000
                                    142 ;	../_divschar.c: 39: return ((int)((signed char)x) / (int)y);
                                    143 ;	genCast
                                    144 ;	genCopy
                                    145 ;	Raw cost for generated ic 4 : (0, 0.000000) count=1.000000
                                    146 ;	genCast
                                    147 ;	genCopy
      00001E A2 00            [ 2]  148 	ldx	#0x00
      000020 C9 00            [ 2]  149 	cmp	#0x00
      000022 10 01            [ 4]  150 	bpl	00103$
      000024 CA               [ 2]  151 	dex
      000025                        152 00103$:
                                    153 ;	Raw cost for generated ic 5 : (7, 8.600000) count=1.000000
                                    154 ;	genCast
                                    155 ;	genCopy
      000025 9Cr01r00         [ 4]  156 	stz	(__divsint_PARM_2 + 1)
      000028 8Cr00r00         [ 4]  157 	sty	__divsint_PARM_2
                                    158 ;	Raw cost for generated ic 6 : (6, 8.000000) count=1.000000
                                    159 ;	Raw cost for generated ic 11 : (0, 0.000000) count=1.000000
                                    160 ;	genCall
                                    161 ;	genSend
                                    162 ;	assignResultValue
                                    163 ;	Raw cost for generated ic 13 : (3, 6.000000) count=1.000000
                                    164 ;	genRet
                                    165 ;	Raw cost for generated ic 8 : (0, 0.000000) count=1.000000
                                    166 ;	genLabel
                                    167 ;	Raw cost for generated ic 9 : (0, 0.000000) count=1.000000
                                    168 ;	../_divschar.c: 40: }
                                    169 ;	genEndFunction
      00002B 4Cr00r00         [ 3]  170 	jmp	__divsint
                                    171 ;	Raw cost for generated ic 10 : (1, 6.000000) count=1.000000
                                    172 ;------------------------------------------------------------
                                    173 ;Allocation info for local variables in function '_divsuchar'
                                    174 ;------------------------------------------------------------
                                    175 ;y             Allocated to registers y 
                                    176 ;x             Allocated to registers a 
                                    177 ;------------------------------------------------------------
                                    178 ;	../_divschar.c: 43: _divsuchar (signed char x, signed char y)
                                    179 ;	genLabel
                                    180 ;	Raw cost for generated ic 0 : (0, 0.000000) count=1.000000
                                    181 ;	-----------------------------------------
                                    182 ;	 function _divsuchar
                                    183 ;	-----------------------------------------
                                    184 ;	Register assignment is optimal.
                                    185 ;	Stack space usage: 0 bytes.
      00002E                        186 __divsuchar:
                                    187 ;	Raw cost for generated ic 1 : (0, 0.000000) count=1.000000
                                    188 ;	genReceive
                                    189 ;	Raw cost for generated ic 2 : (0, 0.000000) count=1.000000
                                    190 ;	genReceive
      00002E DA               [ 3]  191 	phx
      00002F 7A               [ 4]  192 	ply
                                    193 ;	Raw cost for generated ic 3 : (2, 7.000000) count=1.000000
                                    194 ;	../_divschar.c: 45: return ((int)((unsigned char)x) / (int)y);
                                    195 ;	genCast
                                    196 ;	genCopy
                                    197 ;	Raw cost for generated ic 4 : (0, 0.000000) count=1.000000
                                    198 ;	genCast
                                    199 ;	genCopy
      000030 A2 00            [ 2]  200 	ldx	#0x00
                                    201 ;	Raw cost for generated ic 5 : (2, 2.000000) count=1.000000
                                    202 ;	genCast
      000032 48               [ 3]  203 	pha
      000033 98               [ 2]  204 	tya
      000034 8Dr00r00         [ 4]  205 	sta	__divsint_PARM_2
      000037 0A               [ 2]  206 	asl	a
      000038 8A               [ 2]  207 	txa
      000039 69 FF            [ 3]  208 	adc	#0xff
      00003B 49 FF            [ 2]  209 	eor	#0xff
      00003D 8Dr01r00         [ 4]  210 	sta	(__divsint_PARM_2 + 1)
      000040 68               [ 4]  211 	pla
                                    212 ;	Raw cost for generated ic 6 : (15, 25.000000) count=1.000000
                                    213 ;	Raw cost for generated ic 11 : (0, 0.000000) count=1.000000
                                    214 ;	genCall
                                    215 ;	genSend
                                    216 ;	assignResultValue
                                    217 ;	Raw cost for generated ic 13 : (3, 6.000000) count=1.000000
                                    218 ;	genRet
                                    219 ;	Raw cost for generated ic 8 : (0, 0.000000) count=1.000000
                                    220 ;	genLabel
                                    221 ;	Raw cost for generated ic 9 : (0, 0.000000) count=1.000000
                                    222 ;	../_divschar.c: 46: }
                                    223 ;	genEndFunction
      000041 4Cr00r00         [ 3]  224 	jmp	__divsint
                                    225 ;	Raw cost for generated ic 10 : (1, 6.000000) count=1.000000
                                    226 	.area CODE
                                    227 	.area RODATA
                                    228 	.area XINIT
                                    229 	.area CABS    (ABS)
