                                      1 ;--------------------------------------------------------
                                      2 ; File Created by SDCC : free open source ISO C Compiler
                                      3 ; Version 4.5.10 #15691 (Linux)
                                      4 ;--------------------------------------------------------
                                      5 	.module _divuchar
                                      6 	
      000000                          7 	.r65c02
                                      8 	.optsdcc -mmos65c02
                                      9 
                                     10 ;--------------------------------------------------------
                                     11 ;  Ordering of segments for the linker.
                                     12 ;--------------------------------------------------------
                                     13 	.area ZP      (PAG)
                                     14 	.area OSEG    (PAG, OVR)
                                     15 	.area _CODE
                                     16 	.area GSINIT
                                     17 	.area GSFINAL
                                     18 	.area CODE
                                     19 	.area RODATA
                                     20 	.area XINIT
                                     21 	.area _DATA
                                     22 	.area DATA
                                     23 	.area BSS
                                     24 ;--------------------------------------------------------
                                     25 ; Public variables in this module
                                     26 ;--------------------------------------------------------
                                     27 	.globl __divuchar
                                     28 ;--------------------------------------------------------
                                     29 ; ZP ram data
                                     30 ;--------------------------------------------------------
                                     31 	.area ZP      (PAG)
                                     32 ;--------------------------------------------------------
                                     33 ; overlayable items in ram
                                     34 ;--------------------------------------------------------
                                     35 ;--------------------------------------------------------
                                     36 ; uninitialized external ram data
                                     37 ;--------------------------------------------------------
                                     38 	.area BSS
      000000                         39 __divuchar_tx_10000_2:
      000000                         40 	.ds 2
      000002                         41 __divuchar_ty_10000_2:
      000002                         42 	.ds 2
                                     43 ;--------------------------------------------------------
                                     44 ; absolute external ram data
                                     45 ;--------------------------------------------------------
                                     46 	.area DABS    (ABS)
                                     47 ;--------------------------------------------------------
                                     48 ; initialized external ram data
                                     49 ;--------------------------------------------------------
                                     50 	.area DATA
                                     51 ;--------------------------------------------------------
                                     52 ; global & static initialisations
                                     53 ;--------------------------------------------------------
                                     54 	.area _CODE
                                     55 	.area GSINIT
                                     56 	.area GSFINAL
                                     57 	.area GSINIT
                                     58 ;--------------------------------------------------------
                                     59 ; Home
                                     60 ;--------------------------------------------------------
                                     61 	.area _CODE
                                     62 	.area _CODE
                                     63 ;--------------------------------------------------------
                                     64 ; code
                                     65 ;--------------------------------------------------------
                                     66 	.area CODE
                                     67 ;------------------------------------------------------------
                                     68 ;Allocation info for local variables in function '_divuchar'
                                     69 ;------------------------------------------------------------
                                     70 ;y             Allocated to registers x 
                                     71 ;x             Allocated to registers a 
                                     72 ;tx            Allocated with name '__divuchar_tx_10000_2'
                                     73 ;ty            Allocated with name '__divuchar_ty_10000_2'
                                     74 ;------------------------------------------------------------
                                     75 ;	../_divuchar.c: 31: _divuchar (unsigned char x, unsigned char y)
                                     76 ;	genLabel
                                     77 ;	Raw cost for generated ic 0 : (0, 0.000000) count=1.000000
                                     78 ;	-----------------------------------------
                                     79 ;	 function _divuchar
                                     80 ;	-----------------------------------------
                                     81 ;	Register assignment is optimal.
                                     82 ;	Stack space usage: 0 bytes.
      000000                         83 __divuchar:
                                     84 ;	Raw cost for generated ic 1 : (0, 0.000000) count=1.000000
                                     85 ;	genReceive
                                     86 ;	Raw cost for generated ic 2 : (0, 0.000000) count=1.000000
                                     87 ;	genReceive
                                     88 ;	Raw cost for generated ic 3 : (0, 0.000000) count=1.000000
                                     89 ;	../_divuchar.c: 34: volatile unsigned int tx = x;
                                     90 ;	genCast
      000000 8Dr00r00         [ 4]   91 	sta	__divuchar_tx_10000_2
      000003 A0 00            [ 2]   92 	ldy	#0x00
      000005 8Cr01r00         [ 4]   93 	sty	(__divuchar_tx_10000_2 + 1)
                                     94 ;	Raw cost for generated ic 4 : (8, 10.000000) count=1.000000
                                     95 ;	../_divuchar.c: 35: volatile unsigned int ty = y;
                                     96 ;	genCast
                                     97 ;	genCopy
      000008 8Cr03r00         [ 4]   98 	sty	(__divuchar_ty_10000_2 + 1)
      00000B 8Er02r00         [ 4]   99 	stx	__divuchar_ty_10000_2
                                    100 ;	Raw cost for generated ic 6 : (6, 8.000000) count=1.000000
                                    101 ;	../_divuchar.c: 36: return (tx / ty);
                                    102 ;	genAssign
                                    103 ;	genCopy
      00000E ADr03r00         [ 4]  104 	lda	(__divuchar_ty_10000_2 + 1)
      000011 8Dr01r00         [ 4]  105 	sta	(__divuint_PARM_2 + 1)
      000014 ADr02r00         [ 4]  106 	lda	__divuchar_ty_10000_2
      000017 8Dr00r00         [ 4]  107 	sta	__divuint_PARM_2
                                    108 ;	Raw cost for generated ic 13 : (12, 16.000000) count=1.000000
                                    109 ;	Raw cost for generated ic 12 : (0, 0.000000) count=1.000000
                                    110 ;	genCall
                                    111 ;	genSend
      00001A ADr00r00         [ 4]  112 	lda	__divuchar_tx_10000_2
      00001D AEr01r00         [ 4]  113 	ldx	(__divuchar_tx_10000_2 + 1)
                                    114 ;	assignResultValue
                                    115 ;	Raw cost for generated ic 14 : (9, 14.000000) count=1.000000
                                    116 ;	genRet
                                    117 ;	Raw cost for generated ic 9 : (0, 0.000000) count=1.000000
                                    118 ;	genLabel
                                    119 ;	Raw cost for generated ic 10 : (0, 0.000000) count=1.000000
                                    120 ;	../_divuchar.c: 37: }
                                    121 ;	genEndFunction
      000020 4Cr00r00         [ 3]  122 	jmp	__divuint
                                    123 ;	Raw cost for generated ic 11 : (1, 6.000000) count=1.000000
                                    124 	.area CODE
                                    125 	.area RODATA
                                    126 	.area XINIT
                                    127 	.area CABS    (ABS)
