                                      1 ;--------------------------------------------------------
                                      2 ; File Created by SDCC : free open source ISO C Compiler
                                      3 ; Version 4.5.10 #15691 (Linux)
                                      4 ;--------------------------------------------------------
                                      5 	.module _fs2sint
                                      6 	
      000000                          7 	.r65c02
                                      8 	.optsdcc -mmos65c02
                                      9 
                                     10 ;--------------------------------------------------------
                                     11 ;  Ordering of segments for the linker.
                                     12 ;--------------------------------------------------------
                                     13 	.area ZP      (PAG)
                                     14 	.area OSEG    (PAG, OVR)
                                     15 	.area _CODE
                                     16 	.area GSINIT
                                     17 	.area GSFINAL
                                     18 	.area CODE
                                     19 	.area RODATA
                                     20 	.area XINIT
                                     21 	.area _DATA
                                     22 	.area DATA
                                     23 	.area BSS
                                     24 ;--------------------------------------------------------
                                     25 ; Public variables in this module
                                     26 ;--------------------------------------------------------
                                     27 	.globl ___fs2slong
                                     28 	.globl ___fs2sint_PARM_1
                                     29 	.globl ___fs2sint
                                     30 ;--------------------------------------------------------
                                     31 ; ZP ram data
                                     32 ;--------------------------------------------------------
                                     33 	.area ZP      (PAG)
      000000                         34 ___fs2sint_sloc0_1_0:
      000000                         35 	.ds 4
                                     36 ;--------------------------------------------------------
                                     37 ; overlayable items in ram
                                     38 ;--------------------------------------------------------
                                     39 ;--------------------------------------------------------
                                     40 ; uninitialized external ram data
                                     41 ;--------------------------------------------------------
                                     42 	.area BSS
      000000                         43 ___fs2sint_PARM_1:
      000000                         44 	.ds 4
                                     45 ;--------------------------------------------------------
                                     46 ; absolute external ram data
                                     47 ;--------------------------------------------------------
                                     48 	.area DABS    (ABS)
                                     49 ;--------------------------------------------------------
                                     50 ; initialized external ram data
                                     51 ;--------------------------------------------------------
                                     52 	.area DATA
                                     53 ;--------------------------------------------------------
                                     54 ; global & static initialisations
                                     55 ;--------------------------------------------------------
                                     56 	.area _CODE
                                     57 	.area GSINIT
                                     58 	.area GSFINAL
                                     59 	.area GSINIT
                                     60 ;--------------------------------------------------------
                                     61 ; Home
                                     62 ;--------------------------------------------------------
                                     63 	.area _CODE
                                     64 	.area _CODE
                                     65 ;--------------------------------------------------------
                                     66 ; code
                                     67 ;--------------------------------------------------------
                                     68 	.area CODE
                                     69 ;------------------------------------------------------------
                                     70 ;Allocation info for local variables in function '__fs2sint'
                                     71 ;------------------------------------------------------------
                                     72 ;sloc0         Allocated with name '___fs2sint_sloc0_1_0'
                                     73 ;f             Allocated with name '___fs2sint_PARM_1'
                                     74 ;sl            Allocated with name '___fs2sint_sl_10000_21'
                                     75 ;------------------------------------------------------------
                                     76 ;	../_fs2sint.c: 81: signed int __fs2sint (float f) __SDCC_FLOAT_NONBANKED
                                     77 ;	genLabel
                                     78 ;	Raw cost for generated ic 0 : (0, 0.000000) count=1.000000
                                     79 ;	-----------------------------------------
                                     80 ;	 function __fs2sint
                                     81 ;	-----------------------------------------
                                     82 ;	Register assignment is optimal.
                                     83 ;	Stack space usage: 0 bytes.
      000000                         84 ___fs2sint:
                                     85 ;	Raw cost for generated ic 1 : (0, 0.000000) count=1.000000
                                     86 ;	../_fs2sint.c: 83: signed long sl=__fs2slong(f);
                                     87 ;	genAssign
                                     88 ;	genCopy
      000000 ADr03r00         [ 4]   89 	lda	(___fs2sint_PARM_1 + 3)
      000003 8Dr03r00         [ 4]   90 	sta	(___fs2slong_PARM_1 + 3)
      000006 ADr02r00         [ 4]   91 	lda	(___fs2sint_PARM_1 + 2)
      000009 8Dr02r00         [ 4]   92 	sta	(___fs2slong_PARM_1 + 2)
      00000C ADr01r00         [ 4]   93 	lda	(___fs2sint_PARM_1 + 1)
      00000F 8Dr01r00         [ 4]   94 	sta	(___fs2slong_PARM_1 + 1)
      000012 ADr00r00         [ 4]   95 	lda	___fs2sint_PARM_1
      000015 8Dr00r00         [ 4]   96 	sta	___fs2slong_PARM_1
                                     97 ;	Raw cost for generated ic 2 : (24, 32.000000) count=1.000000
                                     98 ;	genCall
      000018 20r00r00         [ 6]   99 	jsr	___fs2slong
                                    100 ;	assignResultValue
      00001B 85*00            [ 3]  101 	sta	*___fs2sint_sloc0_1_0
      00001D 86*01            [ 3]  102 	stx	*(___fs2sint_sloc0_1_0 + 1)
      00001F A5*00            [ 3]  103 	lda	*___SDCC_m6502_ret2
      000021 85*02            [ 3]  104 	sta	*(___fs2sint_sloc0_1_0 + 2)
      000023 A5*00            [ 3]  105 	lda	*___SDCC_m6502_ret3
      000025 85*03            [ 3]  106 	sta	*(___fs2sint_sloc0_1_0 + 3)
                                    107 ;	Raw cost for generated ic 3 : (15, 24.000000) count=1.000000
                                    108 ;	../_fs2sint.c: 84: if (sl>=INT_MAX)
                                    109 ;	genCmp
      000027 A5*00            [ 3]  110 	lda	*___fs2sint_sloc0_1_0
      000029 38               [ 2]  111 	sec
      00002A E9 FF            [ 3]  112 	sbc	#0xff
      00002C 8A               [ 2]  113 	txa
      00002D E9 7F            [ 3]  114 	sbc	#0x7f
      00002F A5*02            [ 3]  115 	lda	*(___fs2sint_sloc0_1_0 + 2)
      000031 E9 00            [ 3]  116 	sbc	#0x00
      000033 A5*03            [ 3]  117 	lda	*(___fs2sint_sloc0_1_0 + 3)
      000035 E9 00            [ 3]  118 	sbc	#0x00
      000037 70 04            [ 4]  119 	bvs	00120$
      000039 10 04            [ 4]  120 	bpl	00119$
      00003B 30 07            [ 4]  121 	bmi	00102$
      00003D                        122 00120$:
      00003D 10 05            [ 4]  123 	bpl	00102$
      00003F                        124 00119$:
                                    125 ;	Raw cost for generated ic 5 : (27, 34.400002) count=1.000000
                                    126 ;	skipping generated iCode
                                    127 ;	Raw cost for generated ic 6 : (0, 0.000000) count=1.000000
                                    128 ;	../_fs2sint.c: 85: return INT_MAX;
                                    129 ;	genRet
      00003F A9 FF            [ 2]  130 	lda	#0xff
      000041 A2 7F            [ 2]  131 	ldx	#0x7f
      000043 60               [ 6]  132 	rts
                                    133 ;	Raw cost for generated ic 9 : (7, 7.000000) count=0.750000
                                    134 ;	genLabel
      000044                        135 00102$:
                                    136 ;	Raw cost for generated ic 10 : (0, 0.000000) count=1.000000
                                    137 ;	../_fs2sint.c: 86: if (sl<=INT_MIN)
                                    138 ;	genCmp
      000044 A9 00            [ 2]  139 	lda	#0x00
      000046 38               [ 2]  140 	sec
      000047 E5*00            [ 4]  141 	sbc	*___fs2sint_sloc0_1_0
      000049 A9 80            [ 2]  142 	lda	#0x80
      00004B E5*01            [ 4]  143 	sbc	*(___fs2sint_sloc0_1_0 + 1)
      00004D A9 FF            [ 2]  144 	lda	#0xff
      00004F E5*02            [ 4]  145 	sbc	*(___fs2sint_sloc0_1_0 + 2)
      000051 A9 FF            [ 2]  146 	lda	#0xff
      000053 E5*03            [ 4]  147 	sbc	*(___fs2sint_sloc0_1_0 + 3)
      000055 70 04            [ 4]  148 	bvs	00123$
      000057 10 04            [ 4]  149 	bpl	00122$
      000059 30 07            [ 4]  150 	bmi	00104$
      00005B                        151 00123$:
      00005B 10 05            [ 4]  152 	bpl	00104$
      00005D                        153 00122$:
                                    154 ;	Raw cost for generated ic 11 : (28, 35.400002) count=1.000000
                                    155 ;	skipping generated iCode
                                    156 ;	Raw cost for generated ic 12 : (0, 0.000000) count=1.000000
                                    157 ;	../_fs2sint.c: 87: return -INT_MIN;
                                    158 ;	genRet
      00005D A9 00            [ 2]  159 	lda	#0x00
      00005F A2 80            [ 2]  160 	ldx	#0x80
      000061 60               [ 6]  161 	rts
                                    162 ;	Raw cost for generated ic 15 : (7, 7.000000) count=0.750000
                                    163 ;	genLabel
      000062                        164 00104$:
                                    165 ;	Raw cost for generated ic 16 : (0, 0.000000) count=1.000000
                                    166 ;	../_fs2sint.c: 88: return sl;
                                    167 ;	genCast
                                    168 ;	genCopy
      000062 A6*01            [ 3]  169 	ldx	*(___fs2sint_sloc0_1_0 + 1)
      000064 A5*00            [ 3]  170 	lda	*___fs2sint_sloc0_1_0
                                    171 ;	Raw cost for generated ic 17 : (4, 6.000000) count=1.000000
                                    172 ;	genRet
                                    173 ;	Raw cost for generated ic 18 : (0, 0.000000) count=1.000000
                                    174 ;	genLabel
                                    175 ;	Raw cost for generated ic 19 : (0, 0.000000) count=1.000000
                                    176 ;	../_fs2sint.c: 89: }
                                    177 ;	genEndFunction
      000066 60               [ 6]  178 	rts
                                    179 ;	Raw cost for generated ic 20 : (1, 6.000000) count=1.000000
                                    180 	.area CODE
                                    181 	.area RODATA
                                    182 	.area XINIT
                                    183 	.area CABS    (ABS)
