                                      1 ;--------------------------------------------------------
                                      2 ; File Created by SDCC : free open source ISO C Compiler
                                      3 ; Version 4.5.10 #15691 (Linux)
                                      4 ;--------------------------------------------------------
                                      5 	.module _fs2slong
                                      6 	
      000000                          7 	.r65c02
                                      8 	.optsdcc -mmos65c02
                                      9 
                                     10 ;--------------------------------------------------------
                                     11 ;  Ordering of segments for the linker.
                                     12 ;--------------------------------------------------------
                                     13 	.area ZP      (PAG)
                                     14 	.area OSEG    (PAG, OVR)
                                     15 	.area _CODE
                                     16 	.area GSINIT
                                     17 	.area GSFINAL
                                     18 	.area CODE
                                     19 	.area RODATA
                                     20 	.area XINIT
                                     21 	.area _DATA
                                     22 	.area DATA
                                     23 	.area BSS
                                     24 ;--------------------------------------------------------
                                     25 ; Public variables in this module
                                     26 ;--------------------------------------------------------
                                     27 	.globl ___fs2ulong
                                     28 	.globl ___fs2slong_PARM_1
                                     29 	.globl ___fs2slong
                                     30 ;--------------------------------------------------------
                                     31 ; ZP ram data
                                     32 ;--------------------------------------------------------
                                     33 	.area ZP      (PAG)
      000000                         34 ___fs2slong_sloc0_1_0:
      000000                         35 	.ds 4
                                     36 ;--------------------------------------------------------
                                     37 ; overlayable items in ram
                                     38 ;--------------------------------------------------------
                                     39 ;--------------------------------------------------------
                                     40 ; uninitialized external ram data
                                     41 ;--------------------------------------------------------
                                     42 	.area BSS
      000000                         43 ___fs2slong_PARM_1:
      000000                         44 	.ds 4
                                     45 ;--------------------------------------------------------
                                     46 ; absolute external ram data
                                     47 ;--------------------------------------------------------
                                     48 	.area DABS    (ABS)
                                     49 ;--------------------------------------------------------
                                     50 ; initialized external ram data
                                     51 ;--------------------------------------------------------
                                     52 	.area DATA
                                     53 ;--------------------------------------------------------
                                     54 ; global & static initialisations
                                     55 ;--------------------------------------------------------
                                     56 	.area _CODE
                                     57 	.area GSINIT
                                     58 	.area GSFINAL
                                     59 	.area GSINIT
                                     60 ;--------------------------------------------------------
                                     61 ; Home
                                     62 ;--------------------------------------------------------
                                     63 	.area _CODE
                                     64 	.area _CODE
                                     65 ;--------------------------------------------------------
                                     66 ; code
                                     67 ;--------------------------------------------------------
                                     68 	.area CODE
                                     69 ;------------------------------------------------------------
                                     70 ;Allocation info for local variables in function '__fs2slong'
                                     71 ;------------------------------------------------------------
                                     72 ;sloc0         Allocated with name '___fs2slong_sloc0_1_0'
                                     73 ;f             Allocated with name '___fs2slong_PARM_1'
                                     74 ;------------------------------------------------------------
                                     75 ;	../_fs2slong.c: 108: signed long __fs2slong (float f) __SDCC_FLOAT_NONBANKED
                                     76 ;	genLabel
                                     77 ;	Raw cost for generated ic 0 : (0, 0.000000) count=1.000000
                                     78 ;	-----------------------------------------
                                     79 ;	 function __fs2slong
                                     80 ;	-----------------------------------------
                                     81 ;	Register assignment is optimal.
                                     82 ;	Stack space usage: 0 bytes.
      000000                         83 ___fs2slong:
                                     84 ;	Raw cost for generated ic 1 : (0, 0.000000) count=1.000000
                                     85 ;	../_fs2slong.c: 111: if (!f)
                                     86 ;	genIfx
      000000 ADr03r00         [ 4]   87 	lda	(___fs2slong_PARM_1 + 3)
      000003 29 7F            [ 2]   88 	and	#0x7F
      000005 0Dr02r00         [ 4]   89 	ora	(___fs2slong_PARM_1 + 2)
      000008 0Dr01r00         [ 4]   90 	ora	(___fs2slong_PARM_1 + 1)
      00000B 0Dr00r00         [ 4]   91 	ora	___fs2slong_PARM_1
                                     92 ;	genIfxJump : z
      00000E D0 08            [ 4]   93 	bne	00102$
                                     94 ;	Raw cost for generated ic 2 : (19, 23.600000) count=1.000000
                                     95 ;	../_fs2slong.c: 112: return 0;
                                     96 ;	genRet
      000010 A9 00            [ 2]   97 	lda	#0x00
      000012 AA               [ 2]   98 	tax
      000013 85*00            [ 3]   99 	sta	*___SDCC_m6502_ret2
      000015 85*00            [ 3]  100 	sta	*___SDCC_m6502_ret3
      000017 60               [ 6]  101 	rts
                                    102 ;	Raw cost for generated ic 5 : (10, 13.000000) count=0.750000
                                    103 ;	genLabel
      000018                        104 00102$:
                                    105 ;	Raw cost for generated ic 6 : (0, 0.000000) count=1.000000
                                    106 ;	../_fs2slong.c: 114: if (f<0) {
                                    107 ;	genAssign
                                    108 ;	genCopy
      000018 ADr03r00         [ 4]  109 	lda	(___fs2slong_PARM_1 + 3)
      00001B 8Dr03r00         [ 4]  110 	sta	(___fslt_PARM_1 + 3)
      00001E ADr02r00         [ 4]  111 	lda	(___fs2slong_PARM_1 + 2)
      000021 8Dr02r00         [ 4]  112 	sta	(___fslt_PARM_1 + 2)
      000024 ADr01r00         [ 4]  113 	lda	(___fs2slong_PARM_1 + 1)
      000027 8Dr01r00         [ 4]  114 	sta	(___fslt_PARM_1 + 1)
      00002A ADr00r00         [ 4]  115 	lda	___fs2slong_PARM_1
      00002D 8Dr00r00         [ 4]  116 	sta	___fslt_PARM_1
                                    117 ;	Raw cost for generated ic 24 : (24, 32.000000) count=1.000000
                                    118 ;	genAssign
                                    119 ;	genAssignLit
      000030 9Cr00r00         [ 4]  120 	stz	___fslt_PARM_2
      000033 9Cr01r00         [ 4]  121 	stz	(___fslt_PARM_2 + 1)
      000036 9Cr02r00         [ 4]  122 	stz	(___fslt_PARM_2 + 2)
      000039 9Cr03r00         [ 4]  123 	stz	(___fslt_PARM_2 + 3)
                                    124 ;	Raw cost for generated ic 25 : (12, 16.000000) count=1.000000
                                    125 ;	genCall
      00003C 20r00r00         [ 6]  126 	jsr	___fslt
                                    127 ;	assignResultValue
                                    128 ;	Raw cost for generated ic 26 : (3, 6.000000) count=1.000000
                                    129 ;	genIfx
      00003F C9 00            [ 2]  130 	cmp	#0x00
                                    131 ;	genIfxJump : z
      000041 F0 4D            [ 4]  132 	beq	00104$
                                    133 ;	Raw cost for generated ic 8 : (7, 7.600000) count=1.000000
                                    134 ;	../_fs2slong.c: 115: return -__fs2ulong(-f);
                                    135 ;	genUminus
                                    136 ;	genUminusFloat
      000043 ADr00r00         [ 4]  137 	lda	___fs2slong_PARM_1
      000046 8Dr00r00         [ 4]  138 	sta	___fs2ulong_PARM_1
      000049 ADr01r00         [ 4]  139 	lda	(___fs2slong_PARM_1 + 1)
      00004C 8Dr01r00         [ 4]  140 	sta	(___fs2ulong_PARM_1 + 1)
      00004F ADr02r00         [ 4]  141 	lda	(___fs2slong_PARM_1 + 2)
      000052 8Dr02r00         [ 4]  142 	sta	(___fs2ulong_PARM_1 + 2)
      000055 ADr03r00         [ 4]  143 	lda	(___fs2slong_PARM_1 + 3)
      000058 49 80            [ 2]  144 	eor	#0x80
      00005A 8Dr03r00         [ 4]  145 	sta	(___fs2ulong_PARM_1 + 3)
                                    146 ;	Raw cost for generated ic 11 : (26, 34.000000) count=0.750000
                                    147 ;	genCall
      00005D 20r00r00         [ 6]  148 	jsr	___fs2ulong
                                    149 ;	assignResultValue
      000060 85*00            [ 3]  150 	sta	*___fs2slong_sloc0_1_0
      000062 86*01            [ 3]  151 	stx	*(___fs2slong_sloc0_1_0 + 1)
      000064 A5*00            [ 3]  152 	lda	*___SDCC_m6502_ret2
      000066 85*02            [ 3]  153 	sta	*(___fs2slong_sloc0_1_0 + 2)
      000068 A5*00            [ 3]  154 	lda	*___SDCC_m6502_ret3
      00006A 85*03            [ 3]  155 	sta	*(___fs2slong_sloc0_1_0 + 3)
                                    156 ;	Raw cost for generated ic 13 : (15, 24.000000) count=0.750000
                                    157 ;	genUminus
      00006C A9 00            [ 2]  158 	lda	#0x00
      00006E 38               [ 2]  159 	sec
      00006F E5*00            [ 4]  160 	sbc	*___fs2slong_sloc0_1_0
      000071 85*00            [ 3]  161 	sta	*___fs2slong_sloc0_1_0
      000073 A9 00            [ 2]  162 	lda	#0x00
      000075 E5*01            [ 4]  163 	sbc	*(___fs2slong_sloc0_1_0 + 1)
      000077 85*01            [ 3]  164 	sta	*(___fs2slong_sloc0_1_0 + 1)
      000079 A9 00            [ 2]  165 	lda	#0x00
      00007B E5*02            [ 4]  166 	sbc	*(___fs2slong_sloc0_1_0 + 2)
      00007D 85*02            [ 3]  167 	sta	*(___fs2slong_sloc0_1_0 + 2)
      00007F A9 00            [ 2]  168 	lda	#0x00
      000081 E5*03            [ 4]  169 	sbc	*(___fs2slong_sloc0_1_0 + 3)
      000083 85*03            [ 3]  170 	sta	*(___fs2slong_sloc0_1_0 + 3)
                                    171 ;	Raw cost for generated ic 14 : (25, 34.000000) count=0.750000
                                    172 ;	genRet
      000085 85*00            [ 3]  173 	sta	*___SDCC_m6502_ret3
      000087 A5*02            [ 3]  174 	lda	*(___fs2slong_sloc0_1_0 + 2)
      000089 85*00            [ 3]  175 	sta	*___SDCC_m6502_ret2
      00008B A6*01            [ 3]  176 	ldx	*(___fs2slong_sloc0_1_0 + 1)
      00008D A5*00            [ 3]  177 	lda	*___fs2slong_sloc0_1_0
      00008F 60               [ 6]  178 	rts
                                    179 ;	Raw cost for generated ic 15 : (13, 18.000000) count=0.750000
                                    180 ;	genLabel
      000090                        181 00104$:
                                    182 ;	Raw cost for generated ic 17 : (0, 0.000000) count=1.000000
                                    183 ;	../_fs2slong.c: 117: return __fs2ulong(f);
                                    184 ;	genAssign
                                    185 ;	genCopy
      000090 ADr03r00         [ 4]  186 	lda	(___fs2slong_PARM_1 + 3)
      000093 8Dr03r00         [ 4]  187 	sta	(___fs2ulong_PARM_1 + 3)
      000096 ADr02r00         [ 4]  188 	lda	(___fs2slong_PARM_1 + 2)
      000099 8Dr02r00         [ 4]  189 	sta	(___fs2ulong_PARM_1 + 2)
      00009C ADr01r00         [ 4]  190 	lda	(___fs2slong_PARM_1 + 1)
      00009F 8Dr01r00         [ 4]  191 	sta	(___fs2ulong_PARM_1 + 1)
      0000A2 ADr00r00         [ 4]  192 	lda	___fs2slong_PARM_1
      0000A5 8Dr00r00         [ 4]  193 	sta	___fs2ulong_PARM_1
                                    194 ;	Raw cost for generated ic 18 : (24, 32.000000) count=1.000000
                                    195 ;	genCall
      0000A8 20r00r00         [ 6]  196 	jsr	___fs2ulong
                                    197 ;	assignResultValue
      0000AB 85*00            [ 3]  198 	sta	*___fs2slong_sloc0_1_0
      0000AD 86*01            [ 3]  199 	stx	*(___fs2slong_sloc0_1_0 + 1)
      0000AF A5*00            [ 3]  200 	lda	*___SDCC_m6502_ret2
      0000B1 85*02            [ 3]  201 	sta	*(___fs2slong_sloc0_1_0 + 2)
      0000B3 A5*00            [ 3]  202 	lda	*___SDCC_m6502_ret3
      0000B5 85*03            [ 3]  203 	sta	*(___fs2slong_sloc0_1_0 + 3)
                                    204 ;	Raw cost for generated ic 19 : (15, 24.000000) count=1.000000
                                    205 ;	genRet
      0000B7 85*00            [ 3]  206 	sta	*___SDCC_m6502_ret3
      0000B9 A5*02            [ 3]  207 	lda	*(___fs2slong_sloc0_1_0 + 2)
      0000BB 85*00            [ 3]  208 	sta	*___SDCC_m6502_ret2
      0000BD A5*00            [ 3]  209 	lda	*___fs2slong_sloc0_1_0
                                    210 ;	Raw cost for generated ic 20 : (8, 12.000000) count=1.000000
                                    211 ;	genLabel
                                    212 ;	Raw cost for generated ic 22 : (0, 0.000000) count=1.000000
                                    213 ;	../_fs2slong.c: 119: }
                                    214 ;	genEndFunction
      0000BF 60               [ 6]  215 	rts
                                    216 ;	Raw cost for generated ic 23 : (1, 6.000000) count=1.000000
                                    217 	.area CODE
                                    218 	.area RODATA
                                    219 	.area XINIT
                                    220 	.area CABS    (ABS)
