                                      1 ;--------------------------------------------------------
                                      2 ; File Created by SDCC : free open source ISO C Compiler
                                      3 ; Version 4.5.10 #15691 (Linux)
                                      4 ;--------------------------------------------------------
                                      5 	.module _fssub
                                      6 	
      000000                          7 	.r65c02
                                      8 	.optsdcc -mmos65c02
                                      9 
                                     10 ;--------------------------------------------------------
                                     11 ;  Ordering of segments for the linker.
                                     12 ;--------------------------------------------------------
                                     13 	.area ZP      (PAG)
                                     14 	.area OSEG    (PAG, OVR)
                                     15 	.area _CODE
                                     16 	.area GSINIT
                                     17 	.area GSFINAL
                                     18 	.area CODE
                                     19 	.area RODATA
                                     20 	.area XINIT
                                     21 	.area _DATA
                                     22 	.area DATA
                                     23 	.area BSS
                                     24 ;--------------------------------------------------------
                                     25 ; Public variables in this module
                                     26 ;--------------------------------------------------------
                                     27 	.globl ___fssub_PARM_2
                                     28 	.globl ___fssub_PARM_1
                                     29 	.globl ___fssub
                                     30 ;--------------------------------------------------------
                                     31 ; ZP ram data
                                     32 ;--------------------------------------------------------
                                     33 	.area ZP      (PAG)
      000000                         34 ___fssub_sloc0_1_0:
      000000                         35 	.ds 4
                                     36 ;--------------------------------------------------------
                                     37 ; overlayable items in ram
                                     38 ;--------------------------------------------------------
                                     39 ;--------------------------------------------------------
                                     40 ; uninitialized external ram data
                                     41 ;--------------------------------------------------------
                                     42 	.area BSS
      000000                         43 ___fssub_PARM_1:
      000000                         44 	.ds 4
      000004                         45 ___fssub_PARM_2:
      000004                         46 	.ds 4
                                     47 ;--------------------------------------------------------
                                     48 ; absolute external ram data
                                     49 ;--------------------------------------------------------
                                     50 	.area DABS    (ABS)
                                     51 ;--------------------------------------------------------
                                     52 ; initialized external ram data
                                     53 ;--------------------------------------------------------
                                     54 	.area DATA
                                     55 ;--------------------------------------------------------
                                     56 ; global & static initialisations
                                     57 ;--------------------------------------------------------
                                     58 	.area _CODE
                                     59 	.area GSINIT
                                     60 	.area GSFINAL
                                     61 	.area GSINIT
                                     62 ;--------------------------------------------------------
                                     63 ; Home
                                     64 ;--------------------------------------------------------
                                     65 	.area _CODE
                                     66 	.area _CODE
                                     67 ;--------------------------------------------------------
                                     68 ; code
                                     69 ;--------------------------------------------------------
                                     70 	.area CODE
                                     71 ;------------------------------------------------------------
                                     72 ;Allocation info for local variables in function '__fssub'
                                     73 ;------------------------------------------------------------
                                     74 ;sloc0         Allocated with name '___fssub_sloc0_1_0'
                                     75 ;a1            Allocated with name '___fssub_PARM_1'
                                     76 ;a2            Allocated with name '___fssub_PARM_2'
                                     77 ;neg           Allocated with name '___fssub_neg_10000_21'
                                     78 ;------------------------------------------------------------
                                     79 ;	../_fssub.c: 73: float __fssub (float a1, float a2) __SDCC_FLOAT_NONBANKED
                                     80 ;	genLabel
                                     81 ;	Raw cost for generated ic 0 : (0, 0.000000) count=1.000000
                                     82 ;	-----------------------------------------
                                     83 ;	 function __fssub
                                     84 ;	-----------------------------------------
                                     85 ;	Register assignment is optimal.
                                     86 ;	Stack space usage: 0 bytes.
      000000                         87 ___fssub:
                                     88 ;	Raw cost for generated ic 1 : (0, 0.000000) count=1.000000
                                     89 ;	../_fssub.c: 75: float neg = -a1;
                                     90 ;	genUminus
                                     91 ;	genUminusFloat
      000000 ADr00r00         [ 4]   92 	lda	___fssub_PARM_1
      000003 8Dr00r00         [ 4]   93 	sta	___fsadd_PARM_1
      000006 ADr01r00         [ 4]   94 	lda	(___fssub_PARM_1 + 1)
      000009 8Dr01r00         [ 4]   95 	sta	(___fsadd_PARM_1 + 1)
      00000C ADr02r00         [ 4]   96 	lda	(___fssub_PARM_1 + 2)
      00000F 8Dr02r00         [ 4]   97 	sta	(___fsadd_PARM_1 + 2)
      000012 ADr03r00         [ 4]   98 	lda	(___fssub_PARM_1 + 3)
      000015 49 80            [ 2]   99 	eor	#0x80
      000017 8Dr03r00         [ 4]  100 	sta	(___fsadd_PARM_1 + 3)
                                    101 ;	Raw cost for generated ic 2 : (26, 34.000000) count=1.000000
                                    102 ;	../_fssub.c: 76: return -(neg + a2);
                                    103 ;	genAssign
                                    104 ;	genCopy
      00001A ADr07r00         [ 4]  105 	lda	(___fssub_PARM_2 + 3)
      00001D 8Dr03r00         [ 4]  106 	sta	(___fsadd_PARM_2 + 3)
      000020 ADr06r00         [ 4]  107 	lda	(___fssub_PARM_2 + 2)
      000023 8Dr02r00         [ 4]  108 	sta	(___fsadd_PARM_2 + 2)
      000026 ADr05r00         [ 4]  109 	lda	(___fssub_PARM_2 + 1)
      000029 8Dr01r00         [ 4]  110 	sta	(___fsadd_PARM_2 + 1)
      00002C ADr04r00         [ 4]  111 	lda	___fssub_PARM_2
      00002F 8Dr00r00         [ 4]  112 	sta	___fsadd_PARM_2
                                    113 ;	Raw cost for generated ic 10 : (24, 32.000000) count=1.000000
                                    114 ;	genCall
      000032 20r00r00         [ 6]  115 	jsr	___fsadd
                                    116 ;	assignResultValue
      000035 85*00            [ 3]  117 	sta	*___fssub_sloc0_1_0
      000037 86*01            [ 3]  118 	stx	*(___fssub_sloc0_1_0 + 1)
      000039 A5*00            [ 3]  119 	lda	*___SDCC_m6502_ret2
      00003B 85*02            [ 3]  120 	sta	*(___fssub_sloc0_1_0 + 2)
      00003D A5*00            [ 3]  121 	lda	*___SDCC_m6502_ret3
                                    122 ;	Raw cost for generated ic 11 : (15, 24.000000) count=1.000000
                                    123 ;	genUminus
                                    124 ;	genUminusFloat
      00003F 85*03            [ 3]  125 	sta	*(___fssub_sloc0_1_0 + 3)
      000041 09 00            [ 2]  126 	ora	#0x00
      000043 49 80            [ 2]  127 	eor	#0x80
      000045 85*03            [ 3]  128 	sta	*(___fssub_sloc0_1_0 + 3)
                                    129 ;	Raw cost for generated ic 5 : (6, 8.000000) count=1.000000
                                    130 ;	genRet
      000047 85*00            [ 3]  131 	sta	*___SDCC_m6502_ret3
      000049 A5*02            [ 3]  132 	lda	*(___fssub_sloc0_1_0 + 2)
      00004B 85*00            [ 3]  133 	sta	*___SDCC_m6502_ret2
      00004D A6*01            [ 3]  134 	ldx	*(___fssub_sloc0_1_0 + 1)
      00004F A5*00            [ 3]  135 	lda	*___fssub_sloc0_1_0
                                    136 ;	Raw cost for generated ic 6 : (10, 15.000000) count=1.000000
                                    137 ;	genLabel
                                    138 ;	Raw cost for generated ic 7 : (0, 0.000000) count=1.000000
                                    139 ;	../_fssub.c: 77: }
                                    140 ;	genEndFunction
      000051 60               [ 6]  141 	rts
                                    142 ;	Raw cost for generated ic 8 : (1, 6.000000) count=1.000000
                                    143 	.area CODE
                                    144 	.area RODATA
                                    145 	.area XINIT
                                    146 	.area CABS    (ABS)
