                                      1 ;--------------------------------------------------------
                                      2 ; File Created by SDCC : free open source ISO C Compiler
                                      3 ; Version 4.5.10 #15691 (Linux)
                                      4 ;--------------------------------------------------------
                                      5 	.module _modsint
                                      6 	
      000000                          7 	.r65c02
                                      8 	.optsdcc -mmos65c02
                                      9 
                                     10 ;--------------------------------------------------------
                                     11 ;  Ordering of segments for the linker.
                                     12 ;--------------------------------------------------------
                                     13 	.area ZP      (PAG)
                                     14 	.area OSEG    (PAG, OVR)
                                     15 	.area _CODE
                                     16 	.area GSINIT
                                     17 	.area GSFINAL
                                     18 	.area CODE
                                     19 	.area RODATA
                                     20 	.area XINIT
                                     21 	.area _DATA
                                     22 	.area DATA
                                     23 	.area BSS
                                     24 ;--------------------------------------------------------
                                     25 ; Public variables in this module
                                     26 ;--------------------------------------------------------
                                     27 	.globl __modsint_PARM_2
                                     28 	.globl __modsint
                                     29 ;--------------------------------------------------------
                                     30 ; ZP ram data
                                     31 ;--------------------------------------------------------
                                     32 	.area ZP      (PAG)
      000000                         33 __modsint_sloc0_1_0:
      000000                         34 	.ds 2
                                     35 ;--------------------------------------------------------
                                     36 ; overlayable items in ram
                                     37 ;--------------------------------------------------------
                                     38 ;--------------------------------------------------------
                                     39 ; uninitialized external ram data
                                     40 ;--------------------------------------------------------
                                     41 	.area BSS
      000000                         42 __modsint_PARM_2:
      000000                         43 	.ds 2
      000002                         44 __modsint_a_10000_1:
      000002                         45 	.ds 2
                                     46 ;--------------------------------------------------------
                                     47 ; absolute external ram data
                                     48 ;--------------------------------------------------------
                                     49 	.area DABS    (ABS)
                                     50 ;--------------------------------------------------------
                                     51 ; initialized external ram data
                                     52 ;--------------------------------------------------------
                                     53 	.area DATA
                                     54 ;--------------------------------------------------------
                                     55 ; global & static initialisations
                                     56 ;--------------------------------------------------------
                                     57 	.area _CODE
                                     58 	.area GSINIT
                                     59 	.area GSFINAL
                                     60 	.area GSINIT
                                     61 ;--------------------------------------------------------
                                     62 ; Home
                                     63 ;--------------------------------------------------------
                                     64 	.area _CODE
                                     65 	.area _CODE
                                     66 ;--------------------------------------------------------
                                     67 ; code
                                     68 ;--------------------------------------------------------
                                     69 	.area CODE
                                     70 ;------------------------------------------------------------
                                     71 ;Allocation info for local variables in function '_modsint'
                                     72 ;------------------------------------------------------------
                                     73 ;r             Allocated to registers a x 
                                     74 ;sloc0         Allocated with name '__modsint_sloc0_1_0'
                                     75 ;b             Allocated with name '__modsint_PARM_2'
                                     76 ;a             Allocated with name '__modsint_a_10000_1'
                                     77 ;------------------------------------------------------------
                                     78 ;	../_modsint.c: 203: int _modsint (int a, int b) __SDCC_NONBANKED
                                     79 ;	genLabel
                                     80 ;	Raw cost for generated ic 0 : (0, 0.000000) count=1.000000
                                     81 ;	-----------------------------------------
                                     82 ;	 function _modsint
                                     83 ;	-----------------------------------------
                                     84 ;	Register assignment is optimal.
                                     85 ;	Stack space usage: 0 bytes.
      000000                         86 __modsint:
                                     87 ;	Raw cost for generated ic 1 : (0, 0.000000) count=1.000000
                                     88 ;	genReceive
      000000 8Dr02r00         [ 4]   89 	sta	__modsint_a_10000_1
      000003 8Er03r00         [ 4]   90 	stx	(__modsint_a_10000_1 + 1)
                                     91 ;	Raw cost for generated ic 2 : (6, 8.000000) count=1.000000
                                     92 ;	../_modsint.c: 207: r = (unsigned)(a < 0 ? -a : a) % (unsigned)(b < 0 ? -b : b);
                                     93 ;	genCmp
      000006 2Cr03r00         [ 4]   94 	bit	(__modsint_a_10000_1 + 1)
      000009 30 04            [ 4]   95 	bmi	00128$
      00000B A9 00            [ 2]   96 	lda	#0x00
      00000D 80 02            [ 4]   97 	bra	00129$
      00000F                         98 00128$:
      00000F A9 01            [ 2]   99 	lda	#0x01
      000011                        100 00129$:
      000011 A8               [ 2]  101 	tay
                                    102 ;	Raw cost for generated ic 3 : (12, 15.200001) count=1.000000
                                    103 ;	genIfx
                                    104 ;	genIfxJump : z
      000012 F0 11            [ 4]  105 	beq	00106$
                                    106 ;	Raw cost for generated ic 4 : (5, 5.600000) count=1.000000
                                    107 ;	genUminus
      000014 A9 00            [ 2]  108 	lda	#0x00
      000016 38               [ 2]  109 	sec
      000017 EDr02r00         [ 5]  110 	sbc	__modsint_a_10000_1
      00001A 48               [ 3]  111 	pha
      00001B A9 00            [ 2]  112 	lda	#0x00
      00001D EDr03r00         [ 5]  113 	sbc	(__modsint_a_10000_1 + 1)
      000020 AA               [ 2]  114 	tax
      000021 68               [ 4]  115 	pla
                                    116 ;	Raw cost for generated ic 5 : (14, 23.000000) count=0.750000
                                    117 ;	genGoto
      000022 4Cr2Br00         [ 3]  118 	jmp	00107$
                                    119 ;	Raw cost for generated ic 7 : (3, 3.000000) count=0.750000
                                    120 ;	genLabel
      000025                        121 00106$:
                                    122 ;	Raw cost for generated ic 8 : (0, 0.000000) count=0.250000
                                    123 ;	genAssign
                                    124 ;	genCopy
      000025 AEr03r00         [ 4]  125 	ldx	(__modsint_a_10000_1 + 1)
      000028 ADr02r00         [ 4]  126 	lda	__modsint_a_10000_1
                                    127 ;	Raw cost for generated ic 9 : (6, 8.000000) count=0.250000
                                    128 ;	genLabel
      00002B                        129 00107$:
                                    130 ;	Raw cost for generated ic 10 : (0, 0.000000) count=1.000000
                                    131 ;	genCast
                                    132 ;	genCopy
      00002B 85*00            [ 3]  133 	sta	*__modsint_sloc0_1_0
      00002D 86*01            [ 3]  134 	stx	*(__modsint_sloc0_1_0 + 1)
                                    135 ;	Raw cost for generated ic 11 : (4, 6.000000) count=1.000000
                                    136 ;	genCmp
      00002F 2Cr01r00         [ 4]  137 	bit	(__modsint_PARM_2 + 1)
      000032 10 11            [ 4]  138 	bpl	00108$
                                    139 ;	Raw cost for generated ic 12 : (8, 9.600000) count=1.000000
                                    140 ;	skipping generated iCode
                                    141 ;	Raw cost for generated ic 13 : (0, 0.000000) count=1.000000
                                    142 ;	genUminus
      000034 A9 00            [ 2]  143 	lda	#0x00
      000036 38               [ 2]  144 	sec
      000037 EDr00r00         [ 5]  145 	sbc	__modsint_PARM_2
      00003A 48               [ 3]  146 	pha
      00003B A9 00            [ 2]  147 	lda	#0x00
      00003D EDr01r00         [ 5]  148 	sbc	(__modsint_PARM_2 + 1)
      000040 AA               [ 2]  149 	tax
      000041 68               [ 4]  150 	pla
                                    151 ;	Raw cost for generated ic 14 : (14, 23.000000) count=0.750000
                                    152 ;	genGoto
      000042 4Cr4Br00         [ 3]  153 	jmp	00109$
                                    154 ;	Raw cost for generated ic 16 : (3, 3.000000) count=0.750000
                                    155 ;	genLabel
      000045                        156 00108$:
                                    157 ;	Raw cost for generated ic 17 : (0, 0.000000) count=0.250000
                                    158 ;	genAssign
                                    159 ;	genCopy
      000045 AEr01r00         [ 4]  160 	ldx	(__modsint_PARM_2 + 1)
      000048 ADr00r00         [ 4]  161 	lda	__modsint_PARM_2
                                    162 ;	Raw cost for generated ic 18 : (6, 8.000000) count=0.250000
                                    163 ;	genLabel
      00004B                        164 00109$:
                                    165 ;	Raw cost for generated ic 19 : (0, 0.000000) count=1.000000
                                    166 ;	genCast
                                    167 ;	genCopy
      00004B 8Dr00r00         [ 4]  168 	sta	__moduint_PARM_2
      00004E 8Er01r00         [ 4]  169 	stx	(__moduint_PARM_2 + 1)
                                    170 ;	Raw cost for generated ic 20 : (6, 8.000000) count=1.000000
                                    171 ;	Raw cost for generated ic 35 : (0, 0.000000) count=1.000000
                                    172 ;	genCall
      000051 5A               [ 3]  173 	phy
                                    174 ;	genSend
      000052 A6*01            [ 3]  175 	ldx	*(__modsint_sloc0_1_0 + 1)
      000054 A5*00            [ 3]  176 	lda	*__modsint_sloc0_1_0
      000056 20r00r00         [ 6]  177 	jsr	__moduint
                                    178 ;	assignResultValue
      000059 7A               [ 4]  179 	ply
                                    180 ;	Raw cost for generated ic 37 : (9, 19.000000) count=1.000000
                                    181 ;	../_modsint.c: 209: if (a < 0)
                                    182 ;	genIfx
                                    183 ;	genIfxJump : z
      00005A F0 0E            [ 4]  184 	beq	00102$
                                    185 ;	Raw cost for generated ic 24 : (5, 5.600000) count=1.000000
                                    186 ;	../_modsint.c: 210: return -r;
                                    187 ;	genUminus
      00005C 49 FF            [ 2]  188 	eor	#0xff
      00005E 18               [ 2]  189 	clc
      00005F 69 01            [ 3]  190 	adc	#0x01
      000061 48               [ 3]  191 	pha
      000062 A9 00            [ 2]  192 	lda	#0x00
      000064 86*00            [ 3]  193 	stx	*(REGTEMP+0)
      000066 E5*00            [ 4]  194 	sbc	*(REGTEMP+0)
      000068 AA               [ 2]  195 	tax
      000069 68               [ 4]  196 	pla
                                    197 ;	Raw cost for generated ic 27 : (14, 23.000000) count=0.750000
                                    198 ;	genRet
                                    199 ;	Raw cost for generated ic 28 : (3, 3.000000) count=0.750000
                                    200 ;	genLabel
                                    201 ;	Raw cost for generated ic 30 : (0, 0.000000) count=1.000000
                                    202 ;	../_modsint.c: 212: return r;
                                    203 ;	genRet
                                    204 ;	Raw cost for generated ic 31 : (0, 0.000000) count=1.000000
                                    205 ;	genLabel
                                    206 ;	Raw cost for generated ic 33 : (0, 0.000000) count=1.000000
                                    207 ;	../_modsint.c: 213: }
                                    208 ;	genEndFunction
      00006A                        209 00102$:
      00006A 60               [ 6]  210 	rts
                                    211 ;	Raw cost for generated ic 34 : (1, 6.000000) count=1.000000
                                    212 	.area CODE
                                    213 	.area RODATA
                                    214 	.area XINIT
                                    215 	.area CABS    (ABS)
