                                      1 ;--------------------------------------------------------
                                      2 ; File Created by SDCC : free open source ISO C Compiler
                                      3 ; Version 4.5.10 #15691 (Linux)
                                      4 ;--------------------------------------------------------
                                      5 	.module _modulonglong
                                      6 	
      000000                          7 	.r65c02
                                      8 	.optsdcc -mmos65c02
                                      9 
                                     10 ;--------------------------------------------------------
                                     11 ;  Ordering of segments for the linker.
                                     12 ;--------------------------------------------------------
                                     13 	.area ZP      (PAG)
                                     14 	.area OSEG    (PAG, OVR)
                                     15 	.area _CODE
                                     16 	.area GSINIT
                                     17 	.area GSFINAL
                                     18 	.area CODE
                                     19 	.area RODATA
                                     20 	.area XINIT
                                     21 	.area _DATA
                                     22 	.area DATA
                                     23 	.area BSS
                                     24 ;--------------------------------------------------------
                                     25 ; Public variables in this module
                                     26 ;--------------------------------------------------------
                                     27 	.globl __modulonglong_PARM_2
                                     28 	.globl __modulonglong_PARM_1
                                     29 	.globl __modulonglong
                                     30 ;--------------------------------------------------------
                                     31 ; ZP ram data
                                     32 ;--------------------------------------------------------
                                     33 	.area ZP      (PAG)
      000000                         34 __modulonglong_sloc0_1_0:
      000000                         35 	.ds 1
      000001                         36 __modulonglong_sloc1_1_0:
      000001                         37 	.ds 8
                                     38 ;--------------------------------------------------------
                                     39 ; overlayable items in ram
                                     40 ;--------------------------------------------------------
                                     41 ;--------------------------------------------------------
                                     42 ; uninitialized external ram data
                                     43 ;--------------------------------------------------------
                                     44 	.area BSS
      000000                         45 __modulonglong_PARM_1:
      000000                         46 	.ds 8
      000008                         47 __modulonglong_PARM_2:
      000008                         48 	.ds 8
                                     49 ;--------------------------------------------------------
                                     50 ; absolute external ram data
                                     51 ;--------------------------------------------------------
                                     52 	.area DABS    (ABS)
                                     53 ;--------------------------------------------------------
                                     54 ; initialized external ram data
                                     55 ;--------------------------------------------------------
                                     56 	.area DATA
                                     57 ;--------------------------------------------------------
                                     58 ; global & static initialisations
                                     59 ;--------------------------------------------------------
                                     60 	.area _CODE
                                     61 	.area GSINIT
                                     62 	.area GSFINAL
                                     63 	.area GSINIT
                                     64 ;--------------------------------------------------------
                                     65 ; Home
                                     66 ;--------------------------------------------------------
                                     67 	.area _CODE
                                     68 	.area _CODE
                                     69 ;--------------------------------------------------------
                                     70 ; code
                                     71 ;--------------------------------------------------------
                                     72 	.area CODE
                                     73 ;------------------------------------------------------------
                                     74 ;Allocation info for local variables in function '_modulonglong'
                                     75 ;------------------------------------------------------------
                                     76 ;sloc0         Allocated with name '__modulonglong_sloc0_1_0'
                                     77 ;sloc1         Allocated with name '__modulonglong_sloc1_1_0'
                                     78 ;a             Allocated with name '__modulonglong_PARM_1'
                                     79 ;b             Allocated with name '__modulonglong_PARM_2'
                                     80 ;count         Allocated to registers x 
                                     81 ;------------------------------------------------------------
                                     82 ;	../_modulonglong.c: 40: _modulonglong (unsigned long long a, unsigned long long b) __SDCC_NONBANKED
                                     83 ;	genLabel
                                     84 ;	Raw cost for generated ic 0 : (0, 0.000000) count=1.000000
                                     85 ;	-----------------------------------------
                                     86 ;	 function _modulonglong
                                     87 ;	-----------------------------------------
                                     88 ;	Register assignment is optimal.
                                     89 ;	Stack space usage: 0 bytes.
      000000                         90 __modulonglong:
                                     91 ;	Raw cost for generated ic 1 : (0, 0.000000) count=1.000000
                                     92 ;	../_modulonglong.c: 42: unsigned char count = 0;
                                     93 ;	genAssign
                                     94 ;	genCopy
      000000 A2 00            [ 2]   95 	ldx	#0x00
                                     96 ;	Raw cost for generated ic 2 : (2, 2.000000) count=1.000000
                                     97 ;	../_modulonglong.c: 44: while (!MSB_SET(b))
                                     98 ;	genAssign
                                     99 ;	genAssignLit
      000002 86*00            [ 3]  100 	stx	*__modulonglong_sloc0_1_0
                                    101 ;	Raw cost for generated ic 46 : (2, 3.000000) count=1.000000
                                    102 ;	genLabel
      000004                        103 00103$:
                                    104 ;	Raw cost for generated ic 3 : (0, 0.000000) count=1.230759
                                    105 ;	genAssign
                                    106 ;	genCopy
      000004 ADr0Fr00         [ 4]  107 	lda	(__modulonglong_PARM_2 + 7)
      000007 8Dr07r00         [ 4]  108 	sta	(__srulonglong_PARM_1 + 7)
      00000A ADr0Er00         [ 4]  109 	lda	(__modulonglong_PARM_2 + 6)
      00000D 8Dr06r00         [ 4]  110 	sta	(__srulonglong_PARM_1 + 6)
      000010 ADr0Dr00         [ 4]  111 	lda	(__modulonglong_PARM_2 + 5)
      000013 8Dr05r00         [ 4]  112 	sta	(__srulonglong_PARM_1 + 5)
      000016 ADr0Cr00         [ 4]  113 	lda	(__modulonglong_PARM_2 + 4)
      000019 8Dr04r00         [ 4]  114 	sta	(__srulonglong_PARM_1 + 4)
      00001C ADr0Br00         [ 4]  115 	lda	(__modulonglong_PARM_2 + 3)
      00001F 8Dr03r00         [ 4]  116 	sta	(__srulonglong_PARM_1 + 3)
      000022 ADr0Ar00         [ 4]  117 	lda	(__modulonglong_PARM_2 + 2)
      000025 8Dr02r00         [ 4]  118 	sta	(__srulonglong_PARM_1 + 2)
      000028 ADr09r00         [ 4]  119 	lda	(__modulonglong_PARM_2 + 1)
      00002B 8Dr01r00         [ 4]  120 	sta	(__srulonglong_PARM_1 + 1)
      00002E ADr08r00         [ 4]  121 	lda	__modulonglong_PARM_2
      000031 8Dr00r00         [ 4]  122 	sta	__srulonglong_PARM_1
                                    123 ;	Raw cost for generated ic 56 : (48, 64.000000) count=1.230759
                                    124 ;	genAssign
                                    125 ;	genAssignLit
      000034 A0 3F            [ 2]  126 	ldy	#0x3f
      000036 8Cr00r00         [ 4]  127 	sty	__srulonglong_PARM_2
                                    128 ;	Raw cost for generated ic 57 : (5, 6.000000) count=1.230759
                                    129 ;	genCall
      000039 DA               [ 3]  130 	phx
      00003A 20r00r00         [ 6]  131 	jsr	__srulonglong
                                    132 ;	assignResultValue
      00003D 85*01            [ 3]  133 	sta	*__modulonglong_sloc1_1_0
      00003F 86*02            [ 3]  134 	stx	*(__modulonglong_sloc1_1_0 + 1)
      000041 A5*00            [ 3]  135 	lda	*___SDCC_m6502_ret2
      000043 85*03            [ 3]  136 	sta	*(__modulonglong_sloc1_1_0 + 2)
      000045 A5*00            [ 3]  137 	lda	*___SDCC_m6502_ret3
      000047 85*04            [ 3]  138 	sta	*(__modulonglong_sloc1_1_0 + 3)
      000049 A5*00            [ 3]  139 	lda	*___SDCC_m6502_ret4
      00004B 85*05            [ 3]  140 	sta	*(__modulonglong_sloc1_1_0 + 4)
      00004D A5*00            [ 3]  141 	lda	*___SDCC_m6502_ret5
      00004F 85*06            [ 3]  142 	sta	*(__modulonglong_sloc1_1_0 + 5)
      000051 A5*00            [ 3]  143 	lda	*___SDCC_m6502_ret6
      000053 85*07            [ 3]  144 	sta	*(__modulonglong_sloc1_1_0 + 6)
      000055 A5*00            [ 3]  145 	lda	*___SDCC_m6502_ret7
      000057 85*08            [ 3]  146 	sta	*(__modulonglong_sloc1_1_0 + 7)
      000059 FA               [ 4]  147 	plx
                                    148 ;	Raw cost for generated ic 58 : (33, 55.000000) count=1.230759
                                    149 ;	genAnd
      00005A A5*01            [ 3]  150 	lda	*__modulonglong_sloc1_1_0
      00005C 29 01            [ 2]  151 	and	#0x01
                                    152 ;	genIfxJump : z
      00005E F0 03            [ 4]  153 	beq	00151$
      000060 4Cr5Cr01         [ 3]  154 	jmp	00117$
      000063                        155 00151$:
                                    156 ;	Raw cost for generated ic 5 : (11, 13.200000) count=1.230759
                                    157 ;	skipping generated iCode
                                    158 ;	Raw cost for generated ic 6 : (0, 0.000000) count=1.230759
                                    159 ;	../_modulonglong.c: 46: b <<= 1;
                                    160 ;	genAssign
                                    161 ;	genCopy
      000063 ADr0Fr00         [ 4]  162 	lda	(__modulonglong_PARM_2 + 7)
      000066 8Dr07r00         [ 4]  163 	sta	(__slulonglong_PARM_1 + 7)
      000069 ADr0Er00         [ 4]  164 	lda	(__modulonglong_PARM_2 + 6)
      00006C 8Dr06r00         [ 4]  165 	sta	(__slulonglong_PARM_1 + 6)
      00006F ADr0Dr00         [ 4]  166 	lda	(__modulonglong_PARM_2 + 5)
      000072 8Dr05r00         [ 4]  167 	sta	(__slulonglong_PARM_1 + 5)
      000075 ADr0Cr00         [ 4]  168 	lda	(__modulonglong_PARM_2 + 4)
      000078 8Dr04r00         [ 4]  169 	sta	(__slulonglong_PARM_1 + 4)
      00007B ADr0Br00         [ 4]  170 	lda	(__modulonglong_PARM_2 + 3)
      00007E 8Dr03r00         [ 4]  171 	sta	(__slulonglong_PARM_1 + 3)
      000081 ADr0Ar00         [ 4]  172 	lda	(__modulonglong_PARM_2 + 2)
      000084 8Dr02r00         [ 4]  173 	sta	(__slulonglong_PARM_1 + 2)
      000087 ADr09r00         [ 4]  174 	lda	(__modulonglong_PARM_2 + 1)
      00008A 8Dr01r00         [ 4]  175 	sta	(__slulonglong_PARM_1 + 1)
      00008D ADr08r00         [ 4]  176 	lda	__modulonglong_PARM_2
      000090 8Dr00r00         [ 4]  177 	sta	__slulonglong_PARM_1
                                    178 ;	Raw cost for generated ic 59 : (48, 64.000000) count=0.923069
                                    179 ;	genAssign
                                    180 ;	genAssignLit
      000093 A0 01            [ 2]  181 	ldy	#0x01
      000095 8Cr00r00         [ 4]  182 	sty	__slulonglong_PARM_2
                                    183 ;	Raw cost for generated ic 60 : (5, 6.000000) count=0.923069
                                    184 ;	genCall
      000098 DA               [ 3]  185 	phx
      000099 20r00r00         [ 6]  186 	jsr	__slulonglong
                                    187 ;	assignResultValue
      00009C 8Dr08r00         [ 4]  188 	sta	__modulonglong_PARM_2
      00009F 8Er09r00         [ 4]  189 	stx	(__modulonglong_PARM_2 + 1)
      0000A2 A5*00            [ 3]  190 	lda	*___SDCC_m6502_ret2
      0000A4 8Dr0Ar00         [ 4]  191 	sta	(__modulonglong_PARM_2 + 2)
      0000A7 A5*00            [ 3]  192 	lda	*___SDCC_m6502_ret3
      0000A9 8Dr0Br00         [ 4]  193 	sta	(__modulonglong_PARM_2 + 3)
      0000AC A5*00            [ 3]  194 	lda	*___SDCC_m6502_ret4
      0000AE 8Dr0Cr00         [ 4]  195 	sta	(__modulonglong_PARM_2 + 4)
      0000B1 A5*00            [ 3]  196 	lda	*___SDCC_m6502_ret5
      0000B3 8Dr0Dr00         [ 4]  197 	sta	(__modulonglong_PARM_2 + 5)
      0000B6 A5*00            [ 3]  198 	lda	*___SDCC_m6502_ret6
      0000B8 8Dr0Er00         [ 4]  199 	sta	(__modulonglong_PARM_2 + 6)
      0000BB A5*00            [ 3]  200 	lda	*___SDCC_m6502_ret7
      0000BD 8Dr0Fr00         [ 4]  201 	sta	(__modulonglong_PARM_2 + 7)
      0000C0 FA               [ 4]  202 	plx
                                    203 ;	Raw cost for generated ic 61 : (41, 63.000000) count=0.923069
                                    204 ;	../_modulonglong.c: 47: if (b > a)
                                    205 ;	genCmp
      0000C1 ADr00r00         [ 4]  206 	lda	__modulonglong_PARM_1
      0000C4 38               [ 2]  207 	sec
      0000C5 EDr08r00         [ 5]  208 	sbc	__modulonglong_PARM_2
      0000C8 ADr01r00         [ 4]  209 	lda	(__modulonglong_PARM_1 + 1)
      0000CB EDr09r00         [ 5]  210 	sbc	(__modulonglong_PARM_2 + 1)
      0000CE ADr02r00         [ 4]  211 	lda	(__modulonglong_PARM_1 + 2)
      0000D1 EDr0Ar00         [ 5]  212 	sbc	(__modulonglong_PARM_2 + 2)
      0000D4 ADr03r00         [ 4]  213 	lda	(__modulonglong_PARM_1 + 3)
      0000D7 EDr0Br00         [ 5]  214 	sbc	(__modulonglong_PARM_2 + 3)
      0000DA ADr04r00         [ 4]  215 	lda	(__modulonglong_PARM_1 + 4)
      0000DD EDr0Cr00         [ 5]  216 	sbc	(__modulonglong_PARM_2 + 4)
      0000E0 ADr05r00         [ 4]  217 	lda	(__modulonglong_PARM_1 + 5)
      0000E3 EDr0Dr00         [ 5]  218 	sbc	(__modulonglong_PARM_2 + 5)
      0000E6 ADr06r00         [ 4]  219 	lda	(__modulonglong_PARM_1 + 6)
      0000E9 EDr0Er00         [ 5]  220 	sbc	(__modulonglong_PARM_2 + 6)
      0000EC ADr07r00         [ 4]  221 	lda	(__modulonglong_PARM_1 + 7)
      0000EF EDr0Fr00         [ 5]  222 	sbc	(__modulonglong_PARM_2 + 7)
      0000F2 B0 61            [ 4]  223 	bcs	00102$
                                    224 ;	Raw cost for generated ic 11 : (54, 71.599998) count=0.923069
                                    225 ;	skipping generated iCode
                                    226 ;	Raw cost for generated ic 12 : (0, 0.000000) count=0.923069
                                    227 ;	../_modulonglong.c: 49: b >>=1;
                                    228 ;	genAssign
                                    229 ;	genCopy
      0000F4 ADr0Fr00         [ 4]  230 	lda	(__modulonglong_PARM_2 + 7)
      0000F7 8Dr07r00         [ 4]  231 	sta	(__srulonglong_PARM_1 + 7)
      0000FA ADr0Er00         [ 4]  232 	lda	(__modulonglong_PARM_2 + 6)
      0000FD 8Dr06r00         [ 4]  233 	sta	(__srulonglong_PARM_1 + 6)
      000100 ADr0Dr00         [ 4]  234 	lda	(__modulonglong_PARM_2 + 5)
      000103 8Dr05r00         [ 4]  235 	sta	(__srulonglong_PARM_1 + 5)
      000106 ADr0Cr00         [ 4]  236 	lda	(__modulonglong_PARM_2 + 4)
      000109 8Dr04r00         [ 4]  237 	sta	(__srulonglong_PARM_1 + 4)
      00010C ADr0Br00         [ 4]  238 	lda	(__modulonglong_PARM_2 + 3)
      00010F 8Dr03r00         [ 4]  239 	sta	(__srulonglong_PARM_1 + 3)
      000112 ADr0Ar00         [ 4]  240 	lda	(__modulonglong_PARM_2 + 2)
      000115 8Dr02r00         [ 4]  241 	sta	(__srulonglong_PARM_1 + 2)
      000118 ADr09r00         [ 4]  242 	lda	(__modulonglong_PARM_2 + 1)
      00011B 8Dr01r00         [ 4]  243 	sta	(__srulonglong_PARM_1 + 1)
      00011E ADr08r00         [ 4]  244 	lda	__modulonglong_PARM_2
      000121 8Dr00r00         [ 4]  245 	sta	__srulonglong_PARM_1
                                    246 ;	Raw cost for generated ic 62 : (48, 64.000000) count=0.692302
                                    247 ;	genAssign
                                    248 ;	genAssignLit
      000124 A0 01            [ 2]  249 	ldy	#0x01
      000126 8Cr00r00         [ 4]  250 	sty	__srulonglong_PARM_2
                                    251 ;	Raw cost for generated ic 63 : (5, 6.000000) count=0.692302
                                    252 ;	genCall
      000129 DA               [ 3]  253 	phx
      00012A 20r00r00         [ 6]  254 	jsr	__srulonglong
                                    255 ;	assignResultValue
      00012D 8Dr08r00         [ 4]  256 	sta	__modulonglong_PARM_2
      000130 8Er09r00         [ 4]  257 	stx	(__modulonglong_PARM_2 + 1)
      000133 A5*00            [ 3]  258 	lda	*___SDCC_m6502_ret2
      000135 8Dr0Ar00         [ 4]  259 	sta	(__modulonglong_PARM_2 + 2)
      000138 A5*00            [ 3]  260 	lda	*___SDCC_m6502_ret3
      00013A 8Dr0Br00         [ 4]  261 	sta	(__modulonglong_PARM_2 + 3)
      00013D A5*00            [ 3]  262 	lda	*___SDCC_m6502_ret4
      00013F 8Dr0Cr00         [ 4]  263 	sta	(__modulonglong_PARM_2 + 4)
      000142 A5*00            [ 3]  264 	lda	*___SDCC_m6502_ret5
      000144 8Dr0Dr00         [ 4]  265 	sta	(__modulonglong_PARM_2 + 5)
      000147 A5*00            [ 3]  266 	lda	*___SDCC_m6502_ret6
      000149 8Dr0Er00         [ 4]  267 	sta	(__modulonglong_PARM_2 + 6)
      00014C A5*00            [ 3]  268 	lda	*___SDCC_m6502_ret7
      00014E 8Dr0Fr00         [ 4]  269 	sta	(__modulonglong_PARM_2 + 7)
      000151 FA               [ 4]  270 	plx
                                    271 ;	Raw cost for generated ic 64 : (41, 63.000000) count=0.692302
                                    272 ;	../_modulonglong.c: 50: break;
                                    273 ;	genGoto
      000152 4Cr5Cr01         [ 3]  274 	jmp	00117$
                                    275 ;	Raw cost for generated ic 17 : (3, 3.000000) count=0.692302
                                    276 ;	genLabel
      000155                        277 00102$:
                                    278 ;	Raw cost for generated ic 18 : (0, 0.000000) count=0.230759
                                    279 ;	../_modulonglong.c: 52: count++;
                                    280 ;	genPlus
                                    281 ;	  genPlusInc
      000155 E6*00            [ 5]  282 	inc	*__modulonglong_sloc0_1_0
                                    283 ;	Raw cost for generated ic 20 : (2, 5.000000) count=0.230759
                                    284 ;	genAssign
                                    285 ;	genCopy
      000157 A6*00            [ 3]  286 	ldx	*__modulonglong_sloc0_1_0
                                    287 ;	Raw cost for generated ic 21 : (2, 3.000000) count=0.230759
                                    288 ;	genGoto
      000159 4Cr04r00         [ 3]  289 	jmp	00103$
                                    290 ;	Raw cost for generated ic 22 : (3, 3.000000) count=0.230759
                                    291 ;	../_modulonglong.c: 54: do
                                    292 ;	genLabel
      00015C                        293 00117$:
                                    294 ;	Raw cost for generated ic 45 : (0, 0.000000) count=0.999992
                                    295 ;	genAssign
                                    296 ;	genCopy
                                    297 ;	Raw cost for generated ic 47 : (0, 0.000000) count=0.999992
                                    298 ;	genLabel
      00015C                        299 00108$:
                                    300 ;	Raw cost for generated ic 24 : (0, 0.000000) count=3.999952
                                    301 ;	../_modulonglong.c: 56: if (a >= b)
                                    302 ;	genCmp
      00015C ADr00r00         [ 4]  303 	lda	__modulonglong_PARM_1
      00015F 38               [ 2]  304 	sec
      000160 EDr08r00         [ 5]  305 	sbc	__modulonglong_PARM_2
      000163 ADr01r00         [ 4]  306 	lda	(__modulonglong_PARM_1 + 1)
      000166 EDr09r00         [ 5]  307 	sbc	(__modulonglong_PARM_2 + 1)
      000169 ADr02r00         [ 4]  308 	lda	(__modulonglong_PARM_1 + 2)
      00016C EDr0Ar00         [ 5]  309 	sbc	(__modulonglong_PARM_2 + 2)
      00016F ADr03r00         [ 4]  310 	lda	(__modulonglong_PARM_1 + 3)
      000172 EDr0Br00         [ 5]  311 	sbc	(__modulonglong_PARM_2 + 3)
      000175 ADr04r00         [ 4]  312 	lda	(__modulonglong_PARM_1 + 4)
      000178 EDr0Cr00         [ 5]  313 	sbc	(__modulonglong_PARM_2 + 4)
      00017B ADr05r00         [ 4]  314 	lda	(__modulonglong_PARM_1 + 5)
      00017E EDr0Dr00         [ 5]  315 	sbc	(__modulonglong_PARM_2 + 5)
      000181 ADr06r00         [ 4]  316 	lda	(__modulonglong_PARM_1 + 6)
      000184 EDr0Er00         [ 5]  317 	sbc	(__modulonglong_PARM_2 + 6)
      000187 ADr07r00         [ 4]  318 	lda	(__modulonglong_PARM_1 + 7)
      00018A EDr0Fr00         [ 5]  319 	sbc	(__modulonglong_PARM_2 + 7)
      00018D 90 49            [ 4]  320 	bcc	00107$
                                    321 ;	Raw cost for generated ic 25 : (54, 71.599998) count=3.999952
                                    322 ;	skipping generated iCode
                                    323 ;	Raw cost for generated ic 26 : (0, 0.000000) count=3.999952
                                    324 ;	../_modulonglong.c: 57: a -= b;
                                    325 ;	genMinus
      00018F ADr00r00         [ 4]  326 	lda	__modulonglong_PARM_1
      000192 38               [ 2]  327 	sec
      000193 EDr08r00         [ 5]  328 	sbc	__modulonglong_PARM_2
      000196 8Dr00r00         [ 4]  329 	sta	__modulonglong_PARM_1
      000199 ADr01r00         [ 4]  330 	lda	(__modulonglong_PARM_1 + 1)
      00019C EDr09r00         [ 5]  331 	sbc	(__modulonglong_PARM_2 + 1)
      00019F 8Dr01r00         [ 4]  332 	sta	(__modulonglong_PARM_1 + 1)
      0001A2 ADr02r00         [ 4]  333 	lda	(__modulonglong_PARM_1 + 2)
      0001A5 EDr0Ar00         [ 5]  334 	sbc	(__modulonglong_PARM_2 + 2)
      0001A8 8Dr02r00         [ 4]  335 	sta	(__modulonglong_PARM_1 + 2)
      0001AB ADr03r00         [ 4]  336 	lda	(__modulonglong_PARM_1 + 3)
      0001AE EDr0Br00         [ 5]  337 	sbc	(__modulonglong_PARM_2 + 3)
      0001B1 8Dr03r00         [ 4]  338 	sta	(__modulonglong_PARM_1 + 3)
      0001B4 ADr04r00         [ 4]  339 	lda	(__modulonglong_PARM_1 + 4)
      0001B7 EDr0Cr00         [ 5]  340 	sbc	(__modulonglong_PARM_2 + 4)
      0001BA 8Dr04r00         [ 4]  341 	sta	(__modulonglong_PARM_1 + 4)
      0001BD ADr05r00         [ 4]  342 	lda	(__modulonglong_PARM_1 + 5)
      0001C0 EDr0Dr00         [ 5]  343 	sbc	(__modulonglong_PARM_2 + 5)
      0001C3 8Dr05r00         [ 4]  344 	sta	(__modulonglong_PARM_1 + 5)
      0001C6 ADr06r00         [ 4]  345 	lda	(__modulonglong_PARM_1 + 6)
      0001C9 EDr0Er00         [ 5]  346 	sbc	(__modulonglong_PARM_2 + 6)
      0001CC 8Dr06r00         [ 4]  347 	sta	(__modulonglong_PARM_1 + 6)
      0001CF ADr07r00         [ 4]  348 	lda	(__modulonglong_PARM_1 + 7)
      0001D2 EDr0Fr00         [ 5]  349 	sbc	(__modulonglong_PARM_2 + 7)
      0001D5 8Dr07r00         [ 4]  350 	sta	(__modulonglong_PARM_1 + 7)
                                    351 ;	Raw cost for generated ic 29 : (73, 98.000000) count=2.999960
                                    352 ;	genLabel
      0001D8                        353 00107$:
                                    354 ;	Raw cost for generated ic 31 : (0, 0.000000) count=3.999947
                                    355 ;	../_modulonglong.c: 58: b >>= 1;
                                    356 ;	genAssign
                                    357 ;	genCopy
      0001D8 ADr0Fr00         [ 4]  358 	lda	(__modulonglong_PARM_2 + 7)
      0001DB 8Dr07r00         [ 4]  359 	sta	(__srulonglong_PARM_1 + 7)
      0001DE ADr0Er00         [ 4]  360 	lda	(__modulonglong_PARM_2 + 6)
      0001E1 8Dr06r00         [ 4]  361 	sta	(__srulonglong_PARM_1 + 6)
      0001E4 ADr0Dr00         [ 4]  362 	lda	(__modulonglong_PARM_2 + 5)
      0001E7 8Dr05r00         [ 4]  363 	sta	(__srulonglong_PARM_1 + 5)
      0001EA ADr0Cr00         [ 4]  364 	lda	(__modulonglong_PARM_2 + 4)
      0001ED 8Dr04r00         [ 4]  365 	sta	(__srulonglong_PARM_1 + 4)
      0001F0 ADr0Br00         [ 4]  366 	lda	(__modulonglong_PARM_2 + 3)
      0001F3 8Dr03r00         [ 4]  367 	sta	(__srulonglong_PARM_1 + 3)
      0001F6 ADr0Ar00         [ 4]  368 	lda	(__modulonglong_PARM_2 + 2)
      0001F9 8Dr02r00         [ 4]  369 	sta	(__srulonglong_PARM_1 + 2)
      0001FC ADr09r00         [ 4]  370 	lda	(__modulonglong_PARM_2 + 1)
      0001FF 8Dr01r00         [ 4]  371 	sta	(__srulonglong_PARM_1 + 1)
      000202 ADr08r00         [ 4]  372 	lda	__modulonglong_PARM_2
      000205 8Dr00r00         [ 4]  373 	sta	__srulonglong_PARM_1
                                    374 ;	Raw cost for generated ic 65 : (48, 64.000000) count=3.999947
                                    375 ;	genAssign
                                    376 ;	genAssignLit
      000208 A0 01            [ 2]  377 	ldy	#0x01
      00020A 8Cr00r00         [ 4]  378 	sty	__srulonglong_PARM_2
                                    379 ;	Raw cost for generated ic 66 : (5, 6.000000) count=3.999947
                                    380 ;	genCall
      00020D DA               [ 3]  381 	phx
      00020E 20r00r00         [ 6]  382 	jsr	__srulonglong
                                    383 ;	assignResultValue
      000211 8Dr08r00         [ 4]  384 	sta	__modulonglong_PARM_2
      000214 8Er09r00         [ 4]  385 	stx	(__modulonglong_PARM_2 + 1)
      000217 A5*00            [ 3]  386 	lda	*___SDCC_m6502_ret2
      000219 8Dr0Ar00         [ 4]  387 	sta	(__modulonglong_PARM_2 + 2)
      00021C A5*00            [ 3]  388 	lda	*___SDCC_m6502_ret3
      00021E 8Dr0Br00         [ 4]  389 	sta	(__modulonglong_PARM_2 + 3)
      000221 A5*00            [ 3]  390 	lda	*___SDCC_m6502_ret4
      000223 8Dr0Cr00         [ 4]  391 	sta	(__modulonglong_PARM_2 + 4)
      000226 A5*00            [ 3]  392 	lda	*___SDCC_m6502_ret5
      000228 8Dr0Dr00         [ 4]  393 	sta	(__modulonglong_PARM_2 + 5)
      00022B A5*00            [ 3]  394 	lda	*___SDCC_m6502_ret6
      00022D 8Dr0Er00         [ 4]  395 	sta	(__modulonglong_PARM_2 + 6)
      000230 A5*00            [ 3]  396 	lda	*___SDCC_m6502_ret7
      000232 8Dr0Fr00         [ 4]  397 	sta	(__modulonglong_PARM_2 + 7)
      000235 FA               [ 4]  398 	plx
                                    399 ;	Raw cost for generated ic 67 : (41, 63.000000) count=3.999947
                                    400 ;	../_modulonglong.c: 60: while (count--);
                                    401 ;	genAssign
                                    402 ;	genCopy
      000236 8A               [ 2]  403 	txa
                                    404 ;	Raw cost for generated ic 35 : (1, 2.000000) count=3.999947
                                    405 ;	genMinus
                                    406 ;	  genMinusDec - size=1  icount=1
      000237 CA               [ 2]  407 	dex
                                    408 ;	Raw cost for generated ic 36 : (1, 2.000000) count=3.999947
                                    409 ;	genIfx
      000238 C9 00            [ 2]  410 	cmp	#0x00
                                    411 ;	genIfxJump : z
      00023A F0 03            [ 4]  412 	beq	00155$
      00023C 4Cr5Cr01         [ 3]  413 	jmp	00108$
      00023F                        414 00155$:
                                    415 ;	Raw cost for generated ic 38 : (7, 7.600000) count=3.999947
                                    416 ;	../_modulonglong.c: 62: return a;
                                    417 ;	genRet
      00023F ADr07r00         [ 4]  418 	lda	(__modulonglong_PARM_1 + 7)
      000242 85*00            [ 3]  419 	sta	*___SDCC_m6502_ret7
      000244 ADr06r00         [ 4]  420 	lda	(__modulonglong_PARM_1 + 6)
      000247 85*00            [ 3]  421 	sta	*___SDCC_m6502_ret6
      000249 ADr05r00         [ 4]  422 	lda	(__modulonglong_PARM_1 + 5)
      00024C 85*00            [ 3]  423 	sta	*___SDCC_m6502_ret5
      00024E ADr04r00         [ 4]  424 	lda	(__modulonglong_PARM_1 + 4)
      000251 85*00            [ 3]  425 	sta	*___SDCC_m6502_ret4
      000253 ADr03r00         [ 4]  426 	lda	(__modulonglong_PARM_1 + 3)
      000256 85*00            [ 3]  427 	sta	*___SDCC_m6502_ret3
      000258 ADr02r00         [ 4]  428 	lda	(__modulonglong_PARM_1 + 2)
      00025B 85*00            [ 3]  429 	sta	*___SDCC_m6502_ret2
      00025D AEr01r00         [ 4]  430 	ldx	(__modulonglong_PARM_1 + 1)
      000260 ADr00r00         [ 4]  431 	lda	__modulonglong_PARM_1
                                    432 ;	Raw cost for generated ic 41 : (36, 50.000000) count=0.999983
                                    433 ;	genLabel
                                    434 ;	Raw cost for generated ic 42 : (0, 0.000000) count=0.999983
                                    435 ;	../_modulonglong.c: 63: }
                                    436 ;	genEndFunction
      000263 60               [ 6]  437 	rts
                                    438 ;	Raw cost for generated ic 43 : (1, 6.000000) count=0.999983
                                    439 	.area CODE
                                    440 	.area RODATA
                                    441 	.area XINIT
                                    442 	.area CABS    (ABS)
