                                      1 ;--------------------------------------------------------
                                      2 ; File Created by SDCC : free open source ISO C Compiler
                                      3 ; Version 4.5.10 #15691 (Linux)
                                      4 ;--------------------------------------------------------
                                      5 	.module _schar2fs
                                      6 	
      000000                          7 	.r65c02
                                      8 	.optsdcc -mmos65c02
                                      9 
                                     10 ;--------------------------------------------------------
                                     11 ;  Ordering of segments for the linker.
                                     12 ;--------------------------------------------------------
                                     13 	.area ZP      (PAG)
                                     14 	.area OSEG    (PAG, OVR)
                                     15 	.area _CODE
                                     16 	.area GSINIT
                                     17 	.area GSFINAL
                                     18 	.area CODE
                                     19 	.area RODATA
                                     20 	.area XINIT
                                     21 	.area _DATA
                                     22 	.area DATA
                                     23 	.area BSS
                                     24 ;--------------------------------------------------------
                                     25 ; Public variables in this module
                                     26 ;--------------------------------------------------------
                                     27 	.globl ___slong2fs
                                     28 	.globl ___schar2fs
                                     29 ;--------------------------------------------------------
                                     30 ; ZP ram data
                                     31 ;--------------------------------------------------------
                                     32 	.area ZP      (PAG)
      000000                         33 ___schar2fs_sloc0_1_0:
      000000                         34 	.ds 4
                                     35 ;--------------------------------------------------------
                                     36 ; overlayable items in ram
                                     37 ;--------------------------------------------------------
                                     38 ;--------------------------------------------------------
                                     39 ; uninitialized external ram data
                                     40 ;--------------------------------------------------------
                                     41 	.area BSS
                                     42 ;--------------------------------------------------------
                                     43 ; absolute external ram data
                                     44 ;--------------------------------------------------------
                                     45 	.area DABS    (ABS)
                                     46 ;--------------------------------------------------------
                                     47 ; initialized external ram data
                                     48 ;--------------------------------------------------------
                                     49 	.area DATA
                                     50 ;--------------------------------------------------------
                                     51 ; global & static initialisations
                                     52 ;--------------------------------------------------------
                                     53 	.area _CODE
                                     54 	.area GSINIT
                                     55 	.area GSFINAL
                                     56 	.area GSINIT
                                     57 ;--------------------------------------------------------
                                     58 ; Home
                                     59 ;--------------------------------------------------------
                                     60 	.area _CODE
                                     61 	.area _CODE
                                     62 ;--------------------------------------------------------
                                     63 ; code
                                     64 ;--------------------------------------------------------
                                     65 	.area CODE
                                     66 ;------------------------------------------------------------
                                     67 ;Allocation info for local variables in function '__schar2fs'
                                     68 ;------------------------------------------------------------
                                     69 ;sloc0         Allocated with name '___schar2fs_sloc0_1_0'
                                     70 ;sc            Allocated to registers a 
                                     71 ;------------------------------------------------------------
                                     72 ;	../_schar2fs.c: 55: float __schar2fs (signed char sc) __SDCC_FLOAT_NONBANKED
                                     73 ;	genLabel
                                     74 ;	Raw cost for generated ic 0 : (0, 0.000000) count=1.000000
                                     75 ;	-----------------------------------------
                                     76 ;	 function __schar2fs
                                     77 ;	-----------------------------------------
                                     78 ;	Register assignment is optimal.
                                     79 ;	Stack space usage: 0 bytes.
      000000                         80 ___schar2fs:
                                     81 ;	Raw cost for generated ic 1 : (0, 0.000000) count=1.000000
                                     82 ;	genReceive
                                     83 ;	Raw cost for generated ic 2 : (0, 0.000000) count=1.000000
                                     84 ;	../_schar2fs.c: 57: return __slong2fs(sc);
                                     85 ;	genCast
      000000 8Dr00r00         [ 4]   86 	sta	___slong2fs_PARM_1
      000003 0A               [ 2]   87 	asl	a
      000004 A9 00            [ 2]   88 	lda	#0x00
      000006 69 FF            [ 3]   89 	adc	#0xff
      000008 49 FF            [ 2]   90 	eor	#0xff
      00000A 8Dr01r00         [ 4]   91 	sta	(___slong2fs_PARM_1 + 1)
      00000D 8Dr02r00         [ 4]   92 	sta	(___slong2fs_PARM_1 + 2)
      000010 8Dr03r00         [ 4]   93 	sta	(___slong2fs_PARM_1 + 3)
                                     94 ;	Raw cost for generated ic 3 : (19, 24.000000) count=1.000000
                                     95 ;	genCall
      000013 20r00r00         [ 6]   96 	jsr	___slong2fs
                                     97 ;	assignResultValue
      000016 85*00            [ 3]   98 	sta	*___schar2fs_sloc0_1_0
      000018 86*01            [ 3]   99 	stx	*(___schar2fs_sloc0_1_0 + 1)
      00001A A5*00            [ 3]  100 	lda	*___SDCC_m6502_ret2
      00001C 85*02            [ 3]  101 	sta	*(___schar2fs_sloc0_1_0 + 2)
      00001E A5*00            [ 3]  102 	lda	*___SDCC_m6502_ret3
      000020 85*03            [ 3]  103 	sta	*(___schar2fs_sloc0_1_0 + 3)
                                    104 ;	Raw cost for generated ic 5 : (15, 24.000000) count=1.000000
                                    105 ;	genRet
      000022 85*00            [ 3]  106 	sta	*___SDCC_m6502_ret3
      000024 A5*02            [ 3]  107 	lda	*(___schar2fs_sloc0_1_0 + 2)
      000026 85*00            [ 3]  108 	sta	*___SDCC_m6502_ret2
      000028 A5*00            [ 3]  109 	lda	*___schar2fs_sloc0_1_0
                                    110 ;	Raw cost for generated ic 6 : (8, 12.000000) count=1.000000
                                    111 ;	genLabel
                                    112 ;	Raw cost for generated ic 7 : (0, 0.000000) count=1.000000
                                    113 ;	../_schar2fs.c: 58: }
                                    114 ;	genEndFunction
      00002A 60               [ 6]  115 	rts
                                    116 ;	Raw cost for generated ic 8 : (1, 6.000000) count=1.000000
                                    117 	.area CODE
                                    118 	.area RODATA
                                    119 	.area XINIT
                                    120 	.area CABS    (ABS)
