                                      1 ;--------------------------------------------------------
                                      2 ; File Created by SDCC : free open source ISO C Compiler
                                      3 ; Version 4.5.10 #15691 (Linux)
                                      4 ;--------------------------------------------------------
                                      5 	.module _strpbrk
                                      6 	
      000000                          7 	.r65c02
                                      8 	.optsdcc -mmos65c02
                                      9 
                                     10 ;--------------------------------------------------------
                                     11 ;  Ordering of segments for the linker.
                                     12 ;--------------------------------------------------------
                                     13 	.area ZP      (PAG)
                                     14 	.area OSEG    (PAG, OVR)
                                     15 	.area _CODE
                                     16 	.area GSINIT
                                     17 	.area GSFINAL
                                     18 	.area CODE
                                     19 	.area RODATA
                                     20 	.area XINIT
                                     21 	.area _DATA
                                     22 	.area DATA
                                     23 	.area BSS
                                     24 ;--------------------------------------------------------
                                     25 ; Public variables in this module
                                     26 ;--------------------------------------------------------
                                     27 	.globl _strchr
                                     28 	.globl _strpbrk_PARM_2
                                     29 	.globl _strpbrk
                                     30 ;--------------------------------------------------------
                                     31 ; ZP ram data
                                     32 ;--------------------------------------------------------
                                     33 	.area ZP      (PAG)
      000000                         34 _strpbrk_sloc0_1_0:
      000000                         35 	.ds 2
                                     36 ;--------------------------------------------------------
                                     37 ; overlayable items in ram
                                     38 ;--------------------------------------------------------
                                     39 ;--------------------------------------------------------
                                     40 ; uninitialized external ram data
                                     41 ;--------------------------------------------------------
                                     42 	.area BSS
      000000                         43 _strpbrk_PARM_2:
      000000                         44 	.ds 2
      000002                         45 _strpbrk_string_10000_27:
      000002                         46 	.ds 2
      000004                         47 _strpbrk_ret_10000_28:
      000004                         48 	.ds 2
                                     49 ;--------------------------------------------------------
                                     50 ; absolute external ram data
                                     51 ;--------------------------------------------------------
                                     52 	.area DABS    (ABS)
                                     53 ;--------------------------------------------------------
                                     54 ; initialized external ram data
                                     55 ;--------------------------------------------------------
                                     56 	.area DATA
                                     57 ;--------------------------------------------------------
                                     58 ; global & static initialisations
                                     59 ;--------------------------------------------------------
                                     60 	.area _CODE
                                     61 	.area GSINIT
                                     62 	.area GSFINAL
                                     63 	.area GSINIT
                                     64 ;--------------------------------------------------------
                                     65 ; Home
                                     66 ;--------------------------------------------------------
                                     67 	.area _CODE
                                     68 	.area _CODE
                                     69 ;--------------------------------------------------------
                                     70 ; code
                                     71 ;--------------------------------------------------------
                                     72 	.area CODE
                                     73 ;------------------------------------------------------------
                                     74 ;Allocation info for local variables in function 'strpbrk'
                                     75 ;------------------------------------------------------------
                                     76 ;ch            Allocated to registers x 
                                     77 ;sloc0         Allocated with name '_strpbrk_sloc0_1_0'
                                     78 ;control       Allocated with name '_strpbrk_PARM_2'
                                     79 ;string        Allocated with name '_strpbrk_string_10000_27'
                                     80 ;ret           Allocated with name '_strpbrk_ret_10000_28'
                                     81 ;p             Allocated to registers a x 
                                     82 ;------------------------------------------------------------
                                     83 ;	../_strpbrk.c: 31: char * strpbrk ( const char * string, const char * control )
                                     84 ;	genLabel
                                     85 ;	Raw cost for generated ic 0 : (0, 0.000000) count=1.000000
                                     86 ;	-----------------------------------------
                                     87 ;	 function strpbrk
                                     88 ;	-----------------------------------------
                                     89 ;	Register assignment is optimal.
                                     90 ;	Stack space usage: 0 bytes.
      000000                         91 _strpbrk:
                                     92 ;	Raw cost for generated ic 1 : (0, 0.000000) count=1.000000
                                     93 ;	genReceive
      000000 8Dr02r00         [ 4]   94 	sta	_strpbrk_string_10000_27
      000003 8Er03r00         [ 4]   95 	stx	(_strpbrk_string_10000_27 + 1)
                                     96 ;	Raw cost for generated ic 2 : (6, 8.000000) count=1.000000
                                     97 ;	../_strpbrk.c: 33: char *ret = NULL;
                                     98 ;	genAssign
                                     99 ;	genAssignLit
      000006 9Cr04r00         [ 4]  100 	stz	_strpbrk_ret_10000_28
      000009 9Cr05r00         [ 4]  101 	stz	(_strpbrk_ret_10000_28 + 1)
                                    102 ;	Raw cost for generated ic 4 : (6, 8.000000) count=1.000000
                                    103 ;	../_strpbrk.c: 36: while (ch = *control) {
                                    104 ;	genAssign
                                    105 ;	genCopy
      00000C ADr01r00         [ 4]  106 	lda	(_strpbrk_PARM_2 + 1)
      00000F 85*01            [ 3]  107 	sta	*(_strpbrk_sloc0_1_0 + 1)
      000011 ADr00r00         [ 4]  108 	lda	_strpbrk_PARM_2
      000014 85*00            [ 3]  109 	sta	*_strpbrk_sloc0_1_0
                                    110 ;	Raw cost for generated ic 37 : (10, 14.000000) count=1.000000
                                    111 ;	genLabel
      000016                        112 00105$:
                                    113 ;	Raw cost for generated ic 5 : (0, 0.000000) count=3.999983
                                    114 ;	genPointerGet
      000016 A0 00            [ 2]  115 	ldy	#0x00
      000018 B1*00            [ 6]  116 	lda	[*_strpbrk_sloc0_1_0],y
                                    117 ;	Raw cost for generated ic 7 : (4, 7.000000) count=3.999983
                                    118 ;	genAssign
                                    119 ;	genCopy
      00001A AA               [ 2]  120 	tax
                                    121 ;	Raw cost for generated ic 8 : (1, 2.000000) count=3.999983
                                    122 ;	genIfx
      00001B C9 00            [ 2]  123 	cmp	#0x00
                                    124 ;	genIfxJump : z
      00001D F0 3F            [ 4]  125 	beq	00107$
                                    126 ;	Raw cost for generated ic 9 : (7, 7.600000) count=3.999983
                                    127 ;	../_strpbrk.c: 37: char * p = strchr(string, ch);
                                    128 ;	genAssign
                                    129 ;	genCopy
      00001F 8Er00r00         [ 4]  130 	stx	_strchr_PARM_2
                                    131 ;	Raw cost for generated ic 13 : (3, 4.000000) count=2.999987
                                    132 ;	Raw cost for generated ic 12 : (0, 0.000000) count=2.999987
                                    133 ;	genCall
                                    134 ;	genSend
      000022 AEr03r00         [ 4]  135 	ldx	(_strpbrk_string_10000_27 + 1)
      000025 ADr02r00         [ 4]  136 	lda	_strpbrk_string_10000_27
      000028 20r00r00         [ 6]  137 	jsr	_strchr
                                    138 ;	assignResultValue
                                    139 ;	Raw cost for generated ic 14 : (9, 14.000000) count=2.999987
                                    140 ;	../_strpbrk.c: 38: if (p != NULL && (ret == NULL || p < ret)) {
                                    141 ;	genIfx
      00002B C9 00            [ 2]  142 	cmp	#0x00
                                    143 ;	genIfxJump : z
      00002D D0 04            [ 4]  144 	bne	00138$
      00002F E0 00            [ 2]  145 	cpx	#0x00
      000031 F0 22            [ 4]  146 	beq	00102$
      000033                        147 00138$:
                                    148 ;	Raw cost for generated ic 16 : (11, 12.200000) count=2.999987
                                    149 ;	genIfx
      000033 85*00            [ 3]  150 	sta	*(REGTEMP+0)
      000035 ADr05r00         [ 4]  151 	lda	(_strpbrk_ret_10000_28 + 1)
      000038 0Dr04r00         [ 4]  152 	ora	_strpbrk_ret_10000_28
      00003B 08               [ 3]  153 	php
      00003C A5*00            [ 3]  154 	lda	*(REGTEMP+0)
      00003E 28               [ 4]  155 	plp
                                    156 ;	genIfxJump : z
      00003F F0 0E            [ 4]  157 	beq	00101$
                                    158 ;	Raw cost for generated ic 19 : (17, 26.600000) count=2.249990
                                    159 ;	genCmp
      000041 85*00            [ 3]  160 	sta	*(REGTEMP+0)
      000043 38               [ 2]  161 	sec
      000044 EDr04r00         [ 5]  162 	sbc	_strpbrk_ret_10000_28
      000047 8A               [ 2]  163 	txa
      000048 EDr05r00         [ 5]  164 	sbc	(_strpbrk_ret_10000_28 + 1)
      00004B A5*00            [ 3]  165 	lda	*(REGTEMP+0)
      00004D B0 06            [ 4]  166 	bcs	00102$
                                    167 ;	Raw cost for generated ic 22 : (17, 23.600000) count=1.687490
                                    168 ;	skipping generated iCode
                                    169 ;	Raw cost for generated ic 23 : (0, 0.000000) count=1.687490
                                    170 ;	genLabel
      00004F                        171 00101$:
                                    172 ;	Raw cost for generated ic 25 : (0, 0.000000) count=1.828115
                                    173 ;	../_strpbrk.c: 39: ret = p;
                                    174 ;	genAssign
                                    175 ;	genCopy
      00004F 8Dr04r00         [ 4]  176 	sta	_strpbrk_ret_10000_28
      000052 8Er05r00         [ 4]  177 	stx	(_strpbrk_ret_10000_28 + 1)
                                    178 ;	Raw cost for generated ic 26 : (6, 8.000000) count=1.828115
                                    179 ;	genLabel
      000055                        180 00102$:
                                    181 ;	Raw cost for generated ic 27 : (0, 0.000000) count=2.999983
                                    182 ;	../_strpbrk.c: 41: control++;
                                    183 ;	genPlus
                                    184 ;	  genPlusInc
      000055 E6*00            [ 5]  185 	inc	*_strpbrk_sloc0_1_0
      000057 D0 BD            [ 4]  186 	bne	00105$
      000059 E6*01            [ 5]  187 	inc	*(_strpbrk_sloc0_1_0 + 1)
                                    188 ;	Raw cost for generated ic 29 : (6, 12.600000) count=2.999983
                                    189 ;	genGoto
      00005B 4Cr16r00         [ 3]  190 	jmp	00105$
                                    191 ;	Raw cost for generated ic 31 : (3, 3.000000) count=2.999983
                                    192 ;	genLabel
      00005E                        193 00107$:
                                    194 ;	Raw cost for generated ic 32 : (0, 0.000000) count=0.999994
                                    195 ;	../_strpbrk.c: 44: return (ret);
                                    196 ;	genRet
      00005E AEr05r00         [ 4]  197 	ldx	(_strpbrk_ret_10000_28 + 1)
      000061 ADr04r00         [ 4]  198 	lda	_strpbrk_ret_10000_28
                                    199 ;	Raw cost for generated ic 33 : (6, 8.000000) count=0.999994
                                    200 ;	genLabel
                                    201 ;	Raw cost for generated ic 34 : (0, 0.000000) count=0.999994
                                    202 ;	../_strpbrk.c: 45: }
                                    203 ;	genEndFunction
      000064 60               [ 6]  204 	rts
                                    205 ;	Raw cost for generated ic 35 : (1, 6.000000) count=0.999994
                                    206 	.area CODE
                                    207 	.area RODATA
                                    208 	.area XINIT
                                    209 	.area CABS    (ABS)
