                                      1 ;--------------------------------------------------------
                                      2 ; File Created by SDCC : free open source ISO C Compiler
                                      3 ; Version 4.5.10 #15691 (Linux)
                                      4 ;--------------------------------------------------------
                                      5 	.module bsearch
                                      6 	
      000000                          7 	.r65c02
                                      8 	.optsdcc -mmos65c02
                                      9 
                                     10 ;--------------------------------------------------------
                                     11 ;  Ordering of segments for the linker.
                                     12 ;--------------------------------------------------------
                                     13 	.area ZP      (PAG)
                                     14 	.area OSEG    (PAG, OVR)
                                     15 	.area _CODE
                                     16 	.area GSINIT
                                     17 	.area GSFINAL
                                     18 	.area CODE
                                     19 	.area RODATA
                                     20 	.area XINIT
                                     21 	.area _DATA
                                     22 	.area DATA
                                     23 	.area BSS
                                     24 ;--------------------------------------------------------
                                     25 ; Public variables in this module
                                     26 ;--------------------------------------------------------
                                     27 	.globl _bsearch_PARM_5
                                     28 	.globl _bsearch_PARM_4
                                     29 	.globl _bsearch_PARM_3
                                     30 	.globl _bsearch_PARM_2
                                     31 	.globl _bsearch
                                     32 ;--------------------------------------------------------
                                     33 ; ZP ram data
                                     34 ;--------------------------------------------------------
                                     35 	.area ZP      (PAG)
      000000                         36 _bsearch_sloc0_1_0:
      000000                         37 	.ds 2
                                     38 ;--------------------------------------------------------
                                     39 ; overlayable items in ram
                                     40 ;--------------------------------------------------------
                                     41 ;--------------------------------------------------------
                                     42 ; uninitialized external ram data
                                     43 ;--------------------------------------------------------
                                     44 	.area BSS
      000000                         45 _bsearch_PARM_2:
      000000                         46 	.ds 2
      000002                         47 _bsearch_PARM_3:
      000002                         48 	.ds 2
      000004                         49 _bsearch_PARM_4:
      000004                         50 	.ds 2
      000006                         51 _bsearch_PARM_5:
      000006                         52 	.ds 2
      000008                         53 _bsearch_key_10000_42:
      000008                         54 	.ds 2
      00000A                         55 _bsearch_left_20000_45:
      00000A                         56 	.ds 2
      00000C                         57 _bsearch_middle_30000_46:
      00000C                         58 	.ds 2
      00000E                         59 _bsearch_c_30000_46:
      00000E                         60 	.ds 2
                                     61 ;--------------------------------------------------------
                                     62 ; absolute external ram data
                                     63 ;--------------------------------------------------------
                                     64 	.area DABS    (ABS)
                                     65 ;--------------------------------------------------------
                                     66 ; initialized external ram data
                                     67 ;--------------------------------------------------------
                                     68 	.area DATA
                                     69 ;--------------------------------------------------------
                                     70 ; global & static initialisations
                                     71 ;--------------------------------------------------------
                                     72 	.area _CODE
                                     73 	.area GSINIT
                                     74 	.area GSFINAL
                                     75 	.area GSINIT
                                     76 ;--------------------------------------------------------
                                     77 ; Home
                                     78 ;--------------------------------------------------------
                                     79 	.area _CODE
                                     80 	.area _CODE
                                     81 ;--------------------------------------------------------
                                     82 ; code
                                     83 ;--------------------------------------------------------
                                     84 	.area CODE
                                     85 ;------------------------------------------------------------
                                     86 ;Allocation info for local variables in function 'bsearch'
                                     87 ;------------------------------------------------------------
                                     88 ;sloc0         Allocated with name '_bsearch_sloc0_1_0'
                                     89 ;base          Allocated with name '_bsearch_PARM_2'
                                     90 ;nmemb         Allocated with name '_bsearch_PARM_3'
                                     91 ;size          Allocated with name '_bsearch_PARM_4'
                                     92 ;compar        Allocated with name '_bsearch_PARM_5'
                                     93 ;key           Allocated with name '_bsearch_key_10000_42'
                                     94 ;left          Allocated with name '_bsearch_left_20000_45'
                                     95 ;middle        Allocated with name '_bsearch_middle_30000_46'
                                     96 ;c             Allocated with name '_bsearch_c_30000_46'
                                     97 ;------------------------------------------------------------
                                     98 ;	../bsearch.c: 31: void *bsearch(const void *key, const void *base, size_t nmemb, size_t size, int (*compar)(const void *, const void *) __reentrant)
                                     99 ;	genLabel
                                    100 ;	Raw cost for generated ic 0 : (0, 0.000000) count=1.000000
                                    101 ;	-----------------------------------------
                                    102 ;	 function bsearch
                                    103 ;	-----------------------------------------
                                    104 ;	Register assignment is optimal.
                                    105 ;	Stack space usage: 0 bytes.
      000000                        106 _bsearch:
                                    107 ;	Raw cost for generated ic 1 : (0, 0.000000) count=1.000000
                                    108 ;	genReceive
      000000 8Dr08r00         [ 4]  109 	sta	_bsearch_key_10000_42
      000003 8Er09r00         [ 4]  110 	stx	(_bsearch_key_10000_42 + 1)
                                    111 ;	Raw cost for generated ic 2 : (6, 8.000000) count=1.000000
                                    112 ;	../bsearch.c: 33: for(const char *left = base; nmemb;)
                                    113 ;	genCast
                                    114 ;	genCopy
      000006 ADr01r00         [ 4]  115 	lda	(_bsearch_PARM_2 + 1)
      000009 8Dr0Br00         [ 4]  116 	sta	(_bsearch_left_20000_45 + 1)
      00000C ADr00r00         [ 4]  117 	lda	_bsearch_PARM_2
      00000F 8Dr0Ar00         [ 4]  118 	sta	_bsearch_left_20000_45
                                    119 ;	Raw cost for generated ic 3 : (12, 16.000000) count=1.000000
                                    120 ;	genLabel
      000012                        121 00109$:
                                    122 ;	Raw cost for generated ic 5 : (0, 0.000000) count=3.369007
                                    123 ;	genIfx
      000012 ADr03r00         [ 4]  124 	lda	(_bsearch_PARM_3 + 1)
      000015 0Dr02r00         [ 4]  125 	ora	_bsearch_PARM_3
                                    126 ;	genIfxJump : z
      000018 D0 03            [ 4]  127 	bne	00138$
      00001A 4CrC9r00         [ 3]  128 	jmp	00107$
      00001D                        129 00138$:
                                    130 ;	Raw cost for generated ic 6 : (11, 13.600000) count=3.369007
                                    131 ;	../bsearch.c: 35: const char *middle = left + nmemb / 2 * size;
                                    132 ;	genRightShift
                                    133 ;	genRightShiftLiteral
                                    134 ;	  genrsh16 - shift=1
      00001D AEr03r00         [ 4]  135 	ldx	(_bsearch_PARM_3 + 1)
      000020 ADr02r00         [ 4]  136 	lda	_bsearch_PARM_3
      000023 86*00            [ 3]  137 	stx	*(REGTEMP+0)
      000025 46*00            [ 5]  138 	lsr	*(REGTEMP+0)
      000027 6A               [ 2]  139 	ror	a
      000028 A6*00            [ 3]  140 	ldx	*(REGTEMP+0)
      00002A 85*00            [ 3]  141 	sta	*_bsearch_sloc0_1_0
      00002C 86*01            [ 3]  142 	stx	*(_bsearch_sloc0_1_0 + 1)
                                    143 ;	Raw cost for generated ic 9 : (17, 27.000000) count=2.526755
                                    144 ;	genAssign
                                    145 ;	genCopy
      00002E ADr05r00         [ 4]  146 	lda	(_bsearch_PARM_4 + 1)
      000031 8Dr01r00         [ 4]  147 	sta	(__mulint_PARM_2 + 1)
      000034 ADr04r00         [ 4]  148 	lda	_bsearch_PARM_4
      000037 8Dr00r00         [ 4]  149 	sta	__mulint_PARM_2
                                    150 ;	Raw cost for generated ic 52 : (12, 16.000000) count=2.526755
                                    151 ;	Raw cost for generated ic 51 : (0, 0.000000) count=2.526755
                                    152 ;	genCall
                                    153 ;	genSend
      00003A A5*00            [ 3]  154 	lda	*_bsearch_sloc0_1_0
      00003C 20r00r00         [ 6]  155 	jsr	__mulint
                                    156 ;	assignResultValue
                                    157 ;	Raw cost for generated ic 53 : (5, 9.000000) count=2.526755
                                    158 ;	genPlus
      00003F 18               [ 2]  159 	clc
      000040 6Dr0Ar00         [ 5]  160 	adc	_bsearch_left_20000_45
      000043 8Dr0Cr00         [ 4]  161 	sta	_bsearch_middle_30000_46
      000046 8A               [ 2]  162 	txa
      000047 6Dr0Br00         [ 5]  163 	adc	(_bsearch_left_20000_45 + 1)
      00004A 8Dr0Dr00         [ 4]  164 	sta	(_bsearch_middle_30000_46 + 1)
                                    165 ;	Raw cost for generated ic 11 : (14, 20.000000) count=2.526755
                                    166 ;	../bsearch.c: 36: int c = (*compar)(key, middle);
                                    167 ;	genCast
                                    168 ;	genCopy
      00004D AA               [ 2]  169 	tax
      00004E ADr0Cr00         [ 4]  170 	lda	_bsearch_middle_30000_46
                                    171 ;	Raw cost for generated ic 13 : (4, 6.000000) count=2.526755
                                    172 ;	genIpush
      000051 DA               [ 3]  173 	phx
      000052 48               [ 3]  174 	pha
                                    175 ;	Raw cost for generated ic 14 : (2, 6.000000) count=2.526755
                                    176 ;	Raw cost for generated ic 15 : (0, 0.000000) count=2.526755
                                    177 ;	genPcall
      000053 ADr06r00         [ 4]  178 	lda	_bsearch_PARM_5
      000056 85*00            [ 3]  179 	sta	*(REGTEMP+0)
      000058 ADr07r00         [ 4]  180 	lda	(_bsearch_PARM_5 + 1)
      00005B 85*01            [ 3]  181 	sta	*(REGTEMP+1)
                                    182 ;	genSend
      00005D AEr09r00         [ 4]  183 	ldx	(_bsearch_key_10000_42 + 1)
      000060 ADr08r00         [ 4]  184 	lda	_bsearch_key_10000_42
      000063 20r00r00         [ 6]  185 	jsr	__sdcc_indirect_jsr
                                    186 ;	assignResultValue
      000066 8Dr0Er00         [ 4]  187 	sta	_bsearch_c_30000_46
      000069 8Er0Fr00         [ 4]  188 	stx	(_bsearch_c_30000_46 + 1)
                                    189 ;	  adjustStack : cycles stk:8  incdec:8  adc:12
      00006C 68               [ 4]  190 	pla
      00006D 68               [ 4]  191 	pla
                                    192 ;	Raw cost for generated ic 16 : (27, 44.000000) count=2.526755
                                    193 ;	../bsearch.c: 38: if(c < 0)
                                    194 ;	genCmp
      00006E 2Cr0Fr00         [ 4]  195 	bit	(_bsearch_c_30000_46 + 1)
      000071 10 0D            [ 4]  196 	bpl	00105$
                                    197 ;	Raw cost for generated ic 18 : (8, 9.600000) count=2.526755
                                    198 ;	skipping generated iCode
                                    199 ;	Raw cost for generated ic 19 : (0, 0.000000) count=2.526755
                                    200 ;	../bsearch.c: 39: nmemb = nmemb / 2;	
                                    201 ;	genAssign
                                    202 ;	genCopy
      000073 A5*01            [ 3]  203 	lda	*(_bsearch_sloc0_1_0 + 1)
      000075 8Dr03r00         [ 4]  204 	sta	(_bsearch_PARM_3 + 1)
      000078 A5*00            [ 3]  205 	lda	*_bsearch_sloc0_1_0
      00007A 8Dr02r00         [ 4]  206 	sta	_bsearch_PARM_3
                                    207 ;	Raw cost for generated ic 23 : (10, 14.000000) count=1.895169
                                    208 ;	genGoto
      00007D 4Cr12r00         [ 3]  209 	jmp	00109$
                                    210 ;	Raw cost for generated ic 24 : (3, 3.000000) count=1.895169
                                    211 ;	genLabel
      000080                        212 00105$:
                                    213 ;	Raw cost for generated ic 25 : (0, 0.000000) count=0.631784
                                    214 ;	../bsearch.c: 40: else if(c > 0)
                                    215 ;	genCmp
      000080 A9 00            [ 2]  216 	lda	#0x00
      000082 38               [ 2]  217 	sec
      000083 EDr0Er00         [ 5]  218 	sbc	_bsearch_c_30000_46
      000086 A9 00            [ 2]  219 	lda	#0x00
      000088 EDr0Fr00         [ 5]  220 	sbc	(_bsearch_c_30000_46 + 1)
      00008B 50 04            [ 4]  221 	bvc	00141$
      00008D 10 04            [ 4]  222 	bpl	00140$
      00008F 30 31            [ 4]  223 	bmi	00102$
      000091                        224 00141$:
      000091 10 2F            [ 4]  225 	bpl	00102$
      000093                        226 00140$:
                                    227 ;	Raw cost for generated ic 26 : (22, 27.400002) count=0.631784
                                    228 ;	skipping generated iCode
                                    229 ;	Raw cost for generated ic 27 : (0, 0.000000) count=0.631784
                                    230 ;	../bsearch.c: 42: left = middle + size;
                                    231 ;	genPlus
      000093 ADr0Cr00         [ 4]  232 	lda	_bsearch_middle_30000_46
      000096 18               [ 2]  233 	clc
      000097 6Dr04r00         [ 5]  234 	adc	_bsearch_PARM_4
      00009A 8Dr0Ar00         [ 4]  235 	sta	_bsearch_left_20000_45
      00009D ADr0Dr00         [ 4]  236 	lda	(_bsearch_middle_30000_46 + 1)
      0000A0 6Dr05r00         [ 5]  237 	adc	(_bsearch_PARM_4 + 1)
      0000A3 8Dr0Br00         [ 4]  238 	sta	(_bsearch_left_20000_45 + 1)
                                    239 ;	Raw cost for generated ic 30 : (19, 26.000000) count=0.473838
                                    240 ;	../bsearch.c: 43: nmemb = (nmemb - 1) / 2;
                                    241 ;	genMinus
                                    242 ;	  genMinusDec - size=2  icount=1
      0000A6 AEr03r00         [ 4]  243 	ldx	(_bsearch_PARM_3 + 1)
      0000A9 ADr02r00         [ 4]  244 	lda	_bsearch_PARM_3
      0000AC 38               [ 2]  245 	sec
      0000AD E9 01            [ 3]  246 	sbc	#0x01
      0000AF B0 01            [ 4]  247 	bcs	00143$
      0000B1 CA               [ 2]  248 	dex
      0000B2                        249 00143$:
                                    250 ;	Raw cost for generated ic 32 : (12, 16.600000) count=0.473838
                                    251 ;	genRightShift
                                    252 ;	genRightShiftLiteral
                                    253 ;	  genrsh16 - shift=1
      0000B2 86*00            [ 3]  254 	stx	*(REGTEMP+0)
      0000B4 46*00            [ 5]  255 	lsr	*(REGTEMP+0)
      0000B6 6A               [ 2]  256 	ror	a
      0000B7 A6*00            [ 3]  257 	ldx	*(REGTEMP+0)
      0000B9 8Dr02r00         [ 4]  258 	sta	_bsearch_PARM_3
      0000BC 8Er03r00         [ 4]  259 	stx	(_bsearch_PARM_3 + 1)
                                    260 ;	Raw cost for generated ic 33 : (13, 21.000000) count=0.473838
                                    261 ;	genGoto
      0000BF 4Cr12r00         [ 3]  262 	jmp	00109$
                                    263 ;	Raw cost for generated ic 35 : (3, 3.000000) count=0.473838
                                    264 ;	genLabel
      0000C2                        265 00102$:
                                    266 ;	Raw cost for generated ic 36 : (0, 0.000000) count=0.158059
                                    267 ;	../bsearch.c: 46: return(middle);
                                    268 ;	genCast
                                    269 ;	genCopy
      0000C2 AEr0Dr00         [ 4]  270 	ldx	(_bsearch_middle_30000_46 + 1)
      0000C5 ADr0Cr00         [ 4]  271 	lda	_bsearch_middle_30000_46
                                    272 ;	Raw cost for generated ic 37 : (6, 8.000000) count=0.158059
                                    273 ;	genRet
      0000C8 60               [ 6]  274 	rts
                                    275 ;	Raw cost for generated ic 38 : (3, 3.000000) count=0.158059
                                    276 ;	genLabel
      0000C9                        277 00107$:
                                    278 ;	Raw cost for generated ic 43 : (0, 0.000000) count=1.000311
                                    279 ;	../bsearch.c: 49: return(0);
                                    280 ;	genRet
      0000C9 A9 00            [ 2]  281 	lda	#0x00
      0000CB AA               [ 2]  282 	tax
                                    283 ;	Raw cost for generated ic 44 : (3, 4.000000) count=1.000311
                                    284 ;	genLabel
                                    285 ;	Raw cost for generated ic 45 : (0, 0.000000) count=1.000311
                                    286 ;	../bsearch.c: 50: }
                                    287 ;	genEndFunction
      0000CC 60               [ 6]  288 	rts
                                    289 ;	Raw cost for generated ic 46 : (1, 6.000000) count=1.000311
                                    290 	.area CODE
                                    291 	.area RODATA
                                    292 	.area XINIT
                                    293 	.area CABS    (ABS)
