                                      1 ;--------------------------------------------------------
                                      2 ; File Created by SDCC : free open source ISO C Compiler
                                      3 ; Version 4.5.10 #15691 (Linux)
                                      4 ;--------------------------------------------------------
                                      5 	.module c32rtomb
                                      6 	
      000000                          7 	.r65c02
                                      8 	.optsdcc -mmos65c02
                                      9 
                                     10 ;--------------------------------------------------------
                                     11 ;  Ordering of segments for the linker.
                                     12 ;--------------------------------------------------------
                                     13 	.area ZP      (PAG)
                                     14 	.area OSEG    (PAG, OVR)
                                     15 	.area _CODE
                                     16 	.area GSINIT
                                     17 	.area GSFINAL
                                     18 	.area CODE
                                     19 	.area RODATA
                                     20 	.area XINIT
                                     21 	.area _DATA
                                     22 	.area DATA
                                     23 	.area BSS
                                     24 ;--------------------------------------------------------
                                     25 ; Public variables in this module
                                     26 ;--------------------------------------------------------
                                     27 	.globl _wctomb
                                     28 	.globl _c32rtomb_PARM_3
                                     29 	.globl _c32rtomb_PARM_2
                                     30 	.globl _c32rtomb
                                     31 ;--------------------------------------------------------
                                     32 ; ZP ram data
                                     33 ;--------------------------------------------------------
                                     34 	.area ZP      (PAG)
                                     35 ;--------------------------------------------------------
                                     36 ; overlayable items in ram
                                     37 ;--------------------------------------------------------
                                     38 ;--------------------------------------------------------
                                     39 ; uninitialized external ram data
                                     40 ;--------------------------------------------------------
                                     41 	.area BSS
      000000                         42 _c32rtomb_PARM_2:
      000000                         43 	.ds 4
      000004                         44 _c32rtomb_PARM_3:
      000004                         45 	.ds 2
                                     46 ;--------------------------------------------------------
                                     47 ; absolute external ram data
                                     48 ;--------------------------------------------------------
                                     49 	.area DABS    (ABS)
                                     50 ;--------------------------------------------------------
                                     51 ; initialized external ram data
                                     52 ;--------------------------------------------------------
                                     53 	.area DATA
                                     54 ;--------------------------------------------------------
                                     55 ; global & static initialisations
                                     56 ;--------------------------------------------------------
                                     57 	.area _CODE
                                     58 	.area GSINIT
                                     59 	.area GSFINAL
                                     60 	.area GSINIT
                                     61 ;--------------------------------------------------------
                                     62 ; Home
                                     63 ;--------------------------------------------------------
                                     64 	.area _CODE
                                     65 	.area _CODE
                                     66 ;--------------------------------------------------------
                                     67 ; code
                                     68 ;--------------------------------------------------------
                                     69 	.area CODE
                                     70 ;------------------------------------------------------------
                                     71 ;Allocation info for local variables in function 'c32rtomb'
                                     72 ;------------------------------------------------------------
                                     73 ;c32           Allocated with name '_c32rtomb_PARM_2'
                                     74 ;ps            Allocated with name '_c32rtomb_PARM_3'
                                     75 ;s             Allocated to registers a x 
                                     76 ;------------------------------------------------------------
                                     77 ;	../c32rtomb.c: 33: size_t c32rtomb(char *restrict s, char32_t c32, mbstate_t *restrict ps)
                                     78 ;	genLabel
                                     79 ;	Raw cost for generated ic 0 : (0, 0.000000) count=1.000000
                                     80 ;	-----------------------------------------
                                     81 ;	 function c32rtomb
                                     82 ;	-----------------------------------------
                                     83 ;	Register assignment is optimal.
                                     84 ;	Stack space usage: 0 bytes.
      000000                         85 _c32rtomb:
                                     86 ;	Raw cost for generated ic 1 : (0, 0.000000) count=1.000000
                                     87 ;	genReceive
                                     88 ;	Raw cost for generated ic 2 : (0, 0.000000) count=1.000000
                                     89 ;	../c32rtomb.c: 36: return(wctomb(s, c32));
                                     90 ;	genAssign
                                     91 ;	genCopy
      000000 ACr03r00         [ 4]   92 	ldy	(_c32rtomb_PARM_2 + 3)
      000003 8Cr03r00         [ 4]   93 	sty	(_wctomb_PARM_2 + 3)
      000006 ACr02r00         [ 4]   94 	ldy	(_c32rtomb_PARM_2 + 2)
      000009 8Cr02r00         [ 4]   95 	sty	(_wctomb_PARM_2 + 2)
      00000C ACr01r00         [ 4]   96 	ldy	(_c32rtomb_PARM_2 + 1)
      00000F 8Cr01r00         [ 4]   97 	sty	(_wctomb_PARM_2 + 1)
      000012 ACr00r00         [ 4]   98 	ldy	_c32rtomb_PARM_2
      000015 8Cr00r00         [ 4]   99 	sty	_wctomb_PARM_2
                                    100 ;	Raw cost for generated ic 4 : (24, 32.000000) count=1.000000
                                    101 ;	Raw cost for generated ic 3 : (0, 0.000000) count=1.000000
                                    102 ;	genCall
                                    103 ;	genSend
                                    104 ;	assignResultValue
                                    105 ;	Raw cost for generated ic 5 : (3, 6.000000) count=1.000000
                                    106 ;	genRet
                                    107 ;	Raw cost for generated ic 6 : (0, 0.000000) count=1.000000
                                    108 ;	genLabel
                                    109 ;	Raw cost for generated ic 7 : (0, 0.000000) count=1.000000
                                    110 ;	../c32rtomb.c: 37: }
                                    111 ;	genEndFunction
      000018 4Cr00r00         [ 3]  112 	jmp	_wctomb
                                    113 ;	Raw cost for generated ic 8 : (1, 6.000000) count=1.000000
                                    114 	.area CODE
                                    115 	.area RODATA
                                    116 	.area XINIT
                                    117 	.area CABS    (ABS)
