                                      1 ;--------------------------------------------------------
                                      2 ; File Created by SDCC : free open source ISO C Compiler
                                      3 ; Version 4.5.10 #15691 (Linux)
                                      4 ;--------------------------------------------------------
                                      5 	.module iscntrl
                                      6 	
      000000                          7 	.r65c02
                                      8 	.optsdcc -mmos65c02
                                      9 
                                     10 ;--------------------------------------------------------
                                     11 ;  Ordering of segments for the linker.
                                     12 ;--------------------------------------------------------
                                     13 	.area ZP      (PAG)
                                     14 	.area OSEG    (PAG, OVR)
                                     15 	.area _CODE
                                     16 	.area GSINIT
                                     17 	.area GSFINAL
                                     18 	.area CODE
                                     19 	.area RODATA
                                     20 	.area XINIT
                                     21 	.area _DATA
                                     22 	.area DATA
                                     23 	.area BSS
                                     24 ;--------------------------------------------------------
                                     25 ; Public variables in this module
                                     26 ;--------------------------------------------------------
                                     27 	.globl _iscntrl
                                     28 ;--------------------------------------------------------
                                     29 ; ZP ram data
                                     30 ;--------------------------------------------------------
                                     31 	.area ZP      (PAG)
                                     32 ;--------------------------------------------------------
                                     33 ; overlayable items in ram
                                     34 ;--------------------------------------------------------
                                     35 ;--------------------------------------------------------
                                     36 ; uninitialized external ram data
                                     37 ;--------------------------------------------------------
                                     38 	.area BSS
                                     39 ;--------------------------------------------------------
                                     40 ; absolute external ram data
                                     41 ;--------------------------------------------------------
                                     42 	.area DABS    (ABS)
                                     43 ;--------------------------------------------------------
                                     44 ; initialized external ram data
                                     45 ;--------------------------------------------------------
                                     46 	.area DATA
                                     47 ;--------------------------------------------------------
                                     48 ; global & static initialisations
                                     49 ;--------------------------------------------------------
                                     50 	.area _CODE
                                     51 	.area GSINIT
                                     52 	.area GSFINAL
                                     53 	.area GSINIT
                                     54 ;--------------------------------------------------------
                                     55 ; Home
                                     56 ;--------------------------------------------------------
                                     57 	.area _CODE
                                     58 	.area _CODE
                                     59 ;--------------------------------------------------------
                                     60 ; code
                                     61 ;--------------------------------------------------------
                                     62 	.area CODE
                                     63 ;------------------------------------------------------------
                                     64 ;Allocation info for local variables in function 'iscntrl'
                                     65 ;------------------------------------------------------------
                                     66 ;c             Allocated to registers a x 
                                     67 ;------------------------------------------------------------
                                     68 ;	../iscntrl.c: 33: int iscntrl (int c)
                                     69 ;	genLabel
                                     70 ;	Raw cost for generated ic 0 : (0, 0.000000) count=1.000000
                                     71 ;	-----------------------------------------
                                     72 ;	 function iscntrl
                                     73 ;	-----------------------------------------
                                     74 ;	Register assignment is optimal.
                                     75 ;	Stack space usage: 0 bytes.
      000000                         76 _iscntrl:
                                     77 ;	Raw cost for generated ic 1 : (0, 0.000000) count=1.000000
                                     78 ;	genReceive
                                     79 ;	Raw cost for generated ic 2 : (0, 0.000000) count=1.000000
                                     80 ;	../iscntrl.c: 35: return (c < ' ' || c == 0x7f);
                                     81 ;	genCmp
      000000 85*00            [ 3]   82 	sta	*(REGTEMP+0)
      000002 38               [ 2]   83 	sec
      000003 E9 20            [ 3]   84 	sbc	#0x20
      000005 8A               [ 2]   85 	txa
      000006 E9 00            [ 3]   86 	sbc	#0x00
      000008 08               [ 3]   87 	php
      000009 A5*00            [ 3]   88 	lda	*(REGTEMP+0)
      00000B 28               [ 4]   89 	plp
      00000C 70 04            [ 4]   90 	bvs	00119$
      00000E 10 04            [ 4]   91 	bpl	00118$
      000010 30 0F            [ 4]   92 	bmi	00104$
      000012                         93 00119$:
      000012 10 0D            [ 4]   94 	bpl	00104$
      000014                         95 00118$:
                                     96 ;	Raw cost for generated ic 3 : (23, 34.400002) count=1.000000
                                     97 ;	skipping generated iCode
                                     98 ;	Raw cost for generated ic 4 : (0, 0.000000) count=1.000000
                                     99 ;	genCmpEQorNE
      000014 C9 7F            [ 2]  100 	cmp	#0x7f
      000016 D0 04            [ 4]  101 	bne	00122$
      000018 E0 00            [ 2]  102 	cpx	#0x00
      00001A F0 05            [ 4]  103 	beq	00104$
      00001C                        104 00122$:
                                    105 ;	Raw cost for generated ic 5 : (14, 15.200001) count=0.750000
                                    106 ;	skipping generated iCode
                                    107 ;	Raw cost for generated ic 6 : (0, 0.000000) count=0.750000
                                    108 ;	genAssign
                                    109 ;	genCopy
      00001C A9 00            [ 2]  110 	lda	#0x00
                                    111 ;	Raw cost for generated ic 8 : (2, 2.000000) count=0.562500
                                    112 ;	genGoto
      00001E 4Cr23r00         [ 3]  113 	jmp	00105$
                                    114 ;	Raw cost for generated ic 9 : (3, 3.000000) count=0.562500
                                    115 ;	genLabel
      000021                        116 00104$:
                                    117 ;	Raw cost for generated ic 10 : (0, 0.000000) count=0.437500
                                    118 ;	genAssign
                                    119 ;	genCopy
      000021 A9 01            [ 2]  120 	lda	#0x01
                                    121 ;	Raw cost for generated ic 11 : (2, 2.000000) count=0.437500
                                    122 ;	genLabel
      000023                        123 00105$:
                                    124 ;	Raw cost for generated ic 12 : (0, 0.000000) count=1.000000
                                    125 ;	genCast
                                    126 ;	genCopy
      000023 A2 00            [ 2]  127 	ldx	#0x00
                                    128 ;	Raw cost for generated ic 13 : (2, 2.000000) count=1.000000
                                    129 ;	genRet
                                    130 ;	Raw cost for generated ic 14 : (0, 0.000000) count=1.000000
                                    131 ;	genLabel
                                    132 ;	Raw cost for generated ic 15 : (0, 0.000000) count=1.000000
                                    133 ;	../iscntrl.c: 36: }
                                    134 ;	genEndFunction
      000025 60               [ 6]  135 	rts
                                    136 ;	Raw cost for generated ic 16 : (1, 6.000000) count=1.000000
                                    137 	.area CODE
                                    138 	.area RODATA
                                    139 	.area XINIT
                                    140 	.area CABS    (ABS)
