                                      1 ;--------------------------------------------------------
                                      2 ; File Created by SDCC : free open source ISO C Compiler
                                      3 ; Version 4.5.10 #15691 (Linux)
                                      4 ;--------------------------------------------------------
                                      5 	.module isinf
                                      6 	
      000000                          7 	.r65c02
                                      8 	.optsdcc -mmos65c02
                                      9 
                                     10 ;--------------------------------------------------------
                                     11 ;  Ordering of segments for the linker.
                                     12 ;--------------------------------------------------------
                                     13 	.area ZP      (PAG)
                                     14 	.area OSEG    (PAG, OVR)
                                     15 	.area _CODE
                                     16 	.area GSINIT
                                     17 	.area GSFINAL
                                     18 	.area CODE
                                     19 	.area RODATA
                                     20 	.area XINIT
                                     21 	.area _DATA
                                     22 	.area DATA
                                     23 	.area BSS
                                     24 ;--------------------------------------------------------
                                     25 ; Public variables in this module
                                     26 ;--------------------------------------------------------
                                     27 	.globl _isinf_PARM_1
                                     28 	.globl _isinf
                                     29 ;--------------------------------------------------------
                                     30 ; ZP ram data
                                     31 ;--------------------------------------------------------
                                     32 	.area ZP      (PAG)
                                     33 ;--------------------------------------------------------
                                     34 ; overlayable items in ram
                                     35 ;--------------------------------------------------------
                                     36 	.area	OSEG    (PAG, OVR)
      000000                         37 _isinf_sloc0_1_0:
      000000                         38 	.ds 4
                                     39 ;--------------------------------------------------------
                                     40 ; uninitialized external ram data
                                     41 ;--------------------------------------------------------
                                     42 	.area BSS
      000000                         43 _isinf_PARM_1:
      000000                         44 	.ds 4
                                     45 ;--------------------------------------------------------
                                     46 ; absolute external ram data
                                     47 ;--------------------------------------------------------
                                     48 	.area DABS    (ABS)
                                     49 ;--------------------------------------------------------
                                     50 ; initialized external ram data
                                     51 ;--------------------------------------------------------
                                     52 	.area DATA
                                     53 ;--------------------------------------------------------
                                     54 ; global & static initialisations
                                     55 ;--------------------------------------------------------
                                     56 	.area _CODE
                                     57 	.area GSINIT
                                     58 	.area GSFINAL
                                     59 	.area GSINIT
                                     60 ;--------------------------------------------------------
                                     61 ; Home
                                     62 ;--------------------------------------------------------
                                     63 	.area _CODE
                                     64 	.area _CODE
                                     65 ;--------------------------------------------------------
                                     66 ; code
                                     67 ;--------------------------------------------------------
                                     68 	.area CODE
                                     69 ;------------------------------------------------------------
                                     70 ;Allocation info for local variables in function 'isinf'
                                     71 ;------------------------------------------------------------
                                     72 ;f             Allocated with name '_isinf_PARM_1'
                                     73 ;pl            Allocated to registers 
                                     74 ;sloc0         Allocated with name '_isinf_sloc0_1_0'
                                     75 ;------------------------------------------------------------
                                     76 ;	../isinf.c: 33: int isinf (float f)
                                     77 ;	genLabel
                                     78 ;	Raw cost for generated ic 0 : (0, 0.000000) count=1.000000
                                     79 ;	-----------------------------------------
                                     80 ;	 function isinf
                                     81 ;	-----------------------------------------
                                     82 ;	Register assignment is optimal.
                                     83 ;	Stack space usage: 0 bytes.
      000000                         84 _isinf:
                                     85 ;	Raw cost for generated ic 1 : (0, 0.000000) count=1.000000
                                     86 ;	../isinf.c: 35: unsigned long *pl = (unsigned long *) &f;
                                     87 ;	skipping iCode since result will be rematerialized
                                     88 ;	Raw cost for generated ic 2 : (0, 0.000000) count=1.000000
                                     89 ;	skipping iCode since result will be rematerialized
                                     90 ;	Raw cost for generated ic 4 : (0, 0.000000) count=1.000000
                                     91 ;	../isinf.c: 36: return *pl == 0x7f800000 || *pl == 0xff800000;
                                     92 ;	genPointerGet
                                     93 ;	genDataPointerGet
      000000 ADr03r00         [ 4]   94 	lda	(_isinf_PARM_1 + 3)
      000003 85*03            [ 3]   95 	sta	*(_isinf_sloc0_1_0 + 3)
      000005 ADr02r00         [ 4]   96 	lda	(_isinf_PARM_1 + 2)
      000008 85*02            [ 3]   97 	sta	*(_isinf_sloc0_1_0 + 2)
      00000A ADr01r00         [ 4]   98 	lda	(_isinf_PARM_1 + 1)
      00000D 85*01            [ 3]   99 	sta	*(_isinf_sloc0_1_0 + 1)
      00000F ADr00r00         [ 4]  100 	lda	_isinf_PARM_1
      000012 85*00            [ 3]  101 	sta	*_isinf_sloc0_1_0
                                    102 ;	Raw cost for generated ic 7 : (20, 28.000000) count=1.000000
                                    103 ;	genCmpEQorNE
      000014 D0 10            [ 4]  104 	bne	00119$
      000016 A5*01            [ 3]  105 	lda	*(_isinf_sloc0_1_0 + 1)
      000018 D0 0C            [ 4]  106 	bne	00119$
      00001A A5*02            [ 3]  107 	lda	*(_isinf_sloc0_1_0 + 2)
      00001C C9 80            [ 2]  108 	cmp	#0x80
      00001E D0 06            [ 4]  109 	bne	00119$
      000020 A5*03            [ 3]  110 	lda	*(_isinf_sloc0_1_0 + 3)
      000022 C9 7F            [ 2]  111 	cmp	#0x7f
      000024 F0 19            [ 4]  112 	beq	00104$
      000026                        113 00119$:
                                    114 ;	Raw cost for generated ic 8 : (30, 35.400002) count=1.000000
                                    115 ;	skipping generated iCode
                                    116 ;	Raw cost for generated ic 9 : (0, 0.000000) count=1.000000
                                    117 ;	genCmpEQorNE
      000026 A5*00            [ 3]  118 	lda	*_isinf_sloc0_1_0
      000028 D0 10            [ 4]  119 	bne	00123$
      00002A A5*01            [ 3]  120 	lda	*(_isinf_sloc0_1_0 + 1)
      00002C D0 0C            [ 4]  121 	bne	00123$
      00002E A5*02            [ 3]  122 	lda	*(_isinf_sloc0_1_0 + 2)
      000030 C9 80            [ 2]  123 	cmp	#0x80
      000032 D0 06            [ 4]  124 	bne	00123$
      000034 A5*03            [ 3]  125 	lda	*(_isinf_sloc0_1_0 + 3)
      000036 C9 FF            [ 2]  126 	cmp	#0xff
      000038 F0 05            [ 4]  127 	beq	00104$
      00003A                        128 00123$:
                                    129 ;	Raw cost for generated ic 12 : (32, 38.400002) count=0.750000
                                    130 ;	skipping generated iCode
                                    131 ;	Raw cost for generated ic 13 : (0, 0.000000) count=0.750000
                                    132 ;	genAssign
                                    133 ;	genCopy
      00003A A9 00            [ 2]  134 	lda	#0x00
                                    135 ;	Raw cost for generated ic 15 : (2, 2.000000) count=0.562500
                                    136 ;	genGoto
      00003C 4Cr41r00         [ 3]  137 	jmp	00105$
                                    138 ;	Raw cost for generated ic 16 : (3, 3.000000) count=0.562500
                                    139 ;	genLabel
      00003F                        140 00104$:
                                    141 ;	Raw cost for generated ic 17 : (0, 0.000000) count=0.437500
                                    142 ;	genAssign
                                    143 ;	genCopy
      00003F A9 01            [ 2]  144 	lda	#0x01
                                    145 ;	Raw cost for generated ic 18 : (2, 2.000000) count=0.437500
                                    146 ;	genLabel
      000041                        147 00105$:
                                    148 ;	Raw cost for generated ic 19 : (0, 0.000000) count=1.000000
                                    149 ;	genCast
                                    150 ;	genCopy
      000041 A2 00            [ 2]  151 	ldx	#0x00
                                    152 ;	Raw cost for generated ic 20 : (2, 2.000000) count=1.000000
                                    153 ;	genRet
                                    154 ;	Raw cost for generated ic 21 : (0, 0.000000) count=1.000000
                                    155 ;	genLabel
                                    156 ;	Raw cost for generated ic 22 : (0, 0.000000) count=1.000000
                                    157 ;	../isinf.c: 37: }
                                    158 ;	genEndFunction
      000043 60               [ 6]  159 	rts
                                    160 ;	Raw cost for generated ic 23 : (1, 6.000000) count=1.000000
                                    161 	.area CODE
                                    162 	.area RODATA
                                    163 	.area XINIT
                                    164 	.area CABS    (ABS)
