                                      1 ;--------------------------------------------------------
                                      2 ; File Created by SDCC : free open source ISO C Compiler
                                      3 ; Version 4.5.10 #15691 (Linux)
                                      4 ;--------------------------------------------------------
                                      5 	.module log10f
                                      6 	
      000000                          7 	.r65c02
                                      8 	.optsdcc -mmos65c02
                                      9 
                                     10 ;--------------------------------------------------------
                                     11 ;  Ordering of segments for the linker.
                                     12 ;--------------------------------------------------------
                                     13 	.area ZP      (PAG)
                                     14 	.area OSEG    (PAG, OVR)
                                     15 	.area _CODE
                                     16 	.area GSINIT
                                     17 	.area GSFINAL
                                     18 	.area CODE
                                     19 	.area RODATA
                                     20 	.area XINIT
                                     21 	.area _DATA
                                     22 	.area DATA
                                     23 	.area BSS
                                     24 ;--------------------------------------------------------
                                     25 ; Public variables in this module
                                     26 ;--------------------------------------------------------
                                     27 	.globl _logf
                                     28 	.globl _log10f_PARM_1
                                     29 	.globl _log10f
                                     30 ;--------------------------------------------------------
                                     31 ; ZP ram data
                                     32 ;--------------------------------------------------------
                                     33 	.area ZP      (PAG)
      000000                         34 _log10f_sloc0_1_0:
      000000                         35 	.ds 4
                                     36 ;--------------------------------------------------------
                                     37 ; overlayable items in ram
                                     38 ;--------------------------------------------------------
                                     39 ;--------------------------------------------------------
                                     40 ; uninitialized external ram data
                                     41 ;--------------------------------------------------------
                                     42 	.area BSS
      000000                         43 _log10f_PARM_1:
      000000                         44 	.ds 4
                                     45 ;--------------------------------------------------------
                                     46 ; absolute external ram data
                                     47 ;--------------------------------------------------------
                                     48 	.area DABS    (ABS)
                                     49 ;--------------------------------------------------------
                                     50 ; initialized external ram data
                                     51 ;--------------------------------------------------------
                                     52 	.area DATA
                                     53 ;--------------------------------------------------------
                                     54 ; global & static initialisations
                                     55 ;--------------------------------------------------------
                                     56 	.area _CODE
                                     57 	.area GSINIT
                                     58 	.area GSFINAL
                                     59 	.area GSINIT
                                     60 ;--------------------------------------------------------
                                     61 ; Home
                                     62 ;--------------------------------------------------------
                                     63 	.area _CODE
                                     64 	.area _CODE
                                     65 ;--------------------------------------------------------
                                     66 ; code
                                     67 ;--------------------------------------------------------
                                     68 	.area CODE
                                     69 ;------------------------------------------------------------
                                     70 ;Allocation info for local variables in function 'log10f'
                                     71 ;------------------------------------------------------------
                                     72 ;sloc0         Allocated with name '_log10f_sloc0_1_0'
                                     73 ;x             Allocated with name '_log10f_PARM_1'
                                     74 ;------------------------------------------------------------
                                     75 ;	../log10f.c: 34: float log10f(float x) _FLOAT_FUNC_REENTRANT
                                     76 ;	genLabel
                                     77 ;	Raw cost for generated ic 0 : (0, 0.000000) count=1.000000
                                     78 ;	-----------------------------------------
                                     79 ;	 function log10f
                                     80 ;	-----------------------------------------
                                     81 ;	Register assignment is optimal.
                                     82 ;	Stack space usage: 0 bytes.
      000000                         83 _log10f:
                                     84 ;	Raw cost for generated ic 1 : (0, 0.000000) count=1.000000
                                     85 ;	../log10f.c: 36: return logf(x)*0.4342944819;
                                     86 ;	genAssign
                                     87 ;	genCopy
      000000 ADr03r00         [ 4]   88 	lda	(_log10f_PARM_1 + 3)
      000003 8Dr03r00         [ 4]   89 	sta	(_logf_PARM_1 + 3)
      000006 ADr02r00         [ 4]   90 	lda	(_log10f_PARM_1 + 2)
      000009 8Dr02r00         [ 4]   91 	sta	(_logf_PARM_1 + 2)
      00000C ADr01r00         [ 4]   92 	lda	(_log10f_PARM_1 + 1)
      00000F 8Dr01r00         [ 4]   93 	sta	(_logf_PARM_1 + 1)
      000012 ADr00r00         [ 4]   94 	lda	_log10f_PARM_1
      000015 8Dr00r00         [ 4]   95 	sta	_logf_PARM_1
                                     96 ;	Raw cost for generated ic 2 : (24, 32.000000) count=1.000000
                                     97 ;	genCall
      000018 20r00r00         [ 6]   98 	jsr	_logf
                                     99 ;	assignResultValue
      00001B 8Dr00r00         [ 4]  100 	sta	___fsmul_PARM_2
      00001E 8Er01r00         [ 4]  101 	stx	(___fsmul_PARM_2 + 1)
      000021 A5*00            [ 3]  102 	lda	*___SDCC_m6502_ret2
      000023 8Dr02r00         [ 4]  103 	sta	(___fsmul_PARM_2 + 2)
      000026 A5*00            [ 3]  104 	lda	*___SDCC_m6502_ret3
      000028 8Dr03r00         [ 4]  105 	sta	(___fsmul_PARM_2 + 3)
                                    106 ;	Raw cost for generated ic 3 : (19, 28.000000) count=1.000000
                                    107 ;	genAssign
                                    108 ;	genAssignLit
      00002B A2 D9            [ 2]  109 	ldx	#0xd9
      00002D 8Er00r00         [ 4]  110 	stx	___fsmul_PARM_1
      000030 A2 5B            [ 2]  111 	ldx	#0x5b
      000032 8Er01r00         [ 4]  112 	stx	(___fsmul_PARM_1 + 1)
      000035 A2 DE            [ 2]  113 	ldx	#0xde
      000037 8Er02r00         [ 4]  114 	stx	(___fsmul_PARM_1 + 2)
      00003A A2 3E            [ 2]  115 	ldx	#0x3e
      00003C 8Er03r00         [ 4]  116 	stx	(___fsmul_PARM_1 + 3)
                                    117 ;	Raw cost for generated ic 8 : (20, 24.000000) count=1.000000
                                    118 ;	genCall
      00003F 20r00r00         [ 6]  119 	jsr	___fsmul
                                    120 ;	assignResultValue
      000042 85*00            [ 3]  121 	sta	*_log10f_sloc0_1_0
      000044 86*01            [ 3]  122 	stx	*(_log10f_sloc0_1_0 + 1)
      000046 A5*00            [ 3]  123 	lda	*___SDCC_m6502_ret2
      000048 85*02            [ 3]  124 	sta	*(_log10f_sloc0_1_0 + 2)
      00004A A5*00            [ 3]  125 	lda	*___SDCC_m6502_ret3
      00004C 85*03            [ 3]  126 	sta	*(_log10f_sloc0_1_0 + 3)
                                    127 ;	Raw cost for generated ic 10 : (15, 24.000000) count=1.000000
                                    128 ;	genRet
      00004E 85*00            [ 3]  129 	sta	*___SDCC_m6502_ret3
      000050 A5*02            [ 3]  130 	lda	*(_log10f_sloc0_1_0 + 2)
      000052 85*00            [ 3]  131 	sta	*___SDCC_m6502_ret2
      000054 A5*00            [ 3]  132 	lda	*_log10f_sloc0_1_0
                                    133 ;	Raw cost for generated ic 5 : (8, 12.000000) count=1.000000
                                    134 ;	genLabel
                                    135 ;	Raw cost for generated ic 6 : (0, 0.000000) count=1.000000
                                    136 ;	../log10f.c: 37: }
                                    137 ;	genEndFunction
      000056 60               [ 6]  138 	rts
                                    139 ;	Raw cost for generated ic 7 : (1, 6.000000) count=1.000000
                                    140 	.area CODE
                                    141 	.area RODATA
                                    142 	.area XINIT
                                    143 	.area CABS    (ABS)
