                                      1 ;--------------------------------------------------------
                                      2 ; File Created by SDCC : free open source ISO C Compiler
                                      3 ; Version 4.5.10 #15691 (Linux)
                                      4 ;--------------------------------------------------------
                                      5 	.module mbstowcs
                                      6 	
      000000                          7 	.r65c02
                                      8 	.optsdcc -mmos65c02
                                      9 
                                     10 ;--------------------------------------------------------
                                     11 ;  Ordering of segments for the linker.
                                     12 ;--------------------------------------------------------
                                     13 	.area ZP      (PAG)
                                     14 	.area OSEG    (PAG, OVR)
                                     15 	.area _CODE
                                     16 	.area GSINIT
                                     17 	.area GSFINAL
                                     18 	.area CODE
                                     19 	.area RODATA
                                     20 	.area XINIT
                                     21 	.area _DATA
                                     22 	.area DATA
                                     23 	.area BSS
                                     24 ;--------------------------------------------------------
                                     25 ; Public variables in this module
                                     26 ;--------------------------------------------------------
                                     27 	.globl _mbtowc
                                     28 	.globl _mbstowcs_PARM_3
                                     29 	.globl _mbstowcs_PARM_2
                                     30 	.globl _mbstowcs
                                     31 ;--------------------------------------------------------
                                     32 ; ZP ram data
                                     33 ;--------------------------------------------------------
                                     34 	.area ZP      (PAG)
      000000                         35 _mbstowcs_sloc0_1_0:
      000000                         36 	.ds 2
      000002                         37 _mbstowcs_sloc1_1_0:
      000002                         38 	.ds 2
      000004                         39 _mbstowcs_sloc2_1_0:
      000004                         40 	.ds 2
                                     41 ;--------------------------------------------------------
                                     42 ; overlayable items in ram
                                     43 ;--------------------------------------------------------
                                     44 ;--------------------------------------------------------
                                     45 ; uninitialized external ram data
                                     46 ;--------------------------------------------------------
                                     47 	.area BSS
      000000                         48 _mbstowcs_PARM_2:
      000000                         49 	.ds 2
      000002                         50 _mbstowcs_PARM_3:
      000002                         51 	.ds 2
      000004                         52 _mbstowcs_m_10000_43:
      000004                         53 	.ds 2
      000006                         54 _mbstowcs_b_20000_44:
      000006                         55 	.ds 2
                                     56 ;--------------------------------------------------------
                                     57 ; absolute external ram data
                                     58 ;--------------------------------------------------------
                                     59 	.area DABS    (ABS)
                                     60 ;--------------------------------------------------------
                                     61 ; initialized external ram data
                                     62 ;--------------------------------------------------------
                                     63 	.area DATA
                                     64 ;--------------------------------------------------------
                                     65 ; global & static initialisations
                                     66 ;--------------------------------------------------------
                                     67 	.area _CODE
                                     68 	.area GSINIT
                                     69 	.area GSFINAL
                                     70 	.area GSINIT
                                     71 ;--------------------------------------------------------
                                     72 ; Home
                                     73 ;--------------------------------------------------------
                                     74 	.area _CODE
                                     75 	.area _CODE
                                     76 ;--------------------------------------------------------
                                     77 ; code
                                     78 ;--------------------------------------------------------
                                     79 	.area CODE
                                     80 ;------------------------------------------------------------
                                     81 ;Allocation info for local variables in function 'mbstowcs'
                                     82 ;------------------------------------------------------------
                                     83 ;sloc0         Allocated with name '_mbstowcs_sloc0_1_0'
                                     84 ;sloc1         Allocated with name '_mbstowcs_sloc1_1_0'
                                     85 ;sloc2         Allocated with name '_mbstowcs_sloc2_1_0'
                                     86 ;s             Allocated with name '_mbstowcs_PARM_2'
                                     87 ;n             Allocated with name '_mbstowcs_PARM_3'
                                     88 ;pwcs          Allocated to registers 
                                     89 ;m             Allocated with name '_mbstowcs_m_10000_43'
                                     90 ;b             Allocated with name '_mbstowcs_b_20000_44'
                                     91 ;------------------------------------------------------------
                                     92 ;	../mbstowcs.c: 33: size_t mbstowcs(wchar_t *restrict pwcs, const char *restrict s, size_t n)
                                     93 ;	genLabel
                                     94 ;	Raw cost for generated ic 0 : (0, 0.000000) count=1.000000
                                     95 ;	-----------------------------------------
                                     96 ;	 function mbstowcs
                                     97 ;	-----------------------------------------
                                     98 ;	Register assignment is optimal.
                                     99 ;	Stack space usage: 0 bytes.
      000000                        100 _mbstowcs:
                                    101 ;	Raw cost for generated ic 1 : (0, 0.000000) count=1.000000
                                    102 ;	genReceive
      000000 85*00            [ 3]  103 	sta	*_mbstowcs_sloc0_1_0
      000002 86*01            [ 3]  104 	stx	*(_mbstowcs_sloc0_1_0 + 1)
                                    105 ;	Raw cost for generated ic 2 : (4, 6.000000) count=1.000000
                                    106 ;	../mbstowcs.c: 35: size_t m = 0;
                                    107 ;	genAssign
                                    108 ;	genAssignLit
      000004 9Cr04r00         [ 4]  109 	stz	_mbstowcs_m_10000_43
      000007 9Cr05r00         [ 4]  110 	stz	(_mbstowcs_m_10000_43 + 1)
                                    111 ;	Raw cost for generated ic 3 : (6, 8.000000) count=1.000000
                                    112 ;	../mbstowcs.c: 36: while(n--)
                                    113 ;	genAssign
                                    114 ;	genAssignLit
      00000A 64*02            [ 3]  115 	stz	*_mbstowcs_sloc1_1_0
      00000C 64*03            [ 3]  116 	stz	*(_mbstowcs_sloc1_1_0 + 1)
                                    117 ;	Raw cost for generated ic 42 : (6, 8.000000) count=1.000000
                                    118 ;	genAssign
                                    119 ;	genCopy
      00000E ADr03r00         [ 4]  120 	lda	(_mbstowcs_PARM_3 + 1)
      000011 85*05            [ 3]  121 	sta	*(_mbstowcs_sloc2_1_0 + 1)
      000013 ADr02r00         [ 4]  122 	lda	_mbstowcs_PARM_3
      000016 85*04            [ 3]  123 	sta	*_mbstowcs_sloc2_1_0
                                    124 ;	Raw cost for generated ic 43 : (10, 14.000000) count=1.000000
                                    125 ;	genLabel
      000018                        126 00105$:
                                    127 ;	Raw cost for generated ic 4 : (0, 0.000000) count=2.285707
                                    128 ;	genAssign
                                    129 ;	genCopy
      000018 A6*05            [ 3]  130 	ldx	*(_mbstowcs_sloc2_1_0 + 1)
      00001A A5*04            [ 3]  131 	lda	*_mbstowcs_sloc2_1_0
                                    132 ;	Raw cost for generated ic 5 : (4, 6.000000) count=2.285707
                                    133 ;	genMinus
                                    134 ;	  genMinusDec - size=2  icount=1
      00001C A4*04            [ 3]  135 	ldy	*_mbstowcs_sloc2_1_0
      00001E D0 02            [ 4]  136 	bne	00134$
      000020 C6*05            [ 5]  137 	dec	*(_mbstowcs_sloc2_1_0 + 1)
      000022                        138 00134$:
      000022 C6*04            [ 5]  139 	dec	*_mbstowcs_sloc2_1_0
                                    140 ;	Raw cost for generated ic 6 : (8, 15.600000) count=2.285707
                                    141 ;	genIfx
      000024 C9 00            [ 2]  142 	cmp	#0x00
                                    143 ;	genIfxJump : z
      000026 D0 04            [ 4]  144 	bne	00136$
      000028 E0 00            [ 2]  145 	cpx	#0x00
      00002A F0 63            [ 4]  146 	beq	00107$
      00002C                        147 00136$:
                                    148 ;	Raw cost for generated ic 8 : (11, 12.200000) count=2.285707
                                    149 ;	../mbstowcs.c: 38: int b = mbtowc(pwcs++, s, MB_LEN_MAX);
                                    150 ;	genAssign
                                    151 ;	genCopy
      00002C A6*01            [ 3]  152 	ldx	*(_mbstowcs_sloc0_1_0 + 1)
      00002E A5*00            [ 3]  153 	lda	*_mbstowcs_sloc0_1_0
                                    154 ;	Raw cost for generated ic 11 : (4, 6.000000) count=1.714280
                                    155 ;	genPlus
                                    156 ;	  genPlusInc
      000030 48               [ 3]  157 	pha
      000031 A5*00            [ 3]  158 	lda	*_mbstowcs_sloc0_1_0
      000033 18               [ 2]  159 	clc
      000034 69 04            [ 3]  160 	adc	#0x04
      000036 85*00            [ 3]  161 	sta	*_mbstowcs_sloc0_1_0
      000038 90 02            [ 4]  162 	bcc	00137$
      00003A E6*01            [ 5]  163 	inc	*(_mbstowcs_sloc0_1_0 + 1)
      00003C                        164 00137$:
      00003C 68               [ 4]  165 	pla
                                    166 ;	Raw cost for generated ic 12 : (13, 24.600000) count=1.714280
                                    167 ;	genAssign
                                    168 ;	genCopy
      00003D ACr01r00         [ 4]  169 	ldy	(_mbstowcs_PARM_2 + 1)
      000040 8Cr01r00         [ 4]  170 	sty	(_mbtowc_PARM_2 + 1)
      000043 ACr00r00         [ 4]  171 	ldy	_mbstowcs_PARM_2
      000046 8Cr00r00         [ 4]  172 	sty	_mbtowc_PARM_2
                                    173 ;	Raw cost for generated ic 15 : (12, 16.000000) count=1.714280
                                    174 ;	genAssign
                                    175 ;	genAssignLit
      000049 A0 04            [ 2]  176 	ldy	#0x04
      00004B 8Cr00r00         [ 4]  177 	sty	_mbtowc_PARM_3
      00004E 9Cr01r00         [ 4]  178 	stz	(_mbtowc_PARM_3 + 1)
                                    179 ;	Raw cost for generated ic 16 : (8, 10.000000) count=1.714280
                                    180 ;	Raw cost for generated ic 14 : (0, 0.000000) count=1.714280
                                    181 ;	genCall
                                    182 ;	genSend
      000051 20r00r00         [ 6]  183 	jsr	_mbtowc
                                    184 ;	assignResultValue
      000054 8Dr06r00         [ 4]  185 	sta	_mbstowcs_b_20000_44
      000057 8Er07r00         [ 4]  186 	stx	(_mbstowcs_b_20000_44 + 1)
                                    187 ;	Raw cost for generated ic 17 : (9, 14.000000) count=1.714280
                                    188 ;	../mbstowcs.c: 39: if(!b)
                                    189 ;	genIfx
      00005A 8A               [ 2]  190 	txa
      00005B 0Dr06r00         [ 4]  191 	ora	_mbstowcs_b_20000_44
                                    192 ;	genIfxJump : z
      00005E F0 2F            [ 4]  193 	beq	00107$
                                    194 ;	Raw cost for generated ic 19 : (9, 11.600000) count=1.714280
                                    195 ;	../mbstowcs.c: 41: if(b < 0)
                                    196 ;	genCmp
      000060 2Cr07r00         [ 4]  197 	bit	(_mbstowcs_b_20000_44 + 1)
      000063 10 04            [ 4]  198 	bpl	00104$
                                    199 ;	Raw cost for generated ic 24 : (8, 9.600000) count=1.285710
                                    200 ;	skipping generated iCode
                                    201 ;	Raw cost for generated ic 25 : (0, 0.000000) count=1.285710
                                    202 ;	../mbstowcs.c: 42: return(-1);
                                    203 ;	genRet
      000065 A9 FF            [ 2]  204 	lda	#0xff
      000067 AA               [ 2]  205 	tax
      000068 60               [ 6]  206 	rts
                                    207 ;	Raw cost for generated ic 28 : (6, 7.000000) count=0.964280
                                    208 ;	genLabel
      000069                        209 00104$:
                                    210 ;	Raw cost for generated ic 29 : (0, 0.000000) count=1.285707
                                    211 ;	../mbstowcs.c: 43: s += b;
                                    212 ;	genPlus
      000069 ADr00r00         [ 4]  213 	lda	_mbstowcs_PARM_2
      00006C 18               [ 2]  214 	clc
      00006D 6Dr06r00         [ 5]  215 	adc	_mbstowcs_b_20000_44
      000070 8Dr00r00         [ 4]  216 	sta	_mbstowcs_PARM_2
      000073 ADr01r00         [ 4]  217 	lda	(_mbstowcs_PARM_2 + 1)
      000076 6Dr07r00         [ 5]  218 	adc	(_mbstowcs_b_20000_44 + 1)
      000079 8Dr01r00         [ 4]  219 	sta	(_mbstowcs_PARM_2 + 1)
                                    220 ;	Raw cost for generated ic 30 : (19, 26.000000) count=1.285707
                                    221 ;	../mbstowcs.c: 44: m++;
                                    222 ;	genPlus
                                    223 ;	  genPlusInc
      00007C E6*02            [ 5]  224 	inc	*_mbstowcs_sloc1_1_0
      00007E D0 02            [ 4]  225 	bne	00141$
      000080 E6*03            [ 5]  226 	inc	*(_mbstowcs_sloc1_1_0 + 1)
      000082                        227 00141$:
                                    228 ;	Raw cost for generated ic 33 : (6, 12.600000) count=1.285707
                                    229 ;	genAssign
                                    230 ;	genCopy
      000082 A5*03            [ 3]  231 	lda	*(_mbstowcs_sloc1_1_0 + 1)
      000084 8Dr05r00         [ 4]  232 	sta	(_mbstowcs_m_10000_43 + 1)
      000087 A5*02            [ 3]  233 	lda	*_mbstowcs_sloc1_1_0
      000089 8Dr04r00         [ 4]  234 	sta	_mbstowcs_m_10000_43
                                    235 ;	Raw cost for generated ic 34 : (10, 14.000000) count=1.285707
                                    236 ;	genGoto
      00008C 4Cr18r00         [ 3]  237 	jmp	00105$
                                    238 ;	Raw cost for generated ic 35 : (3, 3.000000) count=1.285707
                                    239 ;	genLabel
      00008F                        240 00107$:
                                    241 ;	Raw cost for generated ic 36 : (0, 0.000000) count=0.999994
                                    242 ;	../mbstowcs.c: 47: return(m);
                                    243 ;	genRet
      00008F AEr05r00         [ 4]  244 	ldx	(_mbstowcs_m_10000_43 + 1)
      000092 ADr04r00         [ 4]  245 	lda	_mbstowcs_m_10000_43
                                    246 ;	Raw cost for generated ic 37 : (6, 8.000000) count=0.999994
                                    247 ;	genLabel
                                    248 ;	Raw cost for generated ic 38 : (0, 0.000000) count=0.999994
                                    249 ;	../mbstowcs.c: 48: }
                                    250 ;	genEndFunction
      000095 60               [ 6]  251 	rts
                                    252 ;	Raw cost for generated ic 39 : (1, 6.000000) count=0.999994
                                    253 	.area CODE
                                    254 	.area RODATA
                                    255 	.area XINIT
                                    256 	.area CABS    (ABS)
