                                      1 ;--------------------------------------------------------
                                      2 ; File Created by SDCC : free open source ISO C Compiler
                                      3 ; Version 4.5.10 #15691 (Linux)
                                      4 ;--------------------------------------------------------
                                      5 	.module stdc_memreverse8u
                                      6 	
      000000                          7 	.r65c02
                                      8 	.optsdcc -mmos65c02
                                      9 
                                     10 ;--------------------------------------------------------
                                     11 ;  Ordering of segments for the linker.
                                     12 ;--------------------------------------------------------
                                     13 	.area ZP      (PAG)
                                     14 	.area OSEG    (PAG, OVR)
                                     15 	.area _CODE
                                     16 	.area GSINIT
                                     17 	.area GSFINAL
                                     18 	.area CODE
                                     19 	.area RODATA
                                     20 	.area XINIT
                                     21 	.area _DATA
                                     22 	.area DATA
                                     23 	.area BSS
                                     24 ;--------------------------------------------------------
                                     25 ; Public variables in this module
                                     26 ;--------------------------------------------------------
                                     27 	.globl _stdc_memreverse8
                                     28 	.globl _stdc_memreverse8u64_PARM_1
                                     29 	.globl _stdc_memreverse8u32_PARM_1
                                     30 	.globl _stdc_memreverse8u8
                                     31 	.globl _stdc_memreverse8u16
                                     32 	.globl _stdc_memreverse8u32
                                     33 	.globl _stdc_memreverse8u64
                                     34 ;--------------------------------------------------------
                                     35 ; ZP ram data
                                     36 ;--------------------------------------------------------
                                     37 	.area ZP      (PAG)
                                     38 ;--------------------------------------------------------
                                     39 ; overlayable items in ram
                                     40 ;--------------------------------------------------------
                                     41 ;--------------------------------------------------------
                                     42 ; uninitialized external ram data
                                     43 ;--------------------------------------------------------
                                     44 	.area BSS
      000000                         45 _stdc_memreverse8u8_value_10000_29:
      000000                         46 	.ds 1
      000001                         47 _stdc_memreverse8u16_value_10000_31:
      000001                         48 	.ds 2
      000003                         49 _stdc_memreverse8u32_PARM_1:
      000003                         50 	.ds 4
      000007                         51 _stdc_memreverse8u64_PARM_1:
      000007                         52 	.ds 8
                                     53 ;--------------------------------------------------------
                                     54 ; absolute external ram data
                                     55 ;--------------------------------------------------------
                                     56 	.area DABS    (ABS)
                                     57 ;--------------------------------------------------------
                                     58 ; initialized external ram data
                                     59 ;--------------------------------------------------------
                                     60 	.area DATA
                                     61 ;--------------------------------------------------------
                                     62 ; global & static initialisations
                                     63 ;--------------------------------------------------------
                                     64 	.area _CODE
                                     65 	.area GSINIT
                                     66 	.area GSFINAL
                                     67 	.area GSINIT
                                     68 ;--------------------------------------------------------
                                     69 ; Home
                                     70 ;--------------------------------------------------------
                                     71 	.area _CODE
                                     72 	.area _CODE
                                     73 ;--------------------------------------------------------
                                     74 ; code
                                     75 ;--------------------------------------------------------
                                     76 	.area CODE
                                     77 ;------------------------------------------------------------
                                     78 ;Allocation info for local variables in function 'stdc_memreverse8u8'
                                     79 ;------------------------------------------------------------
                                     80 ;value         Allocated with name '_stdc_memreverse8u8_value_10000_29'
                                     81 ;------------------------------------------------------------
                                     82 ;	./../../include/stdbit.h: 382: __STDC_MEMREVERSE8U(8)
                                     83 ;	genLabel
                                     84 ;	Raw cost for generated ic 0 : (0, 0.000000) count=1.000000
                                     85 ;	-----------------------------------------
                                     86 ;	 function stdc_memreverse8u8
                                     87 ;	-----------------------------------------
                                     88 ;	Register assignment is optimal.
                                     89 ;	Stack space usage: 0 bytes.
      000000                         90 _stdc_memreverse8u8:
                                     91 ;	Raw cost for generated ic 1 : (0, 0.000000) count=1.000000
                                     92 ;	genReceive
      000000 8Dr00r00         [ 4]   93 	sta	_stdc_memreverse8u8_value_10000_29
                                     94 ;	Raw cost for generated ic 2 : (3, 4.000000) count=1.000000
                                     95 ;	skipping iCode since result will be rematerialized
                                     96 ;	Raw cost for generated ic 3 : (0, 0.000000) count=1.000000
                                     97 ;	genCast
                                     98 ;	genCopy
      000003 A9s00            [ 2]   99 	lda	#>_stdc_memreverse8u8_value_10000_29
      000005 8Dr01r00         [ 4]  100 	sta	(_stdc_memreverse8_PARM_2 + 1)
      000008 A9r00            [ 2]  101 	lda	#_stdc_memreverse8u8_value_10000_29
      00000A 8Dr00r00         [ 4]  102 	sta	_stdc_memreverse8_PARM_2
                                    103 ;	Raw cost for generated ic 4 : (10, 12.000000) count=1.000000
                                    104 ;	Raw cost for generated ic 5 : (0, 0.000000) count=1.000000
                                    105 ;	genCall
                                    106 ;	genSend
      00000D A2 00            [ 2]  107 	ldx	#0x00
      00000F A9 01            [ 2]  108 	lda	#0x01
      000011 20r00r00         [ 6]  109 	jsr	_stdc_memreverse8
                                    110 ;	Raw cost for generated ic 7 : (7, 10.000000) count=1.000000
                                    111 ;	genRet
      000014 ADr00r00         [ 4]  112 	lda	_stdc_memreverse8u8_value_10000_29
                                    113 ;	Raw cost for generated ic 8 : (3, 4.000000) count=1.000000
                                    114 ;	genLabel
                                    115 ;	Raw cost for generated ic 9 : (0, 0.000000) count=1.000000
                                    116 ;	genEndFunction
      000017 60               [ 6]  117 	rts
                                    118 ;	Raw cost for generated ic 10 : (1, 6.000000) count=1.000000
                                    119 ;------------------------------------------------------------
                                    120 ;Allocation info for local variables in function 'stdc_memreverse8u16'
                                    121 ;------------------------------------------------------------
                                    122 ;value         Allocated with name '_stdc_memreverse8u16_value_10000_31'
                                    123 ;------------------------------------------------------------
                                    124 ;	./../../include/stdbit.h: 383: __STDC_MEMREVERSE8U(16)
                                    125 ;	genLabel
                                    126 ;	Raw cost for generated ic 0 : (0, 0.000000) count=1.000000
                                    127 ;	-----------------------------------------
                                    128 ;	 function stdc_memreverse8u16
                                    129 ;	-----------------------------------------
                                    130 ;	Register assignment is optimal.
                                    131 ;	Stack space usage: 0 bytes.
      000018                        132 _stdc_memreverse8u16:
                                    133 ;	Raw cost for generated ic 1 : (0, 0.000000) count=1.000000
                                    134 ;	genReceive
      000018 8Dr01r00         [ 4]  135 	sta	_stdc_memreverse8u16_value_10000_31
      00001B 8Er02r00         [ 4]  136 	stx	(_stdc_memreverse8u16_value_10000_31 + 1)
                                    137 ;	Raw cost for generated ic 2 : (6, 8.000000) count=1.000000
                                    138 ;	skipping iCode since result will be rematerialized
                                    139 ;	Raw cost for generated ic 3 : (0, 0.000000) count=1.000000
                                    140 ;	genCast
                                    141 ;	genCopy
      00001E A9s00            [ 2]  142 	lda	#>_stdc_memreverse8u16_value_10000_31
      000020 8Dr01r00         [ 4]  143 	sta	(_stdc_memreverse8_PARM_2 + 1)
      000023 A9r01            [ 2]  144 	lda	#_stdc_memreverse8u16_value_10000_31
      000025 8Dr00r00         [ 4]  145 	sta	_stdc_memreverse8_PARM_2
                                    146 ;	Raw cost for generated ic 4 : (10, 12.000000) count=1.000000
                                    147 ;	Raw cost for generated ic 5 : (0, 0.000000) count=1.000000
                                    148 ;	genCall
                                    149 ;	genSend
      000028 A2 00            [ 2]  150 	ldx	#0x00
      00002A A9 02            [ 2]  151 	lda	#0x02
      00002C 20r00r00         [ 6]  152 	jsr	_stdc_memreverse8
                                    153 ;	Raw cost for generated ic 7 : (7, 10.000000) count=1.000000
                                    154 ;	genRet
      00002F AEr02r00         [ 4]  155 	ldx	(_stdc_memreverse8u16_value_10000_31 + 1)
      000032 ADr01r00         [ 4]  156 	lda	_stdc_memreverse8u16_value_10000_31
                                    157 ;	Raw cost for generated ic 8 : (6, 8.000000) count=1.000000
                                    158 ;	genLabel
                                    159 ;	Raw cost for generated ic 9 : (0, 0.000000) count=1.000000
                                    160 ;	genEndFunction
      000035 60               [ 6]  161 	rts
                                    162 ;	Raw cost for generated ic 10 : (1, 6.000000) count=1.000000
                                    163 ;------------------------------------------------------------
                                    164 ;Allocation info for local variables in function 'stdc_memreverse8u32'
                                    165 ;------------------------------------------------------------
                                    166 ;value         Allocated with name '_stdc_memreverse8u32_PARM_1'
                                    167 ;------------------------------------------------------------
                                    168 ;	./../../include/stdbit.h: 384: __STDC_MEMREVERSE8U(32)
                                    169 ;	genLabel
                                    170 ;	Raw cost for generated ic 0 : (0, 0.000000) count=1.000000
                                    171 ;	-----------------------------------------
                                    172 ;	 function stdc_memreverse8u32
                                    173 ;	-----------------------------------------
                                    174 ;	Register assignment is optimal.
                                    175 ;	Stack space usage: 0 bytes.
      000036                        176 _stdc_memreverse8u32:
                                    177 ;	Raw cost for generated ic 1 : (0, 0.000000) count=1.000000
                                    178 ;	skipping iCode since result will be rematerialized
                                    179 ;	Raw cost for generated ic 2 : (0, 0.000000) count=1.000000
                                    180 ;	genCast
                                    181 ;	genCopy
      000036 A9s00            [ 2]  182 	lda	#>_stdc_memreverse8u32_PARM_1
      000038 8Dr01r00         [ 4]  183 	sta	(_stdc_memreverse8_PARM_2 + 1)
      00003B A9r03            [ 2]  184 	lda	#_stdc_memreverse8u32_PARM_1
      00003D 8Dr00r00         [ 4]  185 	sta	_stdc_memreverse8_PARM_2
                                    186 ;	Raw cost for generated ic 3 : (10, 12.000000) count=1.000000
                                    187 ;	Raw cost for generated ic 4 : (0, 0.000000) count=1.000000
                                    188 ;	genCall
                                    189 ;	genSend
      000040 A2 00            [ 2]  190 	ldx	#0x00
      000042 A9 04            [ 2]  191 	lda	#0x04
      000044 20r00r00         [ 6]  192 	jsr	_stdc_memreverse8
                                    193 ;	Raw cost for generated ic 6 : (7, 10.000000) count=1.000000
                                    194 ;	genRet
      000047 ADr06r00         [ 4]  195 	lda	(_stdc_memreverse8u32_PARM_1 + 3)
      00004A 85*00            [ 3]  196 	sta	*___SDCC_m6502_ret3
      00004C ADr05r00         [ 4]  197 	lda	(_stdc_memreverse8u32_PARM_1 + 2)
      00004F 85*00            [ 3]  198 	sta	*___SDCC_m6502_ret2
      000051 AEr04r00         [ 4]  199 	ldx	(_stdc_memreverse8u32_PARM_1 + 1)
      000054 ADr03r00         [ 4]  200 	lda	_stdc_memreverse8u32_PARM_1
                                    201 ;	Raw cost for generated ic 7 : (16, 22.000000) count=1.000000
                                    202 ;	genLabel
                                    203 ;	Raw cost for generated ic 8 : (0, 0.000000) count=1.000000
                                    204 ;	genEndFunction
      000057 60               [ 6]  205 	rts
                                    206 ;	Raw cost for generated ic 9 : (1, 6.000000) count=1.000000
                                    207 ;------------------------------------------------------------
                                    208 ;Allocation info for local variables in function 'stdc_memreverse8u64'
                                    209 ;------------------------------------------------------------
                                    210 ;value         Allocated with name '_stdc_memreverse8u64_PARM_1'
                                    211 ;------------------------------------------------------------
                                    212 ;	./../../include/stdbit.h: 385: __STDC_MEMREVERSE8U(64)
                                    213 ;	genLabel
                                    214 ;	Raw cost for generated ic 0 : (0, 0.000000) count=1.000000
                                    215 ;	-----------------------------------------
                                    216 ;	 function stdc_memreverse8u64
                                    217 ;	-----------------------------------------
                                    218 ;	Register assignment is optimal.
                                    219 ;	Stack space usage: 0 bytes.
      000058                        220 _stdc_memreverse8u64:
                                    221 ;	Raw cost for generated ic 1 : (0, 0.000000) count=1.000000
                                    222 ;	skipping iCode since result will be rematerialized
                                    223 ;	Raw cost for generated ic 2 : (0, 0.000000) count=1.000000
                                    224 ;	genCast
                                    225 ;	genCopy
      000058 A9s00            [ 2]  226 	lda	#>_stdc_memreverse8u64_PARM_1
      00005A 8Dr01r00         [ 4]  227 	sta	(_stdc_memreverse8_PARM_2 + 1)
      00005D A9r07            [ 2]  228 	lda	#_stdc_memreverse8u64_PARM_1
      00005F 8Dr00r00         [ 4]  229 	sta	_stdc_memreverse8_PARM_2
                                    230 ;	Raw cost for generated ic 3 : (10, 12.000000) count=1.000000
                                    231 ;	Raw cost for generated ic 4 : (0, 0.000000) count=1.000000
                                    232 ;	genCall
                                    233 ;	genSend
      000062 A2 00            [ 2]  234 	ldx	#0x00
      000064 A9 08            [ 2]  235 	lda	#0x08
      000066 20r00r00         [ 6]  236 	jsr	_stdc_memreverse8
                                    237 ;	Raw cost for generated ic 6 : (7, 10.000000) count=1.000000
                                    238 ;	genRet
      000069 ADr0Er00         [ 4]  239 	lda	(_stdc_memreverse8u64_PARM_1 + 7)
      00006C 85*00            [ 3]  240 	sta	*___SDCC_m6502_ret7
      00006E ADr0Dr00         [ 4]  241 	lda	(_stdc_memreverse8u64_PARM_1 + 6)
      000071 85*00            [ 3]  242 	sta	*___SDCC_m6502_ret6
      000073 ADr0Cr00         [ 4]  243 	lda	(_stdc_memreverse8u64_PARM_1 + 5)
      000076 85*00            [ 3]  244 	sta	*___SDCC_m6502_ret5
      000078 ADr0Br00         [ 4]  245 	lda	(_stdc_memreverse8u64_PARM_1 + 4)
      00007B 85*00            [ 3]  246 	sta	*___SDCC_m6502_ret4
      00007D ADr0Ar00         [ 4]  247 	lda	(_stdc_memreverse8u64_PARM_1 + 3)
      000080 85*00            [ 3]  248 	sta	*___SDCC_m6502_ret3
      000082 ADr09r00         [ 4]  249 	lda	(_stdc_memreverse8u64_PARM_1 + 2)
      000085 85*00            [ 3]  250 	sta	*___SDCC_m6502_ret2
      000087 AEr08r00         [ 4]  251 	ldx	(_stdc_memreverse8u64_PARM_1 + 1)
      00008A ADr07r00         [ 4]  252 	lda	_stdc_memreverse8u64_PARM_1
                                    253 ;	Raw cost for generated ic 7 : (36, 50.000000) count=1.000000
                                    254 ;	genLabel
                                    255 ;	Raw cost for generated ic 8 : (0, 0.000000) count=1.000000
                                    256 ;	genEndFunction
      00008D 60               [ 6]  257 	rts
                                    258 ;	Raw cost for generated ic 9 : (1, 6.000000) count=1.000000
                                    259 	.area CODE
                                    260 	.area RODATA
                                    261 	.area XINIT
                                    262 	.area CABS    (ABS)
