                                      1 ;--------------------------------------------------------
                                      2 ; File Created by SDCC : free open source ISO C Compiler
                                      3 ; Version 4.5.10 #15691 (Linux)
                                      4 ;--------------------------------------------------------
                                      5 	.module stdc_memreverse8
                                      6 	
      000000                          7 	.r65c02
                                      8 	.optsdcc -mmos65c02
                                      9 
                                     10 ;--------------------------------------------------------
                                     11 ;  Ordering of segments for the linker.
                                     12 ;--------------------------------------------------------
                                     13 	.area ZP      (PAG)
                                     14 	.area OSEG    (PAG, OVR)
                                     15 	.area _CODE
                                     16 	.area GSINIT
                                     17 	.area GSFINAL
                                     18 	.area CODE
                                     19 	.area RODATA
                                     20 	.area XINIT
                                     21 	.area _DATA
                                     22 	.area DATA
                                     23 	.area BSS
                                     24 ;--------------------------------------------------------
                                     25 ; Public variables in this module
                                     26 ;--------------------------------------------------------
                                     27 	.globl _stdc_memreverse8_PARM_2
                                     28 	.globl _stdc_memreverse8
                                     29 ;--------------------------------------------------------
                                     30 ; ZP ram data
                                     31 ;--------------------------------------------------------
                                     32 	.area ZP      (PAG)
                                     33 ;--------------------------------------------------------
                                     34 ; overlayable items in ram
                                     35 ;--------------------------------------------------------
                                     36 	.area	OSEG    (PAG, OVR)
      000000                         37 _stdc_memreverse8_sloc0_1_0:
      000000                         38 	.ds 2
      000002                         39 _stdc_memreverse8_sloc1_1_0:
      000002                         40 	.ds 2
      000004                         41 _stdc_memreverse8_sloc2_1_0:
      000004                         42 	.ds 2
      000006                         43 _stdc_memreverse8_sloc3_1_0:
      000006                         44 	.ds 2
                                     45 ;--------------------------------------------------------
                                     46 ; uninitialized external ram data
                                     47 ;--------------------------------------------------------
                                     48 	.area BSS
      000000                         49 _stdc_memreverse8_PARM_2:
      000000                         50 	.ds 2
      000002                         51 _stdc_memreverse8_n_10000_162:
      000002                         52 	.ds 2
      000004                         53 _stdc_memreverse8_c_30000_165:
      000004                         54 	.ds 1
                                     55 ;--------------------------------------------------------
                                     56 ; absolute external ram data
                                     57 ;--------------------------------------------------------
                                     58 	.area DABS    (ABS)
                                     59 ;--------------------------------------------------------
                                     60 ; initialized external ram data
                                     61 ;--------------------------------------------------------
                                     62 	.area DATA
                                     63 ;--------------------------------------------------------
                                     64 ; global & static initialisations
                                     65 ;--------------------------------------------------------
                                     66 	.area _CODE
                                     67 	.area GSINIT
                                     68 	.area GSFINAL
                                     69 	.area GSINIT
                                     70 ;--------------------------------------------------------
                                     71 ; Home
                                     72 ;--------------------------------------------------------
                                     73 	.area _CODE
                                     74 	.area _CODE
                                     75 ;--------------------------------------------------------
                                     76 ; code
                                     77 ;--------------------------------------------------------
                                     78 	.area CODE
                                     79 ;------------------------------------------------------------
                                     80 ;Allocation info for local variables in function 'stdc_memreverse8'
                                     81 ;------------------------------------------------------------
                                     82 ;ptr           Allocated with name '_stdc_memreverse8_PARM_2'
                                     83 ;n             Allocated with name '_stdc_memreverse8_n_10000_162'
                                     84 ;i             Allocated to registers 
                                     85 ;c             Allocated with name '_stdc_memreverse8_c_30000_165'
                                     86 ;sloc0         Allocated with name '_stdc_memreverse8_sloc0_1_0'
                                     87 ;sloc1         Allocated with name '_stdc_memreverse8_sloc1_1_0'
                                     88 ;sloc2         Allocated with name '_stdc_memreverse8_sloc2_1_0'
                                     89 ;sloc3         Allocated with name '_stdc_memreverse8_sloc3_1_0'
                                     90 ;------------------------------------------------------------
                                     91 ;	../stdc_memreverse8.c: 31: void stdc_memreverse8(size_t n, unsigned char ptr[static n])
                                     92 ;	genLabel
                                     93 ;	Raw cost for generated ic 0 : (0, 0.000000) count=1.000000
                                     94 ;	-----------------------------------------
                                     95 ;	 function stdc_memreverse8
                                     96 ;	-----------------------------------------
                                     97 ;	Register assignment is optimal.
                                     98 ;	Stack space usage: 0 bytes.
      000000                         99 _stdc_memreverse8:
                                    100 ;	Raw cost for generated ic 1 : (0, 0.000000) count=1.000000
                                    101 ;	genReceive
      000000 8Dr02r00         [ 4]  102 	sta	_stdc_memreverse8_n_10000_162
      000003 8Er03r00         [ 4]  103 	stx	(_stdc_memreverse8_n_10000_162 + 1)
                                    104 ;	Raw cost for generated ic 2 : (6, 8.000000) count=1.000000
                                    105 ;	../stdc_memreverse8.c: 33: for(size_t i = 0; i < n / 2; i++)
                                    106 ;	genRightShift
                                    107 ;	genRightShiftLiteral
                                    108 ;	  genrsh16 - shift=1
      000006 86*00            [ 3]  109 	stx	*(REGTEMP+0)
      000008 46*00            [ 5]  110 	lsr	*(REGTEMP+0)
      00000A 6A               [ 2]  111 	ror	a
      00000B A6*00            [ 3]  112 	ldx	*(REGTEMP+0)
      00000D 85*00            [ 3]  113 	sta	*_stdc_memreverse8_sloc0_1_0
      00000F 86*01            [ 3]  114 	stx	*(_stdc_memreverse8_sloc0_1_0 + 1)
                                    115 ;	Raw cost for generated ic 5 : (11, 19.000000) count=1.000000
                                    116 ;	genAssign
                                    117 ;	genAssignLit
      000011 64*02            [ 3]  118 	stz	*_stdc_memreverse8_sloc1_1_0
      000013 64*03            [ 3]  119 	stz	*(_stdc_memreverse8_sloc1_1_0 + 1)
                                    120 ;	Raw cost for generated ic 32 : (6, 8.000000) count=1.000000
                                    121 ;	genLabel
      000015                        122 00103$:
                                    123 ;	Raw cost for generated ic 4 : (0, 0.000000) count=3.999997
                                    124 ;	genCmp
      000015 A5*02            [ 3]  125 	lda	*_stdc_memreverse8_sloc1_1_0
      000017 38               [ 2]  126 	sec
      000018 E5*00            [ 4]  127 	sbc	*_stdc_memreverse8_sloc0_1_0
      00001A A5*03            [ 3]  128 	lda	*(_stdc_memreverse8_sloc1_1_0 + 1)
      00001C E5*01            [ 4]  129 	sbc	*(_stdc_memreverse8_sloc0_1_0 + 1)
      00001E B0 48            [ 4]  130 	bcs	00105$
                                    131 ;	Raw cost for generated ic 6 : (14, 19.600000) count=3.999997
                                    132 ;	skipping generated iCode
                                    133 ;	Raw cost for generated ic 7 : (0, 0.000000) count=3.999997
                                    134 ;	../stdc_memreverse8.c: 35: unsigned char c = ptr[i];
                                    135 ;	genPlus
      000020 ADr00r00         [ 4]  136 	lda	_stdc_memreverse8_PARM_2
      000023 18               [ 2]  137 	clc
      000024 65*02            [ 4]  138 	adc	*_stdc_memreverse8_sloc1_1_0
      000026 85*04            [ 3]  139 	sta	*_stdc_memreverse8_sloc2_1_0
      000028 ADr01r00         [ 4]  140 	lda	(_stdc_memreverse8_PARM_2 + 1)
      00002B 65*03            [ 4]  141 	adc	*(_stdc_memreverse8_sloc1_1_0 + 1)
      00002D 85*05            [ 3]  142 	sta	*(_stdc_memreverse8_sloc2_1_0 + 1)
                                    143 ;	Raw cost for generated ic 10 : (15, 22.000000) count=2.999997
                                    144 ;	genPointerGet
      00002F A0 00            [ 2]  145 	ldy	#0x00
      000031 B1*04            [ 6]  146 	lda	[*_stdc_memreverse8_sloc2_1_0],y
      000033 8Dr04r00         [ 4]  147 	sta	_stdc_memreverse8_c_30000_165
                                    148 ;	Raw cost for generated ic 11 : (7, 11.000000) count=2.999997
                                    149 ;	../stdc_memreverse8.c: 36: ptr[i] = ptr[n - i - 1];
                                    150 ;	genMinus
      000036 ADr02r00         [ 4]  151 	lda	_stdc_memreverse8_n_10000_162
      000039 38               [ 2]  152 	sec
      00003A E5*02            [ 4]  153 	sbc	*_stdc_memreverse8_sloc1_1_0
      00003C 48               [ 3]  154 	pha
      00003D ADr03r00         [ 4]  155 	lda	(_stdc_memreverse8_n_10000_162 + 1)
      000040 E5*03            [ 4]  156 	sbc	*(_stdc_memreverse8_sloc1_1_0 + 1)
      000042 AA               [ 2]  157 	tax
      000043 68               [ 4]  158 	pla
                                    159 ;	Raw cost for generated ic 14 : (14, 25.000000) count=2.999997
                                    160 ;	genMinus
                                    161 ;	  genMinusDec - size=2  icount=1
      000044 38               [ 2]  162 	sec
      000045 E9 01            [ 3]  163 	sbc	#0x01
      000047 B0 01            [ 4]  164 	bcs	00121$
      000049 CA               [ 2]  165 	dex
      00004A                        166 00121$:
                                    167 ;	Raw cost for generated ic 15 : (6, 8.600000) count=2.999997
                                    168 ;	genPlus
      00004A 18               [ 2]  169 	clc
      00004B 6Dr00r00         [ 5]  170 	adc	_stdc_memreverse8_PARM_2
      00004E 85*06            [ 3]  171 	sta	*_stdc_memreverse8_sloc3_1_0
      000050 8A               [ 2]  172 	txa
      000051 6Dr01r00         [ 5]  173 	adc	(_stdc_memreverse8_PARM_2 + 1)
      000054 85*07            [ 3]  174 	sta	*(_stdc_memreverse8_sloc3_1_0 + 1)
                                    175 ;	Raw cost for generated ic 16 : (12, 18.000000) count=2.999997
                                    176 ;	genPointerGet
      000056 B1*06            [ 6]  177 	lda	[*_stdc_memreverse8_sloc3_1_0],y
                                    178 ;	Raw cost for generated ic 17 : (2, 5.000000) count=2.999997
                                    179 ;	genPointerSet
      000058 91*04            [ 6]  180 	sta	[*_stdc_memreverse8_sloc2_1_0],y
                                    181 ;	Raw cost for generated ic 18 : (2, 6.000000) count=2.999997
                                    182 ;	../stdc_memreverse8.c: 37: ptr[n - i - 1] = c;
                                    183 ;	genPointerSet
      00005A ADr04r00         [ 4]  184 	lda	_stdc_memreverse8_c_30000_165
      00005D 91*06            [ 6]  185 	sta	[*_stdc_memreverse8_sloc3_1_0],y
                                    186 ;	Raw cost for generated ic 22 : (5, 10.000000) count=2.999997
                                    187 ;	../stdc_memreverse8.c: 33: for(size_t i = 0; i < n / 2; i++)
                                    188 ;	genPlus
                                    189 ;	  genPlusInc
      00005F E6*02            [ 5]  190 	inc	*_stdc_memreverse8_sloc1_1_0
      000061 D0 B2            [ 4]  191 	bne	00103$
      000063 E6*03            [ 5]  192 	inc	*(_stdc_memreverse8_sloc1_1_0 + 1)
                                    193 ;	Raw cost for generated ic 25 : (6, 12.600000) count=2.999997
                                    194 ;	genGoto
      000065 4Cr15r00         [ 3]  195 	jmp	00103$
                                    196 ;	Raw cost for generated ic 27 : (3, 3.000000) count=2.999997
                                    197 ;	genLabel
      000068                        198 00105$:
                                    199 ;	Raw cost for generated ic 29 : (0, 0.000000) count=0.999999
                                    200 ;	../stdc_memreverse8.c: 39: }
                                    201 ;	genEndFunction
      000068 60               [ 6]  202 	rts
                                    203 ;	Raw cost for generated ic 30 : (1, 6.000000) count=0.999999
                                    204 	.area CODE
                                    205 	.area RODATA
                                    206 	.area XINIT
                                    207 	.area CABS    (ABS)
