                                      1 ;--------------------------------------------------------
                                      2 ; File Created by SDCC : free open source ISO C Compiler
                                      3 ; Version 4.5.10 #15691 (Linux)
                                      4 ;--------------------------------------------------------
                                      5 	.module tanhf
                                      6 	
      000000                          7 	.r65c02
                                      8 	.optsdcc -mmos65c02
                                      9 
                                     10 ;--------------------------------------------------------
                                     11 ;  Ordering of segments for the linker.
                                     12 ;--------------------------------------------------------
                                     13 	.area ZP      (PAG)
                                     14 	.area OSEG    (PAG, OVR)
                                     15 	.area _CODE
                                     16 	.area GSINIT
                                     17 	.area GSFINAL
                                     18 	.area CODE
                                     19 	.area RODATA
                                     20 	.area XINIT
                                     21 	.area _DATA
                                     22 	.area DATA
                                     23 	.area BSS
                                     24 ;--------------------------------------------------------
                                     25 ; Public variables in this module
                                     26 ;--------------------------------------------------------
                                     27 	.globl _fabsf
                                     28 	.globl _expf
                                     29 	.globl _tanhf_PARM_1
                                     30 	.globl _tanhf
                                     31 ;--------------------------------------------------------
                                     32 ; ZP ram data
                                     33 ;--------------------------------------------------------
                                     34 	.area ZP      (PAG)
      000000                         35 _tanhf_sloc0_1_0:
      000000                         36 	.ds 4
      000004                         37 _tanhf_sloc1_1_0:
      000004                         38 	.ds 4
      000008                         39 _tanhf_sloc2_1_0:
      000008                         40 	.ds 4
                                     41 ;--------------------------------------------------------
                                     42 ; overlayable items in ram
                                     43 ;--------------------------------------------------------
                                     44 ;--------------------------------------------------------
                                     45 ; uninitialized external ram data
                                     46 ;--------------------------------------------------------
                                     47 	.area BSS
      000000                         48 _tanhf_PARM_1:
      000000                         49 	.ds 4
      000004                         50 _tanhf_r_10000_26:
      000004                         51 	.ds 4
                                     52 ;--------------------------------------------------------
                                     53 ; absolute external ram data
                                     54 ;--------------------------------------------------------
                                     55 	.area DABS    (ABS)
                                     56 ;--------------------------------------------------------
                                     57 ; initialized external ram data
                                     58 ;--------------------------------------------------------
                                     59 	.area DATA
                                     60 ;--------------------------------------------------------
                                     61 ; global & static initialisations
                                     62 ;--------------------------------------------------------
                                     63 	.area _CODE
                                     64 	.area GSINIT
                                     65 	.area GSFINAL
                                     66 	.area GSINIT
                                     67 ;--------------------------------------------------------
                                     68 ; Home
                                     69 ;--------------------------------------------------------
                                     70 	.area _CODE
                                     71 	.area _CODE
                                     72 ;--------------------------------------------------------
                                     73 ; code
                                     74 ;--------------------------------------------------------
                                     75 	.area CODE
                                     76 ;------------------------------------------------------------
                                     77 ;Allocation info for local variables in function 'tanhf'
                                     78 ;------------------------------------------------------------
                                     79 ;sloc0         Allocated with name '_tanhf_sloc0_1_0'
                                     80 ;sloc1         Allocated with name '_tanhf_sloc1_1_0'
                                     81 ;sloc2         Allocated with name '_tanhf_sloc2_1_0'
                                     82 ;x             Allocated with name '_tanhf_PARM_1'
                                     83 ;f             Allocated with name '_tanhf_f_10000_26'
                                     84 ;g             Allocated with name '_tanhf_g_10000_26'
                                     85 ;r             Allocated with name '_tanhf_r_10000_26'
                                     86 ;------------------------------------------------------------
                                     87 ;	../tanhf.c: 50: float tanhf(float x) _FLOAT_FUNC_REENTRANT
                                     88 ;	genLabel
                                     89 ;	Raw cost for generated ic 0 : (0, 0.000000) count=1.000000
                                     90 ;	-----------------------------------------
                                     91 ;	 function tanhf
                                     92 ;	-----------------------------------------
                                     93 ;	Register assignment is optimal.
                                     94 ;	Stack space usage: 0 bytes.
      000000                         95 _tanhf:
                                     96 ;	Raw cost for generated ic 1 : (0, 0.000000) count=1.000000
                                     97 ;	../tanhf.c: 54: f=fabsf(x);
                                     98 ;	genAssign
                                     99 ;	genCopy
      000000 ADr03r00         [ 4]  100 	lda	(_tanhf_PARM_1 + 3)
      000003 8Dr03r00         [ 4]  101 	sta	(_fabsf_PARM_1 + 3)
      000006 ADr02r00         [ 4]  102 	lda	(_tanhf_PARM_1 + 2)
      000009 8Dr02r00         [ 4]  103 	sta	(_fabsf_PARM_1 + 2)
      00000C ADr01r00         [ 4]  104 	lda	(_tanhf_PARM_1 + 1)
      00000F 8Dr01r00         [ 4]  105 	sta	(_fabsf_PARM_1 + 1)
      000012 ADr00r00         [ 4]  106 	lda	_tanhf_PARM_1
      000015 8Dr00r00         [ 4]  107 	sta	_fabsf_PARM_1
                                    108 ;	Raw cost for generated ic 2 : (24, 32.000000) count=1.000000
                                    109 ;	genCall
      000018 20r00r00         [ 6]  110 	jsr	_fabsf
                                    111 ;	assignResultValue
      00001B 85*00            [ 3]  112 	sta	*_tanhf_sloc0_1_0
      00001D 86*01            [ 3]  113 	stx	*(_tanhf_sloc0_1_0 + 1)
      00001F A5*00            [ 3]  114 	lda	*___SDCC_m6502_ret2
      000021 85*02            [ 3]  115 	sta	*(_tanhf_sloc0_1_0 + 2)
      000023 A5*00            [ 3]  116 	lda	*___SDCC_m6502_ret3
      000025 85*03            [ 3]  117 	sta	*(_tanhf_sloc0_1_0 + 3)
                                    118 ;	Raw cost for generated ic 3 : (15, 24.000000) count=1.000000
                                    119 ;	../tanhf.c: 55: if(f>SBIG) r=1.0;
                                    120 ;	genAssign
                                    121 ;	genAssignLit
      000027 A2 B0            [ 2]  122 	ldx	#0xb0
      000029 8Er00r00         [ 4]  123 	stx	___fslt_PARM_1
      00002C A2 2C            [ 2]  124 	ldx	#0x2c
      00002E 8Er01r00         [ 4]  125 	stx	(___fslt_PARM_1 + 1)
      000031 A2 10            [ 2]  126 	ldx	#0x10
      000033 8Er02r00         [ 4]  127 	stx	(___fslt_PARM_1 + 2)
      000036 A2 41            [ 2]  128 	ldx	#0x41
      000038 8Er03r00         [ 4]  129 	stx	(___fslt_PARM_1 + 3)
                                    130 ;	Raw cost for generated ic 58 : (20, 24.000000) count=1.000000
                                    131 ;	genAssign
                                    132 ;	genCopy
      00003B 8Dr03r00         [ 4]  133 	sta	(___fslt_PARM_2 + 3)
      00003E A5*02            [ 3]  134 	lda	*(_tanhf_sloc0_1_0 + 2)
      000040 8Dr02r00         [ 4]  135 	sta	(___fslt_PARM_2 + 2)
      000043 A5*01            [ 3]  136 	lda	*(_tanhf_sloc0_1_0 + 1)
      000045 8Dr01r00         [ 4]  137 	sta	(___fslt_PARM_2 + 1)
      000048 A5*00            [ 3]  138 	lda	*_tanhf_sloc0_1_0
      00004A 8Dr00r00         [ 4]  139 	sta	___fslt_PARM_2
                                    140 ;	Raw cost for generated ic 59 : (18, 25.000000) count=1.000000
                                    141 ;	genCall
      00004D 20r00r00         [ 6]  142 	jsr	___fslt
                                    143 ;	assignResultValue
                                    144 ;	Raw cost for generated ic 60 : (3, 6.000000) count=1.000000
                                    145 ;	genIfx
      000050 C9 00            [ 2]  146 	cmp	#0x00
                                    147 ;	genIfxJump : z
      000052 F0 13            [ 4]  148 	beq	00108$
                                    149 ;	Raw cost for generated ic 6 : (7, 7.600000) count=1.000000
                                    150 ;	genAssign
                                    151 ;	genAssignLit
      000054 9Cr04r00         [ 4]  152 	stz	_tanhf_r_10000_26
      000057 9Cr05r00         [ 4]  153 	stz	(_tanhf_r_10000_26 + 1)
      00005A A2 80            [ 2]  154 	ldx	#0x80
      00005C 8Er06r00         [ 4]  155 	stx	(_tanhf_r_10000_26 + 2)
      00005F A2 3F            [ 2]  156 	ldx	#0x3f
      000061 8Er07r00         [ 4]  157 	stx	(_tanhf_r_10000_26 + 3)
                                    158 ;	Raw cost for generated ic 9 : (16, 20.000000) count=0.750000
                                    159 ;	genGoto
      000064 4Cr30r03         [ 3]  160 	jmp	00109$
                                    161 ;	Raw cost for generated ic 10 : (3, 3.000000) count=0.750000
                                    162 ;	genLabel
      000067                        163 00108$:
                                    164 ;	Raw cost for generated ic 11 : (0, 0.000000) count=0.250000
                                    165 ;	../tanhf.c: 56: else if(f>K1)
                                    166 ;	genAssign
                                    167 ;	genAssignLit
      000067 A2 54            [ 2]  168 	ldx	#0x54
      000069 8Er00r00         [ 4]  169 	stx	___fslt_PARM_1
      00006C A2 9F            [ 2]  170 	ldx	#0x9f
      00006E 8Er01r00         [ 4]  171 	stx	(___fslt_PARM_1 + 1)
      000071 A2 0C            [ 2]  172 	ldx	#0x0c
      000073 8Er02r00         [ 4]  173 	stx	(___fslt_PARM_1 + 2)
      000076 A2 3F            [ 2]  174 	ldx	#0x3f
      000078 8Er03r00         [ 4]  175 	stx	(___fslt_PARM_1 + 3)
                                    176 ;	Raw cost for generated ic 61 : (20, 24.000000) count=0.250000
                                    177 ;	genAssign
                                    178 ;	genCopy
      00007B A5*03            [ 3]  179 	lda	*(_tanhf_sloc0_1_0 + 3)
      00007D 8Dr03r00         [ 4]  180 	sta	(___fslt_PARM_2 + 3)
      000080 A5*02            [ 3]  181 	lda	*(_tanhf_sloc0_1_0 + 2)
      000082 8Dr02r00         [ 4]  182 	sta	(___fslt_PARM_2 + 2)
      000085 A5*01            [ 3]  183 	lda	*(_tanhf_sloc0_1_0 + 1)
      000087 8Dr01r00         [ 4]  184 	sta	(___fslt_PARM_2 + 1)
      00008A A5*00            [ 3]  185 	lda	*_tanhf_sloc0_1_0
      00008C 8Dr00r00         [ 4]  186 	sta	___fslt_PARM_2
                                    187 ;	Raw cost for generated ic 62 : (20, 28.000000) count=0.250000
                                    188 ;	genCall
      00008F 20r00r00         [ 6]  189 	jsr	___fslt
                                    190 ;	assignResultValue
                                    191 ;	Raw cost for generated ic 63 : (3, 6.000000) count=0.250000
                                    192 ;	genIfx
      000092 C9 00            [ 2]  193 	cmp	#0x00
                                    194 ;	genIfxJump : z
      000094 D0 03            [ 4]  195 	bne	00141$
      000096 4Cr84r01         [ 3]  196 	jmp	00105$
      000099                        197 00141$:
                                    198 ;	Raw cost for generated ic 13 : (7, 7.600000) count=0.250000
                                    199 ;	../tanhf.c: 58: r=0.5-1.0/(expf(f+f)+1.0);
                                    200 ;	genAssign
                                    201 ;	genCopy
      000099 A5*03            [ 3]  202 	lda	*(_tanhf_sloc0_1_0 + 3)
      00009B 8Dr03r00         [ 4]  203 	sta	(___fsadd_PARM_1 + 3)
      00009E A5*02            [ 3]  204 	lda	*(_tanhf_sloc0_1_0 + 2)
      0000A0 8Dr02r00         [ 4]  205 	sta	(___fsadd_PARM_1 + 2)
      0000A3 A5*01            [ 3]  206 	lda	*(_tanhf_sloc0_1_0 + 1)
      0000A5 8Dr01r00         [ 4]  207 	sta	(___fsadd_PARM_1 + 1)
      0000A8 A5*00            [ 3]  208 	lda	*_tanhf_sloc0_1_0
      0000AA 8Dr00r00         [ 4]  209 	sta	___fsadd_PARM_1
                                    210 ;	Raw cost for generated ic 64 : (20, 28.000000) count=0.187500
                                    211 ;	genAssign
                                    212 ;	genCopy
      0000AD A5*03            [ 3]  213 	lda	*(_tanhf_sloc0_1_0 + 3)
      0000AF 8Dr03r00         [ 4]  214 	sta	(___fsadd_PARM_2 + 3)
      0000B2 A5*02            [ 3]  215 	lda	*(_tanhf_sloc0_1_0 + 2)
      0000B4 8Dr02r00         [ 4]  216 	sta	(___fsadd_PARM_2 + 2)
      0000B7 A5*01            [ 3]  217 	lda	*(_tanhf_sloc0_1_0 + 1)
      0000B9 8Dr01r00         [ 4]  218 	sta	(___fsadd_PARM_2 + 1)
      0000BC A5*00            [ 3]  219 	lda	*_tanhf_sloc0_1_0
      0000BE 8Dr00r00         [ 4]  220 	sta	___fsadd_PARM_2
                                    221 ;	Raw cost for generated ic 65 : (20, 28.000000) count=0.187500
                                    222 ;	genCall
      0000C1 20r00r00         [ 6]  223 	jsr	___fsadd
                                    224 ;	assignResultValue
      0000C4 8Dr00r00         [ 4]  225 	sta	_expf_PARM_1
      0000C7 8Er01r00         [ 4]  226 	stx	(_expf_PARM_1 + 1)
      0000CA A5*00            [ 3]  227 	lda	*___SDCC_m6502_ret2
      0000CC 8Dr02r00         [ 4]  228 	sta	(_expf_PARM_1 + 2)
      0000CF A5*00            [ 3]  229 	lda	*___SDCC_m6502_ret3
      0000D1 8Dr03r00         [ 4]  230 	sta	(_expf_PARM_1 + 3)
                                    231 ;	Raw cost for generated ic 66 : (19, 28.000000) count=0.187500
                                    232 ;	genCall
      0000D4 20r00r00         [ 6]  233 	jsr	_expf
                                    234 ;	assignResultValue
      0000D7 8Dr00r00         [ 4]  235 	sta	___fsadd_PARM_1
      0000DA 8Er01r00         [ 4]  236 	stx	(___fsadd_PARM_1 + 1)
      0000DD A5*00            [ 3]  237 	lda	*___SDCC_m6502_ret2
      0000DF 8Dr02r00         [ 4]  238 	sta	(___fsadd_PARM_1 + 2)
      0000E2 A5*00            [ 3]  239 	lda	*___SDCC_m6502_ret3
      0000E4 8Dr03r00         [ 4]  240 	sta	(___fsadd_PARM_1 + 3)
                                    241 ;	Raw cost for generated ic 18 : (19, 28.000000) count=0.187500
                                    242 ;	genAssign
                                    243 ;	genAssignLit
      0000E7 9Cr00r00         [ 4]  244 	stz	___fsadd_PARM_2
      0000EA 9Cr01r00         [ 4]  245 	stz	(___fsadd_PARM_2 + 1)
      0000ED A2 80            [ 2]  246 	ldx	#0x80
      0000EF 8Er02r00         [ 4]  247 	stx	(___fsadd_PARM_2 + 2)
      0000F2 A2 3F            [ 2]  248 	ldx	#0x3f
      0000F4 8Er03r00         [ 4]  249 	stx	(___fsadd_PARM_2 + 3)
                                    250 ;	Raw cost for generated ic 68 : (16, 20.000000) count=0.187500
                                    251 ;	genCall
      0000F7 20r00r00         [ 6]  252 	jsr	___fsadd
                                    253 ;	assignResultValue
      0000FA 8Dr00r00         [ 4]  254 	sta	___fsdiv_PARM_2
      0000FD 8Er01r00         [ 4]  255 	stx	(___fsdiv_PARM_2 + 1)
      000100 A5*00            [ 3]  256 	lda	*___SDCC_m6502_ret2
      000102 8Dr02r00         [ 4]  257 	sta	(___fsdiv_PARM_2 + 2)
      000105 A5*00            [ 3]  258 	lda	*___SDCC_m6502_ret3
      000107 8Dr03r00         [ 4]  259 	sta	(___fsdiv_PARM_2 + 3)
                                    260 ;	Raw cost for generated ic 69 : (19, 28.000000) count=0.187500
                                    261 ;	genAssign
                                    262 ;	genAssignLit
      00010A 9Cr00r00         [ 4]  263 	stz	___fsdiv_PARM_1
      00010D 9Cr01r00         [ 4]  264 	stz	(___fsdiv_PARM_1 + 1)
      000110 A2 80            [ 2]  265 	ldx	#0x80
      000112 8Er02r00         [ 4]  266 	stx	(___fsdiv_PARM_1 + 2)
      000115 A2 3F            [ 2]  267 	ldx	#0x3f
      000117 8Er03r00         [ 4]  268 	stx	(___fsdiv_PARM_1 + 3)
                                    269 ;	Raw cost for generated ic 70 : (16, 20.000000) count=0.187500
                                    270 ;	genCall
      00011A 20r00r00         [ 6]  271 	jsr	___fsdiv
                                    272 ;	assignResultValue
      00011D 8Dr00r00         [ 4]  273 	sta	___fssub_PARM_2
      000120 8Er01r00         [ 4]  274 	stx	(___fssub_PARM_2 + 1)
      000123 A5*00            [ 3]  275 	lda	*___SDCC_m6502_ret2
      000125 8Dr02r00         [ 4]  276 	sta	(___fssub_PARM_2 + 2)
      000128 A5*00            [ 3]  277 	lda	*___SDCC_m6502_ret3
      00012A 8Dr03r00         [ 4]  278 	sta	(___fssub_PARM_2 + 3)
                                    279 ;	Raw cost for generated ic 72 : (19, 28.000000) count=0.187500
                                    280 ;	genAssign
                                    281 ;	genAssignLit
      00012D 9Cr00r00         [ 4]  282 	stz	___fssub_PARM_1
      000130 9Cr01r00         [ 4]  283 	stz	(___fssub_PARM_1 + 1)
      000133 9Cr02r00         [ 4]  284 	stz	(___fssub_PARM_1 + 2)
      000136 A2 3F            [ 2]  285 	ldx	#0x3f
      000138 8Er03r00         [ 4]  286 	stx	(___fssub_PARM_1 + 3)
                                    287 ;	Raw cost for generated ic 73 : (14, 18.000000) count=0.187500
                                    288 ;	../tanhf.c: 59: r+=r;
                                    289 ;	genCall
      00013B 20r00r00         [ 6]  290 	jsr	___fssub
                                    291 ;	assignResultValue
      00013E 85*04            [ 3]  292 	sta	*_tanhf_sloc1_1_0
      000140 86*05            [ 3]  293 	stx	*(_tanhf_sloc1_1_0 + 1)
      000142 A5*00            [ 3]  294 	lda	*___SDCC_m6502_ret2
      000144 85*06            [ 3]  295 	sta	*(_tanhf_sloc1_1_0 + 2)
      000146 A5*00            [ 3]  296 	lda	*___SDCC_m6502_ret3
      000148 85*07            [ 3]  297 	sta	*(_tanhf_sloc1_1_0 + 3)
                                    298 ;	Raw cost for generated ic 75 : (15, 24.000000) count=0.187500
                                    299 ;	genAssign
                                    300 ;	genCopy
      00014A 8Dr03r00         [ 4]  301 	sta	(___fsadd_PARM_1 + 3)
      00014D A5*06            [ 3]  302 	lda	*(_tanhf_sloc1_1_0 + 2)
      00014F 8Dr02r00         [ 4]  303 	sta	(___fsadd_PARM_1 + 2)
      000152 8A               [ 2]  304 	txa
      000153 8Dr01r00         [ 4]  305 	sta	(___fsadd_PARM_1 + 1)
      000156 A5*04            [ 3]  306 	lda	*_tanhf_sloc1_1_0
      000158 8Dr00r00         [ 4]  307 	sta	___fsadd_PARM_1
                                    308 ;	Raw cost for generated ic 76 : (17, 24.000000) count=0.187500
                                    309 ;	genAssign
                                    310 ;	genCopy
      00015B A5*07            [ 3]  311 	lda	*(_tanhf_sloc1_1_0 + 3)
      00015D 8Dr03r00         [ 4]  312 	sta	(___fsadd_PARM_2 + 3)
      000160 A5*06            [ 3]  313 	lda	*(_tanhf_sloc1_1_0 + 2)
      000162 8Dr02r00         [ 4]  314 	sta	(___fsadd_PARM_2 + 2)
      000165 8A               [ 2]  315 	txa
      000166 8Dr01r00         [ 4]  316 	sta	(___fsadd_PARM_2 + 1)
      000169 A5*04            [ 3]  317 	lda	*_tanhf_sloc1_1_0
      00016B 8Dr00r00         [ 4]  318 	sta	___fsadd_PARM_2
                                    319 ;	Raw cost for generated ic 77 : (19, 27.000000) count=0.187500
                                    320 ;	genCall
      00016E 20r00r00         [ 6]  321 	jsr	___fsadd
                                    322 ;	assignResultValue
      000171 8Dr04r00         [ 4]  323 	sta	_tanhf_r_10000_26
      000174 8Er05r00         [ 4]  324 	stx	(_tanhf_r_10000_26 + 1)
      000177 A5*00            [ 3]  325 	lda	*___SDCC_m6502_ret2
      000179 8Dr06r00         [ 4]  326 	sta	(_tanhf_r_10000_26 + 2)
      00017C A5*00            [ 3]  327 	lda	*___SDCC_m6502_ret3
      00017E 8Dr07r00         [ 4]  328 	sta	(_tanhf_r_10000_26 + 3)
                                    329 ;	Raw cost for generated ic 78 : (19, 28.000000) count=0.187500
                                    330 ;	genGoto
      000181 4Cr30r03         [ 3]  331 	jmp	00109$
                                    332 ;	Raw cost for generated ic 25 : (3, 3.000000) count=0.187500
                                    333 ;	genLabel
      000184                        334 00105$:
                                    335 ;	Raw cost for generated ic 26 : (0, 0.000000) count=0.062500
                                    336 ;	../tanhf.c: 61: else if(f<EPS) r=f;
                                    337 ;	genAssign
                                    338 ;	genCopy
      000184 A5*03            [ 3]  339 	lda	*(_tanhf_sloc0_1_0 + 3)
      000186 8Dr03r00         [ 4]  340 	sta	(___fslt_PARM_1 + 3)
      000189 A5*02            [ 3]  341 	lda	*(_tanhf_sloc0_1_0 + 2)
      00018B 8Dr02r00         [ 4]  342 	sta	(___fslt_PARM_1 + 2)
      00018E A5*01            [ 3]  343 	lda	*(_tanhf_sloc0_1_0 + 1)
      000190 8Dr01r00         [ 4]  344 	sta	(___fslt_PARM_1 + 1)
      000193 A5*00            [ 3]  345 	lda	*_tanhf_sloc0_1_0
      000195 8Dr00r00         [ 4]  346 	sta	___fslt_PARM_1
                                    347 ;	Raw cost for generated ic 79 : (20, 28.000000) count=0.062500
                                    348 ;	genAssign
                                    349 ;	genAssignLit
      000198 9Cr00r00         [ 4]  350 	stz	___fslt_PARM_2
      00019B 9Cr01r00         [ 4]  351 	stz	(___fslt_PARM_2 + 1)
      00019E A2 80            [ 2]  352 	ldx	#0x80
      0001A0 8Er02r00         [ 4]  353 	stx	(___fslt_PARM_2 + 2)
      0001A3 A2 39            [ 2]  354 	ldx	#0x39
      0001A5 8Er03r00         [ 4]  355 	stx	(___fslt_PARM_2 + 3)
                                    356 ;	Raw cost for generated ic 80 : (16, 20.000000) count=0.062500
                                    357 ;	genCall
      0001A8 20r00r00         [ 6]  358 	jsr	___fslt
                                    359 ;	assignResultValue
                                    360 ;	Raw cost for generated ic 81 : (3, 6.000000) count=0.062500
                                    361 ;	genIfx
      0001AB C9 00            [ 2]  362 	cmp	#0x00
                                    363 ;	genIfxJump : z
      0001AD F0 17            [ 4]  364 	beq	00102$
                                    365 ;	Raw cost for generated ic 28 : (7, 7.600000) count=0.062500
                                    366 ;	genAssign
                                    367 ;	genCopy
      0001AF A5*03            [ 3]  368 	lda	*(_tanhf_sloc0_1_0 + 3)
      0001B1 8Dr07r00         [ 4]  369 	sta	(_tanhf_r_10000_26 + 3)
      0001B4 A5*02            [ 3]  370 	lda	*(_tanhf_sloc0_1_0 + 2)
      0001B6 8Dr06r00         [ 4]  371 	sta	(_tanhf_r_10000_26 + 2)
      0001B9 A5*01            [ 3]  372 	lda	*(_tanhf_sloc0_1_0 + 1)
      0001BB 8Dr05r00         [ 4]  373 	sta	(_tanhf_r_10000_26 + 1)
      0001BE A5*00            [ 3]  374 	lda	*_tanhf_sloc0_1_0
      0001C0 8Dr04r00         [ 4]  375 	sta	_tanhf_r_10000_26
                                    376 ;	Raw cost for generated ic 31 : (20, 28.000000) count=0.046875
                                    377 ;	genGoto
      0001C3 4Cr30r03         [ 3]  378 	jmp	00109$
                                    379 ;	Raw cost for generated ic 32 : (3, 3.000000) count=0.046875
                                    380 ;	genLabel
      0001C6                        381 00102$:
                                    382 ;	Raw cost for generated ic 33 : (0, 0.000000) count=0.015625
                                    383 ;	../tanhf.c: 64: g=f*f;
                                    384 ;	genAssign
                                    385 ;	genCopy
      0001C6 A5*03            [ 3]  386 	lda	*(_tanhf_sloc0_1_0 + 3)
      0001C8 8Dr03r00         [ 4]  387 	sta	(___fsmul_PARM_1 + 3)
      0001CB A5*02            [ 3]  388 	lda	*(_tanhf_sloc0_1_0 + 2)
      0001CD 8Dr02r00         [ 4]  389 	sta	(___fsmul_PARM_1 + 2)
      0001D0 A5*01            [ 3]  390 	lda	*(_tanhf_sloc0_1_0 + 1)
      0001D2 8Dr01r00         [ 4]  391 	sta	(___fsmul_PARM_1 + 1)
      0001D5 A5*00            [ 3]  392 	lda	*_tanhf_sloc0_1_0
      0001D7 8Dr00r00         [ 4]  393 	sta	___fsmul_PARM_1
                                    394 ;	Raw cost for generated ic 82 : (20, 28.000000) count=0.015625
                                    395 ;	genAssign
                                    396 ;	genCopy
      0001DA A5*03            [ 3]  397 	lda	*(_tanhf_sloc0_1_0 + 3)
      0001DC 8Dr03r00         [ 4]  398 	sta	(___fsmul_PARM_2 + 3)
      0001DF A5*02            [ 3]  399 	lda	*(_tanhf_sloc0_1_0 + 2)
      0001E1 8Dr02r00         [ 4]  400 	sta	(___fsmul_PARM_2 + 2)
      0001E4 A5*01            [ 3]  401 	lda	*(_tanhf_sloc0_1_0 + 1)
      0001E6 8Dr01r00         [ 4]  402 	sta	(___fsmul_PARM_2 + 1)
      0001E9 A5*00            [ 3]  403 	lda	*_tanhf_sloc0_1_0
      0001EB 8Dr00r00         [ 4]  404 	sta	___fsmul_PARM_2
                                    405 ;	Raw cost for generated ic 83 : (20, 28.000000) count=0.015625
                                    406 ;	../tanhf.c: 65: r=f+f*(P(g)/Q(g));
                                    407 ;	genCall
      0001EE 20r00r00         [ 6]  408 	jsr	___fsmul
                                    409 ;	assignResultValue
      0001F1 85*04            [ 3]  410 	sta	*_tanhf_sloc1_1_0
      0001F3 86*05            [ 3]  411 	stx	*(_tanhf_sloc1_1_0 + 1)
      0001F5 A5*00            [ 3]  412 	lda	*___SDCC_m6502_ret2
      0001F7 85*06            [ 3]  413 	sta	*(_tanhf_sloc1_1_0 + 2)
      0001F9 A5*00            [ 3]  414 	lda	*___SDCC_m6502_ret3
      0001FB 85*07            [ 3]  415 	sta	*(_tanhf_sloc1_1_0 + 3)
                                    416 ;	Raw cost for generated ic 84 : (15, 24.000000) count=0.015625
                                    417 ;	genAssign
                                    418 ;	genAssignLit
      0001FD A2 B2            [ 2]  419 	ldx	#0xb2
      0001FF 8Er00r00         [ 4]  420 	stx	___fsmul_PARM_1
      000202 A2 11            [ 2]  421 	ldx	#0x11
      000204 8Er01r00         [ 4]  422 	stx	(___fsmul_PARM_1 + 1)
      000207 A2 7B            [ 2]  423 	ldx	#0x7b
      000209 8Er02r00         [ 4]  424 	stx	(___fsmul_PARM_1 + 2)
      00020C A2 BB            [ 2]  425 	ldx	#0xbb
      00020E 8Er03r00         [ 4]  426 	stx	(___fsmul_PARM_1 + 3)
                                    427 ;	Raw cost for generated ic 85 : (20, 24.000000) count=0.015625
                                    428 ;	genAssign
                                    429 ;	genCopy
      000211 8Dr03r00         [ 4]  430 	sta	(___fsmul_PARM_2 + 3)
      000214 A5*06            [ 3]  431 	lda	*(_tanhf_sloc1_1_0 + 2)
      000216 8Dr02r00         [ 4]  432 	sta	(___fsmul_PARM_2 + 2)
      000219 A5*05            [ 3]  433 	lda	*(_tanhf_sloc1_1_0 + 1)
      00021B 8Dr01r00         [ 4]  434 	sta	(___fsmul_PARM_2 + 1)
      00021E A5*04            [ 3]  435 	lda	*_tanhf_sloc1_1_0
      000220 8Dr00r00         [ 4]  436 	sta	___fsmul_PARM_2
                                    437 ;	Raw cost for generated ic 86 : (18, 25.000000) count=0.015625
                                    438 ;	genCall
      000223 20r00r00         [ 6]  439 	jsr	___fsmul
                                    440 ;	assignResultValue
      000226 8Dr00r00         [ 4]  441 	sta	___fsadd_PARM_1
      000229 8Er01r00         [ 4]  442 	stx	(___fsadd_PARM_1 + 1)
      00022C A5*00            [ 3]  443 	lda	*___SDCC_m6502_ret2
      00022E 8Dr02r00         [ 4]  444 	sta	(___fsadd_PARM_1 + 2)
      000231 A5*00            [ 3]  445 	lda	*___SDCC_m6502_ret3
      000233 8Dr03r00         [ 4]  446 	sta	(___fsadd_PARM_1 + 3)
                                    447 ;	Raw cost for generated ic 87 : (19, 28.000000) count=0.015625
                                    448 ;	genAssign
                                    449 ;	genAssignLit
      000236 A2 C6            [ 2]  450 	ldx	#0xc6
      000238 8Er00r00         [ 4]  451 	stx	___fsadd_PARM_2
      00023B A2 E2            [ 2]  452 	ldx	#0xe2
      00023D 8Er01r00         [ 4]  453 	stx	(___fsadd_PARM_2 + 1)
      000240 A2 52            [ 2]  454 	ldx	#0x52
      000242 8Er02r00         [ 4]  455 	stx	(___fsadd_PARM_2 + 2)
      000245 A2 BF            [ 2]  456 	ldx	#0xbf
      000247 8Er03r00         [ 4]  457 	stx	(___fsadd_PARM_2 + 3)
                                    458 ;	Raw cost for generated ic 89 : (20, 24.000000) count=0.015625
                                    459 ;	genCall
      00024A 20r00r00         [ 6]  460 	jsr	___fsadd
                                    461 ;	assignResultValue
      00024D 8Dr00r00         [ 4]  462 	sta	___fsmul_PARM_1
      000250 8Er01r00         [ 4]  463 	stx	(___fsmul_PARM_1 + 1)
      000253 A5*00            [ 3]  464 	lda	*___SDCC_m6502_ret2
      000255 8Dr02r00         [ 4]  465 	sta	(___fsmul_PARM_1 + 2)
      000258 A5*00            [ 3]  466 	lda	*___SDCC_m6502_ret3
      00025A 8Dr03r00         [ 4]  467 	sta	(___fsmul_PARM_1 + 3)
                                    468 ;	Raw cost for generated ic 90 : (19, 28.000000) count=0.015625
                                    469 ;	genAssign
                                    470 ;	genCopy
      00025D A5*07            [ 3]  471 	lda	*(_tanhf_sloc1_1_0 + 3)
      00025F 8Dr03r00         [ 4]  472 	sta	(___fsmul_PARM_2 + 3)
      000262 A5*06            [ 3]  473 	lda	*(_tanhf_sloc1_1_0 + 2)
      000264 8Dr02r00         [ 4]  474 	sta	(___fsmul_PARM_2 + 2)
      000267 A5*05            [ 3]  475 	lda	*(_tanhf_sloc1_1_0 + 1)
      000269 8Dr01r00         [ 4]  476 	sta	(___fsmul_PARM_2 + 1)
      00026C A5*04            [ 3]  477 	lda	*_tanhf_sloc1_1_0
      00026E 8Dr00r00         [ 4]  478 	sta	___fsmul_PARM_2
                                    479 ;	Raw cost for generated ic 92 : (20, 28.000000) count=0.015625
                                    480 ;	genCall
      000271 20r00r00         [ 6]  481 	jsr	___fsmul
                                    482 ;	assignResultValue
      000274 85*08            [ 3]  483 	sta	*_tanhf_sloc2_1_0
      000276 86*09            [ 3]  484 	stx	*(_tanhf_sloc2_1_0 + 1)
      000278 A5*00            [ 3]  485 	lda	*___SDCC_m6502_ret2
      00027A 85*0A            [ 3]  486 	sta	*(_tanhf_sloc2_1_0 + 2)
      00027C A5*00            [ 3]  487 	lda	*___SDCC_m6502_ret3
      00027E 85*0B            [ 3]  488 	sta	*(_tanhf_sloc2_1_0 + 3)
                                    489 ;	Raw cost for generated ic 93 : (15, 24.000000) count=0.015625
                                    490 ;	genAssign
                                    491 ;	genCopy
      000280 A5*07            [ 3]  492 	lda	*(_tanhf_sloc1_1_0 + 3)
      000282 8Dr03r00         [ 4]  493 	sta	(___fsadd_PARM_1 + 3)
      000285 A5*06            [ 3]  494 	lda	*(_tanhf_sloc1_1_0 + 2)
      000287 8Dr02r00         [ 4]  495 	sta	(___fsadd_PARM_1 + 2)
      00028A A5*05            [ 3]  496 	lda	*(_tanhf_sloc1_1_0 + 1)
      00028C 8Dr01r00         [ 4]  497 	sta	(___fsadd_PARM_1 + 1)
      00028F A5*04            [ 3]  498 	lda	*_tanhf_sloc1_1_0
      000291 8Dr00r00         [ 4]  499 	sta	___fsadd_PARM_1
                                    500 ;	Raw cost for generated ic 94 : (20, 28.000000) count=0.015625
                                    501 ;	genAssign
                                    502 ;	genAssignLit
      000294 A2 1A            [ 2]  503 	ldx	#0x1a
      000296 8Er00r00         [ 4]  504 	stx	___fsadd_PARM_2
      000299 A2 2A            [ 2]  505 	ldx	#0x2a
      00029B 8Er01r00         [ 4]  506 	stx	(___fsadd_PARM_2 + 1)
      00029E A2 1E            [ 2]  507 	ldx	#0x1e
      0002A0 8Er02r00         [ 4]  508 	stx	(___fsadd_PARM_2 + 2)
      0002A3 A2 40            [ 2]  509 	ldx	#0x40
      0002A5 8Er03r00         [ 4]  510 	stx	(___fsadd_PARM_2 + 3)
                                    511 ;	Raw cost for generated ic 95 : (20, 24.000000) count=0.015625
                                    512 ;	genCall
      0002A8 20r00r00         [ 6]  513 	jsr	___fsadd
                                    514 ;	assignResultValue
      0002AB 8Dr00r00         [ 4]  515 	sta	___fsdiv_PARM_2
      0002AE 8Er01r00         [ 4]  516 	stx	(___fsdiv_PARM_2 + 1)
      0002B1 A5*00            [ 3]  517 	lda	*___SDCC_m6502_ret2
      0002B3 8Dr02r00         [ 4]  518 	sta	(___fsdiv_PARM_2 + 2)
      0002B6 A5*00            [ 3]  519 	lda	*___SDCC_m6502_ret3
      0002B8 8Dr03r00         [ 4]  520 	sta	(___fsdiv_PARM_2 + 3)
                                    521 ;	Raw cost for generated ic 96 : (19, 28.000000) count=0.015625
                                    522 ;	genAssign
                                    523 ;	genCopy
      0002BB A5*0B            [ 3]  524 	lda	*(_tanhf_sloc2_1_0 + 3)
      0002BD 8Dr03r00         [ 4]  525 	sta	(___fsdiv_PARM_1 + 3)
      0002C0 A5*0A            [ 3]  526 	lda	*(_tanhf_sloc2_1_0 + 2)
      0002C2 8Dr02r00         [ 4]  527 	sta	(___fsdiv_PARM_1 + 2)
      0002C5 A5*09            [ 3]  528 	lda	*(_tanhf_sloc2_1_0 + 1)
      0002C7 8Dr01r00         [ 4]  529 	sta	(___fsdiv_PARM_1 + 1)
      0002CA A5*08            [ 3]  530 	lda	*_tanhf_sloc2_1_0
      0002CC 8Dr00r00         [ 4]  531 	sta	___fsdiv_PARM_1
                                    532 ;	Raw cost for generated ic 97 : (20, 28.000000) count=0.015625
                                    533 ;	genCall
      0002CF 20r00r00         [ 6]  534 	jsr	___fsdiv
                                    535 ;	assignResultValue
      0002D2 8Dr00r00         [ 4]  536 	sta	___fsmul_PARM_2
      0002D5 8Er01r00         [ 4]  537 	stx	(___fsmul_PARM_2 + 1)
      0002D8 A5*00            [ 3]  538 	lda	*___SDCC_m6502_ret2
      0002DA 8Dr02r00         [ 4]  539 	sta	(___fsmul_PARM_2 + 2)
      0002DD A5*00            [ 3]  540 	lda	*___SDCC_m6502_ret3
      0002DF 8Dr03r00         [ 4]  541 	sta	(___fsmul_PARM_2 + 3)
                                    542 ;	Raw cost for generated ic 99 : (19, 28.000000) count=0.015625
                                    543 ;	genAssign
                                    544 ;	genCopy
      0002E2 A5*03            [ 3]  545 	lda	*(_tanhf_sloc0_1_0 + 3)
      0002E4 8Dr03r00         [ 4]  546 	sta	(___fsmul_PARM_1 + 3)
      0002E7 A5*02            [ 3]  547 	lda	*(_tanhf_sloc0_1_0 + 2)
      0002E9 8Dr02r00         [ 4]  548 	sta	(___fsmul_PARM_1 + 2)
      0002EC A5*01            [ 3]  549 	lda	*(_tanhf_sloc0_1_0 + 1)
      0002EE 8Dr01r00         [ 4]  550 	sta	(___fsmul_PARM_1 + 1)
      0002F1 A5*00            [ 3]  551 	lda	*_tanhf_sloc0_1_0
      0002F3 8Dr00r00         [ 4]  552 	sta	___fsmul_PARM_1
                                    553 ;	Raw cost for generated ic 100 : (20, 28.000000) count=0.015625
                                    554 ;	genCall
      0002F6 20r00r00         [ 6]  555 	jsr	___fsmul
                                    556 ;	assignResultValue
      0002F9 8Dr00r00         [ 4]  557 	sta	___fsadd_PARM_2
      0002FC 8Er01r00         [ 4]  558 	stx	(___fsadd_PARM_2 + 1)
      0002FF A5*00            [ 3]  559 	lda	*___SDCC_m6502_ret2
      000301 8Dr02r00         [ 4]  560 	sta	(___fsadd_PARM_2 + 2)
      000304 A5*00            [ 3]  561 	lda	*___SDCC_m6502_ret3
      000306 8Dr03r00         [ 4]  562 	sta	(___fsadd_PARM_2 + 3)
                                    563 ;	Raw cost for generated ic 102 : (19, 28.000000) count=0.015625
                                    564 ;	genAssign
                                    565 ;	genCopy
      000309 A5*03            [ 3]  566 	lda	*(_tanhf_sloc0_1_0 + 3)
      00030B 8Dr03r00         [ 4]  567 	sta	(___fsadd_PARM_1 + 3)
      00030E A5*02            [ 3]  568 	lda	*(_tanhf_sloc0_1_0 + 2)
      000310 8Dr02r00         [ 4]  569 	sta	(___fsadd_PARM_1 + 2)
      000313 A5*01            [ 3]  570 	lda	*(_tanhf_sloc0_1_0 + 1)
      000315 8Dr01r00         [ 4]  571 	sta	(___fsadd_PARM_1 + 1)
      000318 A5*00            [ 3]  572 	lda	*_tanhf_sloc0_1_0
      00031A 8Dr00r00         [ 4]  573 	sta	___fsadd_PARM_1
                                    574 ;	Raw cost for generated ic 103 : (20, 28.000000) count=0.015625
                                    575 ;	genCall
      00031D 20r00r00         [ 6]  576 	jsr	___fsadd
                                    577 ;	assignResultValue
      000320 8Dr04r00         [ 4]  578 	sta	_tanhf_r_10000_26
      000323 8Er05r00         [ 4]  579 	stx	(_tanhf_r_10000_26 + 1)
      000326 A5*00            [ 3]  580 	lda	*___SDCC_m6502_ret2
      000328 8Dr06r00         [ 4]  581 	sta	(_tanhf_r_10000_26 + 2)
      00032B A5*00            [ 3]  582 	lda	*___SDCC_m6502_ret3
      00032D 8Dr07r00         [ 4]  583 	sta	(_tanhf_r_10000_26 + 3)
                                    584 ;	Raw cost for generated ic 105 : (19, 28.000000) count=0.015625
                                    585 ;	genLabel
      000330                        586 00109$:
                                    587 ;	Raw cost for generated ic 47 : (0, 0.000000) count=1.000000
                                    588 ;	../tanhf.c: 67: if(x<0.0) r=-r;
                                    589 ;	genAssign
                                    590 ;	genCopy
      000330 ADr03r00         [ 4]  591 	lda	(_tanhf_PARM_1 + 3)
      000333 8Dr03r00         [ 4]  592 	sta	(___fslt_PARM_1 + 3)
      000336 ADr02r00         [ 4]  593 	lda	(_tanhf_PARM_1 + 2)
      000339 8Dr02r00         [ 4]  594 	sta	(___fslt_PARM_1 + 2)
      00033C ADr01r00         [ 4]  595 	lda	(_tanhf_PARM_1 + 1)
      00033F 8Dr01r00         [ 4]  596 	sta	(___fslt_PARM_1 + 1)
      000342 ADr00r00         [ 4]  597 	lda	_tanhf_PARM_1
      000345 8Dr00r00         [ 4]  598 	sta	___fslt_PARM_1
                                    599 ;	Raw cost for generated ic 106 : (24, 32.000000) count=1.000000
                                    600 ;	genAssign
                                    601 ;	genAssignLit
      000348 9Cr00r00         [ 4]  602 	stz	___fslt_PARM_2
      00034B 9Cr01r00         [ 4]  603 	stz	(___fslt_PARM_2 + 1)
      00034E 9Cr02r00         [ 4]  604 	stz	(___fslt_PARM_2 + 2)
      000351 9Cr03r00         [ 4]  605 	stz	(___fslt_PARM_2 + 3)
                                    606 ;	Raw cost for generated ic 107 : (12, 16.000000) count=1.000000
                                    607 ;	genCall
      000354 20r00r00         [ 6]  608 	jsr	___fslt
                                    609 ;	assignResultValue
                                    610 ;	Raw cost for generated ic 108 : (3, 6.000000) count=1.000000
                                    611 ;	genIfx
      000357 C9 00            [ 2]  612 	cmp	#0x00
                                    613 ;	genIfxJump : z
      000359 F0 08            [ 4]  614 	beq	00111$
                                    615 ;	Raw cost for generated ic 49 : (7, 7.600000) count=1.000000
                                    616 ;	genUminus
                                    617 ;	genUminusFloat
      00035B ADr07r00         [ 4]  618 	lda	(_tanhf_r_10000_26 + 3)
      00035E 49 80            [ 2]  619 	eor	#0x80
      000360 8Dr07r00         [ 4]  620 	sta	(_tanhf_r_10000_26 + 3)
                                    621 ;	Raw cost for generated ic 52 : (8, 10.000000) count=0.750000
                                    622 ;	genLabel
      000363                        623 00111$:
                                    624 ;	Raw cost for generated ic 54 : (0, 0.000000) count=1.000000
                                    625 ;	../tanhf.c: 68: return r;
                                    626 ;	genRet
      000363 ADr07r00         [ 4]  627 	lda	(_tanhf_r_10000_26 + 3)
      000366 85*00            [ 3]  628 	sta	*___SDCC_m6502_ret3
      000368 ADr06r00         [ 4]  629 	lda	(_tanhf_r_10000_26 + 2)
      00036B 85*00            [ 3]  630 	sta	*___SDCC_m6502_ret2
      00036D AEr05r00         [ 4]  631 	ldx	(_tanhf_r_10000_26 + 1)
      000370 ADr04r00         [ 4]  632 	lda	_tanhf_r_10000_26
                                    633 ;	Raw cost for generated ic 55 : (16, 22.000000) count=1.000000
                                    634 ;	genLabel
                                    635 ;	Raw cost for generated ic 56 : (0, 0.000000) count=1.000000
                                    636 ;	../tanhf.c: 69: }
                                    637 ;	genEndFunction
      000373 60               [ 6]  638 	rts
                                    639 ;	Raw cost for generated ic 57 : (1, 6.000000) count=1.000000
                                    640 	.area CODE
                                    641 	.area RODATA
                                    642 	.area XINIT
                                    643 	.area CABS    (ABS)
