                                      1 ;--------------------------------------------------------
                                      2 ; File Created by SDCC : free open source ISO C Compiler
                                      3 ; Version 4.5.10 #15691 (Linux)
                                      4 ;--------------------------------------------------------
                                      5 	.module tolower
                                      6 	
      000000                          7 	.r65c02
                                      8 	.optsdcc -mmos65c02
                                      9 
                                     10 ;--------------------------------------------------------
                                     11 ;  Ordering of segments for the linker.
                                     12 ;--------------------------------------------------------
                                     13 	.area ZP      (PAG)
                                     14 	.area OSEG    (PAG, OVR)
                                     15 	.area _CODE
                                     16 	.area GSINIT
                                     17 	.area GSFINAL
                                     18 	.area CODE
                                     19 	.area RODATA
                                     20 	.area XINIT
                                     21 	.area _DATA
                                     22 	.area DATA
                                     23 	.area BSS
                                     24 ;--------------------------------------------------------
                                     25 ; Public variables in this module
                                     26 ;--------------------------------------------------------
                                     27 	.globl _tolower
                                     28 ;--------------------------------------------------------
                                     29 ; ZP ram data
                                     30 ;--------------------------------------------------------
                                     31 	.area ZP      (PAG)
                                     32 ;--------------------------------------------------------
                                     33 ; overlayable items in ram
                                     34 ;--------------------------------------------------------
                                     35 ;--------------------------------------------------------
                                     36 ; uninitialized external ram data
                                     37 ;--------------------------------------------------------
                                     38 	.area BSS
                                     39 ;--------------------------------------------------------
                                     40 ; absolute external ram data
                                     41 ;--------------------------------------------------------
                                     42 	.area DABS    (ABS)
                                     43 ;--------------------------------------------------------
                                     44 ; initialized external ram data
                                     45 ;--------------------------------------------------------
                                     46 	.area DATA
                                     47 ;--------------------------------------------------------
                                     48 ; global & static initialisations
                                     49 ;--------------------------------------------------------
                                     50 	.area _CODE
                                     51 	.area GSINIT
                                     52 	.area GSFINAL
                                     53 	.area GSINIT
                                     54 ;--------------------------------------------------------
                                     55 ; Home
                                     56 ;--------------------------------------------------------
                                     57 	.area _CODE
                                     58 	.area _CODE
                                     59 ;--------------------------------------------------------
                                     60 ; code
                                     61 ;--------------------------------------------------------
                                     62 	.area CODE
                                     63 ;------------------------------------------------------------
                                     64 ;Allocation info for local variables in function 'tolower'
                                     65 ;------------------------------------------------------------
                                     66 ;c             Allocated to registers a x 
                                     67 ;__200000001   Allocated to registers 
                                     68 ;__200000002   Allocated to registers 
                                     69 ;c             Allocated to registers 
                                     70 ;------------------------------------------------------------
                                     71 ;	../tolower.c: 33: int tolower (int c)
                                     72 ;	genLabel
                                     73 ;	Raw cost for generated ic 0 : (0, 0.000000) count=1.000000
                                     74 ;	-----------------------------------------
                                     75 ;	 function tolower
                                     76 ;	-----------------------------------------
                                     77 ;	Register assignment is optimal.
                                     78 ;	Stack space usage: 0 bytes.
      000000                         79 _tolower:
                                     80 ;	Raw cost for generated ic 1 : (0, 0.000000) count=1.000000
                                     81 ;	genReceive
                                     82 ;	Raw cost for generated ic 2 : (0, 0.000000) count=1.000000
                                     83 ;	./../../include/ctype.h: 80: return ((unsigned char)c >= 'A' && (unsigned char)c <= 'Z');
                                     84 ;	genCast
                                     85 ;	genCopy
      000000 A8               [ 2]   86 	tay
                                     87 ;	Raw cost for generated ic 5 : (1, 2.000000) count=1.000000
                                     88 ;	genCmp
      000001 C0 41            [ 2]   89 	cpy	#0x41
      000003 90 0E            [ 4]   90 	bcc	00104$
                                     91 ;	Raw cost for generated ic 6 : (7, 7.600000) count=1.000000
                                     92 ;	skipping generated iCode
                                     93 ;	Raw cost for generated ic 8 : (0, 0.000000) count=1.000000
                                     94 ;	genCmp
      000005 C0 5A            [ 2]   95 	cpy	#0x5a
      000007 F0 03            [ 4]   96 	beq	00121$
      000009 90 01            [ 4]   97 	bcc	00121$
      00000B 60               [ 6]   98 	rts
      00000C                         99 00121$:
                                    100 ;	Raw cost for generated ic 10 : (9, 10.200000) count=0.750000
                                    101 ;	skipping generated iCode
                                    102 ;	Raw cost for generated ic 12 : (0, 0.000000) count=0.750000
                                    103 ;	../tolower.c: 35: return (isupper (c) ? c + ('a' - 'A') : c);
                                    104 ;	genPlus
                                    105 ;	  genPlusInc
      00000C 18               [ 2]  106 	clc
      00000D 69 20            [ 3]  107 	adc	#0x20
      00000F 90 02            [ 4]  108 	bcc	00105$
      000011 E8               [ 2]  109 	inx
                                    110 ;	Raw cost for generated ic 24 : (6, 8.600000) count=0.562500
                                    111 ;	genGoto
      000012 60               [ 6]  112 	rts
                                    113 ;	Raw cost for generated ic 26 : (3, 3.000000) count=0.562500
                                    114 ;	genLabel
      000013                        115 00104$:
                                    116 ;	Raw cost for generated ic 27 : (0, 0.000000) count=0.437500
                                    117 ;	genAssign
                                    118 ;	genCopy
                                    119 ;	Raw cost for generated ic 28 : (0, 0.000000) count=0.437500
                                    120 ;	genLabel
      000013                        121 00105$:
                                    122 ;	Raw cost for generated ic 29 : (0, 0.000000) count=1.000000
                                    123 ;	genRet
                                    124 ;	Raw cost for generated ic 30 : (0, 0.000000) count=1.000000
                                    125 ;	genLabel
                                    126 ;	Raw cost for generated ic 31 : (0, 0.000000) count=1.000000
                                    127 ;	../tolower.c: 36: }
                                    128 ;	genEndFunction
      000013 60               [ 6]  129 	rts
                                    130 ;	Raw cost for generated ic 32 : (1, 6.000000) count=1.000000
                                    131 	.area CODE
                                    132 	.area RODATA
                                    133 	.area XINIT
                                    134 	.area CABS    (ABS)
