                                      1 ;--------------------------------------------------------
                                      2 ; File Created by SDCC : free open source ISO C Compiler
                                      3 ; Version 4.5.10 #15691 (Linux)
                                      4 ;--------------------------------------------------------
                                      5 	.module umaxabs
                                      6 	
      000000                          7 	.r65c02
                                      8 	.optsdcc -mmos65c02
                                      9 
                                     10 ;--------------------------------------------------------
                                     11 ;  Ordering of segments for the linker.
                                     12 ;--------------------------------------------------------
                                     13 	.area ZP      (PAG)
                                     14 	.area OSEG    (PAG, OVR)
                                     15 	.area _CODE
                                     16 	.area GSINIT
                                     17 	.area GSFINAL
                                     18 	.area CODE
                                     19 	.area RODATA
                                     20 	.area XINIT
                                     21 	.area _DATA
                                     22 	.area DATA
                                     23 	.area BSS
                                     24 ;--------------------------------------------------------
                                     25 ; Public variables in this module
                                     26 ;--------------------------------------------------------
                                     27 	.globl _umaxabs
                                     28 	.globl _umaxabs_PARM_1
                                     29 ;--------------------------------------------------------
                                     30 ; ZP ram data
                                     31 ;--------------------------------------------------------
                                     32 	.area ZP      (PAG)
                                     33 ;--------------------------------------------------------
                                     34 ; overlayable items in ram
                                     35 ;--------------------------------------------------------
                                     36 	.area	OSEG    (PAG, OVR)
      000000                         37 _umaxabs_sloc0_1_0:
      000000                         38 	.ds 8
                                     39 ;--------------------------------------------------------
                                     40 ; uninitialized external ram data
                                     41 ;--------------------------------------------------------
                                     42 	.area BSS
      000000                         43 _umaxabs_PARM_1:
      000000                         44 	.ds 8
                                     45 ;--------------------------------------------------------
                                     46 ; absolute external ram data
                                     47 ;--------------------------------------------------------
                                     48 	.area DABS    (ABS)
                                     49 ;--------------------------------------------------------
                                     50 ; initialized external ram data
                                     51 ;--------------------------------------------------------
                                     52 	.area DATA
                                     53 ;--------------------------------------------------------
                                     54 ; global & static initialisations
                                     55 ;--------------------------------------------------------
                                     56 	.area _CODE
                                     57 	.area GSINIT
                                     58 	.area GSFINAL
                                     59 	.area GSINIT
                                     60 ;--------------------------------------------------------
                                     61 ; Home
                                     62 ;--------------------------------------------------------
                                     63 	.area _CODE
                                     64 	.area _CODE
                                     65 ;--------------------------------------------------------
                                     66 ; code
                                     67 ;--------------------------------------------------------
                                     68 	.area CODE
                                     69 ;------------------------------------------------------------
                                     70 ;Allocation info for local variables in function 'umaxabs'
                                     71 ;------------------------------------------------------------
                                     72 ;j             Allocated with name '_umaxabs_PARM_1'
                                     73 ;sloc0         Allocated with name '_umaxabs_sloc0_1_0'
                                     74 ;------------------------------------------------------------
                                     75 ;	../umaxabs.c: 31: uintmax_t umaxabs(intmax_t j)
                                     76 ;	genLabel
                                     77 ;	Raw cost for generated ic 0 : (0, 0.000000) count=1.000000
                                     78 ;	-----------------------------------------
                                     79 ;	 function umaxabs
                                     80 ;	-----------------------------------------
                                     81 ;	Register assignment is optimal.
                                     82 ;	Stack space usage: 0 bytes.
      000000                         83 _umaxabs:
                                     84 ;	Raw cost for generated ic 1 : (0, 0.000000) count=1.000000
                                     85 ;	../umaxabs.c: 33: return (j < 0) ? -j : j;
                                     86 ;	genCmp
      000000 2Cr07r00         [ 4]   87 	bit	(_umaxabs_PARM_1 + 7)
      000003 10 3C            [ 4]   88 	bpl	00103$
                                     89 ;	Raw cost for generated ic 2 : (8, 9.600000) count=1.000000
                                     90 ;	skipping generated iCode
                                     91 ;	Raw cost for generated ic 3 : (0, 0.000000) count=1.000000
                                     92 ;	genUminus
      000005 A9 00            [ 2]   93 	lda	#0x00
      000007 38               [ 2]   94 	sec
      000008 EDr00r00         [ 5]   95 	sbc	_umaxabs_PARM_1
      00000B 85*00            [ 3]   96 	sta	*_umaxabs_sloc0_1_0
      00000D A9 00            [ 2]   97 	lda	#0x00
      00000F EDr01r00         [ 5]   98 	sbc	(_umaxabs_PARM_1 + 1)
      000012 85*01            [ 3]   99 	sta	*(_umaxabs_sloc0_1_0 + 1)
      000014 A9 00            [ 2]  100 	lda	#0x00
      000016 EDr02r00         [ 5]  101 	sbc	(_umaxabs_PARM_1 + 2)
      000019 85*02            [ 3]  102 	sta	*(_umaxabs_sloc0_1_0 + 2)
      00001B A9 00            [ 2]  103 	lda	#0x00
      00001D EDr03r00         [ 5]  104 	sbc	(_umaxabs_PARM_1 + 3)
      000020 85*03            [ 3]  105 	sta	*(_umaxabs_sloc0_1_0 + 3)
      000022 A9 00            [ 2]  106 	lda	#0x00
      000024 EDr04r00         [ 5]  107 	sbc	(_umaxabs_PARM_1 + 4)
      000027 85*04            [ 3]  108 	sta	*(_umaxabs_sloc0_1_0 + 4)
      000029 A9 00            [ 2]  109 	lda	#0x00
      00002B EDr05r00         [ 5]  110 	sbc	(_umaxabs_PARM_1 + 5)
      00002E 85*05            [ 3]  111 	sta	*(_umaxabs_sloc0_1_0 + 5)
      000030 A9 00            [ 2]  112 	lda	#0x00
      000032 EDr06r00         [ 5]  113 	sbc	(_umaxabs_PARM_1 + 6)
      000035 85*06            [ 3]  114 	sta	*(_umaxabs_sloc0_1_0 + 6)
      000037 A9 00            [ 2]  115 	lda	#0x00
      000039 EDr07r00         [ 5]  116 	sbc	(_umaxabs_PARM_1 + 7)
      00003C 85*07            [ 3]  117 	sta	*(_umaxabs_sloc0_1_0 + 7)
                                    118 ;	Raw cost for generated ic 4 : (57, 74.000000) count=0.750000
                                    119 ;	genGoto
      00003E 4Cr69r00         [ 3]  120 	jmp	00104$
                                    121 ;	Raw cost for generated ic 6 : (3, 3.000000) count=0.750000
                                    122 ;	genLabel
      000041                        123 00103$:
                                    124 ;	Raw cost for generated ic 7 : (0, 0.000000) count=0.250000
                                    125 ;	genAssign
                                    126 ;	genCopy
      000041 ADr07r00         [ 4]  127 	lda	(_umaxabs_PARM_1 + 7)
      000044 85*07            [ 3]  128 	sta	*(_umaxabs_sloc0_1_0 + 7)
      000046 ADr06r00         [ 4]  129 	lda	(_umaxabs_PARM_1 + 6)
      000049 85*06            [ 3]  130 	sta	*(_umaxabs_sloc0_1_0 + 6)
      00004B ADr05r00         [ 4]  131 	lda	(_umaxabs_PARM_1 + 5)
      00004E 85*05            [ 3]  132 	sta	*(_umaxabs_sloc0_1_0 + 5)
      000050 ADr04r00         [ 4]  133 	lda	(_umaxabs_PARM_1 + 4)
      000053 85*04            [ 3]  134 	sta	*(_umaxabs_sloc0_1_0 + 4)
      000055 ADr03r00         [ 4]  135 	lda	(_umaxabs_PARM_1 + 3)
      000058 85*03            [ 3]  136 	sta	*(_umaxabs_sloc0_1_0 + 3)
      00005A ADr02r00         [ 4]  137 	lda	(_umaxabs_PARM_1 + 2)
      00005D 85*02            [ 3]  138 	sta	*(_umaxabs_sloc0_1_0 + 2)
      00005F ADr01r00         [ 4]  139 	lda	(_umaxabs_PARM_1 + 1)
      000062 85*01            [ 3]  140 	sta	*(_umaxabs_sloc0_1_0 + 1)
      000064 ADr00r00         [ 4]  141 	lda	_umaxabs_PARM_1
      000067 85*00            [ 3]  142 	sta	*_umaxabs_sloc0_1_0
                                    143 ;	Raw cost for generated ic 8 : (40, 56.000000) count=0.250000
                                    144 ;	genLabel
      000069                        145 00104$:
                                    146 ;	Raw cost for generated ic 9 : (0, 0.000000) count=1.000000
                                    147 ;	genRet
      000069 A5*07            [ 3]  148 	lda	*(_umaxabs_sloc0_1_0 + 7)
      00006B 85*00            [ 3]  149 	sta	*___SDCC_m6502_ret7
      00006D A5*06            [ 3]  150 	lda	*(_umaxabs_sloc0_1_0 + 6)
      00006F 85*00            [ 3]  151 	sta	*___SDCC_m6502_ret6
      000071 A5*05            [ 3]  152 	lda	*(_umaxabs_sloc0_1_0 + 5)
      000073 85*00            [ 3]  153 	sta	*___SDCC_m6502_ret5
      000075 A5*04            [ 3]  154 	lda	*(_umaxabs_sloc0_1_0 + 4)
      000077 85*00            [ 3]  155 	sta	*___SDCC_m6502_ret4
      000079 A5*03            [ 3]  156 	lda	*(_umaxabs_sloc0_1_0 + 3)
      00007B 85*00            [ 3]  157 	sta	*___SDCC_m6502_ret3
      00007D A5*02            [ 3]  158 	lda	*(_umaxabs_sloc0_1_0 + 2)
      00007F 85*00            [ 3]  159 	sta	*___SDCC_m6502_ret2
      000081 A6*01            [ 3]  160 	ldx	*(_umaxabs_sloc0_1_0 + 1)
      000083 A5*00            [ 3]  161 	lda	*_umaxabs_sloc0_1_0
                                    162 ;	Raw cost for generated ic 10 : (28, 42.000000) count=1.000000
                                    163 ;	genLabel
                                    164 ;	Raw cost for generated ic 11 : (0, 0.000000) count=1.000000
                                    165 ;	../umaxabs.c: 34: }
                                    166 ;	genEndFunction
      000085 60               [ 6]  167 	rts
                                    168 ;	Raw cost for generated ic 12 : (1, 6.000000) count=1.000000
                                    169 	.area CODE
                                    170 	.area RODATA
                                    171 	.area XINIT
                                    172 	.area CABS    (ABS)
