                                      1 ;--------------------------------------------------------
                                      2 ; File Created by SDCC : free open source ISO C Compiler
                                      3 ; Version 4.5.10 #15691 (Linux)
                                      4 ;--------------------------------------------------------
                                      5 	.module wcsncmp
                                      6 	
      000000                          7 	.r65c02
                                      8 	.optsdcc -mmos65c02
                                      9 
                                     10 ;--------------------------------------------------------
                                     11 ;  Ordering of segments for the linker.
                                     12 ;--------------------------------------------------------
                                     13 	.area ZP      (PAG)
                                     14 	.area OSEG    (PAG, OVR)
                                     15 	.area _CODE
                                     16 	.area GSINIT
                                     17 	.area GSFINAL
                                     18 	.area CODE
                                     19 	.area RODATA
                                     20 	.area XINIT
                                     21 	.area _DATA
                                     22 	.area DATA
                                     23 	.area BSS
                                     24 ;--------------------------------------------------------
                                     25 ; Public variables in this module
                                     26 ;--------------------------------------------------------
                                     27 	.globl _wcsncmp_PARM_3
                                     28 	.globl _wcsncmp_PARM_2
                                     29 	.globl _wcsncmp
                                     30 ;--------------------------------------------------------
                                     31 ; ZP ram data
                                     32 ;--------------------------------------------------------
                                     33 	.area ZP      (PAG)
                                     34 ;--------------------------------------------------------
                                     35 ; overlayable items in ram
                                     36 ;--------------------------------------------------------
                                     37 	.area	OSEG    (PAG, OVR)
      000000                         38 _wcsncmp_sloc0_1_0:
      000000                         39 	.ds 2
      000002                         40 _wcsncmp_sloc1_1_0:
      000002                         41 	.ds 2
      000004                         42 _wcsncmp_sloc2_1_0:
      000004                         43 	.ds 2
      000006                         44 _wcsncmp_sloc3_1_0:
      000006                         45 	.ds 4
      00000A                         46 _wcsncmp_sloc4_1_0:
      00000A                         47 	.ds 4
                                     48 ;--------------------------------------------------------
                                     49 ; uninitialized external ram data
                                     50 ;--------------------------------------------------------
                                     51 	.area BSS
      000000                         52 _wcsncmp_PARM_2:
      000000                         53 	.ds 2
      000002                         54 _wcsncmp_PARM_3:
      000002                         55 	.ds 2
                                     56 ;--------------------------------------------------------
                                     57 ; absolute external ram data
                                     58 ;--------------------------------------------------------
                                     59 	.area DABS    (ABS)
                                     60 ;--------------------------------------------------------
                                     61 ; initialized external ram data
                                     62 ;--------------------------------------------------------
                                     63 	.area DATA
                                     64 ;--------------------------------------------------------
                                     65 ; global & static initialisations
                                     66 ;--------------------------------------------------------
                                     67 	.area _CODE
                                     68 	.area GSINIT
                                     69 	.area GSFINAL
                                     70 	.area GSINIT
                                     71 ;--------------------------------------------------------
                                     72 ; Home
                                     73 ;--------------------------------------------------------
                                     74 	.area _CODE
                                     75 	.area _CODE
                                     76 ;--------------------------------------------------------
                                     77 ; code
                                     78 ;--------------------------------------------------------
                                     79 	.area CODE
                                     80 ;------------------------------------------------------------
                                     81 ;Allocation info for local variables in function 'wcsncmp'
                                     82 ;------------------------------------------------------------
                                     83 ;last          Allocated with name '_wcsncmp_PARM_2'
                                     84 ;count         Allocated with name '_wcsncmp_PARM_3'
                                     85 ;first         Allocated to registers a x 
                                     86 ;sloc0         Allocated with name '_wcsncmp_sloc0_1_0'
                                     87 ;sloc1         Allocated with name '_wcsncmp_sloc1_1_0'
                                     88 ;sloc2         Allocated with name '_wcsncmp_sloc2_1_0'
                                     89 ;sloc3         Allocated with name '_wcsncmp_sloc3_1_0'
                                     90 ;sloc4         Allocated with name '_wcsncmp_sloc4_1_0'
                                     91 ;------------------------------------------------------------
                                     92 ;	../wcsncmp.c: 32: int wcsncmp ( const wchar_t * first, const wchar_t * last, size_t count )
                                     93 ;	genLabel
                                     94 ;	Raw cost for generated ic 0 : (0, 0.000000) count=1.000000
                                     95 ;	-----------------------------------------
                                     96 ;	 function wcsncmp
                                     97 ;	-----------------------------------------
                                     98 ;	Register assignment is optimal.
                                     99 ;	Stack space usage: 0 bytes.
      000000                        100 _wcsncmp:
                                    101 ;	Raw cost for generated ic 1 : (0, 0.000000) count=1.000000
                                    102 ;	genReceive
                                    103 ;	Raw cost for generated ic 2 : (0, 0.000000) count=1.000000
                                    104 ;	../wcsncmp.c: 34: if (!count)
                                    105 ;	genIfx
      000000 85*00            [ 3]  106 	sta	*(REGTEMP+0)
      000002 ADr03r00         [ 4]  107 	lda	(_wcsncmp_PARM_3 + 1)
      000005 0Dr02r00         [ 4]  108 	ora	_wcsncmp_PARM_3
      000008 08               [ 3]  109 	php
      000009 A5*00            [ 3]  110 	lda	*(REGTEMP+0)
      00000B 28               [ 4]  111 	plp
                                    112 ;	genIfxJump : z
      00000C D0 04            [ 4]  113 	bne	00114$
                                    114 ;	Raw cost for generated ic 3 : (17, 26.600000) count=1.000000
                                    115 ;	../wcsncmp.c: 35: return(0);
                                    116 ;	genRet
      00000E A9 00            [ 2]  117 	lda	#0x00
      000010 AA               [ 2]  118 	tax
      000011 60               [ 6]  119 	rts
                                    120 ;	Raw cost for generated ic 6 : (6, 7.000000) count=0.750000
                                    121 ;	../wcsncmp.c: 37: while (--count && *first && *first == *last) {
                                    122 ;	genLabel
      000012                        123 00114$:
                                    124 ;	Raw cost for generated ic 44 : (0, 0.000000) count=1.000000
                                    125 ;	genAssign
                                    126 ;	genCopy
      000012 85*00            [ 3]  127 	sta	*_wcsncmp_sloc0_1_0
      000014 86*01            [ 3]  128 	stx	*(_wcsncmp_sloc0_1_0 + 1)
                                    129 ;	Raw cost for generated ic 47 : (4, 6.000000) count=1.000000
                                    130 ;	genAssign
                                    131 ;	genCopy
      000016 ADr01r00         [ 4]  132 	lda	(_wcsncmp_PARM_2 + 1)
      000019 85*03            [ 3]  133 	sta	*(_wcsncmp_sloc1_1_0 + 1)
      00001B ADr00r00         [ 4]  134 	lda	_wcsncmp_PARM_2
      00001E 85*02            [ 3]  135 	sta	*_wcsncmp_sloc1_1_0
                                    136 ;	Raw cost for generated ic 50 : (10, 14.000000) count=1.000000
                                    137 ;	genAssign
                                    138 ;	genCopy
      000020 ADr03r00         [ 4]  139 	lda	(_wcsncmp_PARM_3 + 1)
      000023 85*05            [ 3]  140 	sta	*(_wcsncmp_sloc2_1_0 + 1)
      000025 ADr02r00         [ 4]  141 	lda	_wcsncmp_PARM_3
      000028 85*04            [ 3]  142 	sta	*_wcsncmp_sloc2_1_0
                                    143 ;	Raw cost for generated ic 52 : (10, 14.000000) count=1.000000
                                    144 ;	genLabel
      00002A                        145 00105$:
                                    146 ;	Raw cost for generated ic 8 : (0, 0.000000) count=1.729728
                                    147 ;	genMinus
                                    148 ;	  genMinusDec - size=2  icount=1
      00002A A5*04            [ 3]  149 	lda	*_wcsncmp_sloc2_1_0
      00002C D0 02            [ 4]  150 	bne	00143$
      00002E C6*05            [ 5]  151 	dec	*(_wcsncmp_sloc2_1_0 + 1)
      000030                        152 00143$:
      000030 C6*04            [ 5]  153 	dec	*_wcsncmp_sloc2_1_0
                                    154 ;	Raw cost for generated ic 9 : (8, 15.600000) count=1.729728
                                    155 ;	genIfx
      000032 A5*05            [ 3]  156 	lda	*(_wcsncmp_sloc2_1_0 + 1)
      000034 05*04            [ 3]  157 	ora	*_wcsncmp_sloc2_1_0
                                    158 ;	genIfxJump : z
      000036 F0 63            [ 4]  159 	beq	00107$
                                    160 ;	Raw cost for generated ic 11 : (9, 11.600000) count=1.729728
                                    161 ;	genPointerGet
      000038 A0 00            [ 2]  162 	ldy	#0x00
      00003A B1*00            [ 6]  163 	lda	[*_wcsncmp_sloc0_1_0],y
      00003C 85*06            [ 3]  164 	sta	*_wcsncmp_sloc3_1_0
      00003E C8               [ 2]  165 	iny
      00003F B1*00            [ 6]  166 	lda	[*_wcsncmp_sloc0_1_0],y
      000041 85*07            [ 3]  167 	sta	*(_wcsncmp_sloc3_1_0 + 1)
      000043 C8               [ 2]  168 	iny
      000044 B1*00            [ 6]  169 	lda	[*_wcsncmp_sloc0_1_0],y
      000046 85*08            [ 3]  170 	sta	*(_wcsncmp_sloc3_1_0 + 2)
      000048 C8               [ 2]  171 	iny
      000049 B1*00            [ 6]  172 	lda	[*_wcsncmp_sloc0_1_0],y
      00004B 85*09            [ 3]  173 	sta	*(_wcsncmp_sloc3_1_0 + 3)
                                    174 ;	Raw cost for generated ic 15 : (21, 40.000000) count=1.297296
                                    175 ;	genIfx
      00004D 05*08            [ 3]  176 	ora	*(_wcsncmp_sloc3_1_0 + 2)
      00004F 05*07            [ 3]  177 	ora	*(_wcsncmp_sloc3_1_0 + 1)
      000051 05*06            [ 3]  178 	ora	*_wcsncmp_sloc3_1_0
                                    179 ;	genIfxJump : z
      000053 F0 46            [ 4]  180 	beq	00107$
                                    181 ;	Raw cost for generated ic 16 : (11, 14.600000) count=1.297296
                                    182 ;	genPointerGet
      000055 A0 00            [ 2]  183 	ldy	#0x00
      000057 B1*02            [ 6]  184 	lda	[*_wcsncmp_sloc1_1_0],y
      000059 85*0A            [ 3]  185 	sta	*_wcsncmp_sloc4_1_0
      00005B C8               [ 2]  186 	iny
      00005C B1*02            [ 6]  187 	lda	[*_wcsncmp_sloc1_1_0],y
      00005E 85*0B            [ 3]  188 	sta	*(_wcsncmp_sloc4_1_0 + 1)
      000060 C8               [ 2]  189 	iny
      000061 B1*02            [ 6]  190 	lda	[*_wcsncmp_sloc1_1_0],y
      000063 85*0C            [ 3]  191 	sta	*(_wcsncmp_sloc4_1_0 + 2)
      000065 C8               [ 2]  192 	iny
      000066 B1*02            [ 6]  193 	lda	[*_wcsncmp_sloc1_1_0],y
      000068 85*0D            [ 3]  194 	sta	*(_wcsncmp_sloc4_1_0 + 3)
                                    195 ;	Raw cost for generated ic 22 : (21, 40.000000) count=0.972971
                                    196 ;	genCmpEQorNE
      00006A A5*06            [ 3]  197 	lda	*_wcsncmp_sloc3_1_0
      00006C C5*0A            [ 3]  198 	cmp	*_wcsncmp_sloc4_1_0
      00006E D0 2B            [ 4]  199 	bne	00107$
      000070 A5*07            [ 3]  200 	lda	*(_wcsncmp_sloc3_1_0 + 1)
      000072 C5*0B            [ 3]  201 	cmp	*(_wcsncmp_sloc4_1_0 + 1)
      000074 D0 25            [ 4]  202 	bne	00107$
      000076 A5*08            [ 3]  203 	lda	*(_wcsncmp_sloc3_1_0 + 2)
      000078 C5*0C            [ 3]  204 	cmp	*(_wcsncmp_sloc4_1_0 + 2)
      00007A D0 1F            [ 4]  205 	bne	00107$
      00007C A5*09            [ 3]  206 	lda	*(_wcsncmp_sloc3_1_0 + 3)
      00007E C5*0D            [ 3]  207 	cmp	*(_wcsncmp_sloc4_1_0 + 3)
      000080 D0 19            [ 4]  208 	bne	00107$
                                    209 ;	Raw cost for generated ic 23 : (36, 46.400002) count=0.972971
                                    210 ;	skipping generated iCode
                                    211 ;	Raw cost for generated ic 24 : (0, 0.000000) count=0.972971
                                    212 ;	../wcsncmp.c: 38: first++;
                                    213 ;	genPlus
                                    214 ;	  genPlusInc
      000082 A5*00            [ 3]  215 	lda	*_wcsncmp_sloc0_1_0
      000084 18               [ 2]  216 	clc
      000085 69 04            [ 3]  217 	adc	#0x04
      000087 85*00            [ 3]  218 	sta	*_wcsncmp_sloc0_1_0
      000089 90 02            [ 4]  219 	bcc	00153$
      00008B E6*01            [ 5]  220 	inc	*(_wcsncmp_sloc0_1_0 + 1)
      00008D                        221 00153$:
                                    222 ;	Raw cost for generated ic 28 : (11, 17.600000) count=0.729728
                                    223 ;	../wcsncmp.c: 39: last++;
                                    224 ;	genPlus
                                    225 ;	  genPlusInc
      00008D A5*02            [ 3]  226 	lda	*_wcsncmp_sloc1_1_0
      00008F 18               [ 2]  227 	clc
      000090 69 04            [ 3]  228 	adc	#0x04
      000092 85*02            [ 3]  229 	sta	*_wcsncmp_sloc1_1_0
      000094 90 94            [ 4]  230 	bcc	00105$
      000096 E6*03            [ 5]  231 	inc	*(_wcsncmp_sloc1_1_0 + 1)
                                    232 ;	Raw cost for generated ic 31 : (11, 17.600000) count=0.729728
                                    233 ;	genGoto
      000098 4Cr2Ar00         [ 3]  234 	jmp	00105$
                                    235 ;	Raw cost for generated ic 33 : (3, 3.000000) count=0.729728
                                    236 ;	genLabel
      00009B                        237 00107$:
                                    238 ;	Raw cost for generated ic 34 : (0, 0.000000) count=0.999998
                                    239 ;	../wcsncmp.c: 42: return( *first - *last );
                                    240 ;	genPointerGet
      00009B A0 01            [ 2]  241 	ldy	#0x01
      00009D B1*00            [ 6]  242 	lda	[*_wcsncmp_sloc0_1_0],y
      00009F AA               [ 2]  243 	tax
      0000A0 88               [ 2]  244 	dey
      0000A1 B1*00            [ 6]  245 	lda	[*_wcsncmp_sloc0_1_0],y
                                    246 ;	Raw cost for generated ic 36 : (8, 16.000000) count=0.999998
                                    247 ;	genPointerGet
      0000A3 85*00            [ 3]  248 	sta	*(REGTEMP+0)
      0000A5 B1*02            [ 6]  249 	lda	[*_wcsncmp_sloc1_1_0],y
      0000A7 85*0A            [ 3]  250 	sta	*_wcsncmp_sloc4_1_0
      0000A9 C8               [ 2]  251 	iny
      0000AA B1*02            [ 6]  252 	lda	[*_wcsncmp_sloc1_1_0],y
      0000AC 85*0B            [ 3]  253 	sta	*(_wcsncmp_sloc4_1_0 + 1)
      0000AE A5*00            [ 3]  254 	lda	*(REGTEMP+0)
                                    255 ;	Raw cost for generated ic 38 : (13, 24.000000) count=0.999998
                                    256 ;	genMinus
      0000B0 38               [ 2]  257 	sec
      0000B1 E5*0A            [ 4]  258 	sbc	*_wcsncmp_sloc4_1_0
      0000B3 48               [ 3]  259 	pha
      0000B4 8A               [ 2]  260 	txa
      0000B5 E5*0B            [ 4]  261 	sbc	*(_wcsncmp_sloc4_1_0 + 1)
      0000B7 AA               [ 2]  262 	tax
      0000B8 68               [ 4]  263 	pla
                                    264 ;	Raw cost for generated ic 39 : (9, 19.000000) count=0.999998
                                    265 ;	genRet
                                    266 ;	Raw cost for generated ic 41 : (0, 0.000000) count=0.999998
                                    267 ;	genLabel
                                    268 ;	Raw cost for generated ic 42 : (0, 0.000000) count=0.999998
                                    269 ;	../wcsncmp.c: 43: }
                                    270 ;	genEndFunction
      0000B9 60               [ 6]  271 	rts
                                    272 ;	Raw cost for generated ic 43 : (1, 6.000000) count=0.999998
                                    273 	.area CODE
                                    274 	.area RODATA
                                    275 	.area XINIT
                                    276 	.area CABS    (ABS)
