                                      1 ;--------------------------------------------------------
                                      2 ; File Created by SDCC : free open source ISO C Compiler
                                      3 ; Version 4.5.10 #15691 (Linux)
                                      4 ;--------------------------------------------------------
                                      5 	.module wcstoumax
                                      6 	
      000000                          7 	.r65c02
                                      8 	.optsdcc -mmos65c02
                                      9 
                                     10 ;--------------------------------------------------------
                                     11 ;  Ordering of segments for the linker.
                                     12 ;--------------------------------------------------------
                                     13 	.area ZP      (PAG)
                                     14 	.area OSEG    (PAG, OVR)
                                     15 	.area _CODE
                                     16 	.area GSINIT
                                     17 	.area GSFINAL
                                     18 	.area CODE
                                     19 	.area RODATA
                                     20 	.area XINIT
                                     21 	.area _DATA
                                     22 	.area DATA
                                     23 	.area BSS
                                     24 ;--------------------------------------------------------
                                     25 ; Public variables in this module
                                     26 ;--------------------------------------------------------
                                     27 	.globl _wcstoumax
                                     28 	.globl _wcstoull
                                     29 	.globl _wcstoumax_PARM_3
                                     30 	.globl _wcstoumax_PARM_2
                                     31 ;--------------------------------------------------------
                                     32 ; ZP ram data
                                     33 ;--------------------------------------------------------
                                     34 	.area ZP      (PAG)
      000000                         35 _wcstoumax_sloc0_1_0:
      000000                         36 	.ds 8
                                     37 ;--------------------------------------------------------
                                     38 ; overlayable items in ram
                                     39 ;--------------------------------------------------------
                                     40 ;--------------------------------------------------------
                                     41 ; uninitialized external ram data
                                     42 ;--------------------------------------------------------
                                     43 	.area BSS
      000000                         44 _wcstoumax_PARM_2:
      000000                         45 	.ds 2
      000002                         46 _wcstoumax_PARM_3:
      000002                         47 	.ds 2
                                     48 ;--------------------------------------------------------
                                     49 ; absolute external ram data
                                     50 ;--------------------------------------------------------
                                     51 	.area DABS    (ABS)
                                     52 ;--------------------------------------------------------
                                     53 ; initialized external ram data
                                     54 ;--------------------------------------------------------
                                     55 	.area DATA
                                     56 ;--------------------------------------------------------
                                     57 ; global & static initialisations
                                     58 ;--------------------------------------------------------
                                     59 	.area _CODE
                                     60 	.area GSINIT
                                     61 	.area GSFINAL
                                     62 	.area GSINIT
                                     63 ;--------------------------------------------------------
                                     64 ; Home
                                     65 ;--------------------------------------------------------
                                     66 	.area _CODE
                                     67 	.area _CODE
                                     68 ;--------------------------------------------------------
                                     69 ; code
                                     70 ;--------------------------------------------------------
                                     71 	.area CODE
                                     72 ;------------------------------------------------------------
                                     73 ;Allocation info for local variables in function 'wcstoumax'
                                     74 ;------------------------------------------------------------
                                     75 ;sloc0         Allocated with name '_wcstoumax_sloc0_1_0'
                                     76 ;endptr        Allocated with name '_wcstoumax_PARM_2'
                                     77 ;base          Allocated with name '_wcstoumax_PARM_3'
                                     78 ;nptr          Allocated to registers a x 
                                     79 ;------------------------------------------------------------
                                     80 ;	../wcstoumax.c: 32: uintmax_t wcstoumax(const wchar_t * restrict nptr, wchar_t ** restrict endptr, int base)
                                     81 ;	genLabel
                                     82 ;	Raw cost for generated ic 0 : (0, 0.000000) count=1.000000
                                     83 ;	-----------------------------------------
                                     84 ;	 function wcstoumax
                                     85 ;	-----------------------------------------
                                     86 ;	Register assignment is optimal.
                                     87 ;	Stack space usage: 0 bytes.
      000000                         88 _wcstoumax:
                                     89 ;	Raw cost for generated ic 1 : (0, 0.000000) count=1.000000
                                     90 ;	genReceive
                                     91 ;	Raw cost for generated ic 2 : (0, 0.000000) count=1.000000
                                     92 ;	../wcstoumax.c: 35: return wcstoull(nptr, endptr, base);
                                     93 ;	genAssign
                                     94 ;	genCopy
      000000 ACr01r00         [ 4]   95 	ldy	(_wcstoumax_PARM_2 + 1)
      000003 8Cr01r00         [ 4]   96 	sty	(_wcstoull_PARM_2 + 1)
      000006 ACr00r00         [ 4]   97 	ldy	_wcstoumax_PARM_2
      000009 8Cr00r00         [ 4]   98 	sty	_wcstoull_PARM_2
                                     99 ;	Raw cost for generated ic 4 : (12, 16.000000) count=1.000000
                                    100 ;	genAssign
                                    101 ;	genCopy
      00000C ACr03r00         [ 4]  102 	ldy	(_wcstoumax_PARM_3 + 1)
      00000F 8Cr01r00         [ 4]  103 	sty	(_wcstoull_PARM_3 + 1)
      000012 ACr02r00         [ 4]  104 	ldy	_wcstoumax_PARM_3
      000015 8Cr00r00         [ 4]  105 	sty	_wcstoull_PARM_3
                                    106 ;	Raw cost for generated ic 5 : (12, 16.000000) count=1.000000
                                    107 ;	Raw cost for generated ic 3 : (0, 0.000000) count=1.000000
                                    108 ;	genCall
                                    109 ;	genSend
      000018 20r00r00         [ 6]  110 	jsr	_wcstoull
                                    111 ;	assignResultValue
      00001B 85*00            [ 3]  112 	sta	*_wcstoumax_sloc0_1_0
      00001D 86*01            [ 3]  113 	stx	*(_wcstoumax_sloc0_1_0 + 1)
      00001F A5*00            [ 3]  114 	lda	*___SDCC_m6502_ret2
      000021 85*02            [ 3]  115 	sta	*(_wcstoumax_sloc0_1_0 + 2)
      000023 A5*00            [ 3]  116 	lda	*___SDCC_m6502_ret3
      000025 85*03            [ 3]  117 	sta	*(_wcstoumax_sloc0_1_0 + 3)
      000027 A5*00            [ 3]  118 	lda	*___SDCC_m6502_ret4
      000029 85*04            [ 3]  119 	sta	*(_wcstoumax_sloc0_1_0 + 4)
      00002B A5*00            [ 3]  120 	lda	*___SDCC_m6502_ret5
      00002D 85*05            [ 3]  121 	sta	*(_wcstoumax_sloc0_1_0 + 5)
      00002F A5*00            [ 3]  122 	lda	*___SDCC_m6502_ret6
      000031 85*06            [ 3]  123 	sta	*(_wcstoumax_sloc0_1_0 + 6)
      000033 A5*00            [ 3]  124 	lda	*___SDCC_m6502_ret7
      000035 85*07            [ 3]  125 	sta	*(_wcstoumax_sloc0_1_0 + 7)
                                    126 ;	Raw cost for generated ic 6 : (31, 48.000000) count=1.000000
                                    127 ;	genRet
      000037 85*00            [ 3]  128 	sta	*___SDCC_m6502_ret7
      000039 A5*06            [ 3]  129 	lda	*(_wcstoumax_sloc0_1_0 + 6)
      00003B 85*00            [ 3]  130 	sta	*___SDCC_m6502_ret6
      00003D A5*05            [ 3]  131 	lda	*(_wcstoumax_sloc0_1_0 + 5)
      00003F 85*00            [ 3]  132 	sta	*___SDCC_m6502_ret5
      000041 A5*04            [ 3]  133 	lda	*(_wcstoumax_sloc0_1_0 + 4)
      000043 85*00            [ 3]  134 	sta	*___SDCC_m6502_ret4
      000045 A5*03            [ 3]  135 	lda	*(_wcstoumax_sloc0_1_0 + 3)
      000047 85*00            [ 3]  136 	sta	*___SDCC_m6502_ret3
      000049 A5*02            [ 3]  137 	lda	*(_wcstoumax_sloc0_1_0 + 2)
      00004B 85*00            [ 3]  138 	sta	*___SDCC_m6502_ret2
      00004D A5*00            [ 3]  139 	lda	*_wcstoumax_sloc0_1_0
                                    140 ;	Raw cost for generated ic 7 : (24, 36.000000) count=1.000000
                                    141 ;	genLabel
                                    142 ;	Raw cost for generated ic 8 : (0, 0.000000) count=1.000000
                                    143 ;	../wcstoumax.c: 39: }
                                    144 ;	genEndFunction
      00004F 60               [ 6]  145 	rts
                                    146 ;	Raw cost for generated ic 9 : (1, 6.000000) count=1.000000
                                    147 	.area CODE
                                    148 	.area RODATA
                                    149 	.area XINIT
                                    150 	.area CABS    (ABS)
