                                      1 ;--------------------------------------------------------
                                      2 ; File Created by SDCC : free open source ISO C Compiler
                                      3 ; Version 4.5.10 #15691 (Linux)
                                      4 ;--------------------------------------------------------
                                      5 	.module wcstombs
                                      6 	
      000000                          7 	.r65c02
                                      8 	.optsdcc -mmos65c02
                                      9 
                                     10 ;--------------------------------------------------------
                                     11 ;  Ordering of segments for the linker.
                                     12 ;--------------------------------------------------------
                                     13 	.area ZP      (PAG)
                                     14 	.area OSEG    (PAG, OVR)
                                     15 	.area _CODE
                                     16 	.area GSINIT
                                     17 	.area GSFINAL
                                     18 	.area CODE
                                     19 	.area RODATA
                                     20 	.area XINIT
                                     21 	.area _DATA
                                     22 	.area DATA
                                     23 	.area BSS
                                     24 ;--------------------------------------------------------
                                     25 ; Public variables in this module
                                     26 ;--------------------------------------------------------
                                     27 	.globl _wctomb
                                     28 	.globl _wcstombs_PARM_3
                                     29 	.globl _wcstombs_PARM_2
                                     30 	.globl _wcstombs
                                     31 ;--------------------------------------------------------
                                     32 ; ZP ram data
                                     33 ;--------------------------------------------------------
                                     34 	.area ZP      (PAG)
      000000                         35 _wcstombs_sloc0_1_0:
      000000                         36 	.ds 2
                                     37 ;--------------------------------------------------------
                                     38 ; overlayable items in ram
                                     39 ;--------------------------------------------------------
                                     40 ;--------------------------------------------------------
                                     41 ; uninitialized external ram data
                                     42 ;--------------------------------------------------------
                                     43 	.area BSS
      000000                         44 _wcstombs_PARM_2:
      000000                         45 	.ds 2
      000002                         46 _wcstombs_PARM_3:
      000002                         47 	.ds 2
      000004                         48 _wcstombs_s_10000_42:
      000004                         49 	.ds 2
      000006                         50 _wcstombs_m_10000_43:
      000006                         51 	.ds 2
      000008                         52 _wcstombs_buffer_10000_43:
      000008                         53 	.ds 4
      00000C                         54 _wcstombs_b_20000_44:
      00000C                         55 	.ds 2
                                     56 ;--------------------------------------------------------
                                     57 ; absolute external ram data
                                     58 ;--------------------------------------------------------
                                     59 	.area DABS    (ABS)
                                     60 ;--------------------------------------------------------
                                     61 ; initialized external ram data
                                     62 ;--------------------------------------------------------
                                     63 	.area DATA
                                     64 ;--------------------------------------------------------
                                     65 ; global & static initialisations
                                     66 ;--------------------------------------------------------
                                     67 	.area _CODE
                                     68 	.area GSINIT
                                     69 	.area GSFINAL
                                     70 	.area GSINIT
                                     71 ;--------------------------------------------------------
                                     72 ; Home
                                     73 ;--------------------------------------------------------
                                     74 	.area _CODE
                                     75 	.area _CODE
                                     76 ;--------------------------------------------------------
                                     77 ; code
                                     78 ;--------------------------------------------------------
                                     79 	.area CODE
                                     80 ;------------------------------------------------------------
                                     81 ;Allocation info for local variables in function 'wcstombs'
                                     82 ;------------------------------------------------------------
                                     83 ;sloc0         Allocated with name '_wcstombs_sloc0_1_0'
                                     84 ;pwcs          Allocated with name '_wcstombs_PARM_2'
                                     85 ;n             Allocated with name '_wcstombs_PARM_3'
                                     86 ;s             Allocated with name '_wcstombs_s_10000_42'
                                     87 ;m             Allocated with name '_wcstombs_m_10000_43'
                                     88 ;buffer        Allocated with name '_wcstombs_buffer_10000_43'
                                     89 ;b             Allocated with name '_wcstombs_b_20000_44'
                                     90 ;------------------------------------------------------------
                                     91 ;	../wcstombs.c: 33: size_t wcstombs(char *restrict s, const wchar_t *restrict pwcs, size_t n)
                                     92 ;	genLabel
                                     93 ;	Raw cost for generated ic 0 : (0, 0.000000) count=1.000000
                                     94 ;	-----------------------------------------
                                     95 ;	 function wcstombs
                                     96 ;	-----------------------------------------
                                     97 ;	Register assignment is optimal.
                                     98 ;	Stack space usage: 0 bytes.
      000000                         99 _wcstombs:
                                    100 ;	Raw cost for generated ic 1 : (0, 0.000000) count=1.000000
                                    101 ;	genReceive
      000000 8Dr04r00         [ 4]  102 	sta	_wcstombs_s_10000_42
      000003 8Er05r00         [ 4]  103 	stx	(_wcstombs_s_10000_42 + 1)
                                    104 ;	Raw cost for generated ic 2 : (6, 8.000000) count=1.000000
                                    105 ;	../wcstombs.c: 35: size_t m = 0;
                                    106 ;	genAssign
                                    107 ;	genAssignLit
      000006 9Cr06r00         [ 4]  108 	stz	_wcstombs_m_10000_43
      000009 9Cr07r00         [ 4]  109 	stz	(_wcstombs_m_10000_43 + 1)
                                    110 ;	Raw cost for generated ic 3 : (6, 8.000000) count=1.000000
                                    111 ;	../wcstombs.c: 38: while(n > MB_LEN_MAX || n >= wctomb(buffer, *pwcs))
                                    112 ;	skipping iCode since result will be rematerialized
                                    113 ;	Raw cost for generated ic 9 : (0, 0.000000) count=1.000000
                                    114 ;	genAssign
                                    115 ;	genCopy
      00000C ADr01r00         [ 4]  116 	lda	(_wcstombs_PARM_2 + 1)
      00000F 85*01            [ 3]  117 	sta	*(_wcstombs_sloc0_1_0 + 1)
      000011 ADr00r00         [ 4]  118 	lda	_wcstombs_PARM_2
      000014 85*00            [ 3]  119 	sta	*_wcstombs_sloc0_1_0
                                    120 ;	Raw cost for generated ic 61 : (10, 14.000000) count=1.000000
                                    121 ;	genLabel
      000016                        122 00107$:
                                    123 ;	Raw cost for generated ic 4 : (0, 0.000000) count=2.942521
                                    124 ;	genCmp
      000016 A9 04            [ 2]  125 	lda	#0x04
      000018 38               [ 2]  126 	sec
      000019 EDr02r00         [ 5]  127 	sbc	_wcstombs_PARM_3
      00001C A9 00            [ 2]  128 	lda	#0x00
      00001E EDr03r00         [ 5]  129 	sbc	(_wcstombs_PARM_3 + 1)
      000021 90 34            [ 4]  130 	bcc	00108$
                                    131 ;	Raw cost for generated ic 5 : (16, 19.600000) count=2.942521
                                    132 ;	skipping generated iCode
                                    133 ;	Raw cost for generated ic 6 : (0, 0.000000) count=2.942521
                                    134 ;	skipping iCode since result will be rematerialized
                                    135 ;	Raw cost for generated ic 10 : (0, 0.000000) count=2.206891
                                    136 ;	genPointerGet
      000023 A0 00            [ 2]  137 	ldy	#0x00
      000025 B1*00            [ 6]  138 	lda	[*_wcstombs_sloc0_1_0],y
      000027 8Dr00r00         [ 4]  139 	sta	_wctomb_PARM_2
      00002A C8               [ 2]  140 	iny
      00002B B1*00            [ 6]  141 	lda	[*_wcstombs_sloc0_1_0],y
      00002D 8Dr01r00         [ 4]  142 	sta	(_wctomb_PARM_2 + 1)
      000030 C8               [ 2]  143 	iny
      000031 B1*00            [ 6]  144 	lda	[*_wcstombs_sloc0_1_0],y
      000033 8Dr02r00         [ 4]  145 	sta	(_wctomb_PARM_2 + 2)
      000036 C8               [ 2]  146 	iny
      000037 B1*00            [ 6]  147 	lda	[*_wcstombs_sloc0_1_0],y
      000039 8Dr03r00         [ 4]  148 	sta	(_wctomb_PARM_2 + 3)
                                    149 ;	Raw cost for generated ic 12 : (25, 44.000000) count=2.206891
                                    150 ;	Raw cost for generated ic 13 : (0, 0.000000) count=2.206891
                                    151 ;	genCall
                                    152 ;	genSend
      00003C A2s00            [ 2]  153 	ldx	#>_wcstombs_buffer_10000_43
      00003E A9r08            [ 2]  154 	lda	#_wcstombs_buffer_10000_43
      000040 20r00r00         [ 6]  155 	jsr	_wctomb
                                    156 ;	assignResultValue
                                    157 ;	Raw cost for generated ic 15 : (7, 10.000000) count=2.206891
                                    158 ;	genCast
                                    159 ;	genCopy
                                    160 ;	Raw cost for generated ic 16 : (0, 0.000000) count=2.206891
                                    161 ;	genCmp
      000043 85*00            [ 3]  162 	sta	*(REGTEMP+0)
      000045 ADr02r00         [ 4]  163 	lda	_wcstombs_PARM_3
      000048 38               [ 2]  164 	sec
      000049 E5*00            [ 4]  165 	sbc	*(REGTEMP+0)
      00004B ADr03r00         [ 4]  166 	lda	(_wcstombs_PARM_3 + 1)
      00004E 86*00            [ 3]  167 	stx	*(REGTEMP+0)
      000050 E5*00            [ 4]  168 	sbc	*(REGTEMP+0)
      000052 B0 03            [ 4]  169 	bcs	00137$
      000054 4CrEEr00         [ 3]  170 	jmp	00109$
      000057                        171 00137$:
                                    172 ;	Raw cost for generated ic 17 : (20, 27.600000) count=2.206891
                                    173 ;	skipping generated iCode
                                    174 ;	Raw cost for generated ic 18 : (0, 0.000000) count=2.206891
                                    175 ;	genLabel
      000057                        176 00108$:
                                    177 ;	Raw cost for generated ic 20 : (0, 0.000000) count=2.390799
                                    178 ;	../wcstombs.c: 40: int b = wctomb(s, *pwcs);
                                    179 ;	genPointerGet
      000057 A0 00            [ 2]  180 	ldy	#0x00
      000059 B1*00            [ 6]  181 	lda	[*_wcstombs_sloc0_1_0],y
      00005B 8Dr00r00         [ 4]  182 	sta	_wctomb_PARM_2
      00005E C8               [ 2]  183 	iny
      00005F B1*00            [ 6]  184 	lda	[*_wcstombs_sloc0_1_0],y
      000061 8Dr01r00         [ 4]  185 	sta	(_wctomb_PARM_2 + 1)
      000064 C8               [ 2]  186 	iny
      000065 B1*00            [ 6]  187 	lda	[*_wcstombs_sloc0_1_0],y
      000067 8Dr02r00         [ 4]  188 	sta	(_wctomb_PARM_2 + 2)
      00006A C8               [ 2]  189 	iny
      00006B B1*00            [ 6]  190 	lda	[*_wcstombs_sloc0_1_0],y
      00006D 8Dr03r00         [ 4]  191 	sta	(_wctomb_PARM_2 + 3)
                                    192 ;	Raw cost for generated ic 22 : (25, 44.000000) count=2.390799
                                    193 ;	Raw cost for generated ic 23 : (0, 0.000000) count=2.390799
                                    194 ;	genCall
                                    195 ;	genSend
      000070 AEr05r00         [ 4]  196 	ldx	(_wcstombs_s_10000_42 + 1)
      000073 ADr04r00         [ 4]  197 	lda	_wcstombs_s_10000_42
      000076 20r00r00         [ 6]  198 	jsr	_wctomb
                                    199 ;	assignResultValue
      000079 8Dr0Cr00         [ 4]  200 	sta	_wcstombs_b_20000_44
      00007C 8Er0Dr00         [ 4]  201 	stx	(_wcstombs_b_20000_44 + 1)
                                    202 ;	Raw cost for generated ic 25 : (15, 22.000000) count=2.390799
                                    203 ;	../wcstombs.c: 42: if(b == 1 && !*s)
                                    204 ;	genCmpEQorNE
      00007F C9 01            [ 2]  205 	cmp	#0x01
      000081 D0 14            [ 4]  206 	bne	00102$
      000083 E0 00            [ 2]  207 	cpx	#0x00
      000085 D0 10            [ 4]  208 	bne	00102$
                                    209 ;	Raw cost for generated ic 27 : (14, 15.200001) count=2.390799
                                    210 ;	skipping generated iCode
                                    211 ;	Raw cost for generated ic 28 : (0, 0.000000) count=2.390799
                                    212 ;	genPointerGet
                                    213 ;	  setupDPTR - off=0 remat=(null) savea=0
      000087 AEr04r00         [ 4]  214 	ldx	_wcstombs_s_10000_42
      00008A 86*00            [ 3]  215 	stx	*(DPTR+0)
      00008C AEr05r00         [ 4]  216 	ldx	(_wcstombs_s_10000_42 + 1)
      00008F 86*01            [ 3]  217 	stx	*(DPTR+1)
      000091 A0 00            [ 2]  218 	ldy	#0x00
      000093 B1*00            [ 6]  219 	lda	[DPTR],y
                                    220 ;	Raw cost for generated ic 32 : (14, 21.000000) count=1.793097
                                    221 ;	genIfx
                                    222 ;	genIfxJump : z
      000095 F0 57            [ 4]  223 	beq	00109$
                                    224 ;	Raw cost for generated ic 33 : (5, 5.600000) count=1.793097
                                    225 ;	../wcstombs.c: 43: break;
                                    226 ;	genLabel
      000097                        227 00102$:
                                    228 ;	Raw cost for generated ic 37 : (0, 0.000000) count=1.942521
                                    229 ;	../wcstombs.c: 44: if(b < 0)
                                    230 ;	genCmp
      000097 2Cr0Dr00         [ 4]  231 	bit	(_wcstombs_b_20000_44 + 1)
      00009A 10 04            [ 4]  232 	bpl	00105$
                                    233 ;	Raw cost for generated ic 38 : (8, 9.600000) count=1.942521
                                    234 ;	skipping generated iCode
                                    235 ;	Raw cost for generated ic 39 : (0, 0.000000) count=1.942521
                                    236 ;	../wcstombs.c: 45: return(-1);
                                    237 ;	genRet
      00009C A9 FF            [ 2]  238 	lda	#0xff
      00009E AA               [ 2]  239 	tax
      00009F 60               [ 6]  240 	rts
                                    241 ;	Raw cost for generated ic 42 : (6, 7.000000) count=1.456891
                                    242 ;	genLabel
      0000A0                        243 00105$:
                                    244 ;	Raw cost for generated ic 43 : (0, 0.000000) count=1.942521
                                    245 ;	../wcstombs.c: 47: n -= b;
                                    246 ;	genCast
                                    247 ;	genCopy
      0000A0 AEr0Dr00         [ 4]  248 	ldx	(_wcstombs_b_20000_44 + 1)
      0000A3 ADr0Cr00         [ 4]  249 	lda	_wcstombs_b_20000_44
                                    250 ;	Raw cost for generated ic 44 : (6, 8.000000) count=1.942521
                                    251 ;	genMinus
      0000A6 85*00            [ 3]  252 	sta	*(REGTEMP+0)
      0000A8 85*01            [ 3]  253 	sta	*(REGTEMP+1)
      0000AA ADr02r00         [ 4]  254 	lda	_wcstombs_PARM_3
      0000AD 38               [ 2]  255 	sec
      0000AE E5*01            [ 4]  256 	sbc	*(REGTEMP+1)
      0000B0 8Dr02r00         [ 4]  257 	sta	_wcstombs_PARM_3
      0000B3 ADr03r00         [ 4]  258 	lda	(_wcstombs_PARM_3 + 1)
      0000B6 86*01            [ 3]  259 	stx	*(REGTEMP+1)
      0000B8 E5*01            [ 4]  260 	sbc	*(REGTEMP+1)
      0000BA 8Dr03r00         [ 4]  261 	sta	(_wcstombs_PARM_3 + 1)
      0000BD A5*00            [ 3]  262 	lda	*(REGTEMP+0)
                                    263 ;	Raw cost for generated ic 45 : (25, 36.000000) count=1.942521
                                    264 ;	../wcstombs.c: 48: m += b;
                                    265 ;	genPlus
      0000BF 18               [ 2]  266 	clc
      0000C0 6Dr06r00         [ 5]  267 	adc	_wcstombs_m_10000_43
      0000C3 8Dr06r00         [ 4]  268 	sta	_wcstombs_m_10000_43
      0000C6 8A               [ 2]  269 	txa
      0000C7 6Dr07r00         [ 5]  270 	adc	(_wcstombs_m_10000_43 + 1)
      0000CA 8Dr07r00         [ 4]  271 	sta	(_wcstombs_m_10000_43 + 1)
                                    272 ;	Raw cost for generated ic 48 : (14, 20.000000) count=1.942521
                                    273 ;	../wcstombs.c: 49: s += b;
                                    274 ;	genPlus
      0000CD ADr04r00         [ 4]  275 	lda	_wcstombs_s_10000_42
      0000D0 18               [ 2]  276 	clc
      0000D1 6Dr0Cr00         [ 5]  277 	adc	_wcstombs_b_20000_44
      0000D4 8Dr04r00         [ 4]  278 	sta	_wcstombs_s_10000_42
      0000D7 ADr05r00         [ 4]  279 	lda	(_wcstombs_s_10000_42 + 1)
      0000DA 6Dr0Dr00         [ 5]  280 	adc	(_wcstombs_b_20000_44 + 1)
      0000DD 8Dr05r00         [ 4]  281 	sta	(_wcstombs_s_10000_42 + 1)
                                    282 ;	Raw cost for generated ic 50 : (19, 26.000000) count=1.942521
                                    283 ;	../wcstombs.c: 50: pwcs++;
                                    284 ;	genPlus
                                    285 ;	  genPlusInc
      0000E0 A5*00            [ 3]  286 	lda	*_wcstombs_sloc0_1_0
      0000E2 18               [ 2]  287 	clc
      0000E3 69 04            [ 3]  288 	adc	#0x04
      0000E5 85*00            [ 3]  289 	sta	*_wcstombs_sloc0_1_0
      0000E7 90 02            [ 4]  290 	bcc	00144$
      0000E9 E6*01            [ 5]  291 	inc	*(_wcstombs_sloc0_1_0 + 1)
      0000EB                        292 00144$:
                                    293 ;	Raw cost for generated ic 53 : (11, 17.600000) count=1.942521
                                    294 ;	genGoto
      0000EB 4Cr16r00         [ 3]  295 	jmp	00107$
                                    296 ;	Raw cost for generated ic 55 : (3, 3.000000) count=1.942521
                                    297 ;	genLabel
      0000EE                        298 00109$:
                                    299 ;	Raw cost for generated ic 56 : (0, 0.000000) count=0.999997
                                    300 ;	../wcstombs.c: 53: return(m);
                                    301 ;	genRet
      0000EE AEr07r00         [ 4]  302 	ldx	(_wcstombs_m_10000_43 + 1)
      0000F1 ADr06r00         [ 4]  303 	lda	_wcstombs_m_10000_43
                                    304 ;	Raw cost for generated ic 57 : (6, 8.000000) count=0.999997
                                    305 ;	genLabel
                                    306 ;	Raw cost for generated ic 58 : (0, 0.000000) count=0.999997
                                    307 ;	../wcstombs.c: 54: }
                                    308 ;	genEndFunction
      0000F4 60               [ 6]  309 	rts
                                    310 ;	Raw cost for generated ic 59 : (1, 6.000000) count=0.999997
                                    311 	.area CODE
                                    312 	.area RODATA
                                    313 	.area XINIT
                                    314 	.area CABS    (ABS)
