                                      1 ;--------------------------------------------------------
                                      2 ; File Created by SDCC : free open source ISO C Compiler
                                      3 ; Version 4.5.10 #15691 (Linux)
                                      4 ;--------------------------------------------------------
                                      5 	.module wctob
                                      6 	
      000000                          7 	.r65c02
                                      8 	.optsdcc -mmos65c02
                                      9 
                                     10 ;--------------------------------------------------------
                                     11 ;  Ordering of segments for the linker.
                                     12 ;--------------------------------------------------------
                                     13 	.area ZP      (PAG)
                                     14 	.area OSEG    (PAG, OVR)
                                     15 	.area _CODE
                                     16 	.area GSINIT
                                     17 	.area GSFINAL
                                     18 	.area CODE
                                     19 	.area RODATA
                                     20 	.area XINIT
                                     21 	.area _DATA
                                     22 	.area DATA
                                     23 	.area BSS
                                     24 ;--------------------------------------------------------
                                     25 ; Public variables in this module
                                     26 ;--------------------------------------------------------
                                     27 	.globl _wctob_PARM_1
                                     28 	.globl _wctob
                                     29 ;--------------------------------------------------------
                                     30 ; ZP ram data
                                     31 ;--------------------------------------------------------
                                     32 	.area ZP      (PAG)
                                     33 ;--------------------------------------------------------
                                     34 ; overlayable items in ram
                                     35 ;--------------------------------------------------------
                                     36 ;--------------------------------------------------------
                                     37 ; uninitialized external ram data
                                     38 ;--------------------------------------------------------
                                     39 	.area BSS
      000000                         40 _wctob_PARM_1:
      000000                         41 	.ds 4
                                     42 ;--------------------------------------------------------
                                     43 ; absolute external ram data
                                     44 ;--------------------------------------------------------
                                     45 	.area DABS    (ABS)
                                     46 ;--------------------------------------------------------
                                     47 ; initialized external ram data
                                     48 ;--------------------------------------------------------
                                     49 	.area DATA
                                     50 ;--------------------------------------------------------
                                     51 ; global & static initialisations
                                     52 ;--------------------------------------------------------
                                     53 	.area _CODE
                                     54 	.area GSINIT
                                     55 	.area GSFINAL
                                     56 	.area GSINIT
                                     57 ;--------------------------------------------------------
                                     58 ; Home
                                     59 ;--------------------------------------------------------
                                     60 	.area _CODE
                                     61 	.area _CODE
                                     62 ;--------------------------------------------------------
                                     63 ; code
                                     64 ;--------------------------------------------------------
                                     65 	.area CODE
                                     66 ;------------------------------------------------------------
                                     67 ;Allocation info for local variables in function 'wctob'
                                     68 ;------------------------------------------------------------
                                     69 ;c             Allocated with name '_wctob_PARM_1'
                                     70 ;------------------------------------------------------------
                                     71 ;	../wctob.c: 35: int wctob(wint_t c)
                                     72 ;	genLabel
                                     73 ;	Raw cost for generated ic 0 : (0, 0.000000) count=1.000000
                                     74 ;	-----------------------------------------
                                     75 ;	 function wctob
                                     76 ;	-----------------------------------------
                                     77 ;	Register assignment is optimal.
                                     78 ;	Stack space usage: 0 bytes.
      000000                         79 _wctob:
                                     80 ;	Raw cost for generated ic 1 : (0, 0.000000) count=1.000000
                                     81 ;	../wctob.c: 37: if(c & 0xffffff80)
                                     82 ;	genAnd
      000000 ADr00r00         [ 4]   83 	lda	_wctob_PARM_1
      000003 29 80            [ 2]   84 	and	#0x80
      000005 D0 0D            [ 4]   85 	bne	00111$
      000007 ADr01r00         [ 4]   86 	lda	(_wctob_PARM_1 + 1)
      00000A D0 08            [ 4]   87 	bne	00111$
      00000C ADr02r00         [ 4]   88 	lda	(_wctob_PARM_1 + 2)
      00000F D0 03            [ 4]   89 	bne	00111$
      000011 ADr03r00         [ 4]   90 	lda	(_wctob_PARM_1 + 3)
      000014                         91 00111$:
                                     92 ;	genIfxJump : z
      000014 F0 04            [ 4]   93 	beq	00102$
                                     94 ;	Raw cost for generated ic 2 : (25, 31.400002) count=1.000000
                                     95 ;	skipping generated iCode
                                     96 ;	Raw cost for generated ic 3 : (0, 0.000000) count=1.000000
                                     97 ;	../wctob.c: 38: return WEOF;
                                     98 ;	genRet
      000016 A9 FF            [ 2]   99 	lda	#0xff
      000018 AA               [ 2]  100 	tax
      000019 60               [ 6]  101 	rts
                                    102 ;	Raw cost for generated ic 6 : (6, 7.000000) count=0.750000
                                    103 ;	genLabel
      00001A                        104 00102$:
                                    105 ;	Raw cost for generated ic 7 : (0, 0.000000) count=1.000000
                                    106 ;	../wctob.c: 39: return c;
                                    107 ;	genCast
                                    108 ;	genCopy
      00001A AEr01r00         [ 4]  109 	ldx	(_wctob_PARM_1 + 1)
      00001D ADr00r00         [ 4]  110 	lda	_wctob_PARM_1
                                    111 ;	Raw cost for generated ic 8 : (6, 8.000000) count=1.000000
                                    112 ;	genRet
                                    113 ;	Raw cost for generated ic 9 : (0, 0.000000) count=1.000000
                                    114 ;	genLabel
                                    115 ;	Raw cost for generated ic 10 : (0, 0.000000) count=1.000000
                                    116 ;	../wctob.c: 40: }
                                    117 ;	genEndFunction
      000020 60               [ 6]  118 	rts
                                    119 ;	Raw cost for generated ic 11 : (1, 6.000000) count=1.000000
                                    120 	.area CODE
                                    121 	.area RODATA
                                    122 	.area XINIT
                                    123 	.area CABS    (ABS)
